#
# There is insufficient memory for the Java Runtime Environment to continue.
# Native memory allocation (malloc) failed to allocate 290176 bytes for Chunk::new
# Possible reasons:
#   The system is out of physical RAM or swap space
#   The process is running with CompressedOops enabled, and the Java Heap may be blocking the growth of the native heap
# Possible solutions:
#   Reduce memory load on the system
#   Increase physical memory or swap space
#   Check if swap backing store is full
#   Decrease Java heap size (-Xmx/-Xms)
#   Decrease number of Java threads
#   Decrease Java thread stack sizes (-Xss)
#   Set larger code cache with -XX:ReservedCodeCacheSize=
#   JVM is running with Zero Based Compressed Oops mode in which the Java heap is
#     placed in the first 32GB address space. The Java Heap base address is the
#     maximum limit for the native heap growth. Please use -XX:HeapBaseMinAddress
#     to set the Java Heap base and to place the Java Heap above 32GB virtual address.
# This output file may be truncated or incomplete.
#
#  Out of Memory Error (allocation.cpp:389), pid=23196, tid=0x0000000000005480
#
# JRE version: Java(TM) SE Runtime Environment (8.0_202-b08) (build 1.8.0_202-b08)
# Java VM: Java HotSpot(TM) 64-Bit Server VM (25.202-b08 mixed mode windows-amd64 compressed oops)
# Failed to write core dump. Minidumps are not enabled by default on client versions of Windows
#

---------------  T H R E A D  ---------------

Current thread (0x0000000006179800):  JavaThread "C2 CompilerThread1" daemon [_thread_in_native, id=21632, stack(0x0000000006b20000,0x0000000006c20000)]

Stack: [0x0000000006b20000,0x0000000006c20000]
[error occurred during error reporting (printing stack bounds), id 0xc0000005]

Native frames: (J=compiled Java code, j=interpreted, Vv=VM code, C=native code)


Current CompileTask:
C2:   1628 1830   !   4       org.apache.maven.model.interpolation.AbstractStringBasedModelInterpolator::interpolateInternal (372 bytes)


---------------  P R O C E S S  ---------------

Java Threads: ( => current thread )
  0x00000000061aa000 JavaThread "Service Thread" daemon [_thread_blocked, id=19860, stack(0x0000000006de0000,0x0000000006ee0000)]
  0x000000000617b000 JavaThread "C1 CompilerThread2" daemon [_thread_blocked, id=7484, stack(0x0000000006c60000,0x0000000006d60000)]
=>0x0000000006179800 JavaThread "C2 CompilerThread1" daemon [_thread_in_native, id=21632, stack(0x0000000006b20000,0x0000000006c20000)]
  0x0000000006178800 JavaThread "C2 CompilerThread0" daemon [_thread_in_native, id=13528, stack(0x00000000069a0000,0x0000000006aa0000)]
  0x000000000616c000 JavaThread "Monitor Ctrl-Break" daemon [_thread_in_native, id=3056, stack(0x0000000006860000,0x0000000006960000)]
  0x0000000006138800 JavaThread "Attach Listener" daemon [_thread_blocked, id=23344, stack(0x0000000006730000,0x0000000006830000)]
  0x0000000004cef800 JavaThread "Signal Dispatcher" daemon [_thread_blocked, id=20348, stack(0x0000000006540000,0x0000000006640000)]
  0x0000000004ccf000 JavaThread "Finalizer" daemon [_thread_blocked, id=17716, stack(0x0000000006030000,0x0000000006130000)]
  0x0000000004cc8000 JavaThread "Reference Handler" daemon [_thread_blocked, id=11464, stack(0x0000000005ec0000,0x0000000005fc0000)]
  0x0000000002458800 JavaThread "main" [_thread_in_native, id=22808, stack(0x00000000025f0000,0x00000000026f0000)]

Other Threads:
  0x0000000004c7c800 VMThread [stack: 0x0000000005da0000,0x0000000005ea0000] [id=9452]
  0x00000000061b0000 WatcherThread [stack: 0x0000000006fd0000,0x00000000070d0000] [id=11680]

VM state:not at safepoint (normal execution)

VM Mutex/Monitor currently owned by a thread: None

heap address: 0x0000000701200000, size: 3054 MB, Compressed Oops mode: Zero based, Oop shift amount: 3
Narrow klass base: 0x0000000000000000, Narrow klass shift: 3
Compressed class space size: 1073741824 Address: 0x00000007c0000000

Heap:
 PSYoungGen      total 57344K, used 43711K [0x0000000780600000, 0x0000000785180000, 0x00000007c0000000)
  eden space 49152K, 75% used [0x0000000780600000,0x0000000782a63670,0x0000000783600000)
  from space 8192K, 78% used [0x0000000783e00000,0x000000078444c660,0x0000000784600000)
  to   space 8192K, 0% used [0x0000000783600000,0x0000000783600000,0x0000000783e00000)
 ParOldGen       total 90112K, used 2499K [0x0000000701200000, 0x0000000706a00000, 0x0000000780600000)
  object space 90112K, 2% used [0x0000000701200000,0x0000000701470f50,0x0000000706a00000)
 Metaspace       used 15125K, capacity 15400K, committed 15616K, reserved 1064960K
  class space    used 1866K, capacity 1942K, committed 2048K, reserved 1048576K

Card table byte_map: [0x0000000002c90000,0x0000000003290000] byte_map_base: 0xffffffffff487000

Marking Bits: (ParMarkBitMap*) 0x0000000007ef5ce0
 Begin Bits: [0x0000000016f80000, 0x0000000019f38000)
 End Bits:   [0x0000000019f38000, 0x000000001cef0000)

Polling page: 0x0000000000130000

CodeCache: size=245760Kb used=6240Kb max_used=6240Kb free=239519Kb
 bounds [0x0000000007f80000, 0x00000000085a0000, 0x0000000016f80000]
 total_blobs=2177 nmethods=1831 adapters=257
 compilation: enabled

Compilation events (10 events):
Event: 1.621 Thread 0x000000000617b000 1828       3       java.util.Arrays$ArrayList::get (7 bytes)
Event: 1.621 Thread 0x000000000617b000 nmethod 1828 0x000000000859a250 code [0x000000000859a3a0, 0x000000000859a530]
Event: 1.621 Thread 0x000000000617b000 1829       3       org.codehaus.plexus.interpolation.StringSearchInterpolator::addPostProcessor (12 bytes)
Event: 1.621 Thread 0x000000000617b000 nmethod 1829 0x0000000008599dd0 code [0x0000000008599f40, 0x000000000859a168]
Event: 1.621 Thread 0x000000000617b000 1831       1       org.eclipse.aether.artifact.DefaultArtifact::getClassifier (5 bytes)
Event: 1.621 Thread 0x000000000617b000 nmethod 1831 0x0000000008599b10 code [0x0000000008599c60, 0x0000000008599d70]
Event: 1.623 Thread 0x000000000617b000 1832       3       java.util.IdentityHashMap$IdentityHashMapIterator::hasNext (50 bytes)
Event: 1.624 Thread 0x000000000617b000 nmethod 1832 0x0000000008599610 code [0x0000000008599780, 0x0000000008599a10]
Event: 1.625 Thread 0x000000000617b000 1834       2       java.lang.Exception::<init> (7 bytes)
Event: 1.625 Thread 0x000000000617b000 nmethod 1834 0x0000000008599290 code [0x0000000008599400, 0x0000000008599568]

GC Heap History (6 events):
Event: 0.386 GC heap before
{Heap before GC invocations=1 (full 0):
 PSYoungGen      total 57344K, used 13768K [0x0000000780600000, 0x0000000784600000, 0x00000007c0000000)
  eden space 49152K, 28% used [0x0000000780600000,0x00000007813720e0,0x0000000783600000)
  from space 8192K, 0% used [0x0000000783e00000,0x0000000783e00000,0x0000000784600000)
  to   space 8192K, 0% used [0x0000000783600000,0x0000000783600000,0x0000000783e00000)
 ParOldGen       total 131072K, used 0K [0x0000000701200000, 0x0000000709200000, 0x0000000780600000)
  object space 131072K, 0% used [0x0000000701200000,0x0000000701200000,0x0000000709200000)
 Metaspace       used 5930K, capacity 6088K, committed 6144K, reserved 1060864K
  class space    used 680K, capacity 732K, committed 768K, reserved 1048576K
Event: 0.389 GC heap after
Heap after GC invocations=1 (full 0):
 PSYoungGen      total 57344K, used 2624K [0x0000000780600000, 0x0000000784600000, 0x00000007c0000000)
  eden space 49152K, 0% used [0x0000000780600000,0x0000000780600000,0x0000000783600000)
  from space 8192K, 32% used [0x0000000783600000,0x0000000783890258,0x0000000783e00000)
  to   space 8192K, 0% used [0x0000000783e00000,0x0000000783e00000,0x0000000784600000)
 ParOldGen       total 131072K, used 8K [0x0000000701200000, 0x0000000709200000, 0x0000000780600000)
  object space 131072K, 0% used [0x0000000701200000,0x0000000701202000,0x0000000709200000)
 Metaspace       used 5930K, capacity 6088K, committed 6144K, reserved 1060864K
  class space    used 680K, capacity 732K, committed 768K, reserved 1048576K
}
Event: 0.389 GC heap before
{Heap before GC invocations=2 (full 1):
 PSYoungGen      total 57344K, used 2624K [0x0000000780600000, 0x0000000784600000, 0x00000007c0000000)
  eden space 49152K, 0% used [0x0000000780600000,0x0000000780600000,0x0000000783600000)
  from space 8192K, 32% used [0x0000000783600000,0x0000000783890258,0x0000000783e00000)
  to   space 8192K, 0% used [0x0000000783e00000,0x0000000783e00000,0x0000000784600000)
 ParOldGen       total 131072K, used 8K [0x0000000701200000, 0x0000000709200000, 0x0000000780600000)
  object space 131072K, 0% used [0x0000000701200000,0x0000000701202000,0x0000000709200000)
 Metaspace       used 5930K, capacity 6088K, committed 6144K, reserved 1060864K
  class space    used 680K, capacity 732K, committed 768K, reserved 1048576K
Event: 0.401 GC heap after
Heap after GC invocations=2 (full 1):
 PSYoungGen      total 57344K, used 0K [0x0000000780600000, 0x0000000784600000, 0x00000007c0000000)
  eden space 49152K, 0% used [0x0000000780600000,0x0000000780600000,0x0000000783600000)
  from space 8192K, 0% used [0x0000000783600000,0x0000000783600000,0x0000000783e00000)
  to   space 8192K, 0% used [0x0000000783e00000,0x0000000783e00000,0x0000000784600000)
 ParOldGen       total 90112K, used 2491K [0x0000000701200000, 0x0000000706a00000, 0x0000000780600000)
  object space 90112K, 2% used [0x0000000701200000,0x000000070146ef50,0x0000000706a00000)
 Metaspace       used 5930K, capacity 6088K, committed 6144K, reserved 1058816K
  class space    used 680K, capacity 732K, committed 768K, reserved 1048576K
}
Event: 0.821 GC heap before
{Heap before GC invocations=3 (full 1):
 PSYoungGen      total 57344K, used 49152K [0x0000000780600000, 0x0000000784600000, 0x00000007c0000000)
  eden space 49152K, 100% used [0x0000000780600000,0x0000000783600000,0x0000000783600000)
  from space 8192K, 0% used [0x0000000783600000,0x0000000783600000,0x0000000783e00000)
  to   space 8192K, 0% used [0x0000000783e00000,0x0000000783e00000,0x0000000784600000)
 ParOldGen       total 90112K, used 2491K [0x0000000701200000, 0x0000000706a00000, 0x0000000780600000)
  object space 90112K, 2% used [0x0000000701200000,0x000000070146ef50,0x0000000706a00000)
 Metaspace       used 11098K, capacity 11306K, committed 11520K, reserved 1062912K
  class space    used 1386K, capacity 1447K, committed 1536K, reserved 1048576K
Event: 0.826 GC heap after
Heap after GC invocations=3 (full 1):
 PSYoungGen      total 57344K, used 6449K [0x0000000780600000, 0x0000000785180000, 0x00000007c0000000)
  eden space 49152K, 0% used [0x0000000780600000,0x0000000780600000,0x0000000783600000)
  from space 8192K, 78% used [0x0000000783e00000,0x000000078444c660,0x0000000784600000)
  to   space 8192K, 0% used [0x0000000783600000,0x0000000783600000,0x0000000783e00000)
 ParOldGen       total 90112K, used 2499K [0x0000000701200000, 0x0000000706a00000, 0x0000000780600000)
  object space 90112K, 2% used [0x0000000701200000,0x0000000701470f50,0x0000000706a00000)
 Metaspace       used 11098K, capacity 11306K, committed 11520K, reserved 1062912K
  class space    used 1386K, capacity 1447K, committed 1536K, reserved 1048576K
}

Deoptimization events (10 events):
Event: 1.067 Thread 0x0000000002458800 Uncommon trap: reason=null_check action=make_not_entrant pc=0x000000000812f8dc method=java.lang.String.equals(Ljava/lang/Object;)Z @ 8
Event: 1.142 Thread 0x0000000002458800 Uncommon trap: reason=unstable_if action=reinterpret pc=0x0000000008132238 method=java.lang.String.replace(CC)Ljava/lang/String; @ 2
Event: 1.151 Thread 0x0000000002458800 Uncommon trap: reason=unstable_if action=reinterpret pc=0x00000000081e6c84 method=sun.nio.cs.UTF_8$Decoder.decode([BII[C)I @ 30
Event: 1.151 Thread 0x0000000002458800 Uncommon trap: reason=unstable_if action=reinterpret pc=0x000000000821a0c4 method=sun.nio.cs.UTF_8$Decoder.decodeArrayLoop(Ljava/nio/ByteBuffer;Ljava/nio/CharBuffer;)Ljava/nio/charset/CoderResult; @ 84
Event: 1.317 Thread 0x0000000002458800 Uncommon trap: reason=unstable_if action=reinterpret pc=0x00000000084df67c method=org.codehaus.plexus.util.xml.pull.MXParser.nextImpl()I @ 1161
Event: 1.325 Thread 0x0000000002458800 Uncommon trap: reason=unstable_if action=reinterpret pc=0x0000000008271be8 method=java.util.HashMap.hash(Ljava/lang/Object;)I @ 1
Event: 1.326 Thread 0x0000000002458800 Uncommon trap: reason=unstable_if action=reinterpret pc=0x0000000008235868 method=java.util.HashMap.hash(Ljava/lang/Object;)I @ 1
Event: 1.407 Thread 0x0000000002458800 Uncommon trap: reason=null_check action=make_not_entrant pc=0x000000000853085c method=org.apache.maven.model.io.xpp3.MavenXpp3Reader.checkFieldWithDuplicate(Lorg/codehaus/plexus/util/xml/pull/XmlPullParser;Ljava/lang/String;Ljava/lang/String;Ljava/util/Se
Event: 1.579 Thread 0x0000000002458800 Uncommon trap: reason=unstable_if action=reinterpret pc=0x0000000008515c90 method=org.codehaus.plexus.util.xml.pull.MXParser.nextImpl()I @ 972
Event: 1.619 Thread 0x0000000002458800 Uncommon trap: reason=bimorphic action=maybe_recompile pc=0x000000000855bcd4 method=java.util.concurrent.ConcurrentHashMap.get(Ljava/lang/Object;)Ljava/lang/Object; @ 149

Classes redefined (0 events):
No events

Internal exceptions (10 events):
Event: 0.584 Thread 0x0000000002458800 Exception <a 'java/lang/ArrayIndexOutOfBoundsException': 131> (0x0000000781c0a9a8) thrown at [C:\re\workspace\8-2-build-windows-amd64-cygwin\jdk8u202\12323\hotspot\src\share\vm\interpreter\interpreterRuntime.cpp, line 368]
Event: 0.630 Thread 0x0000000002458800 Exception <a 'java/lang/ArrayIndexOutOfBoundsException'> (0x000000078203e378) thrown at [C:\re\workspace\8-2-build-windows-amd64-cygwin\jdk8u202\12323\hotspot\src\share\vm\runtime\sharedRuntime.cpp, line 605]
Event: 0.630 Thread 0x0000000002458800 Exception <a 'java/lang/ArrayIndexOutOfBoundsException'> (0x00000007820427e8) thrown at [C:\re\workspace\8-2-build-windows-amd64-cygwin\jdk8u202\12323\hotspot\src\share\vm\runtime\sharedRuntime.cpp, line 605]
Event: 0.978 Thread 0x0000000002458800 Exception <a 'java/lang/NoClassDefFoundError': com/google/inject/servlet/ServletModuleTargetVisitor> (0x00000007812ca2d0) thrown at [C:\re\workspace\8-2-build-windows-amd64-cygwin\jdk8u202\12323\hotspot\src\share\vm\classfile\systemDictionary.cpp, line 19
Event: 0.978 Thread 0x0000000002458800 Exception <a 'java/lang/NoClassDefFoundError'> (0x00000007812ca2d0) thrown at [C:\re\workspace\8-2-build-windows-amd64-cygwin\jdk8u202\12323\hotspot\src\share\vm\prims\jvm.cpp, line 1506]
Event: 0.979 Thread 0x0000000002458800 Exception <a 'java/lang/NoClassDefFoundError': javax/annotation/Priority> (0x00000007812ceed8) thrown at [C:\re\workspace\8-2-build-windows-amd64-cygwin\jdk8u202\12323\hotspot\src\share\vm\classfile\systemDictionary.cpp, line 199]
Event: 1.067 Thread 0x0000000002458800 Implicit null exception at 0x000000000812f6db to 0x000000000812f8cd
Event: 1.325 Thread 0x0000000002458800 Implicit null exception at 0x00000000082719d5 to 0x0000000008271bd9
Event: 1.326 Thread 0x0000000002458800 Implicit null exception at 0x00000000082357ef to 0x0000000008235859
Event: 1.407 Thread 0x0000000002458800 Implicit null exception at 0x000000000852f602 to 0x0000000008530845

Events (10 events):
Event: 1.624 loading class org/eclipse/aether/util/graph/transformer/ConflictResolver$State
Event: 1.624 loading class org/eclipse/aether/util/graph/transformer/ConflictResolver$State done
Event: 1.625 loading class org/eclipse/aether/util/graph/transformer/ConflictResolver$ConflictItem
Event: 1.625 loading class org/eclipse/aether/util/graph/transformer/ConflictResolver$ConflictItem done
Event: 1.625 loading class org/eclipse/aether/util/graph/transformer/ConflictResolver$NodeInfo
Event: 1.625 loading class org/eclipse/aether/util/graph/transformer/ConflictResolver$NodeInfo done
Event: 1.626 loading class org/eclipse/aether/util/graph/transformer/ConflictResolver$ConflictContext
Event: 1.626 loading class org/eclipse/aether/util/graph/transformer/ConflictResolver$ConflictContext done
Event: 1.626 loading class org/eclipse/aether/util/graph/transformer/ConflictResolver$ScopeContext
Event: 1.626 loading class org/eclipse/aether/util/graph/transformer/ConflictResolver$ScopeContext done


Dynamic libraries:
0x000000013fcb0000 - 0x000000013fce7000 	D:\Program Files\Java\jdk1.8.0_202\bin\java.exe
0x0000000076e50000 - 0x0000000076fef000 	C:\Windows\SYSTEM32\ntdll.dll
0x0000000076d30000 - 0x0000000076e4f000 	C:\Windows\system32\kernel32.dll
0x000007fefc960000 - 0x000007fefc9ca000 	C:\Windows\system32\KERNELBASE.dll
0x000007feff060000 - 0x000007feff13b000 	C:\Windows\system32\ADVAPI32.dll
0x000007fefd870000 - 0x000007fefd90f000 	C:\Windows\system32\msvcrt.dll
0x000007fefcbd0000 - 0x000007fefcbef000 	C:\Windows\SYSTEM32\sechost.dll
0x000007fefd1f0000 - 0x000007fefd31c000 	C:\Windows\system32\RPCRT4.dll
0x0000000076af0000 - 0x0000000076bea000 	C:\Windows\system32\USER32.dll
0x000007fefdec0000 - 0x000007fefdf27000 	C:\Windows\system32\GDI32.dll
0x000007fefe2b0000 - 0x000007fefe2be000 	C:\Windows\system32\LPK.dll
0x000007fefd120000 - 0x000007fefd1eb000 	C:\Windows\system32\USP10.dll
0x000007fefadf0000 - 0x000007fefafe5000 	C:\Windows\WinSxS\amd64_microsoft.windows.common-controls_6595b64144ccf1df_6.0.7601.24380_none_e3731d0b30fb6b11\COMCTL32.dll
0x000007fefd3f0000 - 0x000007fefd461000 	C:\Windows\system32\SHLWAPI.dll
0x000007fefd3a0000 - 0x000007fefd3ce000 	C:\Windows\system32\IMM32.DLL
0x000007fefe1a0000 - 0x000007fefe2a9000 	C:\Windows\system32\MSCTF.dll
0x0000000079230000 - 0x0000000079302000 	D:\Program Files\Java\jdk1.8.0_202\jre\bin\msvcr100.dll
0x00000000076d0000 - 0x0000000007f75000 	D:\Program Files\Java\jdk1.8.0_202\jre\bin\server\jvm.dll
0x000007fefb2d0000 - 0x000007fefb2d9000 	C:\Windows\system32\WSOCK32.dll
0x000007fefd550000 - 0x000007fefd59d000 	C:\Windows\system32\WS2_32.dll
0x000007feff050000 - 0x000007feff058000 	C:\Windows\system32\NSI.dll
0x000007fefc820000 - 0x000007fefc85b000 	C:\Windows\system32\WINMM.dll
0x000007fefb860000 - 0x000007fefb86c000 	C:\Windows\system32\VERSION.dll
0x0000000077000000 - 0x0000000077007000 	C:\Windows\system32\PSAPI.DLL
0x000007fef9ea0000 - 0x000007fef9eaf000 	D:\Program Files\Java\jdk1.8.0_202\jre\bin\verify.dll
0x000007feed680000 - 0x000007feed6a9000 	D:\Program Files\Java\jdk1.8.0_202\jre\bin\java.dll
0x000007feef740000 - 0x000007feef763000 	D:\Program Files\Java\jdk1.8.0_202\jre\bin\instrument.dll
0x000007feed6c0000 - 0x000007feed6d6000 	D:\Program Files\Java\jdk1.8.0_202\jre\bin\zip.dll
0x000007fefe2c0000 - 0x000007feff04a000 	C:\Windows\system32\SHELL32.dll
0x000007fefcbf0000 - 0x000007fefcdef000 	C:\Windows\system32\ole32.dll
0x000007fefc780000 - 0x000007fefc78f000 	C:\Windows\system32\profapi.dll
0x000007feef720000 - 0x000007feef73a000 	D:\tools\IntelliJIDEA2017.3.2\bin\breakgen64.dll
0x000007feed500000 - 0x000007feed51a000 	D:\Program Files\Java\jdk1.8.0_202\jre\bin\net.dll
0x000007fefcdf0000 - 0x000007fefcf78000 	C:\Windows\system32\urlmon.dll
0x000007fefc9f0000 - 0x000007fefc9f4000 	C:\Windows\system32\api-ms-win-downlevel-ole32-l1-1-0.dll
0x000007fefc870000 - 0x000007fefc874000 	C:\Windows\system32\api-ms-win-downlevel-shlwapi-l1-1-0.dll
0x000007fefcbc0000 - 0x000007fefcbc5000 	C:\Windows\system32\api-ms-win-downlevel-advapi32-l1-1-0.dll
0x000007fefc860000 - 0x000007fefc864000 	C:\Windows\system32\api-ms-win-downlevel-user32-l1-1-0.dll
0x000007fefc7a0000 - 0x000007fefc7a4000 	C:\Windows\system32\api-ms-win-downlevel-version-l1-1-0.dll
0x000007fefc790000 - 0x000007fefc793000 	C:\Windows\system32\api-ms-win-downlevel-normaliz-l1-1-0.dll
0x0000000076ff0000 - 0x0000000076ff3000 	C:\Windows\system32\normaliz.DLL
0x000007fefd5a0000 - 0x000007fefd86a000 	C:\Windows\system32\iertutil.dll
0x000007fefd910000 - 0x000007fefddbc000 	C:\Windows\system32\WININET.dll
0x000007fefc800000 - 0x000007fefc81e000 	C:\Windows\system32\USERENV.dll
0x000007fefbf80000 - 0x000007fefbfd5000 	C:\Windows\system32\mswsock.dll
0x000007fefc020000 - 0x000007fefc027000 	C:\Windows\System32\wship6.dll
0x000007feec890000 - 0x000007feec8a2000 	D:\Program Files\Java\jdk1.8.0_202\jre\bin\nio.dll

VM Arguments:
jvm_args: -Dmaven.multiModuleProjectDirectory=D:\RainBowChanUtilsFactory\com.cyb.bean -Dmaven.home=D:\tools\IntelliJIDEA2017.3.2\plugins\maven\lib\maven3 -Dclassworlds.conf=D:\tools\IntelliJIDEA2017.3.2\plugins\maven\lib\maven3\bin\m2.conf -javaagent:D:\tools\IntelliJIDEA2017.3.2\lib\idea_rt.jar=55873:D:\tools\IntelliJIDEA2017.3.2\bin -Dfile.encoding=UTF-8 
java_command: org.codehaus.classworlds.Launcher -Didea.version=2017.3.2 install
java_class_path (initial): D:\tools\IntelliJIDEA2017.3.2\plugins\maven\lib\maven3\boot\plexus-classworlds-2.5.2.jar;D:\tools\IntelliJIDEA2017.3.2\lib\idea_rt.jar
Launcher Type: SUN_STANDARD

Environment Variables:
JAVA_HOME=D:\Program Files\Java\jdk1.8.0_202
PATH=C:\Program Files (x86)\Common Files\Oracle\Java\javapath;C:\Windows\system32;C:\Windows;C:\Windows\System32\Wbem;C:\Windows\System32\WindowsPowerShell\v1.0\;D:\Program Files\TortoiseGit\bin;C:\Program Files\Git\cmd;D:\Program Files\Java\jdk1.8.0_202\bin;D:\apache-maven-3.1.1\bin
USERNAME=Administrator
OS=Windows_NT
PROCESSOR_IDENTIFIER=Intel64 Family 6 Model 60 Stepping 3, GenuineIntel



---------------  S Y S T E M  ---------------

OS: Windows 7 , 64 bit Build 7601 (6.1.7601.24408)

CPU:total 4 (initial active 4) (4 cores per cpu, 1 threads per core) family 6 model 60 stepping 3, cmov, cx8, fxsr, mmx, sse, sse2, sse3, ssse3, sse4.1, sse4.2, popcnt, avx, avx2, aes, clmul, erms, rtm, lzcnt, tsc, tscinvbit, bmi1, bmi2

Memory: 4k page, physical 12505636k(1464036k free), swap 12503736k(5296k free)

vm_info: Java HotSpot(TM) 64-Bit Server VM (25.202-b08) for windows-amd64 JRE (1.8.0_202-b08), built on Dec 15 2018 19:54:30 by "java_re" with MS VC++ 10.0 (VS2010)

time: Thu May 16 14:59:26 2019
timezone: 中国标准时间
elapsed time: 1 seconds (0d 0h 0m 1s)

