JvmtiExport can_access_local_variables 0
JvmtiExport can_hotswap_or_post_breakpoint 0
JvmtiExport can_post_on_exceptions 0
# 147 ciObject found
ciMethod java/lang/Object <init> ()V 4097 1 1507579 0 0
ciMethod java/lang/String <init> ([CII)V 3865 1 5715 0 768
ciMethod java/lang/String <init> ([CZ)V 1865 1 23473 0 0
ciMethod java/lang/String getChars (II[CI)V 3569 1 5606 0 320
ciMethod java/lang/System arraycopy (Ljava/lang/Object;ILjava/lang/Object;II)V 12289 1 1536 0 -1
ciMethod java/lang/StringBuffer <init> (I)V 1665 1 7414 0 0
ciMethod java/lang/StringBuffer length ()I 1873 1 234 0 0
ciMethod java/lang/StringBuffer append ([CII)Ljava/lang/StringBuffer; 17 1 726 0 0
ciMethod java/lang/StringBuffer toString ()Ljava/lang/String; 2049 1 7535 0 1376
ciMethod java/lang/AbstractStringBuilder <init> (I)V 1793 1 183277 0 0
ciMethod java/lang/AbstractStringBuilder ensureCapacityInternal (I)V 4097 1 284442 0 -1
ciMethod java/lang/AbstractStringBuilder append ([CII)Ljava/lang/AbstractStringBuilder; 17 1 732 0 0
ciMethod java/lang/Math min (II)I 4097 1 94922 0 -1
ciMethod java/util/Arrays copyOfRange ([CII)[C 4097 1 5673 0 512
ciMethodData java/lang/Object <init> ()V 2 1507579 orig 264 104 147 27 8 0 0 0 0 128 4 249 3 0 0 0 0 32 1 0 0 0 0 0 0 0 0 0 0 0 0 0 0 0 0 0 0 0 0 0 0 0 0 0 0 0 0 0 0 0 0 0 0 0 0 0 0 0 0 0 0 0 0 0 0 0 0 0 0 0 0 0 0 0 0 0 0 0 0 0 0 77 68 79 32 101 120 116 114 97 32 100 97 116 97 32 108 111 99 107 0 0 0 0 0 0 0 0 0 0 0 0 0 0 0 0 0 0 0 0 0 0 0 0 0 0 0 0 0 0 0 0 0 0 0 0 0 0 0 0 0 0 0 0 0 0 0 0 0 0 0 0 0 0 0 0 0 0 0 0 0 0 0 0 0 0 0 0 0 0 0 0 0 0 0 0 0 0 0 0 0 0 0 0 0 1 0 0 0 0 0 0 0 1 0 0 0 0 0 0 0 1 0 0 0 0 0 0 0 0 0 0 0 0 0 0 0 0 2 0 0 217 247 183 0 1 0 0 0 0 0 0 0 0 0 0 0 2 0 0 0 0 0 3 0 1 0 0 0 0 0 0 0 255 255 255 255 0 0 0 0 0 0 0 0 data 0 oops 0
ciMethod java/io/BufferedReader ensureOpen ()V 1385 1 2980 0 0
ciMethod java/io/BufferedReader fill ()V 57 1 1019 0 0
ciMethod java/io/BufferedReader readLine (Z)Ljava/lang/String; 1385 27849 1084 0 -1
ciMethod java/io/Reader read ([CII)I 0 0 1 0 -1
ciMethodData java/lang/AbstractStringBuilder ensureCapacityInternal (I)V 2 284454 orig 264 104 147 27 8 0 0 0 0 16 74 0 4 0 0 0 0 144 1 0 0 0 0 0 0 0 0 0 0 0 0 0 0 0 0 0 0 0 0 0 0 0 0 0 0 0 0 0 0 0 0 0 0 0 0 0 0 0 0 0 0 0 0 0 0 0 0 0 0 0 0 0 0 0 0 0 0 0 0 0 0 77 68 79 32 101 120 116 114 97 32 100 97 116 97 32 108 111 99 107 0 0 0 0 0 0 0 0 0 0 0 0 0 0 0 0 0 0 0 0 0 0 0 0 0 0 0 0 0 0 0 0 0 0 0 0 0 0 0 0 0 0 0 0 0 0 0 0 0 0 0 0 0 0 0 0 0 0 0 0 0 0 0 0 0 0 0 0 0 0 0 0 0 0 0 0 0 0 0 0 0 0 0 0 0 17 0 0 0 0 0 0 0 0 0 0 0 0 0 0 0 1 0 0 0 0 0 0 0 0 0 0 0 0 0 0 0 0 2 0 0 49 169 34 0 1 0 0 0 0 0 0 0 0 0 0 0 2 0 0 0 0 0 11 0 2 0 0 0 64 0 0 0 255 255 255 255 7 0 7 0 0 0 0 0 data 8 0x70007 0x44645 0x40 0xee1 0x110002 0xee1 0x140002 0xee1 oops 0
ciMethodData java/lang/String getChars (II[CI)V 2 5606 orig 264 104 147 27 8 0 0 0 0 192 65 249 3 0 0 0 0 8 2 0 0 128 0 0 0 0 0 0 0 0 0 0 0 0 0 0 0 0 0 0 0 0 0 0 0 0 0 0 0 0 0 0 0 0 0 0 0 0 0 0 0 0 0 0 0 0 0 0 0 0 0 0 0 0 0 0 0 0 0 0 0 77 68 79 32 101 120 116 114 97 32 100 97 116 97 32 108 111 99 107 0 0 0 0 0 0 0 0 0 0 0 0 0 0 0 0 0 0 0 0 0 0 0 0 0 0 0 0 0 0 0 0 0 0 0 0 0 0 0 0 0 0 0 0 0 0 0 0 0 0 0 0 0 0 0 0 0 0 0 0 0 0 0 0 0 0 0 0 0 0 0 0 0 0 0 0 0 0 0 0 0 0 0 0 0 0 0 0 0 0 0 0 0 0 0 0 0 0 0 0 0 0 0 0 0 0 0 0 0 0 0 0 0 0 0 0 0 190 1 0 0 65 161 0 0 1 0 0 0 0 0 0 0 0 0 0 0 2 0 0 0 0 0 9 0 2 0 0 0 160 0 0 0 255 255 255 255 7 0 1 0 0 0 0 0 data 20 0x10007 0x1428 0x30 0x0 0x90002 0x0 0x130007 0x1428 0x30 0x0 0x1b0002 0x0 0x210007 0x1428 0x30 0x0 0x2b0002 0x0 0x3a0002 0x1428 oops 0
ciMethodData java/util/Arrays copyOfRange ([CII)[C 2 5673 orig 264 104 147 27 8 0 0 0 0 232 159 10 4 0 0 0 0 120 2 0 0 240 0 0 0 0 0 0 0 0 0 0 0 0 0 0 0 0 0 0 0 0 0 0 0 0 0 0 0 0 0 0 0 0 0 0 0 0 0 0 0 0 0 0 0 0 0 0 0 0 0 0 0 0 0 0 0 0 0 0 0 77 68 79 32 101 120 116 114 97 32 100 97 116 97 32 108 111 99 107 0 0 0 0 0 0 0 0 0 0 0 0 0 0 0 0 0 0 0 0 0 0 0 0 0 0 0 0 0 0 0 0 0 0 0 0 0 0 0 0 0 0 0 0 0 0 0 0 0 0 0 0 0 0 0 0 0 0 0 0 0 0 0 0 0 0 0 0 0 0 0 0 0 0 0 0 0 0 0 0 0 0 0 0 0 0 0 0 0 0 0 0 0 0 0 0 0 0 0 0 0 0 0 0 0 0 0 0 0 0 0 0 0 0 0 0 0 0 2 0 0 73 161 0 0 1 0 0 0 0 0 0 0 0 0 0 0 2 0 0 0 0 0 9 0 2 0 0 0 32 1 0 0 255 255 255 255 7 0 5 0 0 0 0 0 data 36 0x50007 0x1429 0x100 0x0 0x100002 0x0 0x140005 0x0 0x0 0x0 0x0 0x0 0x190005 0x0 0x0 0x0 0x0 0x0 0x1d0005 0x0 0x0 0x0 0x0 0x0 0x200005 0x0 0x0 0x0 0x0 0x0 0x230002 0x0 0x360002 0x1429 0x390002 0x1429 oops 0
ciMethodData java/lang/AbstractStringBuilder <init> (I)V 2 183278 orig 264 104 147 27 8 0 0 0 0 144 71 0 4 0 0 0 0 56 1 0 0 0 0 0 0 0 0 0 0 0 0 0 0 0 0 0 0 0 0 0 0 0 0 0 0 0 0 0 0 0 0 0 0 0 0 0 0 0 0 0 0 0 0 0 0 0 0 0 0 0 0 0 0 0 0 0 0 0 0 0 0 77 68 79 32 101 120 116 114 97 32 100 97 116 97 32 108 111 99 107 0 0 0 0 0 0 0 0 0 0 0 0 0 0 0 0 0 0 0 0 0 0 0 0 0 0 0 0 0 0 0 0 0 0 0 0 0 0 0 0 0 0 0 0 0 0 0 0 0 0 0 0 0 0 0 0 0 0 0 0 0 0 0 0 0 0 0 0 0 0 0 0 0 0 0 0 0 0 0 0 0 0 0 0 0 9 0 0 0 0 0 0 0 0 0 0 0 0 0 0 0 1 0 0 0 0 0 0 0 0 0 0 0 0 0 0 0 224 0 0 0 113 88 22 0 1 0 0 0 0 0 0 0 0 0 0 0 2 0 0 0 0 0 3 0 2 0 0 0 16 0 0 0 255 255 255 255 2 0 1 0 0 0 0 0 data 2 0x10002 0x2cb0e oops 0
ciMethodData java/lang/String <init> ([CII)V 2 5715 orig 264 104 147 27 8 0 0 0 0 88 49 249 3 0 0 0 0 80 2 0 0 208 0 0 0 0 0 0 0 0 0 0 0 0 0 0 0 0 0 0 0 0 0 0 0 0 0 0 0 0 0 0 0 0 0 0 0 0 0 0 0 0 0 0 0 0 0 0 0 0 0 0 0 0 0 0 0 0 0 0 0 77 68 79 32 101 120 116 114 97 32 100 97 116 97 32 108 111 99 107 0 0 0 0 0 0 0 0 0 0 0 0 0 0 0 0 0 0 0 0 0 0 0 0 0 0 0 0 0 0 0 0 0 0 0 0 0 0 0 0 0 0 0 0 0 0 0 0 0 0 0 0 0 0 0 0 0 0 0 0 0 0 0 0 0 0 0 0 0 0 0 0 0 0 0 0 0 0 0 0 0 0 0 0 0 0 0 0 0 0 0 0 0 0 0 0 0 0 0 0 0 0 0 0 0 0 0 0 0 0 0 0 0 0 0 0 0 227 1 0 0 129 163 0 0 1 0 0 0 0 0 0 0 0 0 0 0 2 0 0 0 0 0 14 0 2 0 0 0 240 0 0 0 255 255 255 255 2 0 1 0 0 0 0 0 data 30 0x10002 0x1470 0x50007 0x1470 0x30 0x0 0xd0002 0x0 0x120007 0x13ea 0x70 0x86 0x160007 0x86 0x30 0x0 0x1e0002 0x0 0x250007 0x0 0x20 0x86 0x370007 0x13ea 0x30 0x0 0x410002 0x0 0x4b0002 0x13ea oops 0
ciMethodData java/lang/String <init> ([CZ)V 2 23473 orig 264 104 147 27 8 0 0 0 0 128 59 249 3 0 0 0 0 64 1 0 0 0 0 0 0 0 0 0 0 0 0 0 0 0 0 0 0 0 0 0 0 0 0 0 0 0 0 0 0 0 0 0 0 0 0 0 0 0 0 0 0 0 0 0 0 0 0 0 0 0 0 0 0 0 0 0 0 0 0 0 0 77 68 79 32 101 120 116 114 97 32 100 97 116 97 32 108 111 99 107 0 0 0 0 0 0 0 0 0 0 0 0 0 0 0 0 0 0 0 0 0 0 0 0 0 0 0 0 0 0 0 0 0 0 0 0 0 0 0 0 0 0 0 0 0 0 0 0 0 0 0 0 0 0 0 0 0 0 0 0 0 0 0 0 0 0 0 0 0 0 0 0 0 0 0 0 0 0 0 0 0 0 0 0 0 0 0 0 0 0 0 0 0 0 0 0 0 0 0 0 0 0 0 0 0 0 0 0 0 0 0 0 0 0 0 0 0 233 0 0 0 65 214 2 0 1 0 0 0 0 0 0 0 0 0 0 0 2 0 0 0 0 0 3 0 2 0 0 0 16 0 0 0 255 255 255 255 2 0 1 0 0 0 0 0 data 2 0x10002 0x5ac8 oops 0
ciMethodData java/lang/StringBuffer toString ()Ljava/lang/String; 2 7535 orig 264 104 147 27 8 0 0 0 0 56 31 0 4 0 0 0 0 136 1 0 0 32 0 0 0 0 0 0 0 0 0 0 0 0 0 0 0 0 0 0 0 0 0 0 0 0 0 0 0 0 0 0 0 0 0 0 0 0 0 0 0 0 0 0 0 0 0 0 0 0 0 0 0 0 0 0 0 0 0 0 0 77 68 79 32 101 120 116 114 97 32 100 97 116 97 32 108 111 99 107 0 0 0 0 0 0 0 0 0 0 0 0 0 0 0 0 0 0 0 0 0 0 0 0 0 0 0 0 0 0 0 0 0 0 0 0 0 0 0 0 0 0 0 0 0 0 0 0 0 0 0 0 0 0 0 0 0 0 0 0 0 0 0 0 0 0 0 0 0 0 0 0 0 0 0 0 0 0 0 0 0 0 0 0 0 29 0 0 0 0 0 0 0 0 0 0 0 0 0 0 0 1 0 0 0 0 0 0 0 0 0 0 0 0 0 0 0 0 1 0 0 121 227 0 0 1 0 0 0 0 0 0 0 0 0 0 0 2 0 0 0 0 0 6 0 2 0 0 0 64 0 0 0 255 255 255 255 7 0 4 0 0 0 0 0 data 8 0x40007 0x0 0x30 0x1c6f 0x110002 0x1c6f 0x200002 0x1c6f oops 0
ciMethodData java/lang/StringBuffer <init> (I)V 2 7416 orig 264 104 147 27 8 0 0 0 0 120 254 255 3 0 0 0 0 56 1 0 0 0 0 0 0 0 0 0 0 0 0 0 0 0 0 0 0 0 0 0 0 0 0 0 0 0 0 0 0 0 0 0 0 0 0 0 0 0 0 0 0 0 0 0 0 0 0 0 0 0 0 0 0 0 0 0 0 0 0 0 0 77 68 79 32 101 120 116 114 97 32 100 97 116 97 32 108 111 99 107 0 0 0 0 0 0 0 0 0 0 0 0 0 0 0 0 0 0 0 0 0 0 0 0 0 0 0 0 0 0 0 0 0 0 0 0 0 0 0 0 0 0 0 0 0 0 0 0 0 0 0 0 0 0 0 0 0 0 0 0 0 0 0 0 0 0 0 0 0 0 0 0 0 0 0 0 0 0 0 0 0 0 0 0 0 0 0 0 0 0 0 0 0 0 0 0 0 0 0 0 0 0 0 0 0 0 0 0 0 0 0 0 0 0 0 0 0 208 0 0 0 65 225 0 0 1 0 0 0 0 0 0 0 0 0 0 0 2 0 0 0 0 0 3 0 2 0 0 0 16 0 0 0 255 255 255 255 2 0 2 0 0 0 0 0 data 2 0x20002 0x1c28 oops 0
ciMethodData java/io/BufferedReader readLine (Z)Ljava/lang/String; 2 34291 orig 264 104 147 27 8 0 0 0 0 72 120 19 4 0 0 0 0 216 4 0 0 80 0 0 0 0 0 0 0 0 0 0 0 0 0 0 0 0 0 0 0 0 0 0 0 0 0 0 0 0 0 0 0 0 0 0 0 0 0 0 0 0 0 0 0 0 0 0 0 0 0 0 0 0 0 0 0 0 0 0 0 77 68 79 32 101 120 116 114 97 32 100 97 116 97 32 108 111 99 107 0 0 0 0 0 0 0 0 0 0 0 0 0 0 0 0 0 0 0 0 0 0 0 0 0 0 0 0 0 0 0 0 0 0 0 0 0 0 0 0 0 0 0 0 0 0 0 0 0 0 0 0 0 0 0 0 0 0 0 0 0 0 0 0 0 0 0 0 0 0 0 0 0 0 0 0 0 0 0 0 0 0 0 0 0 0 0 0 0 0 0 0 0 0 0 0 0 0 0 0 0 0 0 0 0 0 0 0 0 0 0 0 0 0 0 0 0 153 13 0 0 121 28 0 0 209 194 3 0 0 0 0 0 0 0 0 0 2 0 0 0 2 0 57 0 2 0 0 0 136 3 0 0 255 255 255 255 2 0 11 0 0 0 0 0 data 113 0xb0002 0x38f 0xf0007 0x0 0x40 0x38f 0x160007 0x380 0x38 0xf 0x1a0003 0xf 0x18 0x280007 0xea 0x30 0x3ed 0x2c0002 0x3ed 0x370007 0x246 0xc0 0x28f 0x3b0007 0x150 0xa0 0x13f 0x3f0005 0x0 0x5b98250 0x13f 0x0 0x0 0x420007 0x1 0x50 0x13e 0x460005 0x0 0x5b98250 0x13e 0x0 0x0 0x5a0007 0x237 0x40 0xf 0x680007 0x0 0x20 0xf 0x890007 0x148 0x90 0x7810 0x990007 0xef 0x40 0x7721 0xa00007 0x7712 0x38 0xf 0xa60003 0xfe 0x30 0xac0003 0x7712 0xffffffffffffff88 0xbc0007 0x148 0xe8 0xfe 0xc00007 0x1 0x48 0xfd 0xd00002 0xfd 0xd50003 0xfd 0x78 0xe20005 0x0 0x5b98250 0x1 0x0 0x0 0xe70005 0x0 0x5b98250 0x1 0x0 0x0 0xfa0007 0xef 0x20 0xf 0x1090007 0x7 0x30 0x141 0x1130002 0x141 0x1210005 0x0 0x5b98250 0x148 0x0 0x0 0x1250003 0x148 0xfffffffffffffcf8 oops 5 29 java/lang/StringBuffer 39 java/lang/StringBuffer 84 java/lang/StringBuffer 90 java/lang/StringBuffer 106 java/lang/StringBuffer
ciMethodData java/io/BufferedReader ensureOpen ()V 2 2981 orig 264 104 147 27 8 0 0 0 0 32 113 19 4 0 0 0 0 80 1 0 0 0 0 0 0 0 0 0 0 0 0 0 0 0 0 0 0 0 0 0 0 0 0 0 0 0 0 0 0 0 0 0 0 0 0 0 0 0 0 0 0 0 0 0 0 0 0 0 0 0 0 0 0 0 0 0 0 0 0 0 0 77 68 79 32 101 120 116 114 97 32 100 97 116 97 32 108 111 99 107 0 0 0 0 0 0 0 0 0 0 0 0 0 0 0 0 0 0 0 0 0 0 0 0 0 0 0 0 0 0 0 0 0 0 0 0 0 0 0 0 0 0 0 0 0 0 0 0 0 0 0 0 0 0 0 0 0 0 0 0 0 0 0 0 0 0 0 0 0 0 0 0 0 0 0 0 0 0 0 0 0 0 0 0 0 0 0 0 0 0 0 0 0 0 0 0 0 0 0 0 0 0 0 0 0 0 0 0 0 0 0 0 0 0 0 0 0 173 0 0 0 193 87 0 0 1 0 0 0 0 0 0 0 0 0 0 0 2 0 0 0 0 0 5 0 2 0 0 0 48 0 0 0 255 255 255 255 7 0 4 0 0 0 0 0 data 6 0x40007 0xaf8 0x30 0x0 0xd0002 0x0 oops 0
ciMethodData java/io/BufferedReader fill ()V 2 1029 orig 264 104 147 27 8 0 0 0 0 120 114 19 4 0 0 0 0 128 2 0 0 184 0 0 0 0 0 0 0 0 0 0 0 0 0 0 0 0 0 0 0 0 0 0 0 0 0 0 0 0 0 0 0 0 0 0 0 0 0 0 0 0 0 0 0 0 0 0 0 0 0 0 0 0 0 0 0 0 0 0 0 77 68 79 32 101 120 116 114 97 32 100 97 116 97 32 108 111 99 107 0 0 0 0 0 0 0 0 0 0 0 0 0 0 0 0 0 0 0 0 0 0 0 0 0 0 0 0 0 0 0 0 0 0 0 0 0 0 0 0 0 0 0 0 0 0 0 0 0 0 0 0 0 0 0 0 0 0 0 0 0 0 0 0 0 0 0 0 0 0 0 0 0 0 0 0 0 0 0 0 0 0 0 0 0 0 0 0 0 0 0 0 0 0 0 0 0 0 0 0 0 0 0 0 0 0 0 0 0 0 0 0 0 0 0 0 0 7 0 0 0 241 31 0 0 217 19 0 0 0 0 0 0 0 0 0 0 2 0 0 0 1 0 16 0 2 0 0 0 56 1 0 0 255 255 255 255 7 0 5 0 0 0 0 0 data 39 0x50007 0x3 0x38 0x3fb 0xa0003 0x3fb 0xa8 0x1c0007 0x3 0x38 0x0 0x2c0003 0x0 0x70 0x380007 0x0 0x48 0x3 0x490002 0x3 0x530003 0x3 0x28 0x680002 0x0 0x910005 0x3 0x5bd7fd0 0x3b4 0x5bd8080 0x47 0x960007 0x0 0xffffffffffffffd0 0x3fc 0x9a0007 0x293 0x20 0x169 oops 2 27 java/io/StringReader 29 java/io/InputStreamReader
ciMethodData java/lang/StringBuffer append ([CII)Ljava/lang/StringBuffer; 1 732 orig 264 104 147 27 8 0 0 0 0 40 12 0 4 0 0 0 0 72 1 0 0 0 0 0 0 0 0 0 0 0 0 0 0 0 0 0 0 0 0 0 0 0 0 0 0 0 0 0 0 0 0 0 0 0 0 0 0 0 0 0 0 0 0 0 0 0 0 0 0 0 0 0 0 0 0 0 0 0 0 0 0 77 68 79 32 101 120 116 114 97 32 100 97 116 97 32 108 111 99 107 0 0 0 0 0 0 0 0 0 0 0 0 0 0 0 0 0 0 0 0 0 0 0 0 0 0 0 0 0 0 0 0 0 0 0 0 0 0 0 0 0 0 0 0 0 0 0 0 0 0 0 0 0 0 0 0 0 0 0 0 0 0 0 0 0 0 0 0 0 0 0 0 0 0 0 0 0 0 0 0 0 0 0 0 0 0 0 0 0 0 0 0 0 0 0 0 0 0 0 0 0 0 0 0 0 0 0 0 0 0 0 0 0 0 0 0 0 2 0 0 0 209 22 0 0 1 0 0 0 0 0 0 0 0 0 0 0 2 0 0 0 0 0 3 0 2 0 0 0 16 0 0 0 255 255 255 255 2 0 9 0 0 0 0 0 data 2 0x90002 0x2da oops 0
ciMethodData java/lang/AbstractStringBuilder append ([CII)Ljava/lang/AbstractStringBuilder; 1 744 orig 264 104 147 27 8 0 0 0 0 64 89 0 4 0 0 0 0 160 1 0 0 32 0 0 0 0 0 0 0 0 0 0 0 0 0 0 0 0 0 0 0 0 0 0 0 0 0 0 0 0 0 0 0 0 0 0 0 0 0 0 0 0 0 0 0 0 0 0 0 0 0 0 0 0 0 0 0 0 0 0 0 77 68 79 32 101 120 116 114 97 32 100 97 116 97 32 108 111 99 107 0 0 0 0 0 0 0 0 0 0 0 0 0 0 0 0 0 0 0 0 0 0 0 0 0 0 0 0 0 0 0 0 0 0 0 0 0 0 0 0 0 0 0 0 0 0 0 0 0 0 0 0 0 0 0 0 0 0 0 0 0 0 0 0 0 0 0 0 0 0 0 0 0 0 0 0 0 0 0 0 0 0 0 0 0 0 0 0 0 0 0 0 0 0 0 0 0 0 0 0 0 0 0 0 0 0 0 0 0 0 0 0 0 0 0 0 0 2 0 0 0 49 23 0 0 1 0 0 0 0 0 0 0 0 0 0 0 2 0 0 0 0 0 14 0 2 0 0 0 64 0 0 0 255 255 255 255 7 0 1 0 0 0 0 0 data 8 0x10007 0x1 0x30 0x2e5 0xb0002 0x2e5 0x190002 0x2e6 oops 0
ciMethod java/lang/StringIndexOutOfBoundsException <init> (I)V 0 0 1 0 -1
ciMethod java/io/StringReader ensureOpen ()V 2057 1 956 0 0
ciMethod java/io/StringReader read ([CII)I 2049 1 956 0 0
ciMethodData java/io/StringReader read ([CII)I 1 956 orig 264 104 147 27 8 0 0 0 0 136 227 53 4 0 0 0 0 160 2 0 0 224 0 0 0 0 0 0 0 0 0 0 0 0 0 0 0 0 0 0 0 0 0 0 0 0 0 0 0 0 0 0 0 0 0 0 0 0 0 0 0 0 0 0 0 0 0 0 0 0 0 0 0 0 0 0 0 0 0 0 0 77 68 79 32 101 120 116 114 97 32 100 97 116 97 32 108 111 99 107 0 0 0 0 0 0 0 0 0 0 0 0 0 0 0 0 0 0 0 0 0 0 0 0 0 0 0 0 0 0 0 0 0 0 0 0 0 0 0 0 0 0 0 0 0 0 0 0 0 0 0 0 0 0 0 0 0 0 0 0 0 0 0 0 0 0 0 0 0 0 0 0 0 0 0 0 0 0 0 0 0 0 0 0 0 0 0 0 0 0 0 0 0 0 0 0 0 0 0 0 0 0 0 0 0 0 0 0 0 0 0 0 0 0 0 0 0 0 1 0 0 225 21 0 0 1 0 0 0 0 0 0 0 0 0 0 0 2 0 0 0 0 0 31 0 2 0 0 0 64 1 0 0 255 255 255 255 2 0 9 0 0 0 0 0 data 40 0x90002 0x2bc 0xd0007 0x0 0xa0 0x2bc 0x130007 0x0 0x80 0x2bc 0x170007 0x0 0x60 0x2bc 0x1f0007 0x0 0x40 0x2bc 0x250007 0x2bc 0x30 0x0 0x2c0002 0x0 0x310007 0x2bc 0x20 0x0 0x410007 0xe9 0x20 0x1d3 0x530002 0xe9 0x690005 0x0 0x48698d0 0xe9 0x0 0x0 oops 1 36 java/lang/String
ciMethodData java/io/StringReader ensureOpen ()V 1 956 orig 264 104 147 27 8 0 0 0 0 88 225 53 4 0 0 0 0 80 1 0 0 0 0 0 0 0 0 0 0 0 0 0 0 0 0 0 0 0 0 0 0 0 0 0 0 0 0 0 0 0 0 0 0 0 0 0 0 0 0 0 0 0 0 0 0 0 0 0 0 0 0 0 0 0 0 0 0 0 0 0 0 77 68 79 32 101 120 116 114 97 32 100 97 116 97 32 108 111 99 107 0 0 0 0 0 0 0 0 0 0 0 0 0 0 0 0 0 0 0 0 0 0 0 0 0 0 0 0 0 0 0 0 0 0 0 0 0 0 0 0 0 0 0 0 0 0 0 0 0 0 0 0 0 0 0 0 0 0 0 0 0 0 0 0 0 0 0 0 0 0 0 0 0 0 0 0 0 0 0 0 0 0 0 0 0 0 0 0 0 0 0 0 0 0 0 0 0 0 0 0 0 0 0 0 0 0 0 0 0 0 0 0 0 0 0 0 0 1 1 0 0 217 21 0 0 1 0 0 0 0 0 0 0 0 0 0 0 2 0 0 0 0 0 5 0 2 0 0 0 48 0 0 0 255 255 255 255 7 0 4 0 0 0 0 0 data 6 0x40007 0x2bb 0x30 0x0 0xd0002 0x0 oops 0
instanceKlass org/apache/maven/surefire/shade/org/apache/maven/shared/utils/cli/CommandLineUtils$1
instanceKlass org/apache/maven/surefire/shade/org/apache/maven/shared/utils/cli/ShutdownHookUtils
instanceKlass org/apache/maven/plugin/surefire/booterclient/lazytestprovider/OutputStreamFlushableCommandline$OutputStreamFlushReceiver
instanceKlass java/lang/ProcessImpl$2
instanceKlass java/lang/Process
instanceKlass java/lang/ProcessBuilder
instanceKlass java/util/DualPivotQuicksort
instanceKlass org/apache/maven/surefire/shade/org/apache/maven/shared/utils/cli/CommandLineCallable
instanceKlass org/apache/maven/surefire/shade/org/apache/maven/shared/utils/cli/CommandLineUtils
instanceKlass org/apache/maven/plugin/surefire/booterclient/output/ThreadedStreamConsumer$Pumper
instanceKlass org/apache/maven/plugin/surefire/booterclient/output/ThreadedStreamConsumer
instanceKlass org/apache/maven/surefire/shade/org/apache/maven/shared/utils/cli/Commandline$Argument
instanceKlass org/apache/maven/surefire/util/UrlUtils
instanceKlass java/util/zip/ZipOutputStream$XEntry
instanceKlass java/util/zip/ZipUtils
instanceKlass java/util/zip/Deflater
instanceKlass org/apache/maven/surefire/shade/org/apache/maven/shared/utils/Os
