#
# There is insufficient memory for the Java Runtime Environment to continue.
# Native memory allocation (malloc) failed to allocate 964816 bytes for Chunk::new
# Possible reasons:
#   The system is out of physical RAM or swap space
#   The process is running with CompressedOops enabled, and the Java Heap may be blocking the growth of the native heap
# Possible solutions:
#   Reduce memory load on the system
#   Increase physical memory or swap space
#   Check if swap backing store is full
#   Decrease Java heap size (-Xmx/-Xms)
#   Decrease number of Java threads
#   Decrease Java thread stack sizes (-Xss)
#   Set larger code cache with -XX:ReservedCodeCacheSize=
#   JVM is running with Zero Based Compressed Oops mode in which the Java heap is
#     placed in the first 32GB address space. The Java Heap base address is the
#     maximum limit for the native heap growth. Please use -XX:HeapBaseMinAddress
#     to set the Java Heap base and to place the Java Heap above 32GB virtual address.
# This output file may be truncated or incomplete.
#
#  Out of Memory Error (allocation.cpp:389), pid=26976, tid=0x0000000000005008
#
# JRE version: Java(TM) SE Runtime Environment (8.0_202-b08) (build 1.8.0_202-b08)
# Java VM: Java HotSpot(TM) 64-Bit Server VM (25.202-b08 mixed mode windows-amd64 compressed oops)
# Failed to write core dump. Minidumps are not enabled by default on client versions of Windows
#

---------------  T H R E A D  ---------------

Current thread (0x0000000004b8e000):  JavaThread "C2 CompilerThread1" daemon [_thread_in_native, id=20488, stack(0x0000000006670000,0x0000000006770000)]

Stack: [0x0000000006670000,0x0000000006770000]
[error occurred during error reporting (printing stack bounds), id 0xc0000005]

Native frames: (J=compiled Java code, j=interpreted, Vv=VM code, C=native code)


Current CompileTask:
C2:   5197  459       4       java.io.WinNTFileSystem::normalize (143 bytes)


---------------  P R O C E S S  ---------------

Java Threads: ( => current thread )
  0x000000000760a800 JavaThread "Keep-Alive-Timer" daemon [_thread_blocked, id=24548, stack(0x000000001e530000,0x000000001e630000)]
  0x0000000005ee1800 JavaThread "Service Thread" daemon [_thread_blocked, id=7456, stack(0x0000000006b10000,0x0000000006c10000)]
  0x0000000004b8f000 JavaThread "C1 CompilerThread2" daemon [_thread_blocked, id=26524, stack(0x00000000068c0000,0x00000000069c0000)]
=>0x0000000004b8e000 JavaThread "C2 CompilerThread1" daemon [_thread_in_native, id=20488, stack(0x0000000006670000,0x0000000006770000)]
  0x0000000004b8c800 JavaThread "C2 CompilerThread0" daemon [_thread_blocked, id=18236, stack(0x0000000006560000,0x0000000006660000)]
  0x0000000005e80800 JavaThread "Attach Listener" daemon [_thread_blocked, id=23908, stack(0x00000000063f0000,0x00000000064f0000)]
  0x0000000004b83800 JavaThread "Signal Dispatcher" daemon [_thread_blocked, id=31800, stack(0x00000000062e0000,0x00000000063e0000)]
  0x0000000004b70000 JavaThread "Finalizer" daemon [_thread_blocked, id=19892, stack(0x0000000005ad0000,0x0000000005bd0000)]
  0x0000000004b69000 JavaThread "Reference Handler" daemon [_thread_blocked, id=9308, stack(0x0000000005d70000,0x0000000005e70000)]

Other Threads:
  0x0000000004b21800 VMThread [stack: 0x0000000005c20000,0x0000000005d20000] [id=24376]

VM state:at safepoint (normal execution)

VM Mutex/Monitor currently owned by a thread:  ([mutex/lock_event])
[0x000000000254b7d0] Threads_lock - owner thread: 0x0000000004b21800
[0x000000000254bcd0] Heap_lock - owner thread: 0x000000000254d000

heap address: 0x0000000701200000, size: 3054 MB, Compressed Oops mode: Zero based, Oop shift amount: 3
Narrow klass base: 0x0000000000000000, Narrow klass shift: 3
Compressed class space size: 1073741824 Address: 0x00000007c0000000

Heap:
 PSYoungGen      total 57344K, used 17696K [0x0000000780600000, 0x0000000784600000, 0x00000007c0000000)
  eden space 49152K, 36% used [0x0000000780600000,0x00000007817483c0,0x0000000783600000)
  from space 8192K, 0% used [0x0000000783e00000,0x0000000783e00000,0x0000000784600000)
  to   space 8192K, 0% used [0x0000000783600000,0x0000000783600000,0x0000000783e00000)
 ParOldGen       total 131072K, used 0K [0x0000000701200000, 0x0000000709200000, 0x0000000780600000)
  object space 131072K, 0% used [0x0000000701200000,0x0000000701200000,0x0000000709200000)
 Metaspace       used 5960K, capacity 6072K, committed 6144K, reserved 1056768K
  class space    used 667K, capacity 728K, committed 768K, reserved 1048576K

Card table byte_map: [0x0000000002cc0000,0x00000000032c0000] byte_map_base: 0xffffffffff4b7000

Marking Bits: (ParMarkBitMap*) 0x00000000082c5ce0
 Begin Bits: [0x0000000017350000, 0x000000001a308000)
 End Bits:   [0x000000001a308000, 0x000000001d2c0000)

Polling page: 0x0000000000120000

CodeCache: size=245760Kb used=2624Kb max_used=2624Kb free=243135Kb
 bounds [0x0000000008350000, 0x00000000085f0000, 0x0000000017350000]
 total_blobs=833 nmethods=546 adapters=198
 compilation: enabled

Compilation events (10 events):
Event: 5.189 Thread 0x0000000004b8f000 nmethod 536 0x00000000085d8010 code [0x00000000085d8180, 0x00000000085d84a8]
Event: 5.189 Thread 0x0000000004b8f000  540       3       org.jsoup.parser.Token$Tag::appendAttributeValue (32 bytes)
Event: 5.189 Thread 0x0000000004b8f000 nmethod 540 0x00000000085d85d0 code [0x00000000085d8780, 0x00000000085d8d58]
Event: 5.189 Thread 0x0000000004b8f000  538       3       org.jsoup.parser.Tokeniser::emit (47 bytes)
Event: 5.189 Thread 0x0000000004b8f000 nmethod 538 0x00000000085d8f50 code [0x00000000085d90e0, 0x00000000085d9638]
Event: 5.189 Thread 0x0000000004b8f000  533       3       org.jsoup.parser.HtmlTreeBuilder::reconstructFormattingElements (155 bytes)
Event: 5.190 Thread 0x0000000004b8f000 nmethod 533 0x00000000085d97d0 code [0x00000000085d9ba0, 0x00000000085dbf98]
Event: 5.190 Thread 0x0000000004b8f000  537       3       org.jsoup.parser.HtmlTreeBuilder::lastFormattingElement (34 bytes)
Event: 5.191 Thread 0x0000000004b8f000 nmethod 537 0x00000000085dd350 code [0x00000000085dd500, 0x00000000085ddc38]
Event: 5.191 Thread 0x0000000004b8f000  525       3       org.jsoup.parser.TokeniserState$8::read (112 bytes)

GC Heap History (0 events):
No events

Deoptimization events (8 events):
Event: 4.527 Thread 0x000000000254d000 Uncommon trap: reason=unstable_if action=reinterpret pc=0x0000000008466444 method=java.lang.String.hashCode()I @ 14
Event: 5.112 Thread 0x000000000254d000 Uncommon trap: reason=unstable_if action=reinterpret pc=0x000000000854bdec method=org.jsoup.parser.CharacterReader.consumeToAny([C)Ljava/lang/String; @ 92
Event: 5.113 Thread 0x000000000254d000 Uncommon trap: reason=unstable_if action=reinterpret pc=0x0000000008488180 method=java.lang.CharacterData.of(I)Ljava/lang/CharacterData; @ 4
Event: 5.142 Thread 0x000000000254d000 Uncommon trap: reason=class_check action=maybe_recompile pc=0x000000000853faa4 method=org.jsoup.parser.CharacterReader.bufferUp()V @ 21
Event: 5.156 Thread 0x000000000254d000 Uncommon trap: reason=class_check action=maybe_recompile pc=0x000000000853faa4 method=org.jsoup.parser.CharacterReader.bufferUp()V @ 21
Event: 5.173 Thread 0x000000000254d000 Uncommon trap: reason=unstable_if action=reinterpret pc=0x00000000085366b0 method=java.lang.CharacterDataLatin1.digit(II)I @ 60
Event: 5.183 Thread 0x000000000254d000 Uncommon trap: reason=class_check action=maybe_recompile pc=0x000000000853faa4 method=org.jsoup.parser.CharacterReader.bufferUp()V @ 21
Event: 5.185 Thread 0x000000000254d000 Uncommon trap: reason=class_check action=maybe_recompile pc=0x000000000853faa4 method=org.jsoup.parser.CharacterReader.bufferUp()V @ 21

Classes redefined (0 events):
No events

Internal exceptions (6 events):
Event: 0.260 Thread 0x000000000254d000 Exception <a 'java/lang/NoSuchMethodError': Method sun.misc.Unsafe.defineClass(Ljava/lang/String;[BII)Ljava/lang/Class; name or signature does not match> (0x0000000780607cb0) thrown at [C:\re\workspace\8-2-build-windows-amd64-cygwin\jdk8u202\12323\hotspot
Event: 0.260 Thread 0x000000000254d000 Exception <a 'java/lang/NoSuchMethodError': Method sun.misc.Unsafe.prefetchRead(Ljava/lang/Object;J)V name or signature does not match> (0x0000000780607f98) thrown at [C:\re\workspace\8-2-build-windows-amd64-cygwin\jdk8u202\12323\hotspot\src\share\vm\prim
Event: 4.405 Thread 0x000000000254d000 Exception <a 'java/security/PrivilegedActionException'> (0x00000007809e3cd8) thrown at [C:\re\workspace\8-2-build-windows-amd64-cygwin\jdk8u202\12323\hotspot\src\share\vm\prims\jvm.cpp, line 1502]
Event: 4.405 Thread 0x000000000254d000 Exception <a 'java/security/PrivilegedActionException'> (0x00000007809e3ee8) thrown at [C:\re\workspace\8-2-build-windows-amd64-cygwin\jdk8u202\12323\hotspot\src\share\vm\prims\jvm.cpp, line 1502]
Event: 4.803 Thread 0x000000000254d000 Exception <a 'java/lang/NoSuchFieldError': method resolution failed> (0x0000000780cb2660) thrown at [C:\re\workspace\8-2-build-windows-amd64-cygwin\jdk8u202\12323\hotspot\src\share\vm\prims\methodHandles.cpp, line 1167]
Event: 4.805 Thread 0x000000000254d000 Exception <a 'java/lang/NoSuchFieldError': method resolution failed> (0x0000000780cbfe50) thrown at [C:\re\workspace\8-2-build-windows-amd64-cygwin\jdk8u202\12323\hotspot\src\share\vm\prims\methodHandles.cpp, line 1167]

Events (10 events):
Event: 5.185 Thread 0x000000000254d000 Uncommon trap: trap_request=0xffffffde fr.pc=0x000000000853faa4
Event: 5.185 Thread 0x000000000254d000 DEOPT PACKING pc=0x000000000853faa4 sp=0x00000000028fef40
Event: 5.185 Thread 0x000000000254d000 DEOPT UNPACKING pc=0x000000000839583b sp=0x00000000028feed8 mode 2
Event: 5.188 Thread 0x000000000254d000 Thread exited: 0x000000000254d000
Event: 5.188 Thread 0x000000000254d000 Thread added: 0x000000000254d000
Event: 5.189 loading class java/lang/Shutdown
Event: 5.190 loading class java/lang/Shutdown done
Event: 5.190 loading class java/lang/Shutdown$Lock
Event: 5.190 loading class java/lang/Shutdown$Lock done
Event: 5.191 Thread 0x000000000254d000 Thread exited: 0x000000000254d000


Dynamic libraries:
0x000000013fb70000 - 0x000000013fba7000 	D:\Program Files\Java\jdk1.8.0_202\bin\javaw.exe
0x0000000077cc0000 - 0x0000000077e5f000 	C:\Windows\SYSTEM32\ntdll.dll
0x0000000077ba0000 - 0x0000000077cbf000 	C:\Windows\system32\kernel32.dll
0x000007fefd9a0000 - 0x000007fefda07000 	C:\Windows\system32\KERNELBASE.dll
0x000007fefe8f0000 - 0x000007fefe9cb000 	C:\Windows\system32\ADVAPI32.dll
0x000007feffa80000 - 0x000007feffb1f000 	C:\Windows\system32\msvcrt.dll
0x000007feffdd0000 - 0x000007feffdef000 	C:\Windows\SYSTEM32\sechost.dll
0x000007feffdf0000 - 0x000007fefff1c000 	C:\Windows\system32\RPCRT4.dll
0x0000000077aa0000 - 0x0000000077b9a000 	C:\Windows\system32\USER32.dll
0x000007fefeab0000 - 0x000007fefeb17000 	C:\Windows\system32\GDI32.dll
0x000007fefef70000 - 0x000007fefef7e000 	C:\Windows\system32\LPK.dll
0x000007feffd00000 - 0x000007feffdcb000 	C:\Windows\system32\USP10.dll
0x000007fefc030000 - 0x000007fefc225000 	C:\Windows\WinSxS\amd64_microsoft.windows.common-controls_6595b64144ccf1df_6.0.7601.24483_none_e372d88f30fbb845\COMCTL32.dll
0x000007feffc30000 - 0x000007feffca1000 	C:\Windows\system32\SHLWAPI.dll
0x000007feff5a0000 - 0x000007feff5ce000 	C:\Windows\system32\IMM32.DLL
0x000007feffb20000 - 0x000007feffc2b000 	C:\Windows\system32\MSCTF.dll
0x000000005af70000 - 0x000000005b042000 	D:\Program Files\Java\jdk1.8.0_202\jre\bin\msvcr100.dll
0x0000000007aa0000 - 0x0000000008345000 	D:\Program Files\Java\jdk1.8.0_202\jre\bin\server\jvm.dll
0x000007fef8bf0000 - 0x000007fef8bf9000 	C:\Windows\system32\WSOCK32.dll
0x000007feffcb0000 - 0x000007feffcfd000 	C:\Windows\system32\WS2_32.dll
0x000007fefef80000 - 0x000007fefef88000 	C:\Windows\system32\NSI.dll
0x000007fefd670000 - 0x000007fefd6ab000 	C:\Windows\system32\WINMM.dll
0x000007fefc8a0000 - 0x000007fefc8ac000 	C:\Windows\system32\VERSION.dll
0x0000000077e70000 - 0x0000000077e77000 	C:\Windows\system32\PSAPI.DLL
0x000007fef6cd0000 - 0x000007fef6cdf000 	D:\Program Files\Java\jdk1.8.0_202\jre\bin\verify.dll
0x000007feef6d0000 - 0x000007feef6f9000 	D:\Program Files\Java\jdk1.8.0_202\jre\bin\java.dll
0x000007fef6cb0000 - 0x000007fef6cc6000 	D:\Program Files\Java\jdk1.8.0_202\jre\bin\zip.dll
0x000007fefdb60000 - 0x000007fefe8eb000 	C:\Windows\system32\SHELL32.dll
0x000007feff3a0000 - 0x000007feff59f000 	C:\Windows\system32\ole32.dll
0x000007fefd5f0000 - 0x000007fefd5ff000 	C:\Windows\system32\profapi.dll
0x000007feefb90000 - 0x000007feefbaa000 	D:\Program Files\Java\jdk1.8.0_202\jre\bin\net.dll
0x000007fefef90000 - 0x000007feff11a000 	C:\Windows\system32\urlmon.dll
0x000007fefda10000 - 0x000007fefda14000 	C:\Windows\system32\api-ms-win-downlevel-ole32-l1-1-0.dll
0x000007fefda30000 - 0x000007fefda34000 	C:\Windows\system32\api-ms-win-downlevel-shlwapi-l1-1-0.dll
0x000007fefda20000 - 0x000007fefda25000 	C:\Windows\system32\api-ms-win-downlevel-advapi32-l1-1-0.dll
0x000007fefd710000 - 0x000007fefd714000 	C:\Windows\system32\api-ms-win-downlevel-user32-l1-1-0.dll
0x000007fefd620000 - 0x000007fefd624000 	C:\Windows\system32\api-ms-win-downlevel-version-l1-1-0.dll
0x000007fefd700000 - 0x000007fefd703000 	C:\Windows\system32\api-ms-win-downlevel-normaliz-l1-1-0.dll
0x0000000077e60000 - 0x0000000077e63000 	C:\Windows\system32\normaliz.DLL
0x000007fefeca0000 - 0x000007fefef6c000 	C:\Windows\system32\iertutil.dll
0x000007feff5d0000 - 0x000007feffa7c000 	C:\Windows\system32\WININET.dll
0x000007fefd6e0000 - 0x000007fefd6ff000 	C:\Windows\system32\USERENV.dll
0x000007fefcd30000 - 0x000007fefcd85000 	C:\Windows\system32\mswsock.dll
0x000007fefcd20000 - 0x000007fefcd27000 	C:\Windows\System32\wship6.dll
0x000007fefc610000 - 0x000007fefc617000 	C:\Windows\System32\wshtcpip.dll
0x000007fefcbb0000 - 0x000007fefcc0b000 	C:\Windows\system32\DNSAPI.dll
0x00000000709f0000 - 0x0000000070a25000 	C:\Program Files\Bonjour\mdnsNSP.dll
0x000007fefa860000 - 0x000007fefa887000 	C:\Windows\system32\Iphlpapi.DLL
0x000007fefa840000 - 0x000007fefa84b000 	C:\Windows\system32\WINNSI.DLL
0x000007fef6fa0000 - 0x000007fef6fa8000 	C:\Windows\system32\rasadhlp.dll
0x000007fefa690000 - 0x000007fefa6e3000 	C:\Windows\System32\fwpuclnt.dll

VM Arguments:
jvm_args: -Dfile.encoding=utf-8 
java_command: com.cyb.app.sina.SinaArticle
java_class_path (initial): D:\chenyb\myproject\zhuhx\cloud\zzuchenyb-mvc-utils\target\classes;D:\chenyb\tools\eclipse\plugins\org.junit_4.12.0.v201504281640\junit.jar;D:\chenyb\tools\eclipse\plugins\org.hamcrest.core_1.3.0.v201303031735.jar;D:\chenyb\myproject\zhuhx\cloud\zzuchenyb-mvc-utils\src\main\webapp\lib\javabase64-1.3.1.jar;D:\maven\jbpm-4.4\jbpm-4.4\lib\activation.jar;D:\maven\jbpm-4.4\jbpm-4.4\lib\antlr.jar;D:\maven\jbpm-4.4\jbpm-4.4\lib\antlr-runtime.jar;D:\maven\jbpm-4.4\jbpm-4.4\lib\avalon-framework.jar;D:\maven\jbpm-4.4\jbpm-4.4\lib\bsh.jar;D:\maven\jbpm-4.4\jbpm-4.4\lib\cglib.jar;D:\maven\jbpm-4.4\jbpm-4.4\lib\commons-collections.jar;D:\maven\jbpm-4.4\jbpm-4.4\lib\commons-logging.jar;D:\maven\jbpm-4.4\jbpm-4.4\lib\core.jar;D:\maven\jbpm-4.4\jbpm-4.4\lib\dom4j.jar;D:\maven\jbpm-4.4\jbpm-4.4\lib\drools-api.jar;D:\maven\jbpm-4.4\jbpm-4.4\lib\drools-compiler.jar;D:\maven\jbpm-4.4\jbpm-4.4\lib\drools-core.jar;D:\maven\jbpm-4.4\jbpm-4.4\lib\errai-bus.jar;D:\maven\jbpm-4.4\jbpm-4.4\lib\errai-common.jar;D:\maven\jbpm-4.4\jbpm-4.4\lib\freemarker.jar;D:\maven\jbpm-4.4\jbpm-4.4\lib\gson.jar;D:\maven\jbpm-4.4\jbpm-4.4\lib\guice.jar;D:\maven\jbpm-4.4\jbpm-4.4\lib\guice-aopalliance.jar;D:\maven\jbpm-4.4\jbpm-4.4\lib\guice-servlet.jar;D:\maven\jbpm-4.4\jbpm-4.4\lib\gwt-console-rpc.jar;D:\maven\jbpm-4.4\jbpm-4.4\lib\gwt-console-server-integration.jar;D:\maven\jbpm-4.4\jbpm-4.4\lib\hibernate-core.jar;D:\maven\jbpm-4.4\jbpm-4.4\lib\hsqldb.jar;D:\maven\jbpm-4.4\jbpm-4.4\lib\janino.jar;D:\maven\jbpm-4.4\jbpm-4.4\lib\javassist.jar;D:\maven\jbpm-4.4\jbpm-4.4\lib\jbpm-bpmn.jar;D:\maven\jbpm-4.4\jbpm-4.4\lib\jbpm-console-form-plugin.jar;D:\maven\jbpm-4.4\jbpm-4.4\lib\jbpm-console-graphView-plugin.jar;D:\maven\jbpm-4.4\jbpm-4.4\lib\jbpm-console-integration.jar;D:\maven\jbpm-4.4\jbpm-4.4\lib\jbpm-console-reports.jar;D:\maven\jbpm-4.4\jbpm-4.4\lib\jbpm-db.jar;D:\maven\jbpm-4.4\jbpm-4.4\lib\jbpm-examples-tests.jar;D:\maven\jbpm-4.4\jbpm-4.4\lib\jbpm-jboss.jar;D:\maven\jbpm-4.4
Launcher Type: SUN_STANDARD

Environment Variables:
JAVA_HOME=D:\Program Files\Java\jdk1.8.0_202
PATH=D:/Program Files/Java/jre1.8.0_202/bin/server;D:/Program Files/Java/jre1.8.0_202/bin;D:/Program Files/Java/jre1.8.0_202/lib/amd64;C:\Program Files (x86)\Common Files\Oracle\Java\javapath;C:\Windows\system32;C:\Windows;C:\Windows\System32\Wbem;C:\Windows\System32\WindowsPowerShell\v1.0\;D:\Program Files\TortoiseGit\bin;C:\Program Files\Git\cmd;D:\Program Files\Java\jdk1.8.0_202\bin;D:\apache-maven-3.1.1\bin;D:\bigdata\netcat-win32-1.12;C:\Program Files\nodejs\;D:\ideplugin\apache-ant-1.8.0\bin;;C:\Program Files\IDM Computer Solutions\UltraEdit;C:\Users\Administrator\Desktop\curl-7.60.0\I386;C:\Users\Administrator\AppData\Roaming\npm;C:\Users\Administrator\AppData\Local\Programs\Fiddler;C:\Python27;C:\Users\Administrator\AppData\Local\BypassRuntm;D:\chenyb\tools\eclipse;
USERNAME=Administrator
OS=Windows_NT
PROCESSOR_IDENTIFIER=Intel64 Family 6 Model 60 Stepping 3, GenuineIntel



---------------  S Y S T E M  ---------------

OS: Windows 7 , 64 bit Build 7601 (6.1.7601.24535)

CPU:total 4 (initial active 4) (4 cores per cpu, 1 threads per core) family 6 model 60 stepping 3, cmov, cx8, fxsr, mmx, sse, sse2, sse3, ssse3, sse4.1, sse4.2, popcnt, avx, avx2, aes, clmul, erms, rtm, lzcnt, tsc, tscinvbit, bmi1, bmi2

Memory: 4k page, physical 12505636k(1566468k free), swap 12503736k(5840k free)

vm_info: Java HotSpot(TM) 64-Bit Server VM (25.202-b08) for windows-amd64 JRE (1.8.0_202-b08), built on Dec 15 2018 19:54:30 by "java_re" with MS VC++ 10.0 (VS2010)

time: Tue Dec 31 08:58:42 2019
timezone: 中国标准时间
elapsed time: 5 seconds (0d 0h 0m 5s)

