#
# There is insufficient memory for the Java Runtime Environment to continue.
# Native memory allocation (malloc) failed to allocate 131088 bytes for Chunk::new
# Possible reasons:
#   The system is out of physical RAM or swap space
#   The process is running with CompressedOops enabled, and the Java Heap may be blocking the growth of the native heap
# Possible solutions:
#   Reduce memory load on the system
#   Increase physical memory or swap space
#   Check if swap backing store is full
#   Decrease Java heap size (-Xmx/-Xms)
#   Decrease number of Java threads
#   Decrease Java thread stack sizes (-Xss)
#   Set larger code cache with -XX:ReservedCodeCacheSize=
#   JVM is running with Zero Based Compressed Oops mode in which the Java heap is
#     placed in the first 32GB address space. The Java Heap base address is the
#     maximum limit for the native heap growth. Please use -XX:HeapBaseMinAddress
#     to set the Java Heap base and to place the Java Heap above 32GB virtual address.
# This output file may be truncated or incomplete.
#
#  Out of Memory Error (allocation.cpp:389), pid=22460, tid=0x0000000000005360
#
# JRE version: Java(TM) SE Runtime Environment (8.0_202-b08) (build 1.8.0_202-b08)
# Java VM: Java HotSpot(TM) 64-Bit Server VM (25.202-b08 mixed mode windows-amd64 compressed oops)
# Failed to write core dump. Minidumps are not enabled by default on client versions of Windows
#

---------------  T H R E A D  ---------------

Current thread (0x0000000006b25000):  JavaThread "C2 CompilerThread1" daemon [_thread_in_native, id=21344, stack(0x0000000007230000,0x0000000007330000)]

Stack: [0x0000000007230000,0x0000000007330000]
[error occurred during error reporting (printing stack bounds), id 0xc0000005]

Native frames: (J=compiled Java code, j=interpreted, Vv=VM code, C=native code)


Current CompileTask:
C2:   2115 1591       4       java.net.URLStreamHandler::parseURL (1193 bytes)


---------------  P R O C E S S  ---------------

Java Threads: ( => current thread )
  0x000000001de37800 JavaThread "DestroyJavaVM" [_thread_blocked, id=21884, stack(0x0000000002840000,0x0000000002940000)]
  0x000000001de37000 JavaThread "Timer-2" daemon [_thread_blocked, id=22656, stack(0x00000000207a0000,0x00000000208a0000)]
  0x000000001de36000 JavaThread "Timer-1" daemon [_thread_blocked, id=22644, stack(0x0000000020ca0000,0x0000000020da0000)]
  0x000000001de35800 JavaThread "BLOB Server listener at 52853" daemon [_thread_in_native, id=23208, stack(0x0000000020960000,0x0000000020a60000)]
  0x000000001de34800 JavaThread "Timer-0" daemon [_thread_blocked, id=22660, stack(0x00000000206a0000,0x00000000207a0000)]
  0x000000001de33800 JavaThread "New I/O server boss #6" [_thread_in_native, id=23108, stack(0x00000000204c0000,0x00000000205c0000)]
  0x000000001de33000 JavaThread "New I/O worker #5" [_thread_in_native, id=22876, stack(0x000000001fbe0000,0x000000001fce0000)]
  0x000000001de32000 JavaThread "New I/O worker #4" [_thread_in_native, id=22996, stack(0x0000000020320000,0x0000000020420000)]
  0x000000001de31800 JavaThread "New I/O boss #3" [_thread_in_native, id=22772, stack(0x00000000201a0000,0x00000000202a0000)]
  0x000000001de30800 JavaThread "New I/O worker #2" [_thread_in_native, id=23092, stack(0x0000000020080000,0x0000000020180000)]
  0x000000001de30000 JavaThread "New I/O worker #1" [_thread_in_native, id=22048, stack(0x000000001f8c0000,0x000000001f9c0000)]
  0x00000000069e1000 JavaThread "flink-metrics-akka.remote.default-remote-dispatcher-4" [_thread_blocked, id=22768, stack(0x000000001f790000,0x000000001f890000)]
  0x0000000006332800 JavaThread "flink-metrics-akka.remote.default-remote-dispatcher-3" [_thread_blocked, id=21632, stack(0x000000001f690000,0x000000001f790000)]
  0x00000000063f4000 JavaThread "flink-metrics-2" [_thread_blocked, id=22652, stack(0x000000001f2a0000,0x000000001f3a0000)]
  0x000000000622c800 JavaThread "flink-metrics-scheduler-1" [_thread_blocked, id=22560, stack(0x000000001f530000,0x000000001f630000)]
  0x000000001de22000 JavaThread "flink-akka.actor.default-dispatcher-5" [_thread_blocked, id=22552, stack(0x000000001f3e0000,0x000000001f4e0000)]
  0x000000001de26000 JavaThread "flink-akka.actor.default-dispatcher-4" [_thread_blocked, id=21532, stack(0x000000001d220000,0x000000001d320000)]
  0x000000001dfbd800 JavaThread "flink-akka.actor.default-dispatcher-3" [_thread_blocked, id=22512, stack(0x000000001f170000,0x000000001f270000)]
  0x000000001e015800 JavaThread "flink-akka.actor.default-dispatcher-2" [_thread_blocked, id=22884, stack(0x000000001edd0000,0x000000001eed0000)]
  0x000000001de66000 JavaThread "flink-scheduler-1" [_thread_blocked, id=22280, stack(0x000000001d010000,0x000000001d110000)]
  0x0000000006b27800 JavaThread "Service Thread" daemon [_thread_blocked, id=21920, stack(0x000000001d120000,0x000000001d220000)]
  0x0000000006b26800 JavaThread "C1 CompilerThread2" daemon [_thread_blocked, id=22260, stack(0x0000000007560000,0x0000000007660000)]
=>0x0000000006b25000 JavaThread "C2 CompilerThread1" daemon [_thread_in_native, id=21344, stack(0x0000000007230000,0x0000000007330000)]
  0x0000000006b11000 JavaThread "C2 CompilerThread0" daemon [_thread_blocked, id=22544, stack(0x00000000073a0000,0x00000000074a0000)]
  0x0000000006b0f800 JavaThread "Monitor Ctrl-Break" daemon [_thread_in_native, id=21992, stack(0x00000000070e0000,0x00000000071e0000)]
  0x00000000061d3000 JavaThread "Attach Listener" daemon [_thread_blocked, id=22556, stack(0x0000000006720000,0x0000000006820000)]
  0x00000000061d2800 JavaThread "Signal Dispatcher" daemon [_thread_blocked, id=21968, stack(0x00000000065f0000,0x00000000066f0000)]
  0x0000000004d76000 JavaThread "Finalizer" daemon [_thread_blocked, id=21664, stack(0x00000000060c0000,0x00000000061c0000)]
  0x0000000004d6d000 JavaThread "Reference Handler" daemon [_thread_blocked, id=22184, stack(0x0000000005df0000,0x0000000005ef0000)]

Other Threads:
  0x0000000004d28000 VMThread [stack: 0x0000000005f30000,0x0000000006030000] [id=22328]
  0x0000000006c4c800 WatcherThread [stack: 0x000000001d4a0000,0x000000001d5a0000] [id=21980]

VM state:not at safepoint (normal execution)

VM Mutex/Monitor currently owned by a thread: None

OutOfMemory and StackOverflow Exception counts:
OutOfMemoryError java_heap_errors=1

heap address: 0x0000000701200000, size: 3054 MB, Compressed Oops mode: Zero based, Oop shift amount: 3
Narrow klass base: 0x0000000000000000, Narrow klass shift: 3
Compressed class space size: 1073741824 Address: 0x00000007c0000000

Heap:
 PSYoungGen      total 169984K, used 6241K [0x0000000780600000, 0x000000078d100000, 0x00000007c0000000)
  eden space 166912K, 3% used [0x0000000780600000,0x0000000780c185c0,0x000000078a900000)
  from space 3072K, 0% used [0x000000078ce00000,0x000000078ce00000,0x000000078d100000)
  to   space 8192K, 0% used [0x000000078c100000,0x000000078c100000,0x000000078c900000)
 ParOldGen       total 73728K, used 7668K [0x0000000701200000, 0x0000000705a00000, 0x0000000780600000)
  object space 73728K, 10% used [0x0000000701200000,0x000000070197d078,0x0000000705a00000)
 Metaspace       used 23765K, capacity 24290K, committed 24576K, reserved 1071104K
  class space    used 3414K, capacity 3559K, committed 3584K, reserved 1048576K

Card table byte_map: [0x0000000002e00000,0x0000000003400000] byte_map_base: 0xffffffffff5f7000

Marking Bits: (ParMarkBitMap*) 0x0000000007fd5ce0
 Begin Bits: [0x0000000017060000, 0x000000001a018000)
 End Bits:   [0x000000001a018000, 0x000000001cfd0000)

Polling page: 0x0000000000330000

CodeCache: size=245760Kb used=5274Kb max_used=5274Kb free=240485Kb
 bounds [0x0000000008060000, 0x0000000008590000, 0x0000000017060000]
 total_blobs=2097 nmethods=1675 adapters=334
 compilation: enabled

Compilation events (10 events):
Event: 2.088 Thread 0x0000000006b26800 1672       3       java.util.concurrent.ArrayBlockingQueue::checkNotNull (13 bytes)
Event: 2.088 Thread 0x0000000006b26800 nmethod 1672 0x00000000085889d0 code [0x0000000008588b40, 0x0000000008588d68]
Event: 2.088 Thread 0x0000000006b26800 1673       3       java.util.concurrent.ArrayBlockingQueue::enqueue (53 bytes)
Event: 2.088 Thread 0x0000000006b26800 nmethod 1673 0x0000000008588e50 code [0x0000000008589000, 0x00000000085895c8]
Event: 2.107 Thread 0x0000000006b26800 1674       3       java.lang.StringBuilder::append (9 bytes)
Event: 2.107 Thread 0x0000000006b26800 nmethod 1674 0x0000000008589890 code [0x0000000008589a20, 0x0000000008589e18]
Event: 2.107 Thread 0x0000000006b26800 1675       3       java.nio.charset.CoderResult::isUnderflow (13 bytes)
Event: 2.108 Thread 0x0000000006b26800 nmethod 1675 0x0000000008589f90 code [0x000000000858a0e0, 0x000000000858a290]
Event: 2.108 Thread 0x0000000006b26800 1676       3       java.io.OutputStream::flush (1 bytes)
Event: 2.108 Thread 0x0000000006b26800 nmethod 1676 0x000000000858a310 code [0x000000000858a460, 0x000000000858a5b0]

GC Heap History (10 events):
Event: 1.538 GC heap before
{Heap before GC invocations=2 (full 0):
 PSYoungGen      total 57344K, used 57318K [0x0000000780600000, 0x0000000787600000, 0x00000007c0000000)
  eden space 49152K, 100% used [0x0000000780600000,0x0000000783600000,0x0000000783600000)
  from space 8192K, 99% used [0x0000000783600000,0x0000000783df9a60,0x0000000783e00000)
  to   space 8192K, 0% used [0x0000000786e00000,0x0000000786e00000,0x0000000787600000)
 ParOldGen       total 131072K, used 55K [0x0000000701200000, 0x0000000709200000, 0x0000000780600000)
  object space 131072K, 0% used [0x0000000701200000,0x000000070120dfb8,0x0000000709200000)
 Metaspace       used 19127K, capacity 19606K, committed 19968K, reserved 1067008K
  class space    used 2683K, capacity 2797K, committed 2816K, reserved 1048576K
Event: 1.546 GC heap after
Heap after GC invocations=2 (full 0):
 PSYoungGen      total 106496K, used 8166K [0x0000000780600000, 0x0000000787600000, 0x00000007c0000000)
  eden space 98304K, 0% used [0x0000000780600000,0x0000000780600000,0x0000000786600000)
  from space 8192K, 99% used [0x0000000786e00000,0x00000007875f9930,0x0000000787600000)
  to   space 8192K, 0% used [0x0000000786600000,0x0000000786600000,0x0000000786e00000)
 ParOldGen       total 131072K, used 1980K [0x0000000701200000, 0x0000000709200000, 0x0000000780600000)
  object space 131072K, 1% used [0x0000000701200000,0x00000007013ef050,0x0000000709200000)
 Metaspace       used 19127K, capacity 19606K, committed 19968K, reserved 1067008K
  class space    used 2683K, capacity 2797K, committed 2816K, reserved 1048576K
}
Event: 1.672 GC heap before
{Heap before GC invocations=3 (full 0):
 PSYoungGen      total 106496K, used 26040K [0x0000000780600000, 0x0000000787600000, 0x00000007c0000000)
  eden space 98304K, 18% used [0x0000000780600000,0x0000000781774a38,0x0000000786600000)
  from space 8192K, 99% used [0x0000000786e00000,0x00000007875f9930,0x0000000787600000)
  to   space 8192K, 0% used [0x0000000786600000,0x0000000786600000,0x0000000786e00000)
 ParOldGen       total 131072K, used 1980K [0x0000000701200000, 0x0000000709200000, 0x0000000780600000)
  object space 131072K, 1% used [0x0000000701200000,0x00000007013ef050,0x0000000709200000)
 Metaspace       used 20664K, capacity 21078K, committed 21248K, reserved 1067008K
  class space    used 2925K, capacity 3053K, committed 3072K, reserved 1048576K
Event: 1.688 GC heap after
Heap after GC invocations=3 (full 0):
 PSYoungGen      total 106496K, used 6650K [0x0000000780600000, 0x000000078d600000, 0x00000007c0000000)
  eden space 98304K, 0% used [0x0000000780600000,0x0000000780600000,0x0000000786600000)
  from space 8192K, 81% used [0x0000000786600000,0x0000000786c7e980,0x0000000786e00000)
  to   space 8192K, 0% used [0x000000078ce00000,0x000000078ce00000,0x000000078d600000)
 ParOldGen       total 131072K, used 1988K [0x0000000701200000, 0x0000000709200000, 0x0000000780600000)
  object space 131072K, 1% used [0x0000000701200000,0x00000007013f1050,0x0000000709200000)
 Metaspace       used 20664K, capacity 21078K, committed 21248K, reserved 1067008K
  class space    used 2925K, capacity 3053K, committed 3072K, reserved 1048576K
}
Event: 1.688 GC heap before
{Heap before GC invocations=4 (full 1):
 PSYoungGen      total 106496K, used 6650K [0x0000000780600000, 0x000000078d600000, 0x00000007c0000000)
  eden space 98304K, 0% used [0x0000000780600000,0x0000000780600000,0x0000000786600000)
  from space 8192K, 81% used [0x0000000786600000,0x0000000786c7e980,0x0000000786e00000)
  to   space 8192K, 0% used [0x000000078ce00000,0x000000078ce00000,0x000000078d600000)
 ParOldGen       total 131072K, used 1988K [0x0000000701200000, 0x0000000709200000, 0x0000000780600000)
  object space 131072K, 1% used [0x0000000701200000,0x00000007013f1050,0x0000000709200000)
 Metaspace       used 20664K, capacity 21078K, committed 21248K, reserved 1067008K
  class space    used 2925K, capacity 3053K, committed 3072K, reserved 1048576K
Event: 1.723 GC heap after
Heap after GC invocations=4 (full 1):
 PSYoungGen      total 106496K, used 0K [0x0000000780600000, 0x000000078d600000, 0x00000007c0000000)
  eden space 98304K, 0% used [0x0000000780600000,0x0000000780600000,0x0000000786600000)
  from space 8192K, 0% used [0x0000000786600000,0x0000000786600000,0x0000000786e00000)
  to   space 8192K, 0% used [0x000000078ce00000,0x000000078ce00000,0x000000078d600000)
 ParOldGen       total 73728K, used 6497K [0x0000000701200000, 0x0000000705a00000, 0x0000000780600000)
  object space 73728K, 8% used [0x0000000701200000,0x00000007018586c8,0x0000000705a00000)
 Metaspace       used 20664K, capacity 21078K, committed 21248K, reserved 1067008K
  class space    used 2925K, capacity 3053K, committed 3072K, reserved 1048576K
}
Event: 2.023 GC heap before
{Heap before GC invocations=5 (full 1):
 PSYoungGen      total 106496K, used 25755K [0x0000000780600000, 0x000000078d600000, 0x00000007c0000000)
  eden space 98304K, 26% used [0x0000000780600000,0x0000000781f26e50,0x0000000786600000)
  from space 8192K, 0% used [0x0000000786600000,0x0000000786600000,0x0000000786e00000)
  to   space 8192K, 0% used [0x000000078ce00000,0x000000078ce00000,0x000000078d600000)
 ParOldGen       total 73728K, used 6497K [0x0000000701200000, 0x0000000705a00000, 0x0000000780600000)
  object space 73728K, 8% used [0x0000000701200000,0x00000007018586c8,0x0000000705a00000)
 Metaspace       used 23620K, capacity 24130K, committed 24576K, reserved 1071104K
  class space    used 3399K, capacity 3527K, committed 3584K, reserved 1048576K
Event: 2.026 GC heap after
Heap after GC invocations=5 (full 1):
 PSYoungGen      total 169984K, used 2836K [0x0000000780600000, 0x000000078d100000, 0x00000007c0000000)
  eden space 166912K, 0% used [0x0000000780600000,0x0000000780600000,0x000000078a900000)
  from space 3072K, 92% used [0x000000078ce00000,0x000000078d0c52c8,0x000000078d100000)
  to   space 8192K, 0% used [0x000000078c100000,0x000000078c100000,0x000000078c900000)
 ParOldGen       total 73728K, used 6497K [0x0000000701200000, 0x0000000705a00000, 0x0000000780600000)
  object space 73728K, 8% used [0x0000000701200000,0x00000007018586c8,0x0000000705a00000)
 Metaspace       used 23620K, capacity 24130K, committed 24576K, reserved 1071104K
  class space    used 3399K, capacity 3527K, committed 3584K, reserved 1048576K
}
Event: 2.026 GC heap before
{Heap before GC invocations=6 (full 2):
 PSYoungGen      total 169984K, used 2836K [0x0000000780600000, 0x000000078d100000, 0x00000007c0000000)
  eden space 166912K, 0% used [0x0000000780600000,0x0000000780600000,0x000000078a900000)
  from space 3072K, 92% used [0x000000078ce00000,0x000000078d0c52c8,0x000000078d100000)
  to   space 8192K, 0% used [0x000000078c100000,0x000000078c100000,0x000000078c900000)
 ParOldGen       total 73728K, used 6497K [0x0000000701200000, 0x0000000705a00000, 0x0000000780600000)
  object space 73728K, 8% used [0x0000000701200000,0x00000007018586c8,0x0000000705a00000)
 Metaspace       used 23620K, capacity 24130K, committed 24576K, reserved 1071104K
  class space    used 3399K, capacity 3527K, committed 3584K, reserved 1048576K
Event: 2.067 GC heap after
Heap after GC invocations=6 (full 2):
 PSYoungGen      total 169984K, used 0K [0x0000000780600000, 0x000000078d100000, 0x00000007c0000000)
  eden space 166912K, 0% used [0x0000000780600000,0x0000000780600000,0x000000078a900000)
  from space 3072K, 0% used [0x000000078ce00000,0x000000078ce00000,0x000000078d100000)
  to   space 8192K, 0% used [0x000000078c100000,0x000000078c100000,0x000000078c900000)
 ParOldGen       total 73728K, used 7668K [0x0000000701200000, 0x0000000705a00000, 0x0000000780600000)
  object space 73728K, 10% used [0x0000000701200000,0x000000070197d078,0x0000000705a00000)
 Metaspace       used 23620K, capacity 24130K, committed 24576K, reserved 1071104K
  class space    used 3399K, capacity 3527K, committed 3584K, reserved 1048576K
}

Deoptimization events (10 events):
Event: 1.301 Thread 0x000000000246b000 Uncommon trap: reason=bimorphic action=maybe_recompile pc=0x0000000008416718 method=java.util.AbstractCollection.isEmpty()Z @ 1
Event: 1.627 Thread 0x000000000246b000 Uncommon trap: reason=class_check action=maybe_recompile pc=0x00000000081746fc method=java.lang.String.equals(Ljava/lang/Object;)Z @ 8
Event: 1.627 Thread 0x000000000246b000 Uncommon trap: reason=class_check action=maybe_recompile pc=0x00000000081746fc method=java.lang.String.equals(Ljava/lang/Object;)Z @ 8
Event: 1.627 Thread 0x000000000246b000 Uncommon trap: reason=class_check action=maybe_recompile pc=0x00000000081746fc method=java.lang.String.equals(Ljava/lang/Object;)Z @ 8
Event: 1.627 Thread 0x000000000246b000 Uncommon trap: reason=class_check action=maybe_recompile pc=0x00000000081746fc method=java.lang.String.equals(Ljava/lang/Object;)Z @ 8
Event: 1.855 Thread 0x0000000006332800 Uncommon trap: reason=unstable_if action=reinterpret pc=0x00000000081d7914 method=java.io.WinNTFileSystem.normalize(Ljava/lang/String;)Ljava/lang/String; @ 128
Event: 1.995 Thread 0x000000000246b000 Uncommon trap: reason=unstable_if action=reinterpret pc=0x00000000084901d8 method=java.util.HashMap.getNode(ILjava/lang/Object;)Ljava/util/HashMap$Node; @ 129
Event: 1.995 Thread 0x000000000246b000 Uncommon trap: reason=bimorphic action=maybe_recompile pc=0x0000000008402b60 method=java.util.HashMap.putVal(ILjava/lang/Object;Ljava/lang/Object;ZZ)Ljava/lang/Object; @ 203
Event: 1.996 Thread 0x000000000246b000 Uncommon trap: reason=unstable_if action=reinterpret pc=0x0000000008492470 method=java.util.HashMap.getNode(ILjava/lang/Object;)Ljava/util/HashMap$Node; @ 129
Event: 1.996 Thread 0x000000000246b000 Uncommon trap: reason=bimorphic action=maybe_recompile pc=0x0000000008402b60 method=java.util.HashMap.putVal(ILjava/lang/Object;Ljava/lang/Object;ZZ)Ljava/lang/Object; @ 203

Classes redefined (0 events):
No events

Internal exceptions (10 events):
Event: 1.206 Thread 0x000000000246b000 Exception <a 'java/lang/ArrayIndexOutOfBoundsException'> (0x00000007814328d8) thrown at [C:\re\workspace\8-2-build-windows-amd64-cygwin\jdk8u202\12323\hotspot\src\share\vm\runtime\sharedRuntime.cpp, line 605]
Event: 1.210 Thread 0x000000000246b000 Exception <a 'java/lang/ArrayIndexOutOfBoundsException'> (0x000000078145ee68) thrown at [C:\re\workspace\8-2-build-windows-amd64-cygwin\jdk8u202\12323\hotspot\src\share\vm\runtime\sharedRuntime.cpp, line 605]
Event: 1.214 Thread 0x000000000246b000 Exception <a 'java/lang/ArrayIndexOutOfBoundsException'> (0x000000078147ed60) thrown at [C:\re\workspace\8-2-build-windows-amd64-cygwin\jdk8u202\12323\hotspot\src\share\vm\runtime\sharedRuntime.cpp, line 605]
Event: 1.489 Thread 0x000000000246b000 Exception <a 'java/lang/ArrayIndexOutOfBoundsException'> (0x0000000782d27b68) thrown at [C:\re\workspace\8-2-build-windows-amd64-cygwin\jdk8u202\12323\hotspot\src\share\vm\runtime\sharedRuntime.cpp, line 605]
Event: 1.489 Thread 0x000000000246b000 Exception <a 'java/lang/ArrayIndexOutOfBoundsException'> (0x0000000782d28b10) thrown at [C:\re\workspace\8-2-build-windows-amd64-cygwin\jdk8u202\12323\hotspot\src\share\vm\runtime\sharedRuntime.cpp, line 605]
Event: 1.508 Thread 0x000000000246b000 Exception <a 'java/lang/ArrayIndexOutOfBoundsException'> (0x0000000782f80308) thrown at [C:\re\workspace\8-2-build-windows-amd64-cygwin\jdk8u202\12323\hotspot\src\share\vm\runtime\sharedRuntime.cpp, line 605]
Event: 1.516 Thread 0x000000000246b000 Exception <a 'java/lang/ArrayIndexOutOfBoundsException'> (0x00000007832846a0) thrown at [C:\re\workspace\8-2-build-windows-amd64-cygwin\jdk8u202\12323\hotspot\src\share\vm\runtime\sharedRuntime.cpp, line 605]
Event: 1.517 Thread 0x000000000246b000 Exception <a 'java/lang/ArrayIndexOutOfBoundsException'> (0x00000007832903e0) thrown at [C:\re\workspace\8-2-build-windows-amd64-cygwin\jdk8u202\12323\hotspot\src\share\vm\runtime\sharedRuntime.cpp, line 605]
Event: 1.518 Thread 0x000000000246b000 Exception <a 'java/lang/ArrayIndexOutOfBoundsException'> (0x0000000783297e18) thrown at [C:\re\workspace\8-2-build-windows-amd64-cygwin\jdk8u202\12323\hotspot\src\share\vm\runtime\sharedRuntime.cpp, line 605]
Event: 2.107 Thread 0x000000000246b000 Exception <a 'java/lang/OutOfMemoryError'> (0x00000007808c4608) thrown at [C:\re\workspace\8-2-build-windows-amd64-cygwin\jdk8u202\12323\hotspot\src\share\vm\prims\unsafe.cpp, line 618]

Events (10 events):
Event: 2.075 loading class java/nio/BufferUnderflowException
Event: 2.075 loading class java/nio/BufferUnderflowException done
Event: 2.075 loading class sun/reflect/UnsafeLongFieldAccessorImpl
Event: 2.075 loading class sun/reflect/UnsafeLongFieldAccessorImpl done
Event: 2.107 loading class java/lang/Throwable$WrappedPrintStream
Event: 2.107 loading class java/lang/Throwable$PrintStreamOrWriter
Event: 2.107 loading class java/lang/Throwable$PrintStreamOrWriter done
Event: 2.107 loading class java/lang/Throwable$WrappedPrintStream done
Event: 2.107 Thread 0x000000000246b000 Thread exited: 0x000000000246b000
Event: 2.107 Thread 0x000000001de37800 Thread added: 0x000000001de37800


Dynamic libraries:
0x000000013f170000 - 0x000000013f1a7000 	D:\Program Files\Java\jdk1.8.0_202\bin\java.exe
0x0000000077230000 - 0x00000000773cf000 	C:\Windows\SYSTEM32\ntdll.dll
0x0000000077110000 - 0x000000007722f000 	C:\Windows\system32\kernel32.dll
0x000007fefcec0000 - 0x000007fefcf2a000 	C:\Windows\system32\KERNELBASE.dll
0x000007fefee40000 - 0x000007fefef1b000 	C:\Windows\system32\ADVAPI32.dll
0x000007fefd860000 - 0x000007fefd8ff000 	C:\Windows\system32\msvcrt.dll
0x000007fefe8b0000 - 0x000007fefe8cf000 	C:\Windows\SYSTEM32\sechost.dll
0x000007fefeb60000 - 0x000007fefec8c000 	C:\Windows\system32\RPCRT4.dll
0x0000000077010000 - 0x000000007710a000 	C:\Windows\system32\USER32.dll
0x000007fefd690000 - 0x000007fefd6f7000 	C:\Windows\system32\GDI32.dll
0x000007fefe8d0000 - 0x000007fefe8de000 	C:\Windows\system32\LPK.dll
0x000007fefd3e0000 - 0x000007fefd4ab000 	C:\Windows\system32\USP10.dll
0x000007fefb560000 - 0x000007fefb755000 	C:\Windows\WinSxS\amd64_microsoft.windows.common-controls_6595b64144ccf1df_6.0.7601.24440_none_e36f1bbf30ff0606\COMCTL32.dll
0x000007fefe8e0000 - 0x000007fefe951000 	C:\Windows\system32\SHLWAPI.dll
0x000007fefd3b0000 - 0x000007fefd3de000 	C:\Windows\system32\IMM32.DLL
0x000007fefd700000 - 0x000007fefd809000 	C:\Windows\system32\MSCTF.dll
0x0000000058550000 - 0x0000000058622000 	D:\Program Files\Java\jdk1.8.0_202\jre\bin\msvcr100.dll
0x00000000077b0000 - 0x0000000008055000 	D:\Program Files\Java\jdk1.8.0_202\jre\bin\server\jvm.dll
0x000007fefae70000 - 0x000007fefae79000 	C:\Windows\system32\WSOCK32.dll
0x000007fefd810000 - 0x000007fefd85d000 	C:\Windows\system32\WS2_32.dll
0x000007fefd2a0000 - 0x000007fefd2a8000 	C:\Windows\system32\NSI.dll
0x000007fefcd30000 - 0x000007fefcd6b000 	C:\Windows\system32\WINMM.dll
0x000007fefbda0000 - 0x000007fefbdac000 	C:\Windows\system32\VERSION.dll
0x00000000773e0000 - 0x00000000773e7000 	C:\Windows\system32\PSAPI.DLL
0x000007fef1490000 - 0x000007fef149f000 	D:\Program Files\Java\jdk1.8.0_202\jre\bin\verify.dll
0x000007fef0340000 - 0x000007fef0369000 	D:\Program Files\Java\jdk1.8.0_202\jre\bin\java.dll
0x000007feee210000 - 0x000007feee233000 	D:\Program Files\Java\jdk1.8.0_202\jre\bin\instrument.dll
0x000007feefa30000 - 0x000007feefa46000 	D:\Program Files\Java\jdk1.8.0_202\jre\bin\zip.dll
0x000007fefd900000 - 0x000007fefe68b000 	C:\Windows\system32\SHELL32.dll
0x000007fefe960000 - 0x000007fefeb5f000 	C:\Windows\system32\ole32.dll
0x000007fefcaf0000 - 0x000007fefcaff000 	C:\Windows\system32\profapi.dll
0x000007feed110000 - 0x000007feed12a000 	D:\tools\IntelliJIDEA2017.3.2\bin\breakgen64.dll
0x000007feef860000 - 0x000007feef87a000 	D:\Program Files\Java\jdk1.8.0_202\jre\bin\net.dll
0x000007fefecb0000 - 0x000007fefee38000 	C:\Windows\system32\urlmon.dll
0x000007fefcb70000 - 0x000007fefcb74000 	C:\Windows\system32\api-ms-win-downlevel-ole32-l1-1-0.dll
0x000007fefcd70000 - 0x000007fefcd74000 	C:\Windows\system32\api-ms-win-downlevel-shlwapi-l1-1-0.dll
0x000007fefce20000 - 0x000007fefce25000 	C:\Windows\system32\api-ms-win-downlevel-advapi32-l1-1-0.dll
0x000007fefcb60000 - 0x000007fefcb64000 	C:\Windows\system32\api-ms-win-downlevel-user32-l1-1-0.dll
0x000007fefcb30000 - 0x000007fefcb34000 	C:\Windows\system32\api-ms-win-downlevel-version-l1-1-0.dll
0x000007fefcf30000 - 0x000007fefcf33000 	C:\Windows\system32\api-ms-win-downlevel-normaliz-l1-1-0.dll
0x00000000773d0000 - 0x00000000773d3000 	C:\Windows\system32\normaliz.DLL
0x000007fefcfd0000 - 0x000007fefd29a000 	C:\Windows\system32\iertutil.dll
0x000007fefef20000 - 0x000007feff438000 	C:\Windows\system32\WININET.dll
0x000007fefce60000 - 0x000007fefce7e000 	C:\Windows\system32\USERENV.dll
0x000007fefc230000 - 0x000007fefc285000 	C:\Windows\system32\mswsock.dll
0x000007fefc220000 - 0x000007fefc227000 	C:\Windows\System32\wship6.dll
0x000007feefcb0000 - 0x000007feefcbd000 	D:\Program Files\Java\jdk1.8.0_202\jre\bin\management.dll
0x000007feef840000 - 0x000007feef852000 	D:\Program Files\Java\jdk1.8.0_202\jre\bin\nio.dll
0x000007fefad90000 - 0x000007fefada5000 	C:\Windows\system32\NLAapi.dll
0x000007fef46a0000 - 0x000007fef46b5000 	C:\Windows\system32\napinsp.dll
0x000007fef4680000 - 0x000007fef4699000 	C:\Windows\system32\pnrpnsp.dll
0x000007fefc0b0000 - 0x000007fefc10b000 	C:\Windows\system32\DNSAPI.dll
0x000007fef4670000 - 0x000007fef467b000 	C:\Windows\System32\winrnr.dll
0x00000000710e0000 - 0x0000000071115000 	C:\Program Files\Bonjour\mdnsNSP.dll
0x000007fef9e20000 - 0x000007fef9e47000 	C:\Windows\system32\Iphlpapi.DLL
0x000007fef9e10000 - 0x000007fef9e1b000 	C:\Windows\system32\WINNSI.DLL
0x000007fefbb10000 - 0x000007fefbb17000 	C:\Windows\System32\wshtcpip.dll
0x000007fef8640000 - 0x000007fef8648000 	C:\Windows\system32\rasadhlp.dll
0x000007fef9b90000 - 0x000007fef9be3000 	C:\Windows\System32\fwpuclnt.dll
0x000007fefc290000 - 0x000007fefc2a8000 	C:\Windows\system32\CRYPTSP.dll
0x000007fefbf90000 - 0x000007fefbfd7000 	C:\Windows\system32\rsaenh.dll
0x000007fefc980000 - 0x000007fefc98f000 	C:\Windows\system32\CRYPTBASE.dll
0x000007fef9c70000 - 0x000007fef9c81000 	C:\Windows\system32\dhcpcsvc6.DLL
0x000007fef9c50000 - 0x000007fef9c68000 	C:\Windows\system32\dhcpcsvc.DLL

VM Arguments:
jvm_args: -javaagent:D:\tools\IntelliJIDEA2017.3.2\lib\idea_rt.jar=52827:D:\tools\IntelliJIDEA2017.3.2\bin -Dfile.encoding=UTF-8 
java_command: com.cyb.flink.KafkaMessageStreaming
java_class_path (initial): D:\Program Files\Java\jdk1.8.0_202\jre\lib\charsets.jar;D:\Program Files\Java\jdk1.8.0_202\jre\lib\deploy.jar;D:\Program Files\Java\jdk1.8.0_202\jre\lib\ext\access-bridge-64.jar;D:\Program Files\Java\jdk1.8.0_202\jre\lib\ext\cldrdata.jar;D:\Program Files\Java\jdk1.8.0_202\jre\lib\ext\dnsns.jar;D:\Program Files\Java\jdk1.8.0_202\jre\lib\ext\jaccess.jar;D:\Program Files\Java\jdk1.8.0_202\jre\lib\ext\jfxrt.jar;D:\Program Files\Java\jdk1.8.0_202\jre\lib\ext\localedata.jar;D:\Program Files\Java\jdk1.8.0_202\jre\lib\ext\nashorn.jar;D:\Program Files\Java\jdk1.8.0_202\jre\lib\ext\sunec.jar;D:\Program Files\Java\jdk1.8.0_202\jre\lib\ext\sunjce_provider.jar;D:\Program Files\Java\jdk1.8.0_202\jre\lib\ext\sunmscapi.jar;D:\Program Files\Java\jdk1.8.0_202\jre\lib\ext\sunpkcs11.jar;D:\Program Files\Java\jdk1.8.0_202\jre\lib\ext\zipfs.jar;D:\Program Files\Java\jdk1.8.0_202\jre\lib\javaws.jar;D:\Program Files\Java\jdk1.8.0_202\jre\lib\jce.jar;D:\Program Files\Java\jdk1.8.0_202\jre\lib\jfr.jar;D:\Program Files\Java\jdk1.8.0_202\jre\lib\jfxswt.jar;D:\Program Files\Java\jdk1.8.0_202\jre\lib\jsse.jar;D:\Program Files\Java\jdk1.8.0_202\jre\lib\management-agent.jar;D:\Program Files\Java\jdk1.8.0_202\jre\lib\plugin.jar;D:\Program Files\Java\jdk1.8.0_202\jre\lib\resources.jar;D:\Program Files\Java\jdk1.8.0_202\jre\lib\rt.jar;D:\chenyb\myproject\zhuhx\cloud\zzuchenyb-mvc-utils\fink\target\classes;C:\Users\Administrator\.m2\repository\org\apache\flink\flink-java\1.7.1\flink-java-1.7.1.jar;C:\Users\Administrator\.m2\repository\org\apache\flink\flink-core\1.7.1\flink-core-1.7.1.jar;C:\Users\Administrator\.m2\repository\org\apache\flink\flink-annotations\1.7.1\flink-annotations-1.7.1.jar;C:\Users\Administrator\.m2\repository\org\apache\flink\flink-metrics-core\1.7.1\flink-metrics-core-1.7.1.jar;C:\Users\Administrator\.m2\repository\com\esotericsoftware\kryo\kryo\2.24.0\kryo-2.24.0.jar;C:\Users\Administrator\.m2\repository\com\esotericsoftware\minlog\minlog\1.2\minlog
Launcher Type: SUN_STANDARD

Environment Variables:
JAVA_HOME=D:\Program Files\Java\jdk1.8.0_202
PATH=C:\Program Files (x86)\Common Files\Oracle\Java\javapath;C:\Windows\system32;C:\Windows;C:\Windows\System32\Wbem;C:\Windows\System32\WindowsPowerShell\v1.0\;D:\Program Files\TortoiseGit\bin;C:\Program Files\Git\cmd;D:\Program Files\Java\jdk1.8.0_202\bin;D:\apache-maven-3.1.1\bin;D:\bigdata\netcat-win32-1.12
USERNAME=Administrator
OS=Windows_NT
PROCESSOR_IDENTIFIER=Intel64 Family 6 Model 60 Stepping 3, GenuineIntel



---------------  S Y S T E M  ---------------

OS: Windows 7 , 64 bit Build 7601 (6.1.7601.24441)

CPU:total 4 (initial active 4) (4 cores per cpu, 1 threads per core) family 6 model 60 stepping 3, cmov, cx8, fxsr, mmx, sse, sse2, sse3, ssse3, sse4.1, sse4.2, popcnt, avx, avx2, aes, clmul, erms, rtm, lzcnt, tsc, tscinvbit, bmi1, bmi2

Memory: 4k page, physical 12505636k(4386016k free), swap 12503736k(5144k free)

vm_info: Java HotSpot(TM) 64-Bit Server VM (25.202-b08) for windows-amd64 JRE (1.8.0_202-b08), built on Dec 15 2018 19:54:30 by "java_re" with MS VC++ 10.0 (VS2010)

time: Mon Jun 17 15:37:00 2019
timezone: 中国标准时间
elapsed time: 2 seconds (0d 0h 0m 2s)

