#
# There is insufficient memory for the Java Runtime Environment to continue.
# Native memory allocation (malloc) failed to allocate 65552 bytes for Chunk::new
# Possible reasons:
#   The system is out of physical RAM or swap space
#   The process is running with CompressedOops enabled, and the Java Heap may be blocking the growth of the native heap
# Possible solutions:
#   Reduce memory load on the system
#   Increase physical memory or swap space
#   Check if swap backing store is full
#   Decrease Java heap size (-Xmx/-Xms)
#   Decrease number of Java threads
#   Decrease Java thread stack sizes (-Xss)
#   Set larger code cache with -XX:ReservedCodeCacheSize=
#   JVM is running with Zero Based Compressed Oops mode in which the Java heap is
#     placed in the first 32GB address space. The Java Heap base address is the
#     maximum limit for the native heap growth. Please use -XX:HeapBaseMinAddress
#     to set the Java Heap base and to place the Java Heap above 32GB virtual address.
# This output file may be truncated or incomplete.
#
#  Out of Memory Error (allocation.cpp:389), pid=1864, tid=0x000000000000494c
#
# JRE version: Java(TM) SE Runtime Environment (8.0_202-b08) (build 1.8.0_202-b08)
# Java VM: Java HotSpot(TM) 64-Bit Server VM (25.202-b08 mixed mode windows-amd64 compressed oops)
# Failed to write core dump. Minidumps are not enabled by default on client versions of Windows
#

---------------  T H R E A D  ---------------

Current thread (0x0000000006797000):  JavaThread "C2 CompilerThread1" daemon [_thread_in_native, id=18764, stack(0x0000000007050000,0x0000000007150000)]

Stack: [0x0000000007050000,0x0000000007150000]
[error occurred during error reporting (printing stack bounds), id 0xc0000005]

Native frames: (J=compiled Java code, j=interpreted, Vv=VM code, C=native code)


Current CompileTask:
C2:  12002 1662       4       java.net.URLStreamHandler::parseURL (1193 bytes)


---------------  P R O C E S S  ---------------

Java Threads: ( => current thread )
  0x000000001d3c1800 JavaThread "DestroyJavaVM" [_thread_blocked, id=18700, stack(0x0000000002560000,0x0000000002660000)]
  0x000000001d3c0800 JavaThread "Timer-2" daemon [_thread_blocked, id=18468, stack(0x00000000209c0000,0x0000000020ac0000)]
  0x000000001d3c0000 JavaThread "Timer-1" daemon [_thread_blocked, id=5352, stack(0x00000000208b0000,0x00000000209b0000)]
  0x000000001d3bf000 JavaThread "flink-akka.actor.default-dispatcher-5" [_thread_blocked, id=10980, stack(0x0000000020750000,0x0000000020850000)]
  0x000000001d3be800 JavaThread "BLOB Server listener at 61740" daemon [_thread_in_native, id=7996, stack(0x0000000020620000,0x0000000020720000)]
  0x000000001d3bd800 JavaThread "Timer-0" daemon [_thread_blocked, id=6436, stack(0x00000000203f0000,0x00000000204f0000)]
  0x000000001d3bd000 JavaThread "flink-metrics-akka.remote.default-remote-dispatcher-11" [_thread_in_native, id=10212, stack(0x00000000201c0000,0x00000000202c0000)]
  0x000000001d3bc000 JavaThread "New I/O server boss #6" [_thread_in_native, id=7700, stack(0x0000000020030000,0x0000000020130000)]
  0x000000001d3bb800 JavaThread "New I/O worker #5" [_thread_in_native, id=15460, stack(0x000000001ff20000,0x0000000020020000)]
  0x000000001d3ba800 JavaThread "New I/O worker #4" [_thread_in_native, id=18960, stack(0x000000001fe20000,0x000000001ff20000)]
  0x000000001d3ba000 JavaThread "New I/O boss #3" [_thread_in_native, id=16172, stack(0x000000001f580000,0x000000001f680000)]
  0x0000000006198800 JavaThread "New I/O worker #2" [_thread_in_native, id=19024, stack(0x000000001fc40000,0x000000001fd40000)]
  0x0000000006196800 JavaThread "New I/O worker #1" [_thread_in_native, id=5736, stack(0x000000001f7b0000,0x000000001f8b0000)]
  0x000000001db5c800 JavaThread "flink-metrics-akka.remote.default-remote-dispatcher-3" [_thread_blocked, id=18540, stack(0x000000001ea90000,0x000000001eb90000)]
  0x00000000060ab800 JavaThread "flink-metrics-2" [_thread_blocked, id=14256, stack(0x000000001f090000,0x000000001f190000)]
  0x000000001da6e800 JavaThread "flink-metrics-scheduler-1" [_thread_blocked, id=14244, stack(0x000000001ef80000,0x000000001f080000)]
  0x000000001d71c800 JavaThread "flink-akka.actor.default-dispatcher-4" [_thread_blocked, id=13432, stack(0x000000001ebc0000,0x000000001ecc0000)]
  0x000000001d71b000 JavaThread "flink-akka.actor.default-dispatcher-3" [_thread_blocked, id=10888, stack(0x000000001e980000,0x000000001ea80000)]
  0x000000001d8a1000 JavaThread "flink-akka.actor.default-dispatcher-2" [_thread_blocked, id=18792, stack(0x000000001cce0000,0x000000001cde0000)]
  0x000000001d679800 JavaThread "flink-scheduler-1" [_thread_blocked, id=17396, stack(0x000000001e7d0000,0x000000001e8d0000)]
  0x00000000068b0800 JavaThread "Service Thread" daemon [_thread_blocked, id=18608, stack(0x0000000007360000,0x0000000007460000)]
  0x0000000006799000 JavaThread "C1 CompilerThread2" daemon [_thread_blocked, id=19136, stack(0x0000000007220000,0x0000000007320000)]
=>0x0000000006797000 JavaThread "C2 CompilerThread1" daemon [_thread_in_native, id=18764, stack(0x0000000007050000,0x0000000007150000)]
  0x000000000679c800 JavaThread "C2 CompilerThread0" daemon [_thread_blocked, id=17056, stack(0x0000000005a30000,0x0000000005b30000)]
  0x0000000006801000 JavaThread "Monitor Ctrl-Break" daemon [_thread_in_native, id=18600, stack(0x0000000006dd0000,0x0000000006ed0000)]
  0x0000000004c4f000 JavaThread "Attach Listener" daemon [_thread_blocked, id=18736, stack(0x0000000005d90000,0x0000000005e90000)]
  0x0000000004c49000 JavaThread "Signal Dispatcher" daemon [_thread_blocked, id=1956, stack(0x0000000006440000,0x0000000006540000)]
  0x0000000004c34800 JavaThread "Finalizer" daemon [_thread_blocked, id=18952, stack(0x0000000005ee0000,0x0000000005fe0000)]
  0x0000000004c29000 JavaThread "Reference Handler" daemon [_thread_blocked, id=18920, stack(0x0000000005c90000,0x0000000005d90000)]

Other Threads:
  0x0000000004be3800 VMThread [stack: 0x0000000005b70000,0x0000000005c70000] [id=18368]
  0x00000000068e4000 WatcherThread [stack: 0x000000001cea0000,0x000000001cfa0000] [id=13696]

VM state:not at safepoint (normal execution)

VM Mutex/Monitor currently owned by a thread: None

OutOfMemory and StackOverflow Exception counts:
OutOfMemoryError java_heap_errors=1

heap address: 0x0000000701200000, size: 3054 MB, Compressed Oops mode: Zero based, Oop shift amount: 3
Narrow klass base: 0x0000000000000000, Narrow klass shift: 3
Compressed class space size: 1073741824 Address: 0x00000007c0000000

Heap:
 PSYoungGen      total 92160K, used 5931K [0x0000000780600000, 0x0000000787100000, 0x00000007c0000000)
  eden space 89088K, 6% used [0x0000000780600000,0x0000000780bcadb8,0x0000000785d00000)
  from space 3072K, 0% used [0x0000000786e00000,0x0000000786e00000,0x0000000787100000)
  to   space 8192K, 0% used [0x0000000786100000,0x0000000786100000,0x0000000786900000)
 ParOldGen       total 67072K, used 7400K [0x0000000701200000, 0x0000000705380000, 0x0000000780600000)
  object space 67072K, 11% used [0x0000000701200000,0x000000070193a1e8,0x0000000705380000)
 Metaspace       used 23592K, capacity 24068K, committed 24320K, reserved 1071104K
  class space    used 3381K, capacity 3506K, committed 3584K, reserved 1048576K

Card table byte_map: [0x0000000002b20000,0x0000000003120000] byte_map_base: 0xffffffffff317000

Marking Bits: (ParMarkBitMap*) 0x0000000007cd5ce0
 Begin Bits: [0x0000000016d60000, 0x0000000019d18000)
 End Bits:   [0x0000000019d18000, 0x000000001ccd0000)

Polling page: 0x0000000000260000

CodeCache: size=245760Kb used=5348Kb max_used=5348Kb free=240411Kb
 bounds [0x0000000007d60000, 0x00000000082a0000, 0x0000000016d60000]
 total_blobs=2081 nmethods=1661 adapters=332
 compilation: enabled

Compilation events (10 events):
Event: 11.197 Thread 0x0000000006799000 nmethod 1657 0x000000000829abd0 code [0x000000000829ad40, 0x000000000829b058]
Event: 11.224 Thread 0x0000000006799000 1658       3       java.nio.charset.CoderResult::isUnderflow (13 bytes)
Event: 11.224 Thread 0x0000000006799000 nmethod 1658 0x000000000829b150 code [0x000000000829b2a0, 0x000000000829b450]
Event: 11.224 Thread 0x0000000006799000 1659       3       java.io.OutputStream::flush (1 bytes)
Event: 11.224 Thread 0x0000000006799000 nmethod 1659 0x000000000829b4d0 code [0x000000000829b620, 0x000000000829b770]
Event: 11.770 Thread 0x0000000006799000 1660       3       akka.actor.LightArrayRevolverScheduler$$anon$4::executeBucket$1 (102 bytes)
Event: 11.770 Thread 0x0000000006799000 nmethod 1660 0x000000000829b7d0 code [0x000000000829b9e0, 0x000000000829c6f8]
Event: 11.992 Thread 0x0000000006799000 1661       1       java.lang.ThreadLocal::getMap (5 bytes)
Event: 11.992 Thread 0x0000000006799000 nmethod 1661 0x000000000829cc10 code [0x000000000829cd60, 0x000000000829ce70]
Event: 11.993 Thread 0x0000000006797000 1662       4       java.net.URLStreamHandler::parseURL (1193 bytes)

GC Heap History (10 events):
Event: 10.513 GC heap before
{Heap before GC invocations=2 (full 0):
 PSYoungGen      total 57344K, used 57334K [0x0000000780600000, 0x0000000784600000, 0x00000007c0000000)
  eden space 49152K, 100% used [0x0000000780600000,0x0000000783600000,0x0000000783600000)
  from space 8192K, 99% used [0x0000000783600000,0x0000000783dfdb58,0x0000000783e00000)
  to   space 8192K, 0% used [0x0000000783e00000,0x0000000783e00000,0x0000000784600000)
 ParOldGen       total 131072K, used 8K [0x0000000701200000, 0x0000000709200000, 0x0000000780600000)
  object space 131072K, 0% used [0x0000000701200000,0x0000000701202000,0x0000000709200000)
 Metaspace       used 19237K, capacity 19704K, committed 19968K, reserved 1067008K
  class space    used 2685K, capacity 2808K, committed 2816K, reserved 1048576K
Event: 10.524 GC heap after
Heap after GC invocations=2 (full 0):
 PSYoungGen      total 57344K, used 8182K [0x0000000780600000, 0x0000000784600000, 0x00000007c0000000)
  eden space 49152K, 0% used [0x0000000780600000,0x0000000780600000,0x0000000783600000)
  from space 8192K, 99% used [0x0000000783e00000,0x00000007845fdae8,0x0000000784600000)
  to   space 8192K, 0% used [0x0000000783600000,0x0000000783600000,0x0000000783e00000)
 ParOldGen       total 131072K, used 1770K [0x0000000701200000, 0x0000000709200000, 0x0000000780600000)
  object space 131072K, 1% used [0x0000000701200000,0x00000007013ba8a0,0x0000000709200000)
 Metaspace       used 19237K, capacity 19704K, committed 19968K, reserved 1067008K
  class space    used 2685K, capacity 2808K, committed 2816K, reserved 1048576K
}
Event: 10.687 GC heap before
{Heap before GC invocations=3 (full 0):
 PSYoungGen      total 57344K, used 22477K [0x0000000780600000, 0x0000000784600000, 0x00000007c0000000)
  eden space 49152K, 29% used [0x0000000780600000,0x00000007813f5b18,0x0000000783600000)
  from space 8192K, 99% used [0x0000000783e00000,0x00000007845fdae8,0x0000000784600000)
  to   space 8192K, 0% used [0x0000000783600000,0x0000000783600000,0x0000000783e00000)
 ParOldGen       total 131072K, used 1770K [0x0000000701200000, 0x0000000709200000, 0x0000000780600000)
  object space 131072K, 1% used [0x0000000701200000,0x00000007013ba8a0,0x0000000709200000)
 Metaspace       used 20800K, capacity 21144K, committed 21248K, reserved 1067008K
  class space    used 2937K, capacity 3032K, committed 3072K, reserved 1048576K
Event: 10.691 GC heap after
Heap after GC invocations=3 (full 0):
 PSYoungGen      total 57344K, used 6239K [0x0000000780600000, 0x0000000787600000, 0x00000007c0000000)
  eden space 49152K, 0% used [0x0000000780600000,0x0000000780600000,0x0000000783600000)
  from space 8192K, 76% used [0x0000000783600000,0x0000000783c17f48,0x0000000783e00000)
  to   space 8192K, 0% used [0x0000000786e00000,0x0000000786e00000,0x0000000787600000)
 ParOldGen       total 131072K, used 1778K [0x0000000701200000, 0x0000000709200000, 0x0000000780600000)
  object space 131072K, 1% used [0x0000000701200000,0x00000007013bc8a0,0x0000000709200000)
 Metaspace       used 20800K, capacity 21144K, committed 21248K, reserved 1067008K
  class space    used 2937K, capacity 3032K, committed 3072K, reserved 1048576K
}
Event: 10.691 GC heap before
{Heap before GC invocations=4 (full 1):
 PSYoungGen      total 57344K, used 6239K [0x0000000780600000, 0x0000000787600000, 0x00000007c0000000)
  eden space 49152K, 0% used [0x0000000780600000,0x0000000780600000,0x0000000783600000)
  from space 8192K, 76% used [0x0000000783600000,0x0000000783c17f48,0x0000000783e00000)
  to   space 8192K, 0% used [0x0000000786e00000,0x0000000786e00000,0x0000000787600000)
 ParOldGen       total 131072K, used 1778K [0x0000000701200000, 0x0000000709200000, 0x0000000780600000)
  object space 131072K, 1% used [0x0000000701200000,0x00000007013bc8a0,0x0000000709200000)
 Metaspace       used 20800K, capacity 21144K, committed 21248K, reserved 1067008K
  class space    used 2937K, capacity 3032K, committed 3072K, reserved 1048576K
Event: 10.723 GC heap after
Heap after GC invocations=4 (full 1):
 PSYoungGen      total 57344K, used 0K [0x0000000780600000, 0x0000000787600000, 0x00000007c0000000)
  eden space 49152K, 0% used [0x0000000780600000,0x0000000780600000,0x0000000783600000)
  from space 8192K, 0% used [0x0000000783600000,0x0000000783600000,0x0000000783e00000)
  to   space 8192K, 0% used [0x0000000786e00000,0x0000000786e00000,0x0000000787600000)
 ParOldGen       total 67072K, used 6075K [0x0000000701200000, 0x0000000705380000, 0x0000000780600000)
  object space 67072K, 9% used [0x0000000701200000,0x00000007017eedc0,0x0000000705380000)
 Metaspace       used 20800K, capacity 21144K, committed 21248K, reserved 1067008K
  class space    used 2937K, capacity 3032K, committed 3072K, reserved 1048576K
}
Event: 11.128 GC heap before
{Heap before GC invocations=5 (full 1):
 PSYoungGen      total 57344K, used 21463K [0x0000000780600000, 0x0000000787600000, 0x00000007c0000000)
  eden space 49152K, 43% used [0x0000000780600000,0x0000000781af5c18,0x0000000783600000)
  from space 8192K, 0% used [0x0000000783600000,0x0000000783600000,0x0000000783e00000)
  to   space 8192K, 0% used [0x0000000786e00000,0x0000000786e00000,0x0000000787600000)
 ParOldGen       total 67072K, used 6075K [0x0000000701200000, 0x0000000705380000, 0x0000000780600000)
  object space 67072K, 9% used [0x0000000701200000,0x00000007017eedc0,0x0000000705380000)
 Metaspace       used 23411K, capacity 23908K, committed 24064K, reserved 1069056K
  class space    used 3360K, capacity 3474K, committed 3584K, reserved 1048576K
Event: 11.130 GC heap after
Heap after GC invocations=5 (full 1):
 PSYoungGen      total 92160K, used 2724K [0x0000000780600000, 0x0000000787100000, 0x00000007c0000000)
  eden space 89088K, 0% used [0x0000000780600000,0x0000000780600000,0x0000000785d00000)
  from space 3072K, 88% used [0x0000000786e00000,0x00000007870a9220,0x0000000787100000)
  to   space 8192K, 0% used [0x0000000786100000,0x0000000786100000,0x0000000786900000)
 ParOldGen       total 67072K, used 6075K [0x0000000701200000, 0x0000000705380000, 0x0000000780600000)
  object space 67072K, 9% used [0x0000000701200000,0x00000007017eedc0,0x0000000705380000)
 Metaspace       used 23411K, capacity 23908K, committed 24064K, reserved 1069056K
  class space    used 3360K, capacity 3474K, committed 3584K, reserved 1048576K
}
Event: 11.130 GC heap before
{Heap before GC invocations=6 (full 2):
 PSYoungGen      total 92160K, used 2724K [0x0000000780600000, 0x0000000787100000, 0x00000007c0000000)
  eden space 89088K, 0% used [0x0000000780600000,0x0000000780600000,0x0000000785d00000)
  from space 3072K, 88% used [0x0000000786e00000,0x00000007870a9220,0x0000000787100000)
  to   space 8192K, 0% used [0x0000000786100000,0x0000000786100000,0x0000000786900000)
 ParOldGen       total 67072K, used 6075K [0x0000000701200000, 0x0000000705380000, 0x0000000780600000)
  object space 67072K, 9% used [0x0000000701200000,0x00000007017eedc0,0x0000000705380000)
 Metaspace       used 23411K, capacity 23908K, committed 24064K, reserved 1069056K
  class space    used 3360K, capacity 3474K, committed 3584K, reserved 1048576K
Event: 11.174 GC heap after
Heap after GC invocations=6 (full 2):
 PSYoungGen      total 92160K, used 0K [0x0000000780600000, 0x0000000787100000, 0x00000007c0000000)
  eden space 89088K, 0% used [0x0000000780600000,0x0000000780600000,0x0000000785d00000)
  from space 3072K, 0% used [0x0000000786e00000,0x0000000786e00000,0x0000000787100000)
  to   space 8192K, 0% used [0x0000000786100000,0x0000000786100000,0x0000000786900000)
 ParOldGen       total 67072K, used 7400K [0x0000000701200000, 0x0000000705380000, 0x0000000780600000)
  object space 67072K, 11% used [0x0000000701200000,0x000000070193a1e8,0x0000000705380000)
 Metaspace       used 23411K, capacity 23908K, committed 24064K, reserved 1069056K
  class space    used 3360K, capacity 3474K, committed 3584K, reserved 1048576K
}

Deoptimization events (10 events):
Event: 10.397 Thread 0x000000001d679800 Uncommon trap: reason=unstable_if action=reinterpret pc=0x00000000081b177c method=akka.dispatch.AbstractNodeQueue.pollNode()Lakka/dispatch/AbstractNodeQueue$Node; @ 20
Event: 10.602 Thread 0x00000000023bf000 Uncommon trap: reason=class_check action=maybe_recompile pc=0x0000000007e7033c method=java.lang.String.equals(Ljava/lang/Object;)Z @ 8
Event: 10.602 Thread 0x00000000023bf000 Uncommon trap: reason=class_check action=maybe_recompile pc=0x0000000007e7033c method=java.lang.String.equals(Ljava/lang/Object;)Z @ 8
Event: 10.602 Thread 0x00000000023bf000 Uncommon trap: reason=class_check action=maybe_recompile pc=0x0000000007e7033c method=java.lang.String.equals(Ljava/lang/Object;)Z @ 8
Event: 10.602 Thread 0x00000000023bf000 Uncommon trap: reason=class_check action=maybe_recompile pc=0x0000000007e7033c method=java.lang.String.equals(Ljava/lang/Object;)Z @ 8
Event: 10.841 Thread 0x000000001db5c800 Uncommon trap: reason=unstable_if action=reinterpret pc=0x0000000007efa3f4 method=java.io.WinNTFileSystem.normalize(Ljava/lang/String;)Ljava/lang/String; @ 128
Event: 11.086 Thread 0x00000000023bf000 Uncommon trap: reason=unstable_if action=reinterpret pc=0x000000000818c598 method=java.util.HashMap.getNode(ILjava/lang/Object;)Ljava/util/HashMap$Node; @ 129
Event: 11.086 Thread 0x00000000023bf000 Uncommon trap: reason=bimorphic action=maybe_recompile pc=0x000000000812aa18 method=java.util.HashMap.putVal(ILjava/lang/Object;Ljava/lang/Object;ZZ)Ljava/lang/Object; @ 203
Event: 11.086 Thread 0x00000000023bf000 Uncommon trap: reason=unstable_if action=reinterpret pc=0x000000000818b470 method=java.util.HashMap.getNode(ILjava/lang/Object;)Ljava/util/HashMap$Node; @ 129
Event: 11.640 Thread 0x000000001da6e800 Uncommon trap: reason=unstable_if action=reinterpret pc=0x00000000081b1ef8 method=akka.dispatch.AbstractNodeQueue.pollNode()Lakka/dispatch/AbstractNodeQueue$Node; @ 20

Classes redefined (0 events):
No events

Internal exceptions (10 events):
Event: 10.353 Thread 0x00000000023bf000 Exception <a 'java/lang/ArrayIndexOutOfBoundsException'> (0x0000000782ad64d0) thrown at [C:\re\workspace\8-2-build-windows-amd64-cygwin\jdk8u202\12323\hotspot\src\share\vm\runtime\sharedRuntime.cpp, line 605]
Event: 10.375 Thread 0x00000000023bf000 Exception <a 'java/lang/ArrayIndexOutOfBoundsException'> (0x0000000782d266d8) thrown at [C:\re\workspace\8-2-build-windows-amd64-cygwin\jdk8u202\12323\hotspot\src\share\vm\runtime\sharedRuntime.cpp, line 605]
Event: 10.383 Thread 0x00000000023bf000 Exception <a 'java/lang/ArrayIndexOutOfBoundsException'> (0x0000000782ea82c8) thrown at [C:\re\workspace\8-2-build-windows-amd64-cygwin\jdk8u202\12323\hotspot\src\share\vm\runtime\sharedRuntime.cpp, line 605]
Event: 10.384 Thread 0x00000000023bf000 Exception <a 'java/lang/ArrayIndexOutOfBoundsException'> (0x0000000782eb3968) thrown at [C:\re\workspace\8-2-build-windows-amd64-cygwin\jdk8u202\12323\hotspot\src\share\vm\runtime\sharedRuntime.cpp, line 605]
Event: 10.385 Thread 0x00000000023bf000 Exception <a 'java/lang/ArrayIndexOutOfBoundsException'> (0x0000000782ebb3a0) thrown at [C:\re\workspace\8-2-build-windows-amd64-cygwin\jdk8u202\12323\hotspot\src\share\vm\runtime\sharedRuntime.cpp, line 605]
Event: 10.552 Thread 0x00000000023bf000 Exception <a 'java/lang/ArrayIndexOutOfBoundsException'> (0x000000078098b8e0) thrown at [C:\re\workspace\8-2-build-windows-amd64-cygwin\jdk8u202\12323\hotspot\src\share\vm\runtime\sharedRuntime.cpp, line 605]
Event: 10.552 Thread 0x00000000023bf000 Exception <a 'java/lang/ArrayIndexOutOfBoundsException'> (0x000000078099af20) thrown at [C:\re\workspace\8-2-build-windows-amd64-cygwin\jdk8u202\12323\hotspot\src\share\vm\runtime\sharedRuntime.cpp, line 605]
Event: 10.552 Thread 0x00000000023bf000 Exception <a 'java/lang/ArrayIndexOutOfBoundsException'> (0x000000078099cf98) thrown at [C:\re\workspace\8-2-build-windows-amd64-cygwin\jdk8u202\12323\hotspot\src\share\vm\runtime\sharedRuntime.cpp, line 605]
Event: 10.553 Thread 0x00000000023bf000 Exception <a 'java/lang/ArrayIndexOutOfBoundsException'> (0x00000007809a20e8) thrown at [C:\re\workspace\8-2-build-windows-amd64-cygwin\jdk8u202\12323\hotspot\src\share\vm\runtime\sharedRuntime.cpp, line 605]
Event: 11.223 Thread 0x00000000023bf000 Exception <a 'java/lang/OutOfMemoryError'> (0x00000007807b39c8) thrown at [C:\re\workspace\8-2-build-windows-amd64-cygwin\jdk8u202\12323\hotspot\src\share\vm\prims\unsafe.cpp, line 618]

Events (10 events):
Event: 11.656 loading class akka/remote/ReliableDeliverySupervisor$Idle$
Event: 11.656 loading class akka/remote/ReliableDeliverySupervisor$Idle$ done
Event: 11.657 loading class akka/remote/EndpointManager$EndpointRegistry$$anonfun$prune$1
Event: 11.657 loading class akka/remote/EndpointManager$EndpointRegistry$$anonfun$prune$1 done
Event: 11.992 loading class akka/remote/RemoteWatcher$ArteryHeartbeat$
Event: 11.992 loading class akka/remote/RemoteWatcher$ArteryHeartbeat$ done
Event: 11.993 loading class akka/remote/RemoteWatcher$ArteryHeartbeatRsp
Event: 11.993 loading class akka/remote/RemoteWatcher$ArteryHeartbeatRsp done
Event: 11.993 loading class scala/collection/mutable/HashMap$$anon$1
Event: 11.993 loading class scala/collection/mutable/HashMap$$anon$1 done


Dynamic libraries:
0x000000013f9b0000 - 0x000000013f9e7000 	D:\Program Files\Java\jdk1.8.0_202\bin\java.exe
0x0000000077230000 - 0x00000000773cf000 	C:\Windows\SYSTEM32\ntdll.dll
0x0000000077110000 - 0x000000007722f000 	C:\Windows\system32\kernel32.dll
0x000007fefcec0000 - 0x000007fefcf2a000 	C:\Windows\system32\KERNELBASE.dll
0x000007fefee40000 - 0x000007fefef1b000 	C:\Windows\system32\ADVAPI32.dll
0x000007fefd860000 - 0x000007fefd8ff000 	C:\Windows\system32\msvcrt.dll
0x000007fefe8b0000 - 0x000007fefe8cf000 	C:\Windows\SYSTEM32\sechost.dll
0x000007fefeb60000 - 0x000007fefec8c000 	C:\Windows\system32\RPCRT4.dll
0x0000000077010000 - 0x000000007710a000 	C:\Windows\system32\USER32.dll
0x000007fefd690000 - 0x000007fefd6f7000 	C:\Windows\system32\GDI32.dll
0x000007fefe8d0000 - 0x000007fefe8de000 	C:\Windows\system32\LPK.dll
0x000007fefd3e0000 - 0x000007fefd4ab000 	C:\Windows\system32\USP10.dll
0x000007fefb560000 - 0x000007fefb755000 	C:\Windows\WinSxS\amd64_microsoft.windows.common-controls_6595b64144ccf1df_6.0.7601.24440_none_e36f1bbf30ff0606\COMCTL32.dll
0x000007fefe8e0000 - 0x000007fefe951000 	C:\Windows\system32\SHLWAPI.dll
0x000007fefd3b0000 - 0x000007fefd3de000 	C:\Windows\system32\IMM32.DLL
0x000007fefd700000 - 0x000007fefd809000 	C:\Windows\system32\MSCTF.dll
0x0000000058540000 - 0x0000000058612000 	D:\Program Files\Java\jdk1.8.0_202\jre\bin\msvcr100.dll
0x00000000074b0000 - 0x0000000007d55000 	D:\Program Files\Java\jdk1.8.0_202\jre\bin\server\jvm.dll
0x000007fef1700000 - 0x000007fef1709000 	C:\Windows\system32\WSOCK32.dll
0x000007fefd810000 - 0x000007fefd85d000 	C:\Windows\system32\WS2_32.dll
0x000007fefd2a0000 - 0x000007fefd2a8000 	C:\Windows\system32\NSI.dll
0x000007fefcd30000 - 0x000007fefcd6b000 	C:\Windows\system32\WINMM.dll
0x000007fefbda0000 - 0x000007fefbdac000 	C:\Windows\system32\VERSION.dll
0x00000000773e0000 - 0x00000000773e7000 	C:\Windows\system32\PSAPI.DLL
0x000007fef0350000 - 0x000007fef035f000 	D:\Program Files\Java\jdk1.8.0_202\jre\bin\verify.dll
0x000007feef7e0000 - 0x000007feef809000 	D:\Program Files\Java\jdk1.8.0_202\jre\bin\java.dll
0x000007feef710000 - 0x000007feef733000 	D:\Program Files\Java\jdk1.8.0_202\jre\bin\instrument.dll
0x000007feef7c0000 - 0x000007feef7d6000 	D:\Program Files\Java\jdk1.8.0_202\jre\bin\zip.dll
0x000007fefd900000 - 0x000007fefe68b000 	C:\Windows\system32\SHELL32.dll
0x000007fefe960000 - 0x000007fefeb5f000 	C:\Windows\system32\ole32.dll
0x000007fefcaf0000 - 0x000007fefcaff000 	C:\Windows\system32\profapi.dll
0x000007feeedb0000 - 0x000007feeedca000 	D:\tools\IntelliJIDEA2017.3.2\bin\breakgen64.dll
0x000007feef780000 - 0x000007feef79a000 	D:\Program Files\Java\jdk1.8.0_202\jre\bin\net.dll
0x000007fefecb0000 - 0x000007fefee38000 	C:\Windows\system32\urlmon.dll
0x000007fefcb70000 - 0x000007fefcb74000 	C:\Windows\system32\api-ms-win-downlevel-ole32-l1-1-0.dll
0x000007fefcd70000 - 0x000007fefcd74000 	C:\Windows\system32\api-ms-win-downlevel-shlwapi-l1-1-0.dll
0x000007fefce20000 - 0x000007fefce25000 	C:\Windows\system32\api-ms-win-downlevel-advapi32-l1-1-0.dll
0x000007fefcb60000 - 0x000007fefcb64000 	C:\Windows\system32\api-ms-win-downlevel-user32-l1-1-0.dll
0x000007fefcb30000 - 0x000007fefcb34000 	C:\Windows\system32\api-ms-win-downlevel-version-l1-1-0.dll
0x000007fefcf30000 - 0x000007fefcf33000 	C:\Windows\system32\api-ms-win-downlevel-normaliz-l1-1-0.dll
0x00000000773d0000 - 0x00000000773d3000 	C:\Windows\system32\normaliz.DLL
0x000007fefcfd0000 - 0x000007fefd29a000 	C:\Windows\system32\iertutil.dll
0x000007fefef20000 - 0x000007feff438000 	C:\Windows\system32\WININET.dll
0x000007fefce60000 - 0x000007fefce7e000 	C:\Windows\system32\USERENV.dll
0x000007fefc230000 - 0x000007fefc285000 	C:\Windows\system32\mswsock.dll
0x000007fefc220000 - 0x000007fefc227000 	C:\Windows\System32\wship6.dll
0x000007feefcb0000 - 0x000007feefcbd000 	D:\Program Files\Java\jdk1.8.0_202\jre\bin\management.dll
0x000007feef340000 - 0x000007feef352000 	D:\Program Files\Java\jdk1.8.0_202\jre\bin\nio.dll
0x000007fefad90000 - 0x000007fefada5000 	C:\Windows\system32\NLAapi.dll
0x000007fef46a0000 - 0x000007fef46b5000 	C:\Windows\system32\napinsp.dll
0x000007fef4680000 - 0x000007fef4699000 	C:\Windows\system32\pnrpnsp.dll
0x000007fefc0b0000 - 0x000007fefc10b000 	C:\Windows\system32\DNSAPI.dll
0x000007fef4670000 - 0x000007fef467b000 	C:\Windows\System32\winrnr.dll
0x00000000710e0000 - 0x0000000071115000 	C:\Program Files\Bonjour\mdnsNSP.dll
0x000007fef9e20000 - 0x000007fef9e47000 	C:\Windows\system32\Iphlpapi.DLL
0x000007fef9e10000 - 0x000007fef9e1b000 	C:\Windows\system32\WINNSI.DLL
0x000007fefbb10000 - 0x000007fefbb17000 	C:\Windows\System32\wshtcpip.dll
0x000007fef8640000 - 0x000007fef8648000 	C:\Windows\system32\rasadhlp.dll
0x000007fef9b90000 - 0x000007fef9be3000 	C:\Windows\System32\fwpuclnt.dll
0x000007fefc290000 - 0x000007fefc2a8000 	C:\Windows\system32\CRYPTSP.dll
0x000007fefbf90000 - 0x000007fefbfd7000 	C:\Windows\system32\rsaenh.dll
0x000007fefc980000 - 0x000007fefc98f000 	C:\Windows\system32\CRYPTBASE.dll
0x000007fef9c70000 - 0x000007fef9c81000 	C:\Windows\system32\dhcpcsvc6.DLL
0x000007fef9c50000 - 0x000007fef9c68000 	C:\Windows\system32\dhcpcsvc.DLL

VM Arguments:
jvm_args: -javaagent:D:\tools\IntelliJIDEA2017.3.2\lib\idea_rt.jar=61706:D:\tools\IntelliJIDEA2017.3.2\bin -Dfile.encoding=UTF-8 
java_command: com.cyb.flink.SocketWindowWordCount
java_class_path (initial): D:\Program Files\Java\jdk1.8.0_202\jre\lib\charsets.jar;D:\Program Files\Java\jdk1.8.0_202\jre\lib\deploy.jar;D:\Program Files\Java\jdk1.8.0_202\jre\lib\ext\access-bridge-64.jar;D:\Program Files\Java\jdk1.8.0_202\jre\lib\ext\cldrdata.jar;D:\Program Files\Java\jdk1.8.0_202\jre\lib\ext\dnsns.jar;D:\Program Files\Java\jdk1.8.0_202\jre\lib\ext\jaccess.jar;D:\Program Files\Java\jdk1.8.0_202\jre\lib\ext\jfxrt.jar;D:\Program Files\Java\jdk1.8.0_202\jre\lib\ext\localedata.jar;D:\Program Files\Java\jdk1.8.0_202\jre\lib\ext\nashorn.jar;D:\Program Files\Java\jdk1.8.0_202\jre\lib\ext\sunec.jar;D:\Program Files\Java\jdk1.8.0_202\jre\lib\ext\sunjce_provider.jar;D:\Program Files\Java\jdk1.8.0_202\jre\lib\ext\sunmscapi.jar;D:\Program Files\Java\jdk1.8.0_202\jre\lib\ext\sunpkcs11.jar;D:\Program Files\Java\jdk1.8.0_202\jre\lib\ext\zipfs.jar;D:\Program Files\Java\jdk1.8.0_202\jre\lib\javaws.jar;D:\Program Files\Java\jdk1.8.0_202\jre\lib\jce.jar;D:\Program Files\Java\jdk1.8.0_202\jre\lib\jfr.jar;D:\Program Files\Java\jdk1.8.0_202\jre\lib\jfxswt.jar;D:\Program Files\Java\jdk1.8.0_202\jre\lib\jsse.jar;D:\Program Files\Java\jdk1.8.0_202\jre\lib\management-agent.jar;D:\Program Files\Java\jdk1.8.0_202\jre\lib\plugin.jar;D:\Program Files\Java\jdk1.8.0_202\jre\lib\resources.jar;D:\Program Files\Java\jdk1.8.0_202\jre\lib\rt.jar;D:\chenyb\myproject\zhuhx\cloud\zzuchenyb-mvc-utils\fink\target\classes;C:\Users\Administrator\.m2\repository\org\apache\flink\flink-java\1.7.1\flink-java-1.7.1.jar;C:\Users\Administrator\.m2\repository\org\apache\flink\flink-core\1.7.1\flink-core-1.7.1.jar;C:\Users\Administrator\.m2\repository\org\apache\flink\flink-annotations\1.7.1\flink-annotations-1.7.1.jar;C:\Users\Administrator\.m2\repository\org\apache\flink\flink-metrics-core\1.7.1\flink-metrics-core-1.7.1.jar;C:\Users\Administrator\.m2\repository\com\esotericsoftware\kryo\kryo\2.24.0\kryo-2.24.0.jar;C:\Users\Administrator\.m2\repository\com\esotericsoftware\minlog\minlog\1.2\minlog
Launcher Type: SUN_STANDARD

Environment Variables:
JAVA_HOME=D:\Program Files\Java\jdk1.8.0_202
PATH=C:\Program Files (x86)\Common Files\Oracle\Java\javapath;C:\Windows\system32;C:\Windows;C:\Windows\System32\Wbem;C:\Windows\System32\WindowsPowerShell\v1.0\;D:\Program Files\TortoiseGit\bin;C:\Program Files\Git\cmd;D:\Program Files\Java\jdk1.8.0_202\bin;D:\apache-maven-3.1.1\bin
USERNAME=Administrator
OS=Windows_NT
PROCESSOR_IDENTIFIER=Intel64 Family 6 Model 60 Stepping 3, GenuineIntel



---------------  S Y S T E M  ---------------

OS: Windows 7 , 64 bit Build 7601 (6.1.7601.24441)

CPU:total 4 (initial active 4) (4 cores per cpu, 1 threads per core) family 6 model 60 stepping 3, cmov, cx8, fxsr, mmx, sse, sse2, sse3, ssse3, sse4.1, sse4.2, popcnt, avx, avx2, aes, clmul, erms, rtm, lzcnt, tsc, tscinvbit, bmi1, bmi2

Memory: 4k page, physical 12505636k(2941284k free), swap 12503736k(4324k free)

vm_info: Java HotSpot(TM) 64-Bit Server VM (25.202-b08) for windows-amd64 JRE (1.8.0_202-b08), built on Dec 15 2018 19:54:30 by "java_re" with MS VC++ 10.0 (VS2010)

time: Mon Jun 17 12:34:58 2019
timezone: 中国标准时间
elapsed time: 12 seconds (0d 0h 0m 12s)

