#
# There is insufficient memory for the Java Runtime Environment to continue.
# Native memory allocation (malloc) failed to allocate 706624 bytes for Chunk::new
# Possible reasons:
#   The system is out of physical RAM or swap space
#   The process is running with CompressedOops enabled, and the Java Heap may be blocking the growth of the native heap
# Possible solutions:
#   Reduce memory load on the system
#   Increase physical memory or swap space
#   Check if swap backing store is full
#   Decrease Java heap size (-Xmx/-Xms)
#   Decrease number of Java threads
#   Decrease Java thread stack sizes (-Xss)
#   Set larger code cache with -XX:ReservedCodeCacheSize=
#   JVM is running with Zero Based Compressed Oops mode in which the Java heap is
#     placed in the first 32GB address space. The Java Heap base address is the
#     maximum limit for the native heap growth. Please use -XX:HeapBaseMinAddress
#     to set the Java Heap base and to place the Java Heap above 32GB virtual address.
# This output file may be truncated or incomplete.
#
#  Out of Memory Error (allocation.cpp:389), pid=21556, tid=0x0000000000002ae8
#
# JRE version: Java(TM) SE Runtime Environment (8.0_202-b08) (build 1.8.0_202-b08)
# Java VM: Java HotSpot(TM) 64-Bit Server VM (25.202-b08 mixed mode windows-amd64 compressed oops)
# Failed to write core dump. Minidumps are not enabled by default on client versions of Windows
#

---------------  T H R E A D  ---------------

Current thread (0x0000000006cbe000):  JavaThread "C2 CompilerThread1" daemon [_thread_in_native, id=10984, stack(0x0000000007620000,0x0000000007720000)]

Stack: [0x0000000007620000,0x0000000007720000]
[error occurred during error reporting (printing stack bounds), id 0xc0000005]

Native frames: (J=compiled Java code, j=interpreted, Vv=VM code, C=native code)


Current CompileTask:
C2:  86343 8919   !   4       org.apache.flink.runtime.taskmanager.Task::run (1861 bytes)


---------------  P R O C E S S  ---------------

Java Threads: ( => current thread )
  0x000000001e226000 JavaThread "Cancellation Watchdog for Source: Custom Source -> Flat Map (4/4) (0c56b7d556d5839df36db1c5576e07c3)." daemon [_thread_new, id=42124, stack(0x0000000000000000,0x0000000000000000)]
  0x000000001e225000 JavaThread "Canceler/Interrupts for Source: Custom Source -> Flat Map (4/4) (0c56b7d556d5839df36db1c5576e07c3)." daemon [_thread_new, id=42120, stack(0x0000000000000000,0x0000000000000000)]
  0x000000001e224800 JavaThread "Canceler for Source: Custom Source -> Flat Map (4/4) (0c56b7d556d5839df36db1c5576e07c3)." daemon [_thread_new, id=42116, stack(0x0000000000000000,0x0000000000000000)]
  0x000000001e223800 JavaThread "Cancellation Watchdog for Source: Custom Source -> Flat Map (3/4) (3226c69f8033cadad9e10d072212bbd9)." daemon [_thread_new, id=42112, stack(0x0000000000000000,0x0000000000000000)]
  0x0000000036b07000 JavaThread "Canceler/Interrupts for Source: Custom Source -> Flat Map (3/4) (3226c69f8033cadad9e10d072212bbd9)." daemon [_thread_new, id=42108, stack(0x0000000000000000,0x0000000000000000)]
  0x0000000036b06800 JavaThread "Canceler for Source: Custom Source -> Flat Map (3/4) (3226c69f8033cadad9e10d072212bbd9)." daemon [_thread_new, id=42104, stack(0x0000000000000000,0x0000000000000000)]
  0x0000000036b05800 JavaThread "Cancellation Watchdog for Source: Custom Source -> Flat Map (2/4) (2ba41e16ae7d5a444da0ec3e94fd5c6e)." daemon [_thread_new, id=42100, stack(0x0000000000000000,0x0000000000000000)]
  0x0000000036b05000 JavaThread "Canceler/Interrupts for Source: Custom Source -> Flat Map (2/4) (2ba41e16ae7d5a444da0ec3e94fd5c6e)." daemon [_thread_new, id=42096, stack(0x0000000000000000,0x0000000000000000)]
  0x0000000036b04000 JavaThread "Canceler for Source: Custom Source -> Flat Map (2/4) (2ba41e16ae7d5a444da0ec3e94fd5c6e)." daemon [_thread_new, id=42092, stack(0x0000000000000000,0x0000000000000000)]
  0x0000000036bae800 JavaThread "Cancellation Watchdog for Source: Custom Source -> Flat Map (1/4) (e9e55bc93f1992ea9f5bfc76b3d5e0b8)." daemon [_thread_new, id=42088, stack(0x0000000000000000,0x0000000000000000)]
  0x0000000036bad000 JavaThread "Canceler/Interrupts for Source: Custom Source -> Flat Map (1/4) (e9e55bc93f1992ea9f5bfc76b3d5e0b8)." daemon [_thread_new, id=42084, stack(0x0000000000000000,0x0000000000000000)]
  0x0000000036bac800 JavaThread "Canceler for Source: Custom Source -> Flat Map (1/4) (e9e55bc93f1992ea9f5bfc76b3d5e0b8)." daemon [_thread_new, id=42080, stack(0x0000000000000000,0x0000000000000000)]
  0x0000000037965800 JavaThread "OutputFlusher for Source: Custom Source -> Flat Map" daemon [_thread_blocked, id=42076, stack(0x00000000577f0000,0x00000000578f0000)]
  0x000000003786c000 JavaThread "OutputFlusher for Source: Custom Source -> Flat Map" daemon [_thread_blocked, id=42072, stack(0x0000000056a60000,0x0000000056b60000)]
  0x0000000037965000 JavaThread "OutputFlusher for Source: Custom Source -> Flat Map" daemon [_thread_blocked, id=42064, stack(0x0000000056290000,0x0000000056390000)]
  0x0000000037a50000 JavaThread "OutputFlusher for Source: Custom Source -> Flat Map" daemon [_thread_blocked, id=42056, stack(0x0000000054490000,0x0000000054590000)]
  0x00000000344b6000 JavaThread "Source: Custom Source -> Flat Map (4/4)" [_thread_blocked, id=42044, stack(0x0000000051ea0000,0x0000000051fa0000)]
  0x00000000377d5000 JavaThread "Source: Custom Source -> Flat Map (3/4)" [_thread_blocked, id=42040, stack(0x000000004bb20000,0x000000004bc20000)]
  0x00000000377d7800 JavaThread "Source: Custom Source -> Flat Map (2/4)" [_thread_blocked, id=42036, stack(0x000000004fdc0000,0x000000004fec0000)]
  0x000000003528d800 JavaThread "CloseableReaperThread" daemon [_thread_blocked, id=42032, stack(0x00000000515f0000,0x00000000516f0000)]
  0x00000000377d4800 JavaThread "Source: Custom Source -> Flat Map (1/4)" [_thread_in_vm, id=42028, stack(0x0000000048da0000,0x0000000048ea0000)]
  0x00000000377d6000 JavaThread "OutputFlusher for Source: Custom Source -> Flat Map" daemon [_thread_blocked, id=41000, stack(0x0000000051910000,0x0000000051a10000)]
  0x00000000377d6800 JavaThread "OutputFlusher for Source: Custom Source -> Flat Map" daemon [_thread_blocked, id=39020, stack(0x00000000570c0000,0x00000000571c0000)]
  0x000000001d80e800 JavaThread "OutputFlusher for Source: Custom Source -> Flat Map" daemon [_thread_blocked, id=39252, stack(0x0000000058bf0000,0x0000000058cf0000)]
  0x000000001d80d800 JavaThread "OutputFlusher for Source: Custom Source -> Flat Map" daemon [_thread_blocked, id=39056, stack(0x0000000058940000,0x0000000058a40000)]
  0x0000000035d7b800 JavaThread "OutputFlusher for Source: Custom Source -> Flat Map" daemon [_thread_blocked, id=36964, stack(0x0000000058350000,0x0000000058450000)]
  0x00000000344ca000 JavaThread "OutputFlusher for Source: Custom Source -> Flat Map" daemon [_thread_blocked, id=36832, stack(0x00000000567d0000,0x00000000568d0000)]
  0x0000000035d7a000 JavaThread "OutputFlusher for Source: Custom Source -> Flat Map" daemon [_thread_blocked, id=36664, stack(0x00000000565d0000,0x00000000566d0000)]
  0x00000000344cb000 JavaThread "OutputFlusher for Source: Custom Source -> Flat Map" daemon [_thread_blocked, id=36720, stack(0x00000000552d0000,0x00000000553d0000)]
  0x0000000035d79800 JavaThread "OutputFlusher for Source: Custom Source -> Flat Map" daemon [_thread_blocked, id=32512, stack(0x0000000056140000,0x0000000056240000)]
  0x0000000037964000 JavaThread "OutputFlusher for Source: Custom Source -> Flat Map" daemon [_thread_blocked, id=31412, stack(0x0000000058d50000,0x0000000058e50000)]
  0x0000000035add000 JavaThread "OutputFlusher for Source: Custom Source -> Flat Map" daemon [_thread_blocked, id=30924, stack(0x0000000058f50000,0x0000000059050000)]
  0x00000000344c9800 JavaThread "OutputFlusher for Source: Custom Source -> Flat Map" daemon [_thread_blocked, id=31660, stack(0x0000000055d00000,0x0000000055e00000)]
  0x00000000344c8000 JavaThread "OutputFlusher for Source: Custom Source -> Flat Map" daemon [_thread_blocked, id=29904, stack(0x0000000058250000,0x0000000058350000)]
  0x0000000036319000 JavaThread "OutputFlusher for Source: Custom Source -> Flat Map" daemon [_thread_blocked, id=29172, stack(0x0000000056f70000,0x0000000057070000)]
  0x00000000363b6800 JavaThread "OutputFlusher for Source: Custom Source -> Flat Map" daemon [_thread_blocked, id=27628, stack(0x00000000522c0000,0x00000000523c0000)]
  0x0000000038773000 JavaThread "OutputFlusher for Source: Custom Source -> Flat Map" daemon [_thread_blocked, id=28620, stack(0x00000000564b0000,0x00000000565b0000)]
  0x00000000343a3000 JavaThread "OutputFlusher for Source: Custom Source -> Flat Map" daemon [_thread_blocked, id=27736, stack(0x0000000057aa0000,0x0000000057ba0000)]
  0x0000000034624800 JavaThread "OutputFlusher for Source: Custom Source -> Flat Map" daemon [_thread_blocked, id=27304, stack(0x00000000580f0000,0x00000000581f0000)]
  0x000000003631a000 JavaThread "OutputFlusher for Source: Custom Source -> Flat Map" daemon [_thread_blocked, id=25716, stack(0x00000000571f0000,0x00000000572f0000)]
  0x000000001d77b000 JavaThread "OutputFlusher for Source: Custom Source -> Flat Map" daemon [_thread_blocked, id=25200, stack(0x0000000057420000,0x0000000057520000)]
  0x0000000036317800 JavaThread "OutputFlusher for Source: Custom Source -> Flat Map" daemon [_thread_blocked, id=25352, stack(0x00000000576f0000,0x00000000577f0000)]
  0x00000000343a2800 JavaThread "OutputFlusher for Source: Custom Source -> Flat Map" daemon [_thread_blocked, id=25112, stack(0x0000000051a10000,0x0000000051b10000)]
  0x0000000033ed7800 JavaThread "OutputFlusher for Source: Custom Source -> Flat Map" daemon [_thread_blocked, id=25392, stack(0x0000000056b80000,0x0000000056c80000)]
  0x0000000038771800 JavaThread "OutputFlusher for Source: Custom Source -> Flat Map" daemon [_thread_blocked, id=25008, stack(0x0000000057560000,0x0000000057660000)]
  0x000000001e244800 JavaThread "OutputFlusher for Source: Custom Source -> Flat Map" daemon [_thread_blocked, id=25192, stack(0x0000000056cb0000,0x0000000056db0000)]
  0x0000000033ed6800 JavaThread "OutputFlusher for Source: Custom Source -> Flat Map" daemon [_thread_blocked, id=24808, stack(0x0000000051c70000,0x0000000051d70000)]
  0x0000000036316000 JavaThread "OutputFlusher for Source: Custom Source -> Flat Map" daemon [_thread_blocked, id=24980, stack(0x0000000053970000,0x0000000053a70000)]
  0x0000000035d7c800 JavaThread "OutputFlusher for Source: Custom Source -> Flat Map" daemon [_thread_blocked, id=24992, stack(0x0000000054180000,0x0000000054280000)]
  0x000000003786b000 JavaThread "OutputFlusher for Source: Custom Source -> Flat Map" daemon [_thread_blocked, id=25016, stack(0x0000000055e00000,0x0000000055f00000)]
  0x0000000035d7b000 JavaThread "OutputFlusher for Source: Custom Source -> Flat Map" daemon [_thread_blocked, id=24952, stack(0x0000000055a80000,0x0000000055b80000)]
  0x000000001d778000 JavaThread "OutputFlusher for Source: Custom Source -> Flat Map" daemon [_thread_blocked, id=25092, stack(0x00000000566d0000,0x00000000567d0000)]
  0x0000000033ed9000 JavaThread "OutputFlusher for Source: Custom Source -> Flat Map" daemon [_thread_blocked, id=22948, stack(0x0000000054ea0000,0x0000000054fa0000)]
  0x0000000006f87800 JavaThread "OutputFlusher for Source: Custom Source -> Flat Map" daemon [_thread_blocked, id=3008, stack(0x0000000051fd0000,0x00000000520d0000)]
  0x0000000036315000 JavaThread "OutputFlusher for Source: Custom Source -> Flat Map" daemon [_thread_blocked, id=18624, stack(0x00000000545c0000,0x00000000546c0000)]
  0x000000003786a800 JavaThread "OutputFlusher for Source: Custom Source -> Flat Map" daemon [_thread_blocked, id=8548, stack(0x0000000055bb0000,0x0000000055cb0000)]
  0x0000000036313800 JavaThread "OutputFlusher for Source: Custom Source -> Flat Map" daemon [_thread_blocked, id=24548, stack(0x0000000055f60000,0x0000000056060000)]
  0x0000000037a51000 JavaThread "OutputFlusher for Source: Custom Source -> Flat Map" daemon [_thread_blocked, id=23528, stack(0x0000000053ed0000,0x0000000053fd0000)]
  0x0000000036313000 JavaThread "OutputFlusher for Source: Custom Source -> Flat Map" daemon [_thread_blocked, id=22276, stack(0x0000000054b10000,0x0000000054c10000)]
  0x00000000344b5800 JavaThread "OutputFlusher for Source: Custom Source -> Flat Map" daemon [_thread_blocked, id=18476, stack(0x0000000054950000,0x0000000054a50000)]
  0x000000003409c800 JavaThread "OutputFlusher for Source: Custom Source -> Flat Map" daemon [_thread_blocked, id=1148, stack(0x0000000055150000,0x0000000055250000)]
  0x0000000035adb800 JavaThread "OutputFlusher for Source: Custom Source -> Flat Map" daemon [_thread_blocked, id=23352, stack(0x0000000055970000,0x0000000055a70000)]
  0x0000000035ada800 JavaThread "OutputFlusher for Source: Custom Source -> Flat Map" daemon [_thread_blocked, id=18436, stack(0x0000000055400000,0x0000000055500000)]
  0x0000000035ada000 JavaThread "OutputFlusher for Source: Custom Source -> Flat Map" daemon [_thread_blocked, id=18496, stack(0x00000000556d0000,0x00000000557d0000)]
  0x0000000035adc000 JavaThread "OutputFlusher for Source: Custom Source -> Flat Map" daemon [_thread_blocked, id=15912, stack(0x0000000054da0000,0x0000000054ea0000)]
  0x0000000037c5e000 JavaThread "OutputFlusher for Source: Custom Source -> Flat Map" daemon [_thread_blocked, id=14244, stack(0x00000000506c0000,0x00000000507c0000)]
  0x0000000033ed6000 JavaThread "OutputFlusher for Source: Custom Source -> Flat Map" daemon [_thread_blocked, id=20876, stack(0x0000000055530000,0x0000000055630000)]
  0x0000000037c5e800 JavaThread "OutputFlusher for Source: Custom Source -> Flat Map" daemon [_thread_blocked, id=10332, stack(0x0000000053610000,0x0000000053710000)]
  0x00000000344b4800 JavaThread "OutputFlusher for Source: Custom Source -> Flat Map" daemon [_thread_blocked, id=17348, stack(0x0000000054040000,0x0000000054140000)]
  0x0000000037a4d800 JavaThread "OutputFlusher for Source: Custom Source -> Flat Map" daemon [_thread_blocked, id=11916, stack(0x000000004b360000,0x000000004b460000)]
  0x000000003409b000 JavaThread "OutputFlusher for Source: Custom Source -> Flat Map" daemon [_thread_blocked, id=21056, stack(0x0000000053740000,0x0000000053840000)]
  0x0000000033ee7800 JavaThread "OutputFlusher for Source: Custom Source -> Flat Map" daemon [_thread_blocked, id=15064, stack(0x00000000557f0000,0x00000000558f0000)]
  0x000000001e242800 JavaThread "OutputFlusher for Source: Custom Source -> Flat Map" daemon [_thread_blocked, id=24004, stack(0x0000000050820000,0x0000000050920000)]
  0x0000000033ee8000 JavaThread "OutputFlusher for Source: Custom Source -> Flat Map" daemon [_thread_blocked, id=7236, stack(0x00000000532f0000,0x00000000533f0000)]
  0x0000000033ee6800 JavaThread "OutputFlusher for Source: Custom Source -> Flat Map" daemon [_thread_blocked, id=7508, stack(0x0000000049a30000,0x0000000049b30000)]
  0x00000000344b7000 JavaThread "OutputFlusher for Source: Custom Source -> Flat Map" daemon [_thread_blocked, id=6724, stack(0x00000000514f0000,0x00000000515f0000)]
  0x0000000006f81800 JavaThread "OutputFlusher for Source: Custom Source -> Flat Map" daemon [_thread_blocked, id=17232, stack(0x0000000052180000,0x0000000052280000)]
  0x0000000033ee9000 JavaThread "OutputFlusher for Source: Custom Source -> Flat Map" daemon [_thread_blocked, id=6236, stack(0x0000000052dd0000,0x0000000052ed0000)]
  0x000000001d779800 JavaThread "OutputFlusher for Source: Custom Source -> Flat Map" daemon [_thread_blocked, id=17796, stack(0x0000000054c50000,0x0000000054d50000)]
  0x0000000037c5b800 JavaThread "OutputFlusher for Source: Custom Source -> Flat Map" daemon [_thread_blocked, id=24488, stack(0x00000000547a0000,0x00000000548a0000)]
  0x00000000344b4000 JavaThread "OutputFlusher for Source: Custom Source -> Flat Map" daemon [_thread_blocked, id=16524, stack(0x00000000530a0000,0x00000000531a0000)]
  0x0000000037a4f800 JavaThread "OutputFlusher for Source: Custom Source -> Flat Map" daemon [_thread_blocked, id=15040, stack(0x0000000052fa0000,0x00000000530a0000)]
  0x0000000037a4e800 JavaThread "OutputFlusher for Source: Custom Source -> Flat Map" daemon [_thread_blocked, id=10312, stack(0x0000000053870000,0x0000000053970000)]
  0x0000000036bae000 JavaThread "OutputFlusher for Source: Custom Source -> Flat Map" daemon [_thread_blocked, id=15648, stack(0x000000004fa00000,0x000000004fb00000)]
  0x000000003786c800 JavaThread "OutputFlusher for Source: Custom Source -> Flat Map" daemon [_thread_blocked, id=14904, stack(0x0000000048ca0000,0x0000000048da0000)]
  0x000000001d779000 JavaThread "OutputFlusher for Source: Custom Source -> Flat Map" daemon [_thread_blocked, id=10912, stack(0x0000000051b30000,0x0000000051c30000)]
  0x0000000037c5c800 JavaThread "OutputFlusher for Source: Custom Source -> Flat Map" daemon [_thread_blocked, id=16616, stack(0x000000004b4c0000,0x000000004b5c0000)]
  0x000000001d77a800 JavaThread "OutputFlusher for Source: Custom Source -> Flat Map" daemon [_thread_blocked, id=23164, stack(0x0000000052be0000,0x0000000052ce0000)]
  0x0000000037c5d000 JavaThread "OutputFlusher for Source: Custom Source -> Flat Map" daemon [_thread_blocked, id=23440, stack(0x00000000523c0000,0x00000000524c0000)]
  0x0000000036bab800 JavaThread "OutputFlusher for Source: Custom Source -> Flat Map" daemon [_thread_blocked, id=21916, stack(0x0000000050930000,0x0000000050a30000)]
  0x000000003786d800 JavaThread "OutputFlusher for Source: Custom Source -> Flat Map" daemon [_thread_blocked, id=4332, stack(0x0000000052570000,0x0000000052670000)]
  0x0000000035292800 JavaThread "OutputFlusher for Source: Custom Source -> Flat Map" daemon [_thread_blocked, id=11712, stack(0x0000000052670000,0x0000000052770000)]
  0x0000000035299800 JavaThread "OutputFlusher for Source: Custom Source -> Flat Map" daemon [_thread_blocked, id=23076, stack(0x0000000052a30000,0x0000000052b30000)]
  0x000000003528c800 JavaThread "OutputFlusher for Source: Custom Source -> Flat Map" daemon [_thread_blocked, id=20144, stack(0x0000000052930000,0x0000000052a30000)]
  0x0000000037a06800 JavaThread "OutputFlusher for Source: Custom Source -> Flat Map" daemon [_thread_blocked, id=22672, stack(0x0000000051810000,0x0000000051910000)]
  0x000000003528e000 JavaThread "OutputFlusher for Source: Custom Source -> Flat Map" daemon [_thread_blocked, id=416, stack(0x0000000053430000,0x0000000053530000)]
  0x0000000006f87000 JavaThread "OutputFlusher for Source: Custom Source -> Flat Map" daemon [_thread_blocked, id=20960, stack(0x000000004f780000,0x000000004f880000)]
  0x0000000006f85800 JavaThread "OutputFlusher for Source: Custom Source -> Flat Map" daemon [_thread_blocked, id=16240, stack(0x000000004ee10000,0x000000004ef10000)]
  0x0000000006f8f800 JavaThread "OutputFlusher for Source: Custom Source -> Flat Map" daemon [_thread_blocked, id=19444, stack(0x0000000051700000,0x0000000051800000)]
  0x0000000006f89000 JavaThread "OutputFlusher for Source: Custom Source -> Flat Map" daemon [_thread_blocked, id=3060, stack(0x0000000050e70000,0x0000000050f70000)]
  0x0000000006f8a000 JavaThread "OutputFlusher for Source: Custom Source -> Flat Map" daemon [_thread_blocked, id=19688, stack(0x0000000051d90000,0x0000000051e90000)]
  0x0000000037a06000 JavaThread "OutputFlusher for Source: Custom Source -> Flat Map" daemon [_thread_blocked, id=12096, stack(0x000000004ef20000,0x000000004f020000)]
  0x0000000006f84800 JavaThread "OutputFlusher for Source: Custom Source -> Flat Map" daemon [_thread_blocked, id=22108, stack(0x0000000049430000,0x0000000049530000)]
  0x00000000379fe800 JavaThread "OutputFlusher for Source: Custom Source -> Flat Map" daemon [_thread_blocked, id=15508, stack(0x000000004e810000,0x000000004e910000)]
  0x0000000006f80000 JavaThread "OutputFlusher for Source: Custom Source -> Flat Map" daemon [_thread_blocked, id=9336, stack(0x0000000051160000,0x0000000051260000)]
  0x0000000037a00000 JavaThread "OutputFlusher for Source: Custom Source -> Flat Map" daemon [_thread_blocked, id=5072, stack(0x00000000472b0000,0x00000000473b0000)]
  0x0000000037a05000 JavaThread "OutputFlusher for Source: Custom Source -> Flat Map" daemon [_thread_blocked, id=19792, stack(0x000000004ba10000,0x000000004bb10000)]
  0x0000000037a07800 JavaThread "OutputFlusher for Source: Custom Source -> Flat Map" daemon [_thread_blocked, id=21108, stack(0x00000000513f0000,0x00000000514f0000)]
  0x0000000006f8d000 JavaThread "OutputFlusher for Source: Custom Source -> Flat Map" daemon [_thread_blocked, id=7724, stack(0x0000000050d10000,0x0000000050e10000)]
  0x0000000037a04800 JavaThread "OutputFlusher for Source: Custom Source -> Flat Map" daemon [_thread_blocked, id=15560, stack(0x0000000050be0000,0x0000000050ce0000)]
  0x0000000006f8e000 JavaThread "OutputFlusher for Source: Custom Source -> Flat Map" daemon [_thread_blocked, id=19112, stack(0x000000004f660000,0x000000004f760000)]
  0x0000000006f82800 JavaThread "OutputFlusher for Source: Custom Source -> Flat Map" daemon [_thread_blocked, id=22212, stack(0x0000000051270000,0x0000000051370000)]
  0x0000000006f86000 JavaThread "OutputFlusher for Source: Custom Source -> Flat Map" daemon [_thread_blocked, id=5540, stack(0x0000000048590000,0x0000000048690000)]
  0x0000000006f81000 JavaThread "OutputFlusher for Source: Custom Source -> Flat Map" daemon [_thread_blocked, id=11544, stack(0x0000000050fc0000,0x00000000510c0000)]
  0x000000003613e000 JavaThread "OutputFlusher for Source: Custom Source -> Flat Map" daemon [_thread_blocked, id=17932, stack(0x000000004fb00000,0x000000004fc00000)]
  0x000000003407a800 JavaThread "OutputFlusher for Source: Custom Source -> Flat Map" daemon [_thread_blocked, id=1604, stack(0x0000000050ab0000,0x0000000050bb0000)]
  0x0000000036140000 JavaThread "OutputFlusher for Source: Custom Source -> Flat Map" daemon [_thread_blocked, id=6588, stack(0x000000004f8a0000,0x000000004f9a0000)]
  0x00000000379fd000 JavaThread "OutputFlusher for Source: Custom Source -> Flat Map" daemon [_thread_blocked, id=17664, stack(0x000000004c4e0000,0x000000004c5e0000)]
  0x0000000033d9a800 JavaThread "OutputFlusher for Source: Custom Source -> Flat Map" daemon [_thread_blocked, id=22612, stack(0x000000004f460000,0x000000004f560000)]
  0x0000000036136800 JavaThread "OutputFlusher for Source: Custom Source -> Flat Map" daemon [_thread_blocked, id=13516, stack(0x0000000046020000,0x0000000046120000)]
  0x000000003407f000 JavaThread "OutputFlusher for Source: Custom Source -> Flat Map" daemon [_thread_blocked, id=24360, stack(0x000000004fc70000,0x000000004fd70000)]
  0x0000000034075800 JavaThread "OutputFlusher for Source: Custom Source -> Flat Map" daemon [_thread_blocked, id=24000, stack(0x000000004b7e0000,0x000000004b8e0000)]
  0x000000003613c800 JavaThread "OutputFlusher for Source: Custom Source -> Flat Map" daemon [_thread_blocked, id=6252, stack(0x000000004f0b0000,0x000000004f1b0000)]
  0x000000003613b800 JavaThread "OutputFlusher for Source: Custom Source -> Flat Map" daemon [_thread_blocked, id=16548, stack(0x000000004bfb0000,0x000000004c0b0000)]
  0x0000000037a00800 JavaThread "OutputFlusher for Source: Custom Source -> Flat Map" daemon [_thread_blocked, id=10464, stack(0x0000000050560000,0x0000000050660000)]
  0x0000000037a03800 JavaThread "OutputFlusher for Source: Custom Source -> Flat Map" daemon [_thread_blocked, id=11732, stack(0x0000000050030000,0x0000000050130000)]
  0x0000000036142800 JavaThread "OutputFlusher for Source: Custom Source -> Flat Map" daemon [_thread_blocked, id=20788, stack(0x0000000050290000,0x0000000050390000)]
  0x000000003613e800 JavaThread "OutputFlusher for Source: Custom Source -> Flat Map" daemon [_thread_blocked, id=20448, stack(0x000000004bcf0000,0x000000004bdf0000)]
  0x0000000033da5000 JavaThread "OutputFlusher for Source: Custom Source -> Flat Map" daemon [_thread_blocked, id=22724, stack(0x0000000050140000,0x0000000050240000)]
  0x000000003613b000 JavaThread "OutputFlusher for Source: Custom Source -> Flat Map" daemon [_thread_blocked, id=4420, stack(0x000000004ff30000,0x0000000050030000)]
  0x00000000379f8800 JavaThread "OutputFlusher for Source: Custom Source -> Flat Map" daemon [_thread_blocked, id=16484, stack(0x000000004ebc0000,0x000000004ecc0000)]
  0x00000000379fb800 JavaThread "OutputFlusher for Source: Custom Source -> Flat Map" daemon [_thread_blocked, id=4156, stack(0x000000004d0e0000,0x000000004d1e0000)]
  0x00000000379ff000 JavaThread "OutputFlusher for Source: Custom Source -> Flat Map" daemon [_thread_blocked, id=24392, stack(0x000000004ce30000,0x000000004cf30000)]
  0x0000000037a02000 JavaThread "OutputFlusher for Source: Custom Source -> Flat Map" daemon [_thread_blocked, id=9832, stack(0x000000004eac0000,0x000000004ebc0000)]
  0x00000000379fa000 JavaThread "OutputFlusher for Source: Custom Source -> Flat Map" daemon [_thread_blocked, id=18604, stack(0x000000004f560000,0x000000004f660000)]
  0x00000000379fd800 JavaThread "OutputFlusher for Source: Custom Source -> Flat Map" daemon [_thread_blocked, id=5160, stack(0x000000004f200000,0x000000004f300000)]
  0x00000000379f9000 JavaThread "OutputFlusher for Source: Custom Source -> Flat Map" daemon [_thread_blocked, id=2576, stack(0x000000004f330000,0x000000004f430000)]
  0x000000003613a000 JavaThread "OutputFlusher for Source: Custom Source -> Flat Map" daemon [_thread_blocked, id=5836, stack(0x000000004ed10000,0x000000004ee10000)]
  0x0000000037c7e800 JavaThread "OutputFlusher for Source: Custom Source -> Flat Map" daemon [_thread_blocked, id=7596, stack(0x000000004c700000,0x000000004c800000)]
  0x0000000036134000 JavaThread "OutputFlusher for Source: Custom Source -> Flat Map" daemon [_thread_blocked, id=19972, stack(0x000000004d1e0000,0x000000004d2e0000)]
  0x0000000036951800 JavaThread "OutputFlusher for Source: Custom Source -> Flat Map" daemon [_thread_blocked, id=12276, stack(0x000000004ae70000,0x000000004af70000)]
  0x0000000036135000 JavaThread "OutputFlusher for Source: Custom Source -> Flat Map" daemon [_thread_blocked, id=20396, stack(0x000000004ccf0000,0x000000004cdf0000)]
  0x0000000036138000 JavaThread "OutputFlusher for Source: Custom Source -> Flat Map" daemon [_thread_blocked, id=18572, stack(0x000000004c5e0000,0x000000004c6e0000)]
  0x0000000033d9b800 JavaThread "OutputFlusher for Source: Custom Source -> Flat Map" daemon [_thread_blocked, id=8420, stack(0x0000000048490000,0x0000000048590000)]
  0x0000000033da6800 JavaThread "OutputFlusher for Source: Custom Source -> Flat Map" daemon [_thread_blocked, id=20428, stack(0x000000004d4a0000,0x000000004d5a0000)]
  0x0000000036141800 JavaThread "OutputFlusher for Source: Custom Source -> Flat Map" daemon [_thread_blocked, id=21840, stack(0x000000004e6e0000,0x000000004e7e0000)]
  0x0000000034073000 JavaThread "OutputFlusher for Source: Custom Source -> Flat Map" daemon [_thread_blocked, id=21280, stack(0x000000004e920000,0x000000004ea20000)]
  0x0000000036139800 JavaThread "OutputFlusher for Source: Custom Source -> Flat Map" daemon [_thread_blocked, id=15604, stack(0x000000004b1b0000,0x000000004b2b0000)]
  0x0000000036135800 JavaThread "OutputFlusher for Source: Custom Source -> Flat Map" daemon [_thread_blocked, id=23308, stack(0x000000004cf60000,0x000000004d060000)]
  0x0000000036141000 JavaThread "OutputFlusher for Source: Custom Source -> Flat Map" daemon [_thread_blocked, id=20268, stack(0x000000004bdf0000,0x000000004bef0000)]
  0x000000003407c000 JavaThread "OutputFlusher for Source: Custom Source -> Flat Map" daemon [_thread_blocked, id=18828, stack(0x000000004d390000,0x000000004d490000)]
  0x0000000033da3000 JavaThread "OutputFlusher for Source: Custom Source -> Flat Map" daemon [_thread_blocked, id=16236, stack(0x000000004c880000,0x000000004c980000)]
  0x0000000036138800 JavaThread "OutputFlusher for Source: Custom Source -> Flat Map" daemon [_thread_blocked, id=23368, stack(0x000000004c2a0000,0x000000004c3a0000)]
  0x0000000036143000 JavaThread "OutputFlusher for Source: Custom Source -> Flat Map" daemon [_thread_blocked, id=19600, stack(0x000000004ca70000,0x000000004cb70000)]
  0x000000003613f800 JavaThread "OutputFlusher for Source: Custom Source -> Flat Map" daemon [_thread_blocked, id=5116, stack(0x000000004c3e0000,0x000000004c4e0000)]
  0x0000000036137000 JavaThread "OutputFlusher for Source: Custom Source -> Flat Map" daemon [_thread_blocked, id=23312, stack(0x000000004cb80000,0x000000004cc80000)]
  0x0000000036955000 JavaThread "OutputFlusher for Source: Custom Source -> Flat Map" daemon [_thread_blocked, id=13508, stack(0x000000004c120000,0x000000004c220000)]
  0x0000000036954800 JavaThread "OutputFlusher for Source: Custom Source -> Flat Map" daemon [_thread_blocked, id=7076, stack(0x0000000046370000,0x0000000046470000)]
  0x0000000034076000 JavaThread "OutputFlusher for Source: Custom Source -> Flat Map" daemon [_thread_blocked, id=20156, stack(0x0000000049790000,0x0000000049890000)]
  0x0000000036210000 JavaThread "OutputFlusher for Source: Custom Source -> Flat Map" daemon [_thread_blocked, id=6528, stack(0x000000004a370000,0x000000004a470000)]
  0x0000000033d9d000 JavaThread "OutputFlusher for Source: Custom Source -> Flat Map" daemon [_thread_blocked, id=18092, stack(0x000000004b620000,0x000000004b720000)]
  0x0000000033d9d800 JavaThread "OutputFlusher for Source: Custom Source -> Flat Map" daemon [_thread_blocked, id=22668, stack(0x000000004a710000,0x000000004a810000)]
  0x0000000033d9f000 JavaThread "OutputFlusher for Source: Custom Source -> Flat Map" daemon [_thread_blocked, id=10184, stack(0x0000000049ca0000,0x0000000049da0000)]
  0x0000000033d99000 JavaThread "OutputFlusher for Source: Custom Source -> Flat Map" daemon [_thread_blocked, id=14000, stack(0x00000000486b0000,0x00000000487b0000)]
  0x0000000033da0000 JavaThread "OutputFlusher for Source: Custom Source -> Flat Map" daemon [_thread_blocked, id=12028, stack(0x0000000045a00000,0x0000000045b00000)]
  0x0000000033d9e800 JavaThread "OutputFlusher for Source: Custom Source -> Flat Map" daemon [_thread_blocked, id=23248, stack(0x0000000047da0000,0x0000000047ea0000)]
  0x0000000033da0800 JavaThread "OutputFlusher for Source: Custom Source -> Flat Map" daemon [_thread_blocked, id=20260, stack(0x0000000049b40000,0x0000000049c40000)]
  0x0000000033da7800 JavaThread "OutputFlusher for Source: Custom Source -> Flat Map" daemon [_thread_blocked, id=23380, stack(0x00000000432e0000,0x00000000433e0000)]
  0x0000000033da1800 JavaThread "OutputFlusher for Source: Custom Source -> Flat Map" daemon [_thread_blocked, id=23448, stack(0x0000000048a80000,0x0000000048b80000)]
  0x0000000036953800 JavaThread "OutputFlusher for Source: Custom Source -> Flat Map" daemon [_thread_blocked, id=4768, stack(0x00000000464e0000,0x00000000465e0000)]
  0x0000000033da3800 JavaThread "OutputFlusher for Source: Custom Source -> Flat Map" daemon [_thread_blocked, id=22620, stack(0x0000000048ba0000,0x0000000048ca0000)]
  0x0000000033d9c000 JavaThread "OutputFlusher for Source: Custom Source -> Flat Map" daemon [_thread_blocked, id=9688, stack(0x000000004a530000,0x000000004a630000)]
  0x0000000034072800 JavaThread "OutputFlusher for Source: Custom Source -> Flat Map" daemon [_thread_blocked, id=24572, stack(0x000000004a8a0000,0x000000004a9a0000)]
  0x0000000033da4800 JavaThread "OutputFlusher for Source: Custom Source -> Flat Map" daemon [_thread_blocked, id=17852, stack(0x000000004b8f0000,0x000000004b9f0000)]
  0x0000000033da6000 JavaThread "OutputFlusher for Source: Custom Source -> Flat Map" daemon [_thread_blocked, id=13708, stack(0x000000004aff0000,0x000000004b0f0000)]
  0x0000000033d9a000 JavaThread "OutputFlusher for Source: Custom Source -> Flat Map" daemon [_thread_blocked, id=16944, stack(0x000000004a9c0000,0x000000004aac0000)]
  0x0000000033d98800 JavaThread "OutputFlusher for Source: Custom Source -> Flat Map" daemon [_thread_blocked, id=21860, stack(0x000000004acf0000,0x000000004adf0000)]
  0x0000000034079000 JavaThread "OutputFlusher for Source: Custom Source -> Flat Map" daemon [_thread_blocked, id=24432, stack(0x0000000049de0000,0x0000000049ee0000)]
  0x0000000035203000 JavaThread "OutputFlusher for Source: Custom Source -> Flat Map" daemon [_thread_blocked, id=22912, stack(0x000000004a250000,0x000000004a350000)]
  0x0000000034080000 JavaThread "OutputFlusher for Source: Custom Source -> Flat Map" daemon [_thread_blocked, id=18752, stack(0x000000004ab10000,0x000000004ac10000)]
  0x0000000034074800 JavaThread "OutputFlusher for Source: Custom Source -> Flat Map" daemon [_thread_blocked, id=22828, stack(0x0000000049690000,0x0000000049790000)]
  0x0000000036958000 JavaThread "OutputFlusher for Source: Custom Source -> Flat Map" daemon [_thread_blocked, id=11448, stack(0x0000000049930000,0x0000000049a30000)]
  0x0000000034c40800 JavaThread "OutputFlusher for Source: Custom Source -> Flat Map" daemon [_thread_blocked, id=19260, stack(0x0000000049170000,0x0000000049270000)]
  0x0000000034074000 JavaThread "OutputFlusher for Source: Custom Source -> Flat Map" daemon [_thread_blocked, id=13756, stack(0x0000000047400000,0x0000000047500000)]
  0x0000000034077800 JavaThread "OutputFlusher for Source: Custom Source -> Flat Map" daemon [_thread_blocked, id=19052, stack(0x0000000049f70000,0x000000004a070000)]
  0x000000003407e800 JavaThread "OutputFlusher for Source: Custom Source -> Flat Map" daemon [_thread_blocked, id=11868, stack(0x0000000049290000,0x0000000049390000)]
  0x0000000034078800 JavaThread "OutputFlusher for Source: Custom Source -> Flat Map" daemon [_thread_blocked, id=21944, stack(0x0000000041c40000,0x0000000041d40000)]
  0x000000003438d800 JavaThread "OutputFlusher for Source: Custom Source -> Flat Map" daemon [_thread_blocked, id=20292, stack(0x000000004a0c0000,0x000000004a1c0000)]
  0x000000003407d800 JavaThread "OutputFlusher for Source: Custom Source -> Flat Map" daemon [_thread_blocked, id=12572, stack(0x0000000049000000,0x0000000049100000)]
  0x0000000036959800 JavaThread "OutputFlusher for Source: Custom Source -> Flat Map" daemon [_thread_blocked, id=8580, stack(0x00000000435d0000,0x00000000436d0000)]
  0x000000003407d000 JavaThread "OutputFlusher for Source: Custom Source -> Flat Map" daemon [_thread_blocked, id=21152, stack(0x0000000047160000,0x0000000047260000)]
  0x000000003407b800 JavaThread "OutputFlusher for Source: Custom Source -> Flat Map" daemon [_thread_blocked, id=3168, stack(0x0000000047b40000,0x0000000047c40000)]
  0x000000003407a000 JavaThread "OutputFlusher for Source: Custom Source -> Flat Map" daemon [_thread_blocked, id=9288, stack(0x0000000044400000,0x0000000044500000)]
  0x0000000036959000 JavaThread "OutputFlusher for Source: Custom Source -> Flat Map" daemon [_thread_blocked, id=21684, stack(0x00000000487c0000,0x00000000488c0000)]
  0x0000000034080800 JavaThread "OutputFlusher for Source: Custom Source -> Flat Map" daemon [_thread_blocked, id=22736, stack(0x00000000488c0000,0x00000000489c0000)]
  0x0000000034077000 JavaThread "OutputFlusher for Source: Custom Source -> Flat Map" daemon [_thread_blocked, id=21148, stack(0x0000000047810000,0x0000000047910000)]
  0x0000000036950000 JavaThread "OutputFlusher for Source: Custom Source -> Flat Map" daemon [_thread_blocked, id=22012, stack(0x0000000047ed0000,0x0000000047fd0000)]
  0x000000003694d800 JavaThread "OutputFlusher for Source: Custom Source -> Flat Map" daemon [_thread_blocked, id=3908, stack(0x0000000049580000,0x0000000049680000)]
  0x0000000034071800 JavaThread "OutputFlusher for Source: Custom Source -> Flat Map" daemon [_thread_blocked, id=21852, stack(0x0000000048f00000,0x0000000049000000)]
  0x0000000033ecf000 JavaThread "OutputFlusher for Source: Custom Source -> Flat Map" daemon [_thread_blocked, id=20836, stack(0x0000000045340000,0x0000000045440000)]
  0x0000000033ed2800 JavaThread "OutputFlusher for Source: Custom Source -> Flat Map" daemon [_thread_blocked, id=996, stack(0x0000000044f50000,0x0000000045050000)]
  0x000000003695b000 JavaThread "OutputFlusher for Source: Custom Source -> Flat Map" daemon [_thread_blocked, id=17912, stack(0x0000000044300000,0x0000000044400000)]
  0x0000000036952000 JavaThread "OutputFlusher for Source: Custom Source -> Flat Map" daemon [_thread_blocked, id=19960, stack(0x0000000043c80000,0x0000000043d80000)]
  0x0000000036957800 JavaThread "OutputFlusher for Source: Custom Source -> Flat Map" daemon [_thread_blocked, id=16060, stack(0x00000000476d0000,0x00000000477d0000)]
  0x000000003694d000 JavaThread "OutputFlusher for Source: Custom Source -> Flat Map" daemon [_thread_blocked, id=6428, stack(0x0000000044820000,0x0000000044920000)]
  0x0000000037be5000 JavaThread "OutputFlusher for Source: Custom Source -> Flat Map" daemon [_thread_blocked, id=5564, stack(0x00000000481c0000,0x00000000482c0000)]
  0x000000003695a800 JavaThread "OutputFlusher for Source: Custom Source -> Flat Map" daemon [_thread_blocked, id=21024, stack(0x0000000046240000,0x0000000046340000)]
  0x0000000037be2800 JavaThread "OutputFlusher for Source: Custom Source -> Flat Map" daemon [_thread_blocked, id=7064, stack(0x0000000048030000,0x0000000048130000)]
  0x0000000034af1000 JavaThread "OutputFlusher for Source: Custom Source -> Flat Map" daemon [_thread_blocked, id=13604, stack(0x0000000048380000,0x0000000048480000)]
  0x0000000036953000 JavaThread "OutputFlusher for Source: Custom Source -> Flat Map" daemon [_thread_blocked, id=11440, stack(0x0000000047a10000,0x0000000047b10000)]
  0x000000003695c000 JavaThread "OutputFlusher for Source: Custom Source -> Flat Map" daemon [_thread_blocked, id=10996, stack(0x0000000043090000,0x0000000043190000)]
  0x0000000037be4000 JavaThread "OutputFlusher for Source: Custom Source -> Flat Map" daemon [_thread_blocked, id=19136, stack(0x0000000047910000,0x0000000047a10000)]
  0x000000003694f000 JavaThread "OutputFlusher for Source: Custom Source -> Flat Map" daemon [_thread_blocked, id=5016, stack(0x0000000046cc0000,0x0000000046dc0000)]
  0x000000003694e800 JavaThread "OutputFlusher for Source: Custom Source -> Flat Map" daemon [_thread_blocked, id=14884, stack(0x0000000047560000,0x0000000047660000)]
  0x0000000036950800 JavaThread "OutputFlusher for Source: Custom Source -> Flat Map" daemon [_thread_blocked, id=19932, stack(0x0000000047c90000,0x0000000047d90000)]
  0x0000000037c78800 JavaThread "OutputFlusher for Source: Custom Source -> Flat Map" daemon [_thread_blocked, id=14616, stack(0x0000000046ea0000,0x0000000046fa0000)]
  0x0000000036210800 JavaThread "OutputFlusher for Source: Custom Source -> Flat Map" daemon [_thread_blocked, id=22388, stack(0x0000000046fe0000,0x00000000470e0000)]
  0x0000000033ece000 JavaThread "OutputFlusher for Source: Custom Source -> Flat Map" daemon [_thread_blocked, id=8996, stack(0x000000003a7b0000,0x000000003a8b0000)]
  0x0000000036213000 JavaThread "OutputFlusher for Source: Custom Source -> Flat Map" daemon [_thread_blocked, id=18968, stack(0x00000000421c0000,0x00000000422c0000)]
  0x000000003620f000 JavaThread "OutputFlusher for Source: Custom Source -> Flat Map" daemon [_thread_blocked, id=20168, stack(0x00000000450b0000,0x00000000451b0000)]
  0x0000000037be6800 JavaThread "OutputFlusher for Source: Custom Source -> Flat Map" daemon [_thread_blocked, id=17788, stack(0x00000000468e0000,0x00000000469e0000)]
  0x000000003413a000 JavaThread "OutputFlusher for Source: Custom Source -> Flat Map" daemon [_thread_blocked, id=23484, stack(0x0000000046ba0000,0x0000000046ca0000)]
  0x000000003620d800 JavaThread "OutputFlusher for Source: Custom Source -> Flat Map" daemon [_thread_blocked, id=22196, stack(0x0000000045ed0000,0x0000000045fd0000)]
  0x0000000037be2000 JavaThread "OutputFlusher for Source: Custom Source -> Flat Map" daemon [_thread_blocked, id=6692, stack(0x00000000457b0000,0x00000000458b0000)]
  0x0000000037be5800 JavaThread "OutputFlusher for Source: Custom Source -> Flat Map" daemon [_thread_blocked, id=2328, stack(0x0000000046140000,0x0000000046240000)]
  0x0000000037c7e000 JavaThread "OutputFlusher for Source: Custom Source -> Flat Map" daemon [_thread_blocked, id=21428, stack(0x000000003e370000,0x000000003e470000)]
  0x000000003413b800 JavaThread "OutputFlusher for Source: Custom Source -> Flat Map" daemon [_thread_blocked, id=12108, stack(0x0000000046a30000,0x0000000046b30000)]
  0x0000000036212000 JavaThread "OutputFlusher for Source: Custom Source -> Flat Map" daemon [_thread_blocked, id=12628, stack(0x0000000046620000,0x0000000046720000)]
  0x0000000037be3800 JavaThread "OutputFlusher for Source: Custom Source -> Flat Map" daemon [_thread_blocked, id=828, stack(0x0000000044b00000,0x0000000044c00000)]
  0x0000000036211800 JavaThread "OutputFlusher for Source: Custom Source -> Flat Map" daemon [_thread_blocked, id=18844, stack(0x0000000045d60000,0x0000000045e60000)]
  0x0000000037be0800 JavaThread "OutputFlusher for Source: Custom Source -> Flat Map" daemon [_thread_blocked, id=15132, stack(0x00000000467a0000,0x00000000468a0000)]
  0x000000003620d000 JavaThread "OutputFlusher for Source: Custom Source -> Flat Map" daemon [_thread_blocked, id=11180, stack(0x0000000045c00000,0x0000000045d00000)]
  0x0000000036213800 JavaThread "OutputFlusher for Source: Custom Source -> Flat Map" daemon [_thread_blocked, id=23056, stack(0x0000000044950000,0x0000000044a50000)]
  0x0000000033ed1000 JavaThread "OutputFlusher for Source: Custom Source -> Flat Map" daemon [_thread_blocked, id=24496, stack(0x00000000458c0000,0x00000000459c0000)]
  0x000000003620e800 JavaThread "OutputFlusher for Source: Custom Source -> Flat Map" daemon [_thread_blocked, id=10448, stack(0x0000000045230000,0x0000000045330000)]
  0x000000001d45b000 JavaThread "OutputFlusher for Source: Custom Source -> Flat Map" daemon [_thread_blocked, id=7172, stack(0x00000000454e0000,0x00000000455e0000)]
  0x0000000034af1800 JavaThread "OutputFlusher for Source: Custom Source -> Flat Map" daemon [_thread_blocked, id=12588, stack(0x0000000044720000,0x0000000044820000)]
  0x0000000037c7b800 JavaThread "OutputFlusher for Source: Custom Source -> Flat Map" daemon [_thread_blocked, id=19120, stack(0x0000000042360000,0x0000000042460000)]
  0x00000000366f6000 JavaThread "OutputFlusher for Source: Custom Source -> Flat Map" daemon [_thread_blocked, id=16988, stack(0x0000000042790000,0x0000000042890000)]
  0x0000000037c79800 JavaThread "OutputFlusher for Source: Custom Source -> Flat Map" daemon [_thread_blocked, id=22300, stack(0x00000000416e0000,0x00000000417e0000)]
  0x0000000037c7b000 JavaThread "OutputFlusher for Source: Custom Source -> Flat Map" daemon [_thread_blocked, id=19704, stack(0x0000000044170000,0x0000000044270000)]
  0x0000000037c7d000 JavaThread "OutputFlusher for Source: Custom Source -> Flat Map" daemon [_thread_blocked, id=21088, stack(0x0000000043450000,0x0000000043550000)]
  0x00000000366f5800 JavaThread "OutputFlusher for Source: Custom Source -> Flat Map" daemon [_thread_blocked, id=7916, stack(0x0000000044c30000,0x0000000044d30000)]
  0x0000000034136800 JavaThread "OutputFlusher for Source: Custom Source -> Flat Map" daemon [_thread_blocked, id=22144, stack(0x0000000043980000,0x0000000043a80000)]
  0x000000003413c800 JavaThread "OutputFlusher for Source: Custom Source -> Flat Map" daemon [_thread_blocked, id=10164, stack(0x0000000044070000,0x0000000044170000)]
  0x000000003413b000 JavaThread "OutputFlusher for Source: Custom Source -> Flat Map" daemon [_thread_blocked, id=20348, stack(0x0000000043d80000,0x0000000043e80000)]
  0x0000000035e18000 JavaThread "OutputFlusher for Source: Custom Source -> Flat Map" daemon [_thread_blocked, id=5428, stack(0x0000000045610000,0x0000000045710000)]
  0x0000000034aee800 JavaThread "OutputFlusher for Source: Custom Source -> Flat Map" daemon [_thread_blocked, id=23152, stack(0x0000000040f50000,0x0000000041050000)]
  0x0000000037c78000 JavaThread "OutputFlusher for Source: Custom Source -> Flat Map" daemon [_thread_blocked, id=24396, stack(0x0000000043190000,0x0000000043290000)]
  0x0000000034aed000 JavaThread "OutputFlusher for Source: Custom Source -> Flat Map" daemon [_thread_blocked, id=7660, stack(0x0000000041d50000,0x0000000041e50000)]
  0x0000000037c7c800 JavaThread "OutputFlusher for Source: Custom Source -> Flat Map" daemon [_thread_blocked, id=22064, stack(0x0000000040bd0000,0x0000000040cd0000)]
  0x0000000037c7a000 JavaThread "OutputFlusher for Source: Custom Source -> Flat Map" daemon [_thread_blocked, id=21720, stack(0x0000000044db0000,0x0000000044eb0000)]
  0x0000000034af0000 JavaThread "OutputFlusher for Source: Custom Source -> Flat Map" daemon [_thread_blocked, id=22720, stack(0x0000000040e00000,0x0000000040f00000)]
  0x0000000033ed0800 JavaThread "OutputFlusher for Source: Custom Source -> Flat Map" daemon [_thread_blocked, id=15584, stack(0x0000000043850000,0x0000000043950000)]
  0x0000000035242800 JavaThread "OutputFlusher for Source: Custom Source -> Flat Map" daemon [_thread_blocked, id=13148, stack(0x0000000044560000,0x0000000044660000)]
  0x0000000034139800 JavaThread "OutputFlusher for Source: Custom Source -> Flat Map" daemon [_thread_blocked, id=400, stack(0x00000000413e0000,0x00000000414e0000)]
  0x0000000034c3f000 JavaThread "OutputFlusher for Source: Custom Source -> Flat Map" daemon [_thread_blocked, id=9408, stack(0x0000000043b20000,0x0000000043c20000)]
  0x0000000033ecd800 JavaThread "OutputFlusher for Source: Custom Source -> Flat Map" daemon [_thread_blocked, id=8484, stack(0x000000003d120000,0x000000003d220000)]
  0x0000000034138800 JavaThread "OutputFlusher for Source: Custom Source -> Flat Map" daemon [_thread_blocked, id=14992, stack(0x000000003b2c0000,0x000000003b3c0000)]
  0x0000000033ed2000 JavaThread "OutputFlusher for Source: Custom Source -> Flat Map" daemon [_thread_blocked, id=15936, stack(0x0000000043740000,0x0000000043840000)]
  0x0000000034c42000 JavaThread "OutputFlusher for Source: Custom Source -> Flat Map" daemon [_thread_blocked, id=23228, stack(0x0000000042a30000,0x0000000042b30000)]
  0x000000003413d000 JavaThread "OutputFlusher for Source: Custom Source -> Flat Map" daemon [_thread_blocked, id=22712, stack(0x0000000043f40000,0x0000000044040000)]
  0x0000000034138000 JavaThread "OutputFlusher for Source: Custom Source -> Flat Map" daemon [_thread_blocked, id=21936, stack(0x00000000410b0000,0x00000000411b0000)]
  0x0000000034137000 JavaThread "OutputFlusher for Source: Custom Source -> Flat Map" daemon [_thread_blocked, id=18532, stack(0x00000000414f0000,0x00000000415f0000)]
  0x0000000034c8c800 JavaThread "OutputFlusher for Source: Custom Source -> Flat Map" daemon [_thread_blocked, id=11108, stack(0x0000000042b40000,0x0000000042c40000)]
  0x0000000034aee000 JavaThread "OutputFlusher for Source: Custom Source -> Flat Map" daemon [_thread_blocked, id=23808, stack(0x0000000042670000,0x0000000042770000)]
  0x0000000034af3000 JavaThread "OutputFlusher for Source: Custom Source -> Flat Map" daemon [_thread_blocked, id=22608, stack(0x0000000042480000,0x0000000042580000)]
  0x0000000034aef800 JavaThread "OutputFlusher for Source: Custom Source -> Flat Map" daemon [_thread_blocked, id=20320, stack(0x000000003c820000,0x000000003c920000)]
  0x0000000034c41800 JavaThread "OutputFlusher for Source: Custom Source -> Flat Map" daemon [_thread_blocked, id=19632, stack(0x0000000042c60000,0x0000000042d60000)]
  0x0000000034aec800 JavaThread "OutputFlusher for Source: Custom Source -> Flat Map" daemon [_thread_blocked, id=8332, stack(0x0000000042ef0000,0x0000000042ff0000)]
  0x0000000035019800 JavaThread "OutputFlusher for Source: Custom Source -> Flat Map" daemon [_thread_blocked, id=21968, stack(0x0000000042d70000,0x0000000042e70000)]
  0x0000000035017000 JavaThread "OutputFlusher for Source: Custom Source -> Flat Map" daemon [_thread_blocked, id=16364, stack(0x00000000420c0000,0x00000000421c0000)]
  0x0000000033ecc800 JavaThread "OutputFlusher for Source: Custom Source -> Flat Map" daemon [_thread_blocked, id=18008, stack(0x00000000428c0000,0x00000000429c0000)]
  0x0000000033ecf800 JavaThread "OutputFlusher for Source: Custom Source -> Flat Map" daemon [_thread_blocked, id=15288, stack(0x0000000041b00000,0x0000000041c00000)]
  0x0000000035e16800 JavaThread "OutputFlusher for Source: Custom Source -> Flat Map" daemon [_thread_blocked, id=10652, stack(0x0000000041e80000,0x0000000041f80000)]
  0x0000000035018000 JavaThread "OutputFlusher for Source: Custom Source -> Flat Map" daemon [_thread_blocked, id=22044, stack(0x00000000419f0000,0x0000000041af0000)]
  0x0000000033ecc000 JavaThread "OutputFlusher for Source: Custom Source -> Flat Map" daemon [_thread_blocked, id=20232, stack(0x000000003f230000,0x000000003f330000)]
  0x000000003438c800 JavaThread "OutputFlusher for Source: Custom Source -> Flat Map" daemon [_thread_blocked, id=6436, stack(0x0000000039b90000,0x0000000039c90000)]
  0x00000000366f3000 JavaThread "OutputFlusher for Source: Custom Source -> Flat Map" daemon [_thread_blocked, id=10056, stack(0x0000000039f10000,0x000000003a010000)]
  0x0000000034c40000 JavaThread "OutputFlusher for Source: Custom Source -> Flat Map" daemon [_thread_blocked, id=21084, stack(0x0000000040610000,0x0000000040710000)]
  0x0000000035e14800 JavaThread "OutputFlusher for Source: Custom Source -> Flat Map" daemon [_thread_blocked, id=8776, stack(0x000000003d710000,0x000000003d810000)]
  0x0000000034c43000 JavaThread "OutputFlusher for Source: Custom Source -> Flat Map" daemon [_thread_blocked, id=20984, stack(0x0000000041820000,0x0000000041920000)]
  0x0000000034c43800 JavaThread "OutputFlusher for Source: Custom Source -> Flat Map" daemon [_thread_blocked, id=3460, stack(0x0000000040480000,0x0000000040580000)]
  0x0000000035e13000 JavaThread "OutputFlusher for Source: Custom Source -> Flat Map" daemon [_thread_blocked, id=19344, stack(0x0000000040cd0000,0x0000000040dd0000)]
  0x0000000034c45000 JavaThread "OutputFlusher for Source: Custom Source -> Flat Map" daemon [_thread_blocked, id=19552, stack(0x0000000041220000,0x0000000041320000)]
  0x0000000035245800 JavaThread "OutputFlusher for Source: Custom Source -> Flat Map" daemon [_thread_blocked, id=13764, stack(0x0000000040ac0000,0x0000000040bc0000)]
  0x0000000035246800 JavaThread "OutputFlusher for Source: Custom Source -> Flat Map" daemon [_thread_blocked, id=20308, stack(0x000000003edb0000,0x000000003eeb0000)]
  0x0000000034c46000 JavaThread "OutputFlusher for Source: Custom Source -> Flat Map" daemon [_thread_blocked, id=10100, stack(0x0000000040230000,0x0000000040330000)]
  0x0000000034c44800 JavaThread "OutputFlusher for Source: Custom Source -> Flat Map" daemon [_thread_blocked, id=15372, stack(0x0000000041f80000,0x0000000042080000)]
  0x0000000035242000 JavaThread "OutputFlusher for Source: Custom Source -> Flat Map" daemon [_thread_blocked, id=22580, stack(0x000000003feb0000,0x000000003ffb0000)]
  0x0000000035245000 JavaThread "OutputFlusher for Source: Custom Source -> Flat Map" daemon [_thread_blocked, id=12800, stack(0x000000003f580000,0x000000003f680000)]
  0x0000000035244000 JavaThread "OutputFlusher for Source: Custom Source -> Flat Map" daemon [_thread_blocked, id=13420, stack(0x000000003f7b0000,0x000000003f8b0000)]
  0x0000000035241000 JavaThread "OutputFlusher for Source: Custom Source -> Flat Map" daemon [_thread_blocked, id=20328, stack(0x000000003ca10000,0x000000003cb10000)]
  0x000000003438b000 JavaThread "OutputFlusher for Source: Custom Source -> Flat Map" daemon [_thread_blocked, id=17252, stack(0x000000003cdc0000,0x000000003cec0000)]
  0x0000000035018800 JavaThread "OutputFlusher for Source: Custom Source -> Flat Map" daemon [_thread_blocked, id=20432, stack(0x000000003d410000,0x000000003d510000)]
  0x0000000035243800 JavaThread "OutputFlusher for Source: Custom Source -> Flat Map" daemon [_thread_blocked, id=7648, stack(0x0000000040920000,0x0000000040a20000)]
  0x000000003523f800 JavaThread "OutputFlusher for Source: Custom Source -> Flat Map" daemon [_thread_blocked, id=15572, stack(0x000000003e270000,0x000000003e370000)]
  0x0000000035240800 JavaThread "OutputFlusher for Source: Custom Source -> Flat Map" daemon [_thread_blocked, id=14344, stack(0x0000000040790000,0x0000000040890000)]
  0x0000000034390800 JavaThread "OutputFlusher for Source: Custom Source -> Flat Map" daemon [_thread_blocked, id=23280, stack(0x0000000040120000,0x0000000040220000)]
  0x000000001d45b800 JavaThread "OutputFlusher for Source: Custom Source -> Flat Map" daemon [_thread_blocked, id=18488, stack(0x000000003fff0000,0x00000000400f0000)]
  0x0000000035016800 JavaThread "OutputFlusher for Source: Custom Source -> Flat Map" daemon [_thread_blocked, id=19392, stack(0x000000003dff0000,0x000000003e0f0000)]
  0x0000000034c8b800 JavaThread "OutputFlusher for Source: Custom Source -> Flat Map" daemon [_thread_blocked, id=8808, stack(0x000000003eb90000,0x000000003ec90000)]
  0x0000000035014000 JavaThread "OutputFlusher for Source: Custom Source -> Flat Map" daemon [_thread_blocked, id=21188, stack(0x000000003fb80000,0x000000003fc80000)]
  0x000000003501b000 JavaThread "OutputFlusher for Source: Custom Source -> Flat Map" daemon [_thread_blocked, id=8436, stack(0x000000003d2a0000,0x000000003d3a0000)]
  0x0000000035015000 JavaThread "OutputFlusher for Source: Custom Source -> Flat Map" daemon [_thread_blocked, id=16440, stack(0x0000000040380000,0x0000000040480000)]
  0x000000003438e000 JavaThread "OutputFlusher for Source: Custom Source -> Flat Map" daemon [_thread_blocked, id=13140, stack(0x000000003f010000,0x000000003f110000)]
  0x000000003501a000 JavaThread "OutputFlusher for Source: Custom Source -> Flat Map" daemon [_thread_blocked, id=15676, stack(0x000000003f6a0000,0x000000003f7a0000)]
  0x0000000035e13800 JavaThread "OutputFlusher for Source: Custom Source -> Flat Map" daemon [_thread_blocked, id=15824, stack(0x000000003f3b0000,0x000000003f4b0000)]
  0x0000000034391000 JavaThread "OutputFlusher for Source: Custom Source -> Flat Map" daemon [_thread_blocked, id=16292, stack(0x000000003d940000,0x000000003da40000)]
  0x0000000035015800 JavaThread "OutputFlusher for Source: Custom Source -> Flat Map" daemon [_thread_blocked, id=7856, stack(0x000000003fd60000,0x000000003fe60000)]
  0x0000000035e17800 JavaThread "OutputFlusher for Source: Custom Source -> Flat Map" daemon [_thread_blocked, id=18776, stack(0x000000003fa80000,0x000000003fb80000)]
  0x000000003438a800 JavaThread "OutputFlusher for Source: Custom Source -> Flat Map" daemon [_thread_blocked, id=15140, stack(0x000000003eca0000,0x000000003eda0000)]
  0x000000001d461000 JavaThread "OutputFlusher for Source: Custom Source -> Flat Map" daemon [_thread_blocked, id=23336, stack(0x000000003eec0000,0x000000003efc0000)]
  0x000000003463f800 JavaThread "OutputFlusher for Source: Custom Source -> Flat Map" daemon [_thread_blocked, id=23804, stack(0x000000003f910000,0x000000003fa10000)]
  0x0000000035e16000 JavaThread "OutputFlusher for Source: Custom Source -> Flat Map" daemon [_thread_blocked, id=6736, stack(0x0000000039790000,0x0000000039890000)]
  0x000000003438f000 JavaThread "OutputFlusher for Source: Custom Source -> Flat Map" daemon [_thread_blocked, id=19340, stack(0x000000003cf20000,0x000000003d020000)]
  0x000000003438f800 JavaThread "OutputFlusher for Source: Custom Source -> Flat Map" daemon [_thread_blocked, id=22424, stack(0x000000003d810000,0x000000003d910000)]
  0x000000003438c000 JavaThread "OutputFlusher for Source: Custom Source -> Flat Map" daemon [_thread_blocked, id=18332, stack(0x000000003f110000,0x000000003f210000)]
  0x0000000034641800 JavaThread "OutputFlusher for Source: Custom Source -> Flat Map" daemon [_thread_blocked, id=7516, stack(0x000000003ea80000,0x000000003eb80000)]
  0x0000000036032800 JavaThread "OutputFlusher for Source: Custom Source -> Flat Map" daemon [_thread_blocked, id=23176, stack(0x000000003e940000,0x000000003ea40000)]
  0x0000000034c8b000 JavaThread "OutputFlusher for Source: Custom Source -> Flat Map" daemon [_thread_blocked, id=19532, stack(0x000000003d020000,0x000000003d120000)]
  0x0000000035206000 JavaThread "OutputFlusher for Source: Custom Source -> Flat Map" daemon [_thread_blocked, id=20848, stack(0x000000003e680000,0x000000003e780000)]
  0x000000001d45c800 JavaThread "OutputFlusher for Source: Custom Source -> Flat Map" daemon [_thread_blocked, id=18976, stack(0x000000003dbb0000,0x000000003dcb0000)]
  0x0000000035e15000 JavaThread "OutputFlusher for Source: Custom Source -> Flat Map" daemon [_thread_blocked, id=10160, stack(0x000000003e780000,0x000000003e880000)]
  0x00000000366f7000 JavaThread "OutputFlusher for Source: Custom Source -> Flat Map" daemon [_thread_blocked, id=23524, stack(0x0000000038e70000,0x0000000038f70000)]
  0x0000000035e12000 JavaThread "OutputFlusher for Source: Custom Source -> Flat Map" daemon [_thread_blocked, id=6168, stack(0x000000003e580000,0x000000003e680000)]
  0x0000000035e11800 JavaThread "OutputFlusher for Source: Custom Source -> Flat Map" daemon [_thread_blocked, id=6416, stack(0x000000003abc0000,0x000000003acc0000)]
  0x0000000035201000 JavaThread "OutputFlusher for Source: Custom Source -> Flat Map" daemon [_thread_blocked, id=10932, stack(0x000000003da50000,0x000000003db50000)]
  0x0000000034c8d000 JavaThread "OutputFlusher for Source: Custom Source -> Flat Map" daemon [_thread_blocked, id=18128, stack(0x000000003d560000,0x000000003d660000)]
  0x0000000035207000 JavaThread "OutputFlusher for Source: Custom Source -> Flat Map" daemon [_thread_blocked, id=18072, stack(0x000000003cb70000,0x000000003cc70000)]
  0x0000000034c89800 JavaThread "OutputFlusher for Source: Custom Source -> Flat Map" daemon [_thread_blocked, id=23332, stack(0x000000003e480000,0x000000003e580000)]
  0x0000000034c8f800 JavaThread "OutputFlusher for Source: Custom Source -> Flat Map" daemon [_thread_blocked, id=20568, stack(0x000000003b5f0000,0x000000003b6f0000)]
  0x0000000034c88800 JavaThread "OutputFlusher for Source: Custom Source -> Flat Map" daemon [_thread_blocked, id=19476, stack(0x0000000039a50000,0x0000000039b50000)]
  0x0000000036036800 JavaThread "OutputFlusher for Source: Custom Source -> Flat Map" daemon [_thread_blocked, id=19816, stack(0x000000003e100000,0x000000003e200000)]
  0x000000001d45d000 JavaThread "OutputFlusher for Source: Custom Source -> Flat Map" daemon [_thread_blocked, id=9180, stack(0x000000003def0000,0x000000003dff0000)]
  0x0000000036035000 JavaThread "OutputFlusher for Source: Custom Source -> Flat Map" daemon [_thread_blocked, id=21192, stack(0x000000003dd10000,0x000000003de10000)]
  0x0000000034c8e000 JavaThread "OutputFlusher for Source: Custom Source -> Flat Map" daemon [_thread_blocked, id=23520, stack(0x000000003c100000,0x000000003c200000)]
  0x000000001d45f800 JavaThread "OutputFlusher for Source: Custom Source -> Flat Map" daemon [_thread_blocked, id=17548, stack(0x000000003b920000,0x000000003ba20000)]
  0x0000000034c8a000 JavaThread "OutputFlusher for Source: Custom Source -> Flat Map" daemon [_thread_blocked, id=18660, stack(0x0000000039de0000,0x0000000039ee0000)]
  0x000000001d45e800 JavaThread "OutputFlusher for Source: Custom Source -> Flat Map" daemon [_thread_blocked, id=20364, stack(0x0000000039cb0000,0x0000000039db0000)]
  0x000000001d460000 JavaThread "OutputFlusher for Source: Custom Source -> Flat Map" daemon [_thread_blocked, id=9540, stack(0x000000003b820000,0x000000003b920000)]
  0x000000001d45e000 JavaThread "OutputFlusher for Source: Custom Source -> Flat Map" daemon [_thread_blocked, id=16356, stack(0x000000003bfd0000,0x000000003c0d0000)]
  0x0000000036034000 JavaThread "OutputFlusher for Source: Custom Source -> Flat Map" daemon [_thread_blocked, id=11960, stack(0x000000003b190000,0x000000003b290000)]
  0x0000000035201800 JavaThread "OutputFlusher for Source: Custom Source -> Flat Map" daemon [_thread_blocked, id=20352, stack(0x000000003c440000,0x000000003c540000)]
  0x0000000036031000 JavaThread "OutputFlusher for Source: Custom Source -> Flat Map" daemon [_thread_blocked, id=19580, stack(0x000000003beb0000,0x000000003bfb0000)]
  0x000000001d45a000 JavaThread "OutputFlusher for Source: Custom Source -> Flat Map" daemon [_thread_blocked, id=6056, stack(0x000000003a5e0000,0x000000003a6e0000)]
  0x00000000366f4000 JavaThread "OutputFlusher for Source: Custom Source -> Flat Map" daemon [_thread_blocked, id=15576, stack(0x000000003bd70000,0x000000003be70000)]
  0x00000000366f2800 JavaThread "OutputFlusher for Source: Custom Source -> Flat Map" daemon [_thread_blocked, id=12920, stack(0x000000003bb80000,0x000000003bc80000)]
  0x0000000036030800 JavaThread "OutputFlusher for Source: Custom Source -> Flat Map" daemon [_thread_blocked, id=21000, stack(0x000000003b000000,0x000000003b100000)]
  0x0000000035205800 JavaThread "OutputFlusher for Source: Custom Source -> Flat Map" daemon [_thread_blocked, id=23040, stack(0x000000003ccb0000,0x000000003cdb0000)]
  0x000000003463e000 JavaThread "OutputFlusher for Source: Custom Source -> Flat Map" daemon [_thread_blocked, id=18208, stack(0x000000003c550000,0x000000003c650000)]
  0x0000000036033800 JavaThread "OutputFlusher for Source: Custom Source -> Flat Map" daemon [_thread_blocked, id=17592, stack(0x000000003adc0000,0x000000003aec0000)]
  0x0000000036037000 JavaThread "OutputFlusher for Source: Custom Source -> Flat Map" daemon [_thread_blocked, id=10008, stack(0x000000003a2e0000,0x000000003a3e0000)]
  0x0000000035204000 JavaThread "OutputFlusher for Source: Custom Source -> Flat Map" daemon [_thread_blocked, id=13012, stack(0x000000003c720000,0x000000003c820000)]
  0x00000000366f7800 JavaThread "OutputFlusher for Source: Custom Source -> Flat Map" daemon [_thread_blocked, id=13048, stack(0x000000003a090000,0x000000003a190000)]
  0x0000000035204800 JavaThread "OutputFlusher for Source: Custom Source -> Flat Map" daemon [_thread_blocked, id=7296, stack(0x000000003aef0000,0x000000003aff0000)]
  0x0000000036035800 JavaThread "OutputFlusher for Source: Custom Source -> Flat Map" daemon [_thread_blocked, id=19336, stack(0x0000000039620000,0x0000000039720000)]
  0x00000000366f9000 JavaThread "OutputFlusher for Source: Custom Source -> Flat Map" daemon [_thread_blocked, id=20104, stack(0x0000000021010000,0x0000000021110000)]
  0x0000000034641000 JavaThread "OutputFlusher for Source: Custom Source -> Flat Map" daemon [_thread_blocked, id=14880, stack(0x000000003ba20000,0x000000003bb20000)]
  0x00000000366f8800 JavaThread "OutputFlusher for Source: Custom Source -> Flat Map" daemon [_thread_blocked, id=16148, stack(0x000000003c2f0000,0x000000003c3f0000)]
  0x0000000035207800 JavaThread "OutputFlusher for Source: Custom Source -> Flat Map" daemon [_thread_blocked, id=23540, stack(0x00000000394c0000,0x00000000395c0000)]
  0x0000000036032000 JavaThread "OutputFlusher for Source: Custom Source -> Flat Map" daemon [_thread_blocked, id=24032, stack(0x000000003b6f0000,0x000000003b7f0000)]
  0x0000000034642800 JavaThread "OutputFlusher for Source: Custom Source -> Flat Map" daemon [_thread_blocked, id=23104, stack(0x000000003a190000,0x000000003a290000)]
  0x000000003463e800 JavaThread "OutputFlusher for Source: Custom Source -> Flat Map" daemon [_thread_blocked, id=3184, stack(0x0000000039900000,0x0000000039a00000)]
  0x0000000035202800 JavaThread "OutputFlusher for Source: Custom Source -> Flat Map" daemon [_thread_blocked, id=22264, stack(0x000000003aa80000,0x000000003ab80000)]
  0x000000003463d000 JavaThread "Flink-MetricRegistry-thread-1" daemon [_thread_blocked, id=20632, stack(0x0000000039080000,0x0000000039180000)]
  0x000000003463c800 JavaThread "jobmanager-future-thread-4" daemon [_thread_blocked, id=13744, stack(0x0000000038f70000,0x0000000039070000)]
  0x000000003463b800 JavaThread "pool-1-thread-1" [_thread_blocked, id=6676, stack(0x0000000037680000,0x0000000037780000)]
  0x000000001e0cd800 JavaThread "jobmanager-future-thread-3" daemon [_thread_blocked, id=11156, stack(0x0000000038d70000,0x0000000038e70000)]
  0x000000001e0cc800 JavaThread "FlinkCompletableFutureDelayScheduler-thread-1" daemon [_thread_blocked, id=16836, stack(0x0000000035f10000,0x0000000036010000)]
  0x000000001e0cc000 JavaThread "jobmanager-future-thread-2" daemon [_thread_blocked, id=17708, stack(0x0000000038c40000,0x0000000038d40000)]
  0x000000001e0cb000 JavaThread "Checkpoint Timer" daemon [_thread_blocked, id=21868, stack(0x0000000037260000,0x0000000037360000)]
  0x000000001e0ca800 JavaThread "jobmanager-future-thread-1" daemon [_thread_blocked, id=20416, stack(0x0000000038ab0000,0x0000000038bb0000)]
  0x000000001e0c9800 JavaThread "flink-rest-server-netty-boss-thread-1" daemon [_thread_in_native, id=15904, stack(0x00000000389b0000,0x0000000038ab0000)]
  0x000000001e0c9000 JavaThread "ObjectCleanerThread" daemon [_thread_blocked, id=13792, stack(0x0000000033a50000,0x0000000033b50000)]
  0x000000001e0c8000 JavaThread "IOManager reader thread #1" daemon [_thread_blocked, id=6180, stack(0x0000000033c50000,0x0000000033d50000)]
  0x000000001e0c7800 JavaThread "IOManager writer thread #1" daemon [_thread_blocked, id=15168, stack(0x0000000033b50000,0x0000000033c50000)]
  0x000000001e0c6800 JavaThread "Timer-2" daemon [_thread_blocked, id=8784, stack(0x0000000021b70000,0x0000000021c70000)]
  0x00000000063a8000 JavaThread "Timer-1" daemon [_thread_blocked, id=18256, stack(0x0000000021c90000,0x0000000021d90000)]
  0x00000000063a7000 JavaThread "flink-akka.actor.default-dispatcher-5" [_thread_blocked, id=18364, stack(0x00000000219e0000,0x0000000021ae0000)]
  0x00000000063a6800 JavaThread "BLOB Server listener at 60342" daemon [_thread_in_native, id=15764, stack(0x0000000020df0000,0x0000000020ef0000)]
  0x00000000063a5800 JavaThread "Timer-0" daemon [_thread_blocked, id=16800, stack(0x0000000021600000,0x0000000021700000)]
  0x00000000063a5000 JavaThread "New I/O server boss #6" [_thread_in_native, id=5432, stack(0x0000000021470000,0x0000000021570000)]
  0x00000000063a4000 JavaThread "New I/O worker #5" [_thread_in_native, id=17512, stack(0x00000000212e0000,0x00000000213e0000)]
  0x00000000063a3800 JavaThread "New I/O worker #4" [_thread_in_native, id=7460, stack(0x0000000021120000,0x0000000021220000)]
  0x00000000063a2800 JavaThread "New I/O boss #3" [_thread_in_native, id=4120, stack(0x0000000020f10000,0x0000000021010000)]
  0x00000000063a2000 JavaThread "New I/O worker #2" [_thread_in_native, id=18340, stack(0x0000000020cd0000,0x0000000020dd0000)]
  0x00000000063a1000 JavaThread "New I/O worker #1" [_thread_in_native, id=17432, stack(0x000000001f8c0000,0x000000001f9c0000)]
  0x00000000063a9000 JavaThread "flink-metrics-akka.remote.default-remote-dispatcher-4" [_thread_blocked, id=23292, stack(0x0000000007520000,0x0000000007620000)]
  0x0000000006b8f000 JavaThread "flink-metrics-akka.remote.default-remote-dispatcher-3" [_thread_blocked, id=17584, stack(0x000000001f790000,0x000000001f890000)]
  0x00000000065b9800 JavaThread "flink-metrics-2" [_thread_blocked, id=7384, stack(0x000000001f5f0000,0x000000001f6f0000)]
  0x000000001e122000 JavaThread "flink-metrics-scheduler-1" [_thread_blocked, id=16924, stack(0x000000001f380000,0x000000001f480000)]
  0x000000001dc07000 JavaThread "flink-akka.actor.default-dispatcher-4" [_thread_blocked, id=11912, stack(0x000000001f220000,0x000000001f320000)]
  0x000000001dbf2000 JavaThread "flink-akka.actor.default-dispatcher-3" [_thread_blocked, id=23116, stack(0x000000001f0c0000,0x000000001f1c0000)]
  0x000000001dc0b800 JavaThread "flink-akka.actor.default-dispatcher-2" [_thread_blocked, id=1072, stack(0x000000001eba0000,0x000000001eca0000)]
  0x000000001daef000 JavaThread "flink-scheduler-1" [_thread_blocked, id=17880, stack(0x000000001ecb0000,0x000000001edb0000)]
  0x0000000006cc0000 JavaThread "Service Thread" daemon [_thread_blocked, id=16528, stack(0x000000001d070000,0x000000001d170000)]
  0x0000000006cbf000 JavaThread "C1 CompilerThread2" daemon [_thread_blocked, id=16520, stack(0x0000000005ef0000,0x0000000005ff0000)]
=>0x0000000006cbe000 JavaThread "C2 CompilerThread1" daemon [_thread_in_native, id=10984, stack(0x0000000007620000,0x0000000007720000)]
  0x0000000006cd7800 JavaThread "C2 CompilerThread0" daemon [_thread_blocked, id=7372, stack(0x0000000007410000,0x0000000007510000)]
  0x0000000006cd6000 JavaThread "Monitor Ctrl-Break" daemon [_thread_in_native, id=24384, stack(0x00000000072e0000,0x00000000073e0000)]
  0x0000000006321000 JavaThread "Attach Listener" daemon [_thread_blocked, id=18668, stack(0x00000000068d0000,0x00000000069d0000)]
  0x0000000006320800 JavaThread "Signal Dispatcher" daemon [_thread_blocked, id=13904, stack(0x0000000006770000,0x0000000006870000)]
  0x0000000004f33000 JavaThread "Finalizer" daemon [_thread_blocked, id=13100, stack(0x0000000006210000,0x0000000006310000)]
  0x0000000004f29800 JavaThread "Reference Handler" daemon [_thread_blocked, id=14380, stack(0x0000000006090000,0x0000000006190000)]
  0x00000000024ab000 JavaThread "main" [_thread_blocked, id=1380, stack(0x0000000002780000,0x0000000002880000)]

Other Threads:
  0x0000000004ee4000 VMThread [stack: 0x0000000005df0000,0x0000000005ef0000] [id=12988]
  0x0000000006dca000 WatcherThread [stack: 0x000000001d250000,0x000000001d350000] [id=16508]

VM state:not at safepoint (normal execution)

VM Mutex/Monitor currently owned by a thread: None

heap address: 0x0000000701200000, size: 3054 MB, Compressed Oops mode: Zero based, Oop shift amount: 3
Narrow klass base: 0x0000000000000000, Narrow klass shift: 3
Compressed class space size: 1073741824 Address: 0x00000007c0000000

Heap:
 PSYoungGen      total 1004032K, used 859563K [0x0000000780600000, 0x00000007c0000000, 0x00000007c0000000)
  eden space 969728K, 88% used [0x0000000780600000,0x00000007b4d6ad60,0x00000007bb900000)
  from space 34304K, 0% used [0x00000007bb900000,0x00000007bb900000,0x00000007bda80000)
  to   space 36864K, 0% used [0x00000007bdc00000,0x00000007bdc00000,0x00000007c0000000)
 ParOldGen       total 296448K, used 296428K [0x0000000701200000, 0x0000000713380000, 0x0000000780600000)
  object space 296448K, 99% used [0x0000000701200000,0x000000071337b270,0x0000000713380000)
 Metaspace       used 40531K, capacity 41840K, committed 41984K, reserved 1085440K
  class space    used 5355K, capacity 5606K, committed 5632K, reserved 1048576K

Card table byte_map: [0x0000000002d40000,0x0000000003340000] byte_map_base: 0xffffffffff537000

Marking Bits: (ParMarkBitMap*) 0x0000000007fd5ce0
 Begin Bits: [0x0000000017060000, 0x000000001a018000)
 End Bits:   [0x000000001a018000, 0x000000001cfd0000)

Polling page: 0x0000000000130000

CodeCache: size=245760Kb used=24396Kb max_used=25653Kb free=221363Kb
 bounds [0x0000000008060000, 0x0000000009ae0000, 0x0000000017060000]
 total_blobs=7174 nmethods=6606 adapters=480
 compilation: enabled

Compilation events (10 events):
Event: 85.628 Thread 0x0000000006cbe000 8919   !   4       org.apache.flink.runtime.taskmanager.Task::run (1861 bytes)
Event: 85.839 Thread 0x0000000006cd7800 8920       4       sun.nio.ch.WindowsSelectorImpl$FinishLock::checkForException (51 bytes)
Event: 85.839 Thread 0x0000000006cd7800 nmethod 8920 0x0000000009020b50 code [0x0000000009020c80, 0x0000000009020cf8]
Event: 86.014 Thread 0x0000000006cd7800 8921       4       java.util.concurrent.CompletableFuture$UniExceptionally::tryFire (51 bytes)
Event: 86.016 Thread 0x0000000006cd7800 nmethod 8921 0x000000000913f4d0 code [0x000000000913f640, 0x000000000913f948]
Event: 86.098 Thread 0x0000000006cbf000 8922       3       sun.nio.ch.WindowsSelectorImpl$FdMap::remove (55 bytes)
Event: 86.099 Thread 0x0000000006cbf000 nmethod 8922 0x0000000008e63410 code [0x0000000008e63620, 0x0000000008e64308]
Event: 86.242 Thread 0x0000000006cd7800 8923       4       java.util.concurrent.CompletableFuture$UniAccept::tryFire (59 bytes)
Event: 86.253 Thread 0x0000000006cd7800 nmethod 8923 0x000000000872e410 code [0x000000000872e600, 0x000000000872f0c0]
Event: 86.318 Thread 0x0000000006cd7800 8924       4       sun.nio.ch.WindowsSelectorImpl::updateSelectedKeys (74 bytes)

GC Heap History (10 events):
Event: 79.755 GC heap before
{Heap before GC invocations=97 (full 14):
 PSYoungGen      total 1004032K, used 969728K [0x0000000780600000, 0x00000007c0000000, 0x00000007c0000000)
  eden space 969728K, 100% used [0x0000000780600000,0x00000007bb900000,0x00000007bb900000)
  from space 34304K, 0% used [0x00000007bb900000,0x00000007bb900000,0x00000007bda80000)
  to   space 36864K, 0% used [0x00000007bdc00000,0x00000007bdc00000,0x00000007c0000000)
 ParOldGen       total 296448K, used 296069K [0x0000000701200000, 0x0000000713380000, 0x0000000780600000)
  object space 296448K, 99% used [0x0000000701200000,0x00000007133214b8,0x0000000713380000)
 Metaspace       used 40526K, capacity 41840K, committed 41984K, reserved 1085440K
  class space    used 5355K, capacity 5606K, committed 5632K, reserved 1048576K
Event: 80.218 GC heap after
Heap after GC invocations=97 (full 14):
 PSYoungGen      total 1004032K, used 63740K [0x0000000780600000, 0x00000007c0000000, 0x00000007c0000000)
  eden space 969728K, 6% used [0x0000000780600000,0x000000078443f328,0x00000007bb900000)
  from space 34304K, 0% used [0x00000007bb900000,0x00000007bb900000,0x00000007bda80000)
  to   space 36864K, 0% used [0x00000007bdc00000,0x00000007bdc00000,0x00000007c0000000)
 ParOldGen       total 296448K, used 296431K [0x0000000701200000, 0x0000000713380000, 0x0000000780600000)
  object space 296448K, 99% used [0x0000000701200000,0x000000071337bfb0,0x0000000713380000)
 Metaspace       used 40526K, capacity 41840K, committed 41984K, reserved 1085440K
  class space    used 5355K, capacity 5606K, committed 5632K, reserved 1048576K
}
Event: 81.048 GC heap before
{Heap before GC invocations=98 (full 15):
 PSYoungGen      total 1004032K, used 969728K [0x0000000780600000, 0x00000007c0000000, 0x00000007c0000000)
  eden space 969728K, 100% used [0x0000000780600000,0x00000007bb900000,0x00000007bb900000)
  from space 34304K, 0% used [0x00000007bb900000,0x00000007bb900000,0x00000007bda80000)
  to   space 36864K, 0% used [0x00000007bdc00000,0x00000007bdc00000,0x00000007c0000000)
 ParOldGen       total 296448K, used 296431K [0x0000000701200000, 0x0000000713380000, 0x0000000780600000)
  object space 296448K, 99% used [0x0000000701200000,0x000000071337bfb0,0x0000000713380000)
 Metaspace       used 40531K, capacity 41840K, committed 41984K, reserved 1085440K
  class space    used 5355K, capacity 5606K, committed 5632K, reserved 1048576K
Event: 81.480 GC heap after
Heap after GC invocations=98 (full 15):
 PSYoungGen      total 1004032K, used 73908K [0x0000000780600000, 0x00000007c0000000, 0x00000007c0000000)
  eden space 969728K, 7% used [0x0000000780600000,0x0000000784e2d068,0x00000007bb900000)
  from space 34304K, 0% used [0x00000007bb900000,0x00000007bb900000,0x00000007bda80000)
  to   space 36864K, 0% used [0x00000007bdc00000,0x00000007bdc00000,0x00000007c0000000)
 ParOldGen       total 296448K, used 296429K [0x0000000701200000, 0x0000000713380000, 0x0000000780600000)
  object space 296448K, 99% used [0x0000000701200000,0x000000071337b620,0x0000000713380000)
 Metaspace       used 40531K, capacity 41840K, committed 41984K, reserved 1085440K
  class space    used 5355K, capacity 5606K, committed 5632K, reserved 1048576K
}
Event: 82.457 GC heap before
{Heap before GC invocations=99 (full 16):
 PSYoungGen      total 1004032K, used 969728K [0x0000000780600000, 0x00000007c0000000, 0x00000007c0000000)
  eden space 969728K, 100% used [0x0000000780600000,0x00000007bb900000,0x00000007bb900000)
  from space 34304K, 0% used [0x00000007bb900000,0x00000007bb900000,0x00000007bda80000)
  to   space 36864K, 0% used [0x00000007bdc00000,0x00000007bdc00000,0x00000007c0000000)
 ParOldGen       total 296448K, used 296429K [0x0000000701200000, 0x0000000713380000, 0x0000000780600000)
  object space 296448K, 99% used [0x0000000701200000,0x000000071337b620,0x0000000713380000)
 Metaspace       used 40531K, capacity 41840K, committed 41984K, reserved 1085440K
  class space    used 5355K, capacity 5606K, committed 5632K, reserved 1048576K
Event: 82.937 GC heap after
Heap after GC invocations=99 (full 16):
 PSYoungGen      total 1004032K, used 85194K [0x0000000780600000, 0x00000007c0000000, 0x00000007c0000000)
  eden space 969728K, 8% used [0x0000000780600000,0x0000000785932890,0x00000007bb900000)
  from space 34304K, 0% used [0x00000007bb900000,0x00000007bb900000,0x00000007bda80000)
  to   space 36864K, 0% used [0x00000007bdc00000,0x00000007bdc00000,0x00000007c0000000)
 ParOldGen       total 296448K, used 296428K [0x0000000701200000, 0x0000000713380000, 0x0000000780600000)
  object space 296448K, 99% used [0x0000000701200000,0x000000071337b3c0,0x0000000713380000)
 Metaspace       used 40531K, capacity 41840K, committed 41984K, reserved 1085440K
  class space    used 5355K, capacity 5606K, committed 5632K, reserved 1048576K
}
Event: 83.745 GC heap before
{Heap before GC invocations=100 (full 17):
 PSYoungGen      total 1004032K, used 969728K [0x0000000780600000, 0x00000007c0000000, 0x00000007c0000000)
  eden space 969728K, 100% used [0x0000000780600000,0x00000007bb900000,0x00000007bb900000)
  from space 34304K, 0% used [0x00000007bb900000,0x00000007bb900000,0x00000007bda80000)
  to   space 36864K, 0% used [0x00000007bdc00000,0x00000007bdc00000,0x00000007c0000000)
 ParOldGen       total 296448K, used 296428K [0x0000000701200000, 0x0000000713380000, 0x0000000780600000)
  object space 296448K, 99% used [0x0000000701200000,0x000000071337b3c0,0x0000000713380000)
 Metaspace       used 40531K, capacity 41840K, committed 41984K, reserved 1085440K
  class space    used 5355K, capacity 5606K, committed 5632K, reserved 1048576K
Event: 84.192 GC heap after
Heap after GC invocations=100 (full 17):
 PSYoungGen      total 1004032K, used 95305K [0x0000000780600000, 0x00000007c0000000, 0x00000007c0000000)
  eden space 969728K, 9% used [0x0000000780600000,0x0000000786312550,0x00000007bb900000)
  from space 34304K, 0% used [0x00000007bb900000,0x00000007bb900000,0x00000007bda80000)
  to   space 36864K, 0% used [0x00000007bdc00000,0x00000007bdc00000,0x00000007c0000000)
 ParOldGen       total 296448K, used 296428K [0x0000000701200000, 0x0000000713380000, 0x0000000780600000)
  object space 296448K, 99% used [0x0000000701200000,0x000000071337b2a8,0x0000000713380000)
 Metaspace       used 40531K, capacity 41840K, committed 41984K, reserved 1085440K
  class space    used 5355K, capacity 5606K, committed 5632K, reserved 1048576K
}
Event: 85.044 GC heap before
{Heap before GC invocations=101 (full 18):
 PSYoungGen      total 1004032K, used 969728K [0x0000000780600000, 0x00000007c0000000, 0x00000007c0000000)
  eden space 969728K, 100% used [0x0000000780600000,0x00000007bb900000,0x00000007bb900000)
  from space 34304K, 0% used [0x00000007bb900000,0x00000007bb900000,0x00000007bda80000)
  to   space 36864K, 0% used [0x00000007bdc00000,0x00000007bdc00000,0x00000007c0000000)
 ParOldGen       total 296448K, used 296428K [0x0000000701200000, 0x0000000713380000, 0x0000000780600000)
  object space 296448K, 99% used [0x0000000701200000,0x000000071337b2a8,0x0000000713380000)
 Metaspace       used 40531K, capacity 41840K, committed 41984K, reserved 1085440K
  class space    used 5355K, capacity 5606K, committed 5632K, reserved 1048576K
Event: 85.475 GC heap after
Heap after GC invocations=101 (full 18):
 PSYoungGen      total 1004032K, used 100971K [0x0000000780600000, 0x00000007c0000000, 0x00000007c0000000)
  eden space 969728K, 10% used [0x0000000780600000,0x000000078689ad68,0x00000007bb900000)
  from space 34304K, 0% used [0x00000007bb900000,0x00000007bb900000,0x00000007bda80000)
  to   space 36864K, 0% used [0x00000007bdc00000,0x00000007bdc00000,0x00000007c0000000)
 ParOldGen       total 296448K, used 296428K [0x0000000701200000, 0x0000000713380000, 0x0000000780600000)
  object space 296448K, 99% used [0x0000000701200000,0x000000071337b270,0x0000000713380000)
 Metaspace       used 40531K, capacity 41840K, committed 41984K, reserved 1085440K
  class space    used 5355K, capacity 5606K, committed 5632K, reserved 1048576K
}

Deoptimization events (10 events):
Event: 75.012 Thread 0x0000000036318800 Uncommon trap: reason=bimorphic action=maybe_recompile pc=0x0000000008c1c170 method=java.lang.Throwable.<init>(Ljava/lang/Throwable;)V @ 24
Event: 75.012 Thread 0x0000000036318800 Uncommon trap: reason=unloaded action=reinterpret pc=0x0000000008e6ce6c method=org.apache.kafka.common.network.Selector.<init>(IJLorg/apache/kafka/common/metrics/Metrics;Lorg/apache/kafka/common/utils/Time;Ljava/lang/String;Ljava/util/Map;ZZLorg/apache/ka
Event: 75.012 Thread 0x0000000036318800 Uncommon trap: reason=bimorphic action=maybe_recompile pc=0x0000000008c1c170 method=java.lang.Throwable.<init>(Ljava/lang/Throwable;)V @ 24
Event: 75.012 Thread 0x0000000036318800 Uncommon trap: reason=unstable_if action=reinterpret pc=0x0000000009acc894 method=org.apache.kafka.clients.consumer.KafkaConsumer.close(JZ)V @ 29
Event: 75.012 Thread 0x0000000036318800 Uncommon trap: reason=unstable_if action=reinterpret pc=0x0000000008cf31f4 method=org.apache.kafka.common.utils.AppInfoParser.unregisterAppInfo(Ljava/lang/String;Ljava/lang/String;)V @ 42
Event: 75.012 Thread 0x0000000036318800 Uncommon trap: reason=unloaded action=reinterpret pc=0x0000000009a1f63c method=org.apache.kafka.clients.consumer.KafkaConsumer.<init>(Lorg/apache/kafka/clients/consumer/ConsumerConfig;Lorg/apache/kafka/common/serialization/Deserializer;Lorg/apache/kafka/c
Event: 81.805 Thread 0x0000000033f4f800 Uncommon trap: reason=predicate action=maybe_recompile pc=0x00000000092db864 method=java.util.Arrays.fill([Ljava/lang/Object;Ljava/lang/Object;)V @ 10
Event: 82.422 Thread 0x0000000035c15800 Uncommon trap: reason=bimorphic action=maybe_recompile pc=0x0000000008c1c170 method=java.lang.Throwable.<init>(Ljava/lang/Throwable;)V @ 24
Event: 82.422 Thread 0x0000000035c15800 Uncommon trap: reason=bimorphic action=maybe_recompile pc=0x0000000008c1c170 method=java.lang.Throwable.<init>(Ljava/lang/Throwable;)V @ 24
Event: 83.549 Thread 0x0000000038772000 Uncommon trap: reason=array_check action=maybe_recompile pc=0x00000000084bed40 method=java.util.Arrays.fill([Ljava/lang/Object;Ljava/lang/Object;)V @ 13

Classes redefined (0 events):
No events

Internal exceptions (10 events):
Event: 86.296 Thread 0x00000000363b9800 Exception <a 'java/lang/InterruptedException': sleep interrupted> (0x00000007b326fff8) thrown at [C:\re\workspace\8-2-build-windows-amd64-cygwin\jdk8u202\12323\hotspot\src\share\vm\prims\jvm.cpp, line 3336]
Event: 86.298 Thread 0x0000000035297000 Exception <a 'java/lang/InterruptedException': sleep interrupted> (0x00000007b3323950) thrown at [C:\re\workspace\8-2-build-windows-amd64-cygwin\jdk8u202\12323\hotspot\src\share\vm\prims\jvm.cpp, line 3336]
Event: 86.298 Thread 0x000000001e244000 Exception <a 'java/lang/InterruptedException'> (0x00000007b2e45040) thrown at [C:\re\workspace\8-2-build-windows-amd64-cygwin\jdk8u202\12323\hotspot\src\share\vm\runtime\objectMonitor.cpp, line 1495]
Event: 86.298 Thread 0x000000001e243000 Exception <a 'java/lang/InterruptedException'> (0x00000007b3117368) thrown at [C:\re\workspace\8-2-build-windows-amd64-cygwin\jdk8u202\12323\hotspot\src\share\vm\runtime\objectMonitor.cpp, line 1495]
Event: 86.302 Thread 0x00000000377d4800 Exception <a 'java/lang/InterruptedException': sleep interrupted> (0x00000007b353e588) thrown at [C:\re\workspace\8-2-build-windows-amd64-cygwin\jdk8u202\12323\hotspot\src\share\vm\prims\jvm.cpp, line 3336]
Event: 86.302 Thread 0x00000000363b8000 Exception <a 'java/lang/InterruptedException': sleep interrupted> (0x00000007b35f1ee0) thrown at [C:\re\workspace\8-2-build-windows-amd64-cygwin\jdk8u202\12323\hotspot\src\share\vm\prims\jvm.cpp, line 3336]
Event: 86.302 Thread 0x000000003528d800 Exception <a 'java/lang/InterruptedException'> (0x00000007b36a57e8) thrown at [C:\re\workspace\8-2-build-windows-amd64-cygwin\jdk8u202\12323\hotspot\src\share\vm\runtime\objectMonitor.cpp, line 1684]
Event: 86.313 Thread 0x00000000377d5000 Exception <a 'java/net/BindException': Address already in use: no further information> (0x00000007b3dae2e0) thrown at [C:\re\workspace\8-2-build-windows-amd64-cygwin\jdk8u202\12323\hotspot\src\share\vm\prims\jni.cpp, line 736]
Event: 86.317 Thread 0x00000000344b6000 Exception <a 'java/net/BindException': Address already in use: no further information> (0x00000007b3f11748) thrown at [C:\re\workspace\8-2-build-windows-amd64-cygwin\jdk8u202\12323\hotspot\src\share\vm\prims\jni.cpp, line 736]
Event: 86.318 Thread 0x00000000377d7800 Exception <a 'java/net/BindException': Address already in use: no further information> (0x00000007b3fc8ba8) thrown at [C:\re\workspace\8-2-build-windows-amd64-cygwin\jdk8u202\12323\hotspot\src\share\vm\prims\jni.cpp, line 736]

Events (10 events):
Event: 86.318 Thread 0x0000000036bae800 Thread added: 0x0000000036bae800
Event: 86.318 Thread 0x0000000036b04000 Thread added: 0x0000000036b04000
Event: 86.318 Thread 0x0000000036b05000 Thread added: 0x0000000036b05000
Event: 86.319 Thread 0x0000000036b05800 Thread added: 0x0000000036b05800
Event: 86.319 Thread 0x0000000036b06800 Thread added: 0x0000000036b06800
Event: 86.319 Thread 0x0000000036b07000 Thread added: 0x0000000036b07000
Event: 86.319 Thread 0x000000001e223800 Thread added: 0x000000001e223800
Event: 86.319 Thread 0x000000001e224800 Thread added: 0x000000001e224800
Event: 86.319 Thread 0x000000001e225000 Thread added: 0x000000001e225000
Event: 86.319 Thread 0x000000001e226000 Thread added: 0x000000001e226000


Dynamic libraries:
0x000000013f170000 - 0x000000013f1a7000 	D:\Program Files\Java\jdk1.8.0_202\bin\java.exe
0x0000000077230000 - 0x00000000773cf000 	C:\Windows\SYSTEM32\ntdll.dll
0x0000000077110000 - 0x000000007722f000 	C:\Windows\system32\kernel32.dll
0x000007fefcec0000 - 0x000007fefcf2a000 	C:\Windows\system32\KERNELBASE.dll
0x000007fefee40000 - 0x000007fefef1b000 	C:\Windows\system32\ADVAPI32.dll
0x000007fefd860000 - 0x000007fefd8ff000 	C:\Windows\system32\msvcrt.dll
0x000007fefe8b0000 - 0x000007fefe8cf000 	C:\Windows\SYSTEM32\sechost.dll
0x000007fefeb60000 - 0x000007fefec8c000 	C:\Windows\system32\RPCRT4.dll
0x0000000077010000 - 0x000000007710a000 	C:\Windows\system32\USER32.dll
0x000007fefd690000 - 0x000007fefd6f7000 	C:\Windows\system32\GDI32.dll
0x000007fefe8d0000 - 0x000007fefe8de000 	C:\Windows\system32\LPK.dll
0x000007fefd3e0000 - 0x000007fefd4ab000 	C:\Windows\system32\USP10.dll
0x000007fefb560000 - 0x000007fefb755000 	C:\Windows\WinSxS\amd64_microsoft.windows.common-controls_6595b64144ccf1df_6.0.7601.24440_none_e36f1bbf30ff0606\COMCTL32.dll
0x000007fefe8e0000 - 0x000007fefe951000 	C:\Windows\system32\SHLWAPI.dll
0x000007fefd3b0000 - 0x000007fefd3de000 	C:\Windows\system32\IMM32.DLL
0x000007fefd700000 - 0x000007fefd809000 	C:\Windows\system32\MSCTF.dll
0x0000000058550000 - 0x0000000058622000 	D:\Program Files\Java\jdk1.8.0_202\jre\bin\msvcr100.dll
0x00000000077b0000 - 0x0000000008055000 	D:\Program Files\Java\jdk1.8.0_202\jre\bin\server\jvm.dll
0x000007fefae70000 - 0x000007fefae79000 	C:\Windows\system32\WSOCK32.dll
0x000007fefd810000 - 0x000007fefd85d000 	C:\Windows\system32\WS2_32.dll
0x000007fefd2a0000 - 0x000007fefd2a8000 	C:\Windows\system32\NSI.dll
0x000007fefcd30000 - 0x000007fefcd6b000 	C:\Windows\system32\WINMM.dll
0x000007fefbda0000 - 0x000007fefbdac000 	C:\Windows\system32\VERSION.dll
0x00000000773e0000 - 0x00000000773e7000 	C:\Windows\system32\PSAPI.DLL
0x000007fef1490000 - 0x000007fef149f000 	D:\Program Files\Java\jdk1.8.0_202\jre\bin\verify.dll
0x000007fef0340000 - 0x000007fef0369000 	D:\Program Files\Java\jdk1.8.0_202\jre\bin\java.dll
0x000007feee210000 - 0x000007feee233000 	D:\Program Files\Java\jdk1.8.0_202\jre\bin\instrument.dll
0x000007feefa30000 - 0x000007feefa46000 	D:\Program Files\Java\jdk1.8.0_202\jre\bin\zip.dll
0x000007fefd900000 - 0x000007fefe68b000 	C:\Windows\system32\SHELL32.dll
0x000007fefe960000 - 0x000007fefeb5f000 	C:\Windows\system32\ole32.dll
0x000007fefcaf0000 - 0x000007fefcaff000 	C:\Windows\system32\profapi.dll
0x000007feed110000 - 0x000007feed12a000 	D:\tools\IntelliJIDEA2017.3.2\bin\breakgen64.dll
0x000007feef860000 - 0x000007feef87a000 	D:\Program Files\Java\jdk1.8.0_202\jre\bin\net.dll
0x000007fefecb0000 - 0x000007fefee38000 	C:\Windows\system32\urlmon.dll
0x000007fefcb70000 - 0x000007fefcb74000 	C:\Windows\system32\api-ms-win-downlevel-ole32-l1-1-0.dll
0x000007fefcd70000 - 0x000007fefcd74000 	C:\Windows\system32\api-ms-win-downlevel-shlwapi-l1-1-0.dll
0x000007fefce20000 - 0x000007fefce25000 	C:\Windows\system32\api-ms-win-downlevel-advapi32-l1-1-0.dll
0x000007fefcb60000 - 0x000007fefcb64000 	C:\Windows\system32\api-ms-win-downlevel-user32-l1-1-0.dll
0x000007fefcb30000 - 0x000007fefcb34000 	C:\Windows\system32\api-ms-win-downlevel-version-l1-1-0.dll
0x000007fefcf30000 - 0x000007fefcf33000 	C:\Windows\system32\api-ms-win-downlevel-normaliz-l1-1-0.dll
0x00000000773d0000 - 0x00000000773d3000 	C:\Windows\system32\normaliz.DLL
0x000007fefcfd0000 - 0x000007fefd29a000 	C:\Windows\system32\iertutil.dll
0x000007fefef20000 - 0x000007feff438000 	C:\Windows\system32\WININET.dll
0x000007fefce60000 - 0x000007fefce7e000 	C:\Windows\system32\USERENV.dll
0x000007fefc230000 - 0x000007fefc285000 	C:\Windows\system32\mswsock.dll
0x000007fefc220000 - 0x000007fefc227000 	C:\Windows\System32\wship6.dll
0x000007feefcb0000 - 0x000007feefcbd000 	D:\Program Files\Java\jdk1.8.0_202\jre\bin\management.dll
0x000007feef840000 - 0x000007feef852000 	D:\Program Files\Java\jdk1.8.0_202\jre\bin\nio.dll
0x000007fefad90000 - 0x000007fefada5000 	C:\Windows\system32\NLAapi.dll
0x000007fef46a0000 - 0x000007fef46b5000 	C:\Windows\system32\napinsp.dll
0x000007fef4680000 - 0x000007fef4699000 	C:\Windows\system32\pnrpnsp.dll
0x000007fefc0b0000 - 0x000007fefc10b000 	C:\Windows\system32\DNSAPI.dll
0x000007fef4670000 - 0x000007fef467b000 	C:\Windows\System32\winrnr.dll
0x00000000710e0000 - 0x0000000071115000 	C:\Program Files\Bonjour\mdnsNSP.dll
0x000007fef9e20000 - 0x000007fef9e47000 	C:\Windows\system32\Iphlpapi.DLL
0x000007fef9e10000 - 0x000007fef9e1b000 	C:\Windows\system32\WINNSI.DLL
0x000007fefbb10000 - 0x000007fefbb17000 	C:\Windows\System32\wshtcpip.dll
0x000007fef8640000 - 0x000007fef8648000 	C:\Windows\system32\rasadhlp.dll
0x000007fef9b90000 - 0x000007fef9be3000 	C:\Windows\System32\fwpuclnt.dll
0x000007fefc290000 - 0x000007fefc2a8000 	C:\Windows\system32\CRYPTSP.dll
0x000007fefbf90000 - 0x000007fefbfd7000 	C:\Windows\system32\rsaenh.dll
0x000007fefc980000 - 0x000007fefc98f000 	C:\Windows\system32\CRYPTBASE.dll
0x000007fef9c70000 - 0x000007fef9c81000 	C:\Windows\system32\dhcpcsvc6.DLL
0x000007fef9c50000 - 0x000007fef9c68000 	C:\Windows\system32\dhcpcsvc.DLL

VM Arguments:
jvm_args: -javaagent:D:\tools\IntelliJIDEA2017.3.2\lib\idea_rt.jar=60324:D:\tools\IntelliJIDEA2017.3.2\bin -Dfile.encoding=UTF-8 
java_command: com.cyb.flink.KafkaMessageStreaming
java_class_path (initial): D:\Program Files\Java\jdk1.8.0_202\jre\lib\charsets.jar;D:\Program Files\Java\jdk1.8.0_202\jre\lib\deploy.jar;D:\Program Files\Java\jdk1.8.0_202\jre\lib\ext\access-bridge-64.jar;D:\Program Files\Java\jdk1.8.0_202\jre\lib\ext\cldrdata.jar;D:\Program Files\Java\jdk1.8.0_202\jre\lib\ext\dnsns.jar;D:\Program Files\Java\jdk1.8.0_202\jre\lib\ext\jaccess.jar;D:\Program Files\Java\jdk1.8.0_202\jre\lib\ext\jfxrt.jar;D:\Program Files\Java\jdk1.8.0_202\jre\lib\ext\localedata.jar;D:\Program Files\Java\jdk1.8.0_202\jre\lib\ext\nashorn.jar;D:\Program Files\Java\jdk1.8.0_202\jre\lib\ext\sunec.jar;D:\Program Files\Java\jdk1.8.0_202\jre\lib\ext\sunjce_provider.jar;D:\Program Files\Java\jdk1.8.0_202\jre\lib\ext\sunmscapi.jar;D:\Program Files\Java\jdk1.8.0_202\jre\lib\ext\sunpkcs11.jar;D:\Program Files\Java\jdk1.8.0_202\jre\lib\ext\zipfs.jar;D:\Program Files\Java\jdk1.8.0_202\jre\lib\javaws.jar;D:\Program Files\Java\jdk1.8.0_202\jre\lib\jce.jar;D:\Program Files\Java\jdk1.8.0_202\jre\lib\jfr.jar;D:\Program Files\Java\jdk1.8.0_202\jre\lib\jfxswt.jar;D:\Program Files\Java\jdk1.8.0_202\jre\lib\jsse.jar;D:\Program Files\Java\jdk1.8.0_202\jre\lib\management-agent.jar;D:\Program Files\Java\jdk1.8.0_202\jre\lib\plugin.jar;D:\Program Files\Java\jdk1.8.0_202\jre\lib\resources.jar;D:\Program Files\Java\jdk1.8.0_202\jre\lib\rt.jar;D:\chenyb\myproject\zhuhx\cloud\zzuchenyb-mvc-utils\fink\target\classes;C:\Users\Administrator\.m2\repository\org\apache\flink\flink-java\1.7.1\flink-java-1.7.1.jar;C:\Users\Administrator\.m2\repository\org\apache\flink\flink-core\1.7.1\flink-core-1.7.1.jar;C:\Users\Administrator\.m2\repository\org\apache\flink\flink-annotations\1.7.1\flink-annotations-1.7.1.jar;C:\Users\Administrator\.m2\repository\org\apache\flink\flink-metrics-core\1.7.1\flink-metrics-core-1.7.1.jar;C:\Users\Administrator\.m2\repository\com\esotericsoftware\kryo\kryo\2.24.0\kryo-2.24.0.jar;C:\Users\Administrator\.m2\repository\com\esotericsoftware\minlog\minlog\1.2\minlog
Launcher Type: SUN_STANDARD

Environment Variables:
JAVA_HOME=D:\Program Files\Java\jdk1.8.0_202
PATH=C:\Program Files (x86)\Common Files\Oracle\Java\javapath;C:\Windows\system32;C:\Windows;C:\Windows\System32\Wbem;C:\Windows\System32\WindowsPowerShell\v1.0\;D:\Program Files\TortoiseGit\bin;C:\Program Files\Git\cmd;D:\Program Files\Java\jdk1.8.0_202\bin;D:\apache-maven-3.1.1\bin;D:\bigdata\netcat-win32-1.12
USERNAME=Administrator
OS=Windows_NT
PROCESSOR_IDENTIFIER=Intel64 Family 6 Model 60 Stepping 3, GenuineIntel



---------------  S Y S T E M  ---------------

OS: Windows 7 , 64 bit Build 7601 (6.1.7601.24441)

CPU:total 4 (initial active 4) (4 cores per cpu, 1 threads per core) family 6 model 60 stepping 3, cmov, cx8, fxsr, mmx, sse, sse2, sse3, ssse3, sse4.1, sse4.2, popcnt, avx, avx2, aes, clmul, erms, rtm, lzcnt, tsc, tscinvbit, bmi1, bmi2

Memory: 4k page, physical 12505636k(3061604k free), swap 12503736k(4996k free)

vm_info: Java HotSpot(TM) 64-Bit Server VM (25.202-b08) for windows-amd64 JRE (1.8.0_202-b08), built on Dec 15 2018 19:54:30 by "java_re" with MS VC++ 10.0 (VS2010)

time: Mon Jun 17 17:17:10 2019
timezone: 
elapsed time: 86 seconds (0d 0h 1m 26s)

