#
# There is insufficient memory for the Java Runtime Environment to continue.
# Native memory allocation (malloc) failed to allocate 43952 bytes for Chunk::new
# Possible reasons:
#   The system is out of physical RAM or swap space
#   The process is running with CompressedOops enabled, and the Java Heap may be blocking the growth of the native heap
# Possible solutions:
#   Reduce memory load on the system
#   Increase physical memory or swap space
#   Check if swap backing store is full
#   Decrease Java heap size (-Xmx/-Xms)
#   Decrease number of Java threads
#   Decrease Java thread stack sizes (-Xss)
#   Set larger code cache with -XX:ReservedCodeCacheSize=
#   JVM is running with Zero Based Compressed Oops mode in which the Java heap is
#     placed in the first 32GB address space. The Java Heap base address is the
#     maximum limit for the native heap growth. Please use -XX:HeapBaseMinAddress
#     to set the Java Heap base and to place the Java Heap above 32GB virtual address.
# This output file may be truncated or incomplete.
#
#  Out of Memory Error (allocation.cpp:389), pid=20636, tid=0x0000000000003d80
#
# JRE version: Java(TM) SE Runtime Environment (8.0_202-b08) (build 1.8.0_202-b08)
# Java VM: Java HotSpot(TM) 64-Bit Server VM (25.202-b08 mixed mode windows-amd64 compressed oops)
# Failed to write core dump. Minidumps are not enabled by default on client versions of Windows
#

---------------  T H R E A D  ---------------

Current thread (0x0000000006c99800):  JavaThread "C2 CompilerThread0" daemon [_thread_in_native, id=15744, stack(0x0000000007410000,0x0000000007510000)]

Stack: [0x0000000007410000,0x0000000007510000]
[error occurred during error reporting (printing stack bounds), id 0xc0000005]

Native frames: (J=compiled Java code, j=interpreted, Vv=VM code, C=native code)


Current CompileTask:
C2:   3029 1593       4       java.net.URLStreamHandler::parseURL (1193 bytes)


---------------  P R O C E S S  ---------------

Java Threads: ( => current thread )
  0x0000000022716000 JavaThread "DestroyJavaVM" [_thread_blocked, id=20540, stack(0x0000000002680000,0x0000000002780000)]
  0x00000000061b0000 JavaThread "Timer-2" daemon [_thread_blocked, id=19880, stack(0x0000000021880000,0x0000000021980000)]
  0x00000000061af000 JavaThread "flink-akka.actor.default-dispatcher-5" [_thread_blocked, id=16080, stack(0x0000000021710000,0x0000000021810000)]
  0x00000000061ae800 JavaThread "Timer-1" daemon [_thread_blocked, id=20068, stack(0x00000000214b0000,0x00000000215b0000)]
  0x00000000061ad800 JavaThread "BLOB Server listener at 58734" daemon [_thread_in_native, id=9136, stack(0x0000000020c70000,0x0000000020d70000)]
  0x00000000061ad000 JavaThread "Timer-0" daemon [_thread_blocked, id=20372, stack(0x0000000021160000,0x0000000021260000)]
  0x00000000061ac000 JavaThread "New I/O server boss #6" [_thread_in_native, id=15560, stack(0x0000000020ea0000,0x0000000020fa0000)]
  0x00000000061ab800 JavaThread "New I/O worker #5" [_thread_in_native, id=15932, stack(0x00000000203e0000,0x00000000204e0000)]
  0x00000000061aa800 JavaThread "New I/O worker #4" [_thread_in_native, id=15556, stack(0x0000000020fc0000,0x00000000210c0000)]
  0x00000000061aa000 JavaThread "New I/O boss #3" [_thread_in_native, id=17672, stack(0x0000000020da0000,0x0000000020ea0000)]
  0x00000000061a9000 JavaThread "New I/O worker #2" [_thread_in_native, id=17944, stack(0x0000000005cc0000,0x0000000005dc0000)]
  0x000000001e218000 JavaThread "New I/O worker #1" [_thread_in_native, id=12196, stack(0x0000000020b30000,0x0000000020c30000)]
  0x0000000006242800 JavaThread "flink-metrics-akka.remote.default-remote-dispatcher-4" [_thread_blocked, id=18508, stack(0x00000000204e0000,0x00000000205e0000)]
  0x00000000062b1000 JavaThread "flink-metrics-akka.remote.default-remote-dispatcher-3" [_thread_blocked, id=20016, stack(0x000000001fc70000,0x000000001fd70000)]
  0x00000000063a8800 JavaThread "flink-metrics-2" [_thread_blocked, id=19392, stack(0x00000000202d0000,0x00000000203d0000)]
  0x00000000061ba800 JavaThread "flink-metrics-scheduler-1" [_thread_blocked, id=18248, stack(0x0000000020120000,0x0000000020220000)]
  0x000000001eaa0800 JavaThread "flink-akka.actor.default-dispatcher-4" [_thread_blocked, id=7088, stack(0x000000001ff40000,0x0000000020040000)]
  0x000000001e22e800 JavaThread "flink-akka.actor.default-dispatcher-3" [_thread_blocked, id=5376, stack(0x000000001fe00000,0x000000001ff00000)]
  0x000000001dd9e000 JavaThread "flink-akka.actor.default-dispatcher-2" [_thread_blocked, id=16232, stack(0x0000000007510000,0x0000000007610000)]
  0x000000001d978000 JavaThread "flink-scheduler-1" [_thread_blocked, id=18600, stack(0x0000000007310000,0x0000000007410000)]
  0x0000000006d21000 JavaThread "Service Thread" daemon [_thread_blocked, id=18800, stack(0x000000001cfe0000,0x000000001d0e0000)]
  0x0000000006ca4000 JavaThread "C1 CompilerThread2" daemon [_thread_blocked, id=10888, stack(0x00000000065a0000,0x00000000066a0000)]
  0x0000000006c9a800 JavaThread "C2 CompilerThread1" daemon [_thread_blocked, id=10892, stack(0x0000000007610000,0x0000000007710000)]
=>0x0000000006c99800 JavaThread "C2 CompilerThread0" daemon [_thread_in_native, id=15744, stack(0x0000000007410000,0x0000000007510000)]
  0x0000000006c78000 JavaThread "Monitor Ctrl-Break" daemon [_thread_in_native, id=17884, stack(0x0000000007210000,0x0000000007310000)]
  0x0000000004ede800 JavaThread "Attach Listener" daemon [_thread_blocked, id=18532, stack(0x0000000006890000,0x0000000006990000)]
  0x0000000004ed8800 JavaThread "Signal Dispatcher" daemon [_thread_blocked, id=24000, stack(0x00000000066d0000,0x00000000067d0000)]
  0x0000000004ec6000 JavaThread "Finalizer" daemon [_thread_blocked, id=20368, stack(0x0000000005ef0000,0x0000000005ff0000)]
  0x0000000004ebd000 JavaThread "Reference Handler" daemon [_thread_blocked, id=20392, stack(0x0000000006050000,0x0000000006150000)]

Other Threads:
  0x0000000004e78000 VMThread [stack: 0x0000000005de0000,0x0000000005ee0000] [id=20844]
  0x0000000006d90000 WatcherThread [stack: 0x000000001d120000,0x000000001d220000] [id=4264]

VM state:not at safepoint (normal execution)

VM Mutex/Monitor currently owned by a thread: None

OutOfMemory and StackOverflow Exception counts:
OutOfMemoryError java_heap_errors=1

heap address: 0x0000000701200000, size: 3054 MB, Compressed Oops mode: Zero based, Oop shift amount: 3
Narrow klass base: 0x0000000000000000, Narrow klass shift: 3
Compressed class space size: 1073741824 Address: 0x00000007c0000000

Heap:
 PSYoungGen      total 106496K, used 3680K [0x0000000780600000, 0x000000078b680000, 0x00000007c0000000)
  eden space 98304K, 3% used [0x0000000780600000,0x0000000780998318,0x0000000786600000)
  from space 8192K, 0% used [0x0000000786e00000,0x0000000786e00000,0x0000000787600000)
  to   space 8192K, 0% used [0x0000000786600000,0x0000000786600000,0x0000000786e00000)
 ParOldGen       total 74240K, used 7670K [0x0000000701200000, 0x0000000705a80000, 0x0000000780600000)
  object space 74240K, 10% used [0x0000000701200000,0x000000070197d9d8,0x0000000705a80000)
 Metaspace       used 23756K, capacity 24290K, committed 24576K, reserved 1071104K
  class space    used 3414K, capacity 3559K, committed 3584K, reserved 1048576K

Card table byte_map: [0x0000000002d40000,0x0000000003340000] byte_map_base: 0xffffffffff537000

Marking Bits: (ParMarkBitMap*) 0x0000000007fd5ce0
 Begin Bits: [0x0000000017060000, 0x000000001a018000)
 End Bits:   [0x000000001a018000, 0x000000001cfd0000)

Polling page: 0x0000000000330000

CodeCache: size=245760Kb used=5295Kb max_used=5295Kb free=240464Kb
 bounds [0x0000000008060000, 0x0000000008590000, 0x0000000017060000]
 total_blobs=2083 nmethods=1661 adapters=334
 compilation: enabled

Compilation events (10 events):
Event: 3.025 Thread 0x0000000006ca4000 nmethod 1656 0x000000000858a0d0 code [0x000000000858a2c0, 0x000000000858acb8]
Event: 3.025 Thread 0x0000000006ca4000 1657       3       java.util.concurrent.ArrayBlockingQueue::checkNotNull (13 bytes)
Event: 3.025 Thread 0x0000000006ca4000 nmethod 1657 0x000000000858b110 code [0x000000000858b280, 0x000000000858b4a8]
Event: 3.025 Thread 0x0000000006ca4000 1658       3       java.util.concurrent.ArrayBlockingQueue::enqueue (53 bytes)
Event: 3.026 Thread 0x0000000006ca4000 nmethod 1658 0x000000000858b590 code [0x000000000858b740, 0x000000000858bd08]
Event: 3.026 Thread 0x0000000006ca4000 1659       3       org.apache.flink.core.memory.MemorySegment::<init> (99 bytes)
Event: 3.026 Thread 0x0000000006ca4000 nmethod 1659 0x000000000858bfd0 code [0x000000000858c200, 0x000000000858ce28]
Event: 3.028 Thread 0x0000000006ca4000 1660       3       java.lang.StringBuilder::append (9 bytes)
Event: 3.028 Thread 0x0000000006ca4000 nmethod 1660 0x000000000858d3d0 code [0x000000000858d560, 0x000000000858d958]
Event: 3.028 Thread 0x0000000006ca4000 1661       3       java.nio.charset.CoderResult::isUnderflow (13 bytes)

GC Heap History (10 events):
Event: 2.344 GC heap before
{Heap before GC invocations=2 (full 0):
 PSYoungGen      total 57344K, used 57315K [0x0000000780600000, 0x0000000787600000, 0x00000007c0000000)
  eden space 49152K, 100% used [0x0000000780600000,0x0000000783600000,0x0000000783600000)
  from space 8192K, 99% used [0x0000000783600000,0x0000000783df8c30,0x0000000783e00000)
  to   space 8192K, 0% used [0x0000000786e00000,0x0000000786e00000,0x0000000787600000)
 ParOldGen       total 131072K, used 121K [0x0000000701200000, 0x0000000709200000, 0x0000000780600000)
  object space 131072K, 0% used [0x0000000701200000,0x000000070121e758,0x0000000709200000)
 Metaspace       used 19163K, capacity 19638K, committed 20096K, reserved 1067008K
  class space    used 2690K, capacity 2829K, committed 2944K, reserved 1048576K
Event: 2.354 GC heap after
Heap after GC invocations=2 (full 0):
 PSYoungGen      total 106496K, used 8186K [0x0000000780600000, 0x0000000787600000, 0x00000007c0000000)
  eden space 98304K, 0% used [0x0000000780600000,0x0000000780600000,0x0000000786600000)
  from space 8192K, 99% used [0x0000000786e00000,0x00000007875feb18,0x0000000787600000)
  to   space 8192K, 0% used [0x0000000786600000,0x0000000786600000,0x0000000786e00000)
 ParOldGen       total 131072K, used 2053K [0x0000000701200000, 0x0000000709200000, 0x0000000780600000)
  object space 131072K, 1% used [0x0000000701200000,0x0000000701401688,0x0000000709200000)
 Metaspace       used 19163K, capacity 19638K, committed 20096K, reserved 1067008K
  class space    used 2690K, capacity 2829K, committed 2944K, reserved 1048576K
}
Event: 2.481 GC heap before
{Heap before GC invocations=3 (full 0):
 PSYoungGen      total 106496K, used 25084K [0x0000000780600000, 0x0000000787600000, 0x00000007c0000000)
  eden space 98304K, 17% used [0x0000000780600000,0x00000007816806c8,0x0000000786600000)
  from space 8192K, 99% used [0x0000000786e00000,0x00000007875feb18,0x0000000787600000)
  to   space 8192K, 0% used [0x0000000786600000,0x0000000786600000,0x0000000786e00000)
 ParOldGen       total 131072K, used 2053K [0x0000000701200000, 0x0000000709200000, 0x0000000780600000)
  object space 131072K, 1% used [0x0000000701200000,0x0000000701401688,0x0000000709200000)
 Metaspace       used 20645K, capacity 21078K, committed 21248K, reserved 1067008K
  class space    used 2924K, capacity 3053K, committed 3072K, reserved 1048576K
Event: 2.494 GC heap after
Heap after GC invocations=3 (full 0):
 PSYoungGen      total 106496K, used 6572K [0x0000000780600000, 0x0000000787600000, 0x00000007c0000000)
  eden space 98304K, 0% used [0x0000000780600000,0x0000000780600000,0x0000000786600000)
  from space 8192K, 80% used [0x0000000786600000,0x0000000786c6b0e8,0x0000000786e00000)
  to   space 8192K, 0% used [0x0000000786e00000,0x0000000786e00000,0x0000000787600000)
 ParOldGen       total 131072K, used 2061K [0x0000000701200000, 0x0000000709200000, 0x0000000780600000)
  object space 131072K, 1% used [0x0000000701200000,0x0000000701403688,0x0000000709200000)
 Metaspace       used 20645K, capacity 21078K, committed 21248K, reserved 1067008K
  class space    used 2924K, capacity 3053K, committed 3072K, reserved 1048576K
}
Event: 2.494 GC heap before
{Heap before GC invocations=4 (full 1):
 PSYoungGen      total 106496K, used 6572K [0x0000000780600000, 0x0000000787600000, 0x00000007c0000000)
  eden space 98304K, 0% used [0x0000000780600000,0x0000000780600000,0x0000000786600000)
  from space 8192K, 80% used [0x0000000786600000,0x0000000786c6b0e8,0x0000000786e00000)
  to   space 8192K, 0% used [0x0000000786e00000,0x0000000786e00000,0x0000000787600000)
 ParOldGen       total 131072K, used 2061K [0x0000000701200000, 0x0000000709200000, 0x0000000780600000)
  object space 131072K, 1% used [0x0000000701200000,0x0000000701403688,0x0000000709200000)
 Metaspace       used 20645K, capacity 21078K, committed 21248K, reserved 1067008K
  class space    used 2924K, capacity 3053K, committed 3072K, reserved 1048576K
Event: 2.540 GC heap after
Heap after GC invocations=4 (full 1):
 PSYoungGen      total 106496K, used 0K [0x0000000780600000, 0x0000000787600000, 0x00000007c0000000)
  eden space 98304K, 0% used [0x0000000780600000,0x0000000780600000,0x0000000786600000)
  from space 8192K, 0% used [0x0000000786600000,0x0000000786600000,0x0000000786e00000)
  to   space 8192K, 0% used [0x0000000786e00000,0x0000000786e00000,0x0000000787600000)
 ParOldGen       total 74240K, used 6415K [0x0000000701200000, 0x0000000705a80000, 0x0000000780600000)
  object space 74240K, 8% used [0x0000000701200000,0x0000000701843fb0,0x0000000705a80000)
 Metaspace       used 20645K, capacity 21078K, committed 21248K, reserved 1067008K
  class space    used 2924K, capacity 3053K, committed 3072K, reserved 1048576K
}
Event: 2.961 GC heap before
{Heap before GC invocations=5 (full 1):
 PSYoungGen      total 106496K, used 26200K [0x0000000780600000, 0x0000000787600000, 0x00000007c0000000)
  eden space 98304K, 26% used [0x0000000780600000,0x0000000781f96338,0x0000000786600000)
  from space 8192K, 0% used [0x0000000786600000,0x0000000786600000,0x0000000786e00000)
  to   space 8192K, 0% used [0x0000000786e00000,0x0000000786e00000,0x0000000787600000)
 ParOldGen       total 74240K, used 6415K [0x0000000701200000, 0x0000000705a80000, 0x0000000780600000)
  object space 74240K, 8% used [0x0000000701200000,0x0000000701843fb0,0x0000000705a80000)
 Metaspace       used 23618K, capacity 24130K, committed 24576K, reserved 1071104K
  class space    used 3399K, capacity 3527K, committed 3584K, reserved 1048576K
Event: 2.963 GC heap after
Heap after GC invocations=5 (full 1):
 PSYoungGen      total 106496K, used 2872K [0x0000000780600000, 0x000000078b680000, 0x00000007c0000000)
  eden space 98304K, 0% used [0x0000000780600000,0x0000000780600000,0x0000000786600000)
  from space 8192K, 35% used [0x0000000786e00000,0x00000007870ce268,0x0000000787600000)
  to   space 8192K, 0% used [0x0000000786600000,0x0000000786600000,0x0000000786e00000)
 ParOldGen       total 74240K, used 6423K [0x0000000701200000, 0x0000000705a80000, 0x0000000780600000)
  object space 74240K, 8% used [0x0000000701200000,0x0000000701845fb0,0x0000000705a80000)
 Metaspace       used 23618K, capacity 24130K, committed 24576K, reserved 1071104K
  class space    used 3399K, capacity 3527K, committed 3584K, reserved 1048576K
}
Event: 2.963 GC heap before
{Heap before GC invocations=6 (full 2):
 PSYoungGen      total 106496K, used 2872K [0x0000000780600000, 0x000000078b680000, 0x00000007c0000000)
  eden space 98304K, 0% used [0x0000000780600000,0x0000000780600000,0x0000000786600000)
  from space 8192K, 35% used [0x0000000786e00000,0x00000007870ce268,0x0000000787600000)
  to   space 8192K, 0% used [0x0000000786600000,0x0000000786600000,0x0000000786e00000)
 ParOldGen       total 74240K, used 6423K [0x0000000701200000, 0x0000000705a80000, 0x0000000780600000)
  object space 74240K, 8% used [0x0000000701200000,0x0000000701845fb0,0x0000000705a80000)
 Metaspace       used 23618K, capacity 24130K, committed 24576K, reserved 1071104K
  class space    used 3399K, capacity 3527K, committed 3584K, reserved 1048576K
Event: 3.005 GC heap after
Heap after GC invocations=6 (full 2):
 PSYoungGen      total 106496K, used 0K [0x0000000780600000, 0x000000078b680000, 0x00000007c0000000)
  eden space 98304K, 0% used [0x0000000780600000,0x0000000780600000,0x0000000786600000)
  from space 8192K, 0% used [0x0000000786e00000,0x0000000786e00000,0x0000000787600000)
  to   space 8192K, 0% used [0x0000000786600000,0x0000000786600000,0x0000000786e00000)
 ParOldGen       total 74240K, used 7670K [0x0000000701200000, 0x0000000705a80000, 0x0000000780600000)
  object space 74240K, 10% used [0x0000000701200000,0x000000070197d9d8,0x0000000705a80000)
 Metaspace       used 23618K, capacity 24130K, committed 24576K, reserved 1071104K
  class space    used 3399K, capacity 3527K, committed 3584K, reserved 1048576K
}

Deoptimization events (10 events):
Event: 2.034 Thread 0x00000000023eb000 Uncommon trap: reason=bimorphic action=maybe_recompile pc=0x000000000840df18 method=java.util.AbstractCollection.isEmpty()Z @ 1
Event: 2.439 Thread 0x00000000023eb000 Uncommon trap: reason=class_check action=maybe_recompile pc=0x0000000008176fbc method=java.lang.String.equals(Ljava/lang/Object;)Z @ 8
Event: 2.439 Thread 0x00000000023eb000 Uncommon trap: reason=class_check action=maybe_recompile pc=0x0000000008176fbc method=java.lang.String.equals(Ljava/lang/Object;)Z @ 8
Event: 2.439 Thread 0x00000000023eb000 Uncommon trap: reason=class_check action=maybe_recompile pc=0x0000000008176fbc method=java.lang.String.equals(Ljava/lang/Object;)Z @ 8
Event: 2.439 Thread 0x00000000023eb000 Uncommon trap: reason=class_check action=maybe_recompile pc=0x0000000008176fbc method=java.lang.String.equals(Ljava/lang/Object;)Z @ 8
Event: 2.775 Thread 0x0000000006242800 Uncommon trap: reason=unstable_if action=reinterpret pc=0x0000000008391b88 method=java.io.WinNTFileSystem.normalize(Ljava/lang/String;)Ljava/lang/String; @ 128
Event: 2.936 Thread 0x00000000023eb000 Uncommon trap: reason=unstable_if action=reinterpret pc=0x0000000008499518 method=java.util.HashMap.getNode(ILjava/lang/Object;)Ljava/util/HashMap$Node; @ 129
Event: 2.936 Thread 0x00000000023eb000 Uncommon trap: reason=bimorphic action=maybe_recompile pc=0x00000000083f9408 method=java.util.HashMap.putVal(ILjava/lang/Object;Ljava/lang/Object;ZZ)Ljava/lang/Object; @ 203
Event: 2.936 Thread 0x00000000023eb000 Uncommon trap: reason=unstable_if action=reinterpret pc=0x000000000848e5f0 method=java.util.HashMap.getNode(ILjava/lang/Object;)Ljava/util/HashMap$Node; @ 129
Event: 2.936 Thread 0x00000000023eb000 Uncommon trap: reason=bimorphic action=maybe_recompile pc=0x00000000083f9408 method=java.util.HashMap.putVal(ILjava/lang/Object;Ljava/lang/Object;ZZ)Ljava/lang/Object; @ 203

Classes redefined (0 events):
No events

Internal exceptions (10 events):
Event: 1.897 Thread 0x00000000023eb000 Exception <a 'java/lang/ArrayIndexOutOfBoundsException'> (0x000000078142cae8) thrown at [C:\re\workspace\8-2-build-windows-amd64-cygwin\jdk8u202\12323\hotspot\src\share\vm\runtime\sharedRuntime.cpp, line 605]
Event: 1.901 Thread 0x00000000023eb000 Exception <a 'java/lang/ArrayIndexOutOfBoundsException'> (0x000000078145a400) thrown at [C:\re\workspace\8-2-build-windows-amd64-cygwin\jdk8u202\12323\hotspot\src\share\vm\runtime\sharedRuntime.cpp, line 605]
Event: 1.911 Thread 0x00000000023eb000 Exception <a 'java/lang/ArrayIndexOutOfBoundsException'> (0x000000078147a2f8) thrown at [C:\re\workspace\8-2-build-windows-amd64-cygwin\jdk8u202\12323\hotspot\src\share\vm\runtime\sharedRuntime.cpp, line 605]
Event: 2.291 Thread 0x00000000023eb000 Exception <a 'java/lang/ArrayIndexOutOfBoundsException'> (0x0000000782d211e8) thrown at [C:\re\workspace\8-2-build-windows-amd64-cygwin\jdk8u202\12323\hotspot\src\share\vm\runtime\sharedRuntime.cpp, line 605]
Event: 2.291 Thread 0x00000000023eb000 Exception <a 'java/lang/ArrayIndexOutOfBoundsException'> (0x0000000782d22190) thrown at [C:\re\workspace\8-2-build-windows-amd64-cygwin\jdk8u202\12323\hotspot\src\share\vm\runtime\sharedRuntime.cpp, line 605]
Event: 2.310 Thread 0x00000000023eb000 Exception <a 'java/lang/ArrayIndexOutOfBoundsException'> (0x0000000782f79be0) thrown at [C:\re\workspace\8-2-build-windows-amd64-cygwin\jdk8u202\12323\hotspot\src\share\vm\runtime\sharedRuntime.cpp, line 605]
Event: 2.317 Thread 0x00000000023eb000 Exception <a 'java/lang/ArrayIndexOutOfBoundsException'> (0x00000007831f93d0) thrown at [C:\re\workspace\8-2-build-windows-amd64-cygwin\jdk8u202\12323\hotspot\src\share\vm\runtime\sharedRuntime.cpp, line 605]
Event: 2.317 Thread 0x00000000023eb000 Exception <a 'java/lang/ArrayIndexOutOfBoundsException'> (0x0000000783205110) thrown at [C:\re\workspace\8-2-build-windows-amd64-cygwin\jdk8u202\12323\hotspot\src\share\vm\runtime\sharedRuntime.cpp, line 605]
Event: 2.318 Thread 0x00000000023eb000 Exception <a 'java/lang/ArrayIndexOutOfBoundsException'> (0x000000078320cb48) thrown at [C:\re\workspace\8-2-build-windows-amd64-cygwin\jdk8u202\12323\hotspot\src\share\vm\runtime\sharedRuntime.cpp, line 605]
Event: 3.027 Thread 0x00000000023eb000 Exception <a 'java/lang/OutOfMemoryError'> (0x00000007807c71a8) thrown at [C:\re\workspace\8-2-build-windows-amd64-cygwin\jdk8u202\12323\hotspot\src\share\vm\prims\unsafe.cpp, line 618]

Events (10 events):
Event: 3.012 loading class java/nio/BufferUnderflowException
Event: 3.012 loading class java/nio/BufferUnderflowException done
Event: 3.012 loading class sun/reflect/UnsafeLongFieldAccessorImpl
Event: 3.013 loading class sun/reflect/UnsafeLongFieldAccessorImpl done
Event: 3.027 loading class java/lang/Throwable$WrappedPrintStream
Event: 3.027 loading class java/lang/Throwable$PrintStreamOrWriter
Event: 3.027 loading class java/lang/Throwable$PrintStreamOrWriter done
Event: 3.027 loading class java/lang/Throwable$WrappedPrintStream done
Event: 3.028 Thread 0x00000000023eb000 Thread exited: 0x00000000023eb000
Event: 3.028 Thread 0x0000000022716000 Thread added: 0x0000000022716000


Dynamic libraries:
0x000000013f170000 - 0x000000013f1a7000 	D:\Program Files\Java\jdk1.8.0_202\bin\java.exe
0x0000000077230000 - 0x00000000773cf000 	C:\Windows\SYSTEM32\ntdll.dll
0x0000000077110000 - 0x000000007722f000 	C:\Windows\system32\kernel32.dll
0x000007fefcec0000 - 0x000007fefcf2a000 	C:\Windows\system32\KERNELBASE.dll
0x000007fefee40000 - 0x000007fefef1b000 	C:\Windows\system32\ADVAPI32.dll
0x000007fefd860000 - 0x000007fefd8ff000 	C:\Windows\system32\msvcrt.dll
0x000007fefe8b0000 - 0x000007fefe8cf000 	C:\Windows\SYSTEM32\sechost.dll
0x000007fefeb60000 - 0x000007fefec8c000 	C:\Windows\system32\RPCRT4.dll
0x0000000077010000 - 0x000000007710a000 	C:\Windows\system32\USER32.dll
0x000007fefd690000 - 0x000007fefd6f7000 	C:\Windows\system32\GDI32.dll
0x000007fefe8d0000 - 0x000007fefe8de000 	C:\Windows\system32\LPK.dll
0x000007fefd3e0000 - 0x000007fefd4ab000 	C:\Windows\system32\USP10.dll
0x000007fefb560000 - 0x000007fefb755000 	C:\Windows\WinSxS\amd64_microsoft.windows.common-controls_6595b64144ccf1df_6.0.7601.24440_none_e36f1bbf30ff0606\COMCTL32.dll
0x000007fefe8e0000 - 0x000007fefe951000 	C:\Windows\system32\SHLWAPI.dll
0x000007fefd3b0000 - 0x000007fefd3de000 	C:\Windows\system32\IMM32.DLL
0x000007fefd700000 - 0x000007fefd809000 	C:\Windows\system32\MSCTF.dll
0x0000000058550000 - 0x0000000058622000 	D:\Program Files\Java\jdk1.8.0_202\jre\bin\msvcr100.dll
0x00000000077b0000 - 0x0000000008055000 	D:\Program Files\Java\jdk1.8.0_202\jre\bin\server\jvm.dll
0x000007fefae70000 - 0x000007fefae79000 	C:\Windows\system32\WSOCK32.dll
0x000007fefd810000 - 0x000007fefd85d000 	C:\Windows\system32\WS2_32.dll
0x000007fefd2a0000 - 0x000007fefd2a8000 	C:\Windows\system32\NSI.dll
0x000007fefcd30000 - 0x000007fefcd6b000 	C:\Windows\system32\WINMM.dll
0x000007fefbda0000 - 0x000007fefbdac000 	C:\Windows\system32\VERSION.dll
0x00000000773e0000 - 0x00000000773e7000 	C:\Windows\system32\PSAPI.DLL
0x000007fef1490000 - 0x000007fef149f000 	D:\Program Files\Java\jdk1.8.0_202\jre\bin\verify.dll
0x000007fef0340000 - 0x000007fef0369000 	D:\Program Files\Java\jdk1.8.0_202\jre\bin\java.dll
0x000007feee210000 - 0x000007feee233000 	D:\Program Files\Java\jdk1.8.0_202\jre\bin\instrument.dll
0x000007feefa30000 - 0x000007feefa46000 	D:\Program Files\Java\jdk1.8.0_202\jre\bin\zip.dll
0x000007fefd900000 - 0x000007fefe68b000 	C:\Windows\system32\SHELL32.dll
0x000007fefe960000 - 0x000007fefeb5f000 	C:\Windows\system32\ole32.dll
0x000007fefcaf0000 - 0x000007fefcaff000 	C:\Windows\system32\profapi.dll
0x000007feed110000 - 0x000007feed12a000 	D:\tools\IntelliJIDEA2017.3.2\bin\breakgen64.dll
0x000007feef860000 - 0x000007feef87a000 	D:\Program Files\Java\jdk1.8.0_202\jre\bin\net.dll
0x000007fefecb0000 - 0x000007fefee38000 	C:\Windows\system32\urlmon.dll
0x000007fefcb70000 - 0x000007fefcb74000 	C:\Windows\system32\api-ms-win-downlevel-ole32-l1-1-0.dll
0x000007fefcd70000 - 0x000007fefcd74000 	C:\Windows\system32\api-ms-win-downlevel-shlwapi-l1-1-0.dll
0x000007fefce20000 - 0x000007fefce25000 	C:\Windows\system32\api-ms-win-downlevel-advapi32-l1-1-0.dll
0x000007fefcb60000 - 0x000007fefcb64000 	C:\Windows\system32\api-ms-win-downlevel-user32-l1-1-0.dll
0x000007fefcb30000 - 0x000007fefcb34000 	C:\Windows\system32\api-ms-win-downlevel-version-l1-1-0.dll
0x000007fefcf30000 - 0x000007fefcf33000 	C:\Windows\system32\api-ms-win-downlevel-normaliz-l1-1-0.dll
0x00000000773d0000 - 0x00000000773d3000 	C:\Windows\system32\normaliz.DLL
0x000007fefcfd0000 - 0x000007fefd29a000 	C:\Windows\system32\iertutil.dll
0x000007fefef20000 - 0x000007feff438000 	C:\Windows\system32\WININET.dll
0x000007fefce60000 - 0x000007fefce7e000 	C:\Windows\system32\USERENV.dll
0x000007fefc230000 - 0x000007fefc285000 	C:\Windows\system32\mswsock.dll
0x000007fefc220000 - 0x000007fefc227000 	C:\Windows\System32\wship6.dll
0x000007feefcb0000 - 0x000007feefcbd000 	D:\Program Files\Java\jdk1.8.0_202\jre\bin\management.dll
0x000007feef840000 - 0x000007feef852000 	D:\Program Files\Java\jdk1.8.0_202\jre\bin\nio.dll
0x000007fefad90000 - 0x000007fefada5000 	C:\Windows\system32\NLAapi.dll
0x000007fef46a0000 - 0x000007fef46b5000 	C:\Windows\system32\napinsp.dll
0x000007fef4680000 - 0x000007fef4699000 	C:\Windows\system32\pnrpnsp.dll
0x000007fefc0b0000 - 0x000007fefc10b000 	C:\Windows\system32\DNSAPI.dll
0x000007fef4670000 - 0x000007fef467b000 	C:\Windows\System32\winrnr.dll
0x00000000710e0000 - 0x0000000071115000 	C:\Program Files\Bonjour\mdnsNSP.dll
0x000007fef9e20000 - 0x000007fef9e47000 	C:\Windows\system32\Iphlpapi.DLL
0x000007fef9e10000 - 0x000007fef9e1b000 	C:\Windows\system32\WINNSI.DLL
0x000007fefbb10000 - 0x000007fefbb17000 	C:\Windows\System32\wshtcpip.dll
0x000007fef8640000 - 0x000007fef8648000 	C:\Windows\system32\rasadhlp.dll
0x000007fef9b90000 - 0x000007fef9be3000 	C:\Windows\System32\fwpuclnt.dll
0x000007fefc290000 - 0x000007fefc2a8000 	C:\Windows\system32\CRYPTSP.dll
0x000007fefbf90000 - 0x000007fefbfd7000 	C:\Windows\system32\rsaenh.dll
0x000007fefc980000 - 0x000007fefc98f000 	C:\Windows\system32\CRYPTBASE.dll
0x000007fef9c70000 - 0x000007fef9c81000 	C:\Windows\system32\dhcpcsvc6.DLL
0x000007fef9c50000 - 0x000007fef9c68000 	C:\Windows\system32\dhcpcsvc.DLL

VM Arguments:
jvm_args: -javaagent:D:\tools\IntelliJIDEA2017.3.2\lib\idea_rt.jar=58690:D:\tools\IntelliJIDEA2017.3.2\bin -Dfile.encoding=UTF-8 
java_command: com.cyb.flink.KafkaMessageStreaming
java_class_path (initial): D:\Program Files\Java\jdk1.8.0_202\jre\lib\charsets.jar;D:\Program Files\Java\jdk1.8.0_202\jre\lib\deploy.jar;D:\Program Files\Java\jdk1.8.0_202\jre\lib\ext\access-bridge-64.jar;D:\Program Files\Java\jdk1.8.0_202\jre\lib\ext\cldrdata.jar;D:\Program Files\Java\jdk1.8.0_202\jre\lib\ext\dnsns.jar;D:\Program Files\Java\jdk1.8.0_202\jre\lib\ext\jaccess.jar;D:\Program Files\Java\jdk1.8.0_202\jre\lib\ext\jfxrt.jar;D:\Program Files\Java\jdk1.8.0_202\jre\lib\ext\localedata.jar;D:\Program Files\Java\jdk1.8.0_202\jre\lib\ext\nashorn.jar;D:\Program Files\Java\jdk1.8.0_202\jre\lib\ext\sunec.jar;D:\Program Files\Java\jdk1.8.0_202\jre\lib\ext\sunjce_provider.jar;D:\Program Files\Java\jdk1.8.0_202\jre\lib\ext\sunmscapi.jar;D:\Program Files\Java\jdk1.8.0_202\jre\lib\ext\sunpkcs11.jar;D:\Program Files\Java\jdk1.8.0_202\jre\lib\ext\zipfs.jar;D:\Program Files\Java\jdk1.8.0_202\jre\lib\javaws.jar;D:\Program Files\Java\jdk1.8.0_202\jre\lib\jce.jar;D:\Program Files\Java\jdk1.8.0_202\jre\lib\jfr.jar;D:\Program Files\Java\jdk1.8.0_202\jre\lib\jfxswt.jar;D:\Program Files\Java\jdk1.8.0_202\jre\lib\jsse.jar;D:\Program Files\Java\jdk1.8.0_202\jre\lib\management-agent.jar;D:\Program Files\Java\jdk1.8.0_202\jre\lib\plugin.jar;D:\Program Files\Java\jdk1.8.0_202\jre\lib\resources.jar;D:\Program Files\Java\jdk1.8.0_202\jre\lib\rt.jar;D:\chenyb\myproject\zhuhx\cloud\zzuchenyb-mvc-utils\fink\target\classes;C:\Users\Administrator\.m2\repository\org\apache\flink\flink-java\1.7.1\flink-java-1.7.1.jar;C:\Users\Administrator\.m2\repository\org\apache\flink\flink-core\1.7.1\flink-core-1.7.1.jar;C:\Users\Administrator\.m2\repository\org\apache\flink\flink-annotations\1.7.1\flink-annotations-1.7.1.jar;C:\Users\Administrator\.m2\repository\org\apache\flink\flink-metrics-core\1.7.1\flink-metrics-core-1.7.1.jar;C:\Users\Administrator\.m2\repository\com\esotericsoftware\kryo\kryo\2.24.0\kryo-2.24.0.jar;C:\Users\Administrator\.m2\repository\com\esotericsoftware\minlog\minlog\1.2\minlog
Launcher Type: SUN_STANDARD

Environment Variables:
JAVA_HOME=D:\Program Files\Java\jdk1.8.0_202
PATH=C:\Program Files (x86)\Common Files\Oracle\Java\javapath;C:\Windows\system32;C:\Windows;C:\Windows\System32\Wbem;C:\Windows\System32\WindowsPowerShell\v1.0\;D:\Program Files\TortoiseGit\bin;C:\Program Files\Git\cmd;D:\Program Files\Java\jdk1.8.0_202\bin;D:\apache-maven-3.1.1\bin;D:\bigdata\netcat-win32-1.12
USERNAME=Administrator
OS=Windows_NT
PROCESSOR_IDENTIFIER=Intel64 Family 6 Model 60 Stepping 3, GenuineIntel



---------------  S Y S T E M  ---------------

OS: Windows 7 , 64 bit Build 7601 (6.1.7601.24441)

CPU:total 4 (initial active 4) (4 cores per cpu, 1 threads per core) family 6 model 60 stepping 3, cmov, cx8, fxsr, mmx, sse, sse2, sse3, ssse3, sse4.1, sse4.2, popcnt, avx, avx2, aes, clmul, erms, rtm, lzcnt, tsc, tscinvbit, bmi1, bmi2

Memory: 4k page, physical 12505636k(3829704k free), swap 12503736k(5108k free)

vm_info: Java HotSpot(TM) 64-Bit Server VM (25.202-b08) for windows-amd64 JRE (1.8.0_202-b08), built on Dec 15 2018 19:54:30 by "java_re" with MS VC++ 10.0 (VS2010)

time: Mon Jun 17 15:54:13 2019
timezone: 中国标准时间
elapsed time: 3 seconds (0d 0h 0m 3s)

