#
# There is insufficient memory for the Java Runtime Environment to continue.
# Native memory allocation (malloc) failed to allocate 977296 bytes for Chunk::new
# Possible reasons:
#   The system is out of physical RAM or swap space
#   The process is running with CompressedOops enabled, and the Java Heap may be blocking the growth of the native heap
# Possible solutions:
#   Reduce memory load on the system
#   Increase physical memory or swap space
#   Check if swap backing store is full
#   Decrease Java heap size (-Xmx/-Xms)
#   Decrease number of Java threads
#   Decrease Java thread stack sizes (-Xss)
#   Set larger code cache with -XX:ReservedCodeCacheSize=
#   JVM is running with Zero Based Compressed Oops mode in which the Java heap is
#     placed in the first 32GB address space. The Java Heap base address is the
#     maximum limit for the native heap growth. Please use -XX:HeapBaseMinAddress
#     to set the Java Heap base and to place the Java Heap above 32GB virtual address.
# This output file may be truncated or incomplete.
#
#  Out of Memory Error (allocation.cpp:389), pid=13380, tid=0x0000000000004098
#
# JRE version: Java(TM) SE Runtime Environment (8.0_202-b08) (build 1.8.0_202-b08)
# Java VM: Java HotSpot(TM) 64-Bit Server VM (25.202-b08 mixed mode windows-amd64 compressed oops)
# Failed to write core dump. Minidumps are not enabled by default on client versions of Windows
#

---------------  T H R E A D  ---------------

Current thread (0x0000000006df5000):  JavaThread "C2 CompilerThread1" daemon [_thread_in_native, id=16536, stack(0x00000000075b0000,0x00000000076b0000)]

Stack: [0x00000000075b0000,0x00000000076b0000]
[error occurred during error reporting (printing stack bounds), id 0xc0000005]

Native frames: (J=compiled Java code, j=interpreted, Vv=VM code, C=native code)


Current CompileTask:
C2:  14101 2128       4       java.net.URLClassLoader$1::run (5 bytes)


---------------  P R O C E S S  ---------------

Java Threads: ( => current thread )
  0x000000003477f800 JavaThread "CHAIN DataSource (at main(StaticsLocalFile.java:28) (org.apache.flink.api.java.io.TextInputFormat)) -> FlatMap (FlatMap at main(StaticsLocalFile.java:30)) -> Combine (SUM(1), at main(StaticsLocalFile.java:44) (1/4)" [_thread_blocked, id=9136, stack(0x0000000037e50000,0x0000000037f50000)]
  0x000000003477f000 JavaThread "CHAIN DataSource (at main(StaticsLocalFile.java:28) (org.apache.flink.api.java.io.TextInputFormat)) -> FlatMap (FlatMap at main(StaticsLocalFile.java:30)) -> Combine (SUM(1), at main(StaticsLocalFile.java:44) (2/4)" [_thread_blocked, id=16052, stack(0x00000000385d0000,0x00000000386d0000)]
  0x000000003477e000 JavaThread "CHAIN DataSource (at main(StaticsLocalFile.java:28) (org.apache.flink.api.java.io.TextInputFormat)) -> FlatMap (FlatMap at main(StaticsLocalFile.java:30)) -> Combine (SUM(1), at main(StaticsLocalFile.java:44) (3/4)" [_thread_blocked, id=676, stack(0x00000000383c0000,0x00000000384c0000)]
  0x000000003477d800 JavaThread "CloseableReaperThread" daemon [_thread_blocked, id=18708, stack(0x0000000037c00000,0x0000000037d00000)]
  0x000000003477c800 JavaThread "CHAIN DataSource (at main(StaticsLocalFile.java:28) (org.apache.flink.api.java.io.TextInputFormat)) -> FlatMap (FlatMap at main(StaticsLocalFile.java:30)) -> Combine (SUM(1), at main(StaticsLocalFile.java:44) (4/4)" [_thread_blocked, id=17852, stack(0x0000000037d20000,0x0000000037e20000)]
  0x000000003477c000 JavaThread "Flink-MetricRegistry-thread-1" daemon [_thread_blocked, id=17352, stack(0x000000001ed70000,0x000000001ee70000)]
  0x000000003477b000 JavaThread "jobmanager-future-thread-4" daemon [_thread_blocked, id=7484, stack(0x0000000037af0000,0x0000000037bf0000)]
  0x000000003477a800 JavaThread "pool-1-thread-1" [_thread_blocked, id=18392, stack(0x0000000038160000,0x0000000038260000)]
  0x0000000034779800 JavaThread "jobmanager-future-thread-3" daemon [_thread_blocked, id=16888, stack(0x00000000382c0000,0x00000000383c0000)]
  0x0000000034779000 JavaThread "FlinkCompletableFutureDelayScheduler-thread-1" daemon [_thread_blocked, id=16432, stack(0x0000000036180000,0x0000000036280000)]
  0x000000001dc75000 JavaThread "jobmanager-future-thread-2" daemon [_thread_blocked, id=10824, stack(0x0000000033a60000,0x0000000033b60000)]
  0x000000001dc74800 JavaThread "jobmanager-future-thread-1" daemon [_thread_blocked, id=7784, stack(0x00000000375a0000,0x00000000376a0000)]
  0x000000001dc73800 JavaThread "flink-rest-server-netty-boss-thread-1" daemon [_thread_in_native, id=18532, stack(0x0000000037390000,0x0000000037490000)]
  0x000000001dc73000 JavaThread "ObjectCleanerThread" daemon [_thread_blocked, id=14172, stack(0x0000000037270000,0x0000000037370000)]
  0x000000001dc72000 JavaThread "IOManager reader thread #1" daemon [_thread_blocked, id=3788, stack(0x0000000033cb0000,0x0000000033db0000)]
  0x000000001dc71800 JavaThread "IOManager writer thread #1" daemon [_thread_blocked, id=14988, stack(0x0000000033b70000,0x0000000033c70000)]
  0x000000001dc70800 JavaThread "Timer-2" daemon [_thread_blocked, id=18964, stack(0x0000000020a30000,0x0000000020b30000)]
  0x000000001dc70000 JavaThread "Timer-1" daemon [_thread_blocked, id=8480, stack(0x0000000020ce0000,0x0000000020de0000)]
  0x000000001dc6f000 JavaThread "flink-akka.actor.default-dispatcher-5" [_thread_blocked, id=18600, stack(0x0000000020b60000,0x0000000020c60000)]
  0x000000001dc6e800 JavaThread "BLOB Server listener at 59596" daemon [_thread_in_native, id=18984, stack(0x0000000020910000,0x0000000020a10000)]
  0x000000001dc6d800 JavaThread "Timer-0" daemon [_thread_blocked, id=19356, stack(0x000000001fe90000,0x000000001ff90000)]
  0x000000001dc6d000 JavaThread "New I/O server boss #6" [_thread_in_native, id=5792, stack(0x0000000020570000,0x0000000020670000)]
  0x000000001dc6c000 JavaThread "New I/O worker #5" [_thread_in_native, id=19008, stack(0x00000000203e0000,0x00000000204e0000)]
  0x000000001dc6b800 JavaThread "New I/O worker #4" [_thread_in_native, id=9672, stack(0x0000000020270000,0x0000000020370000)]
  0x000000001dc6a800 JavaThread "New I/O boss #3" [_thread_in_native, id=16832, stack(0x00000000200d0000,0x00000000201d0000)]
  0x000000001dc69800 JavaThread "New I/O worker #2" [_thread_in_native, id=18124, stack(0x000000001fcd0000,0x000000001fdd0000)]
  0x000000001dc69000 JavaThread "New I/O worker #1" [_thread_in_native, id=16000, stack(0x000000001ff90000,0x0000000020090000)]
  0x000000001dc68000 JavaThread "flink-metrics-akka.remote.default-remote-dispatcher-4" [_thread_blocked, id=15484, stack(0x000000001fa50000,0x000000001fb50000)]
  0x000000001dc67800 JavaThread "flink-metrics-akka.remote.default-remote-dispatcher-3" [_thread_blocked, id=6416, stack(0x000000001f680000,0x000000001f780000)]
  0x000000001dc66800 JavaThread "flink-metrics-2" [_thread_blocked, id=9468, stack(0x000000001f470000,0x000000001f570000)]
  0x000000001dc66000 JavaThread "flink-metrics-scheduler-1" [_thread_blocked, id=7264, stack(0x000000001f2f0000,0x000000001f3f0000)]
  0x000000001dbc0000 JavaThread "flink-akka.actor.default-dispatcher-4" [_thread_blocked, id=16092, stack(0x000000001efd0000,0x000000001f0d0000)]
  0x000000001dcbd800 JavaThread "flink-akka.actor.default-dispatcher-3" [_thread_blocked, id=19024, stack(0x000000001f100000,0x000000001f200000)]
  0x000000001dd68000 JavaThread "flink-akka.actor.default-dispatcher-2" [_thread_blocked, id=368, stack(0x000000001ee70000,0x000000001ef70000)]
  0x000000001da2a000 JavaThread "flink-scheduler-1" [_thread_blocked, id=10540, stack(0x000000001ea60000,0x000000001eb60000)]
  0x0000000006e76800 JavaThread "Service Thread" daemon [_thread_blocked, id=3280, stack(0x00000000077b0000,0x00000000078b0000)]
  0x0000000006e00800 JavaThread "C1 CompilerThread2" daemon [_thread_blocked, id=15136, stack(0x0000000007470000,0x0000000007570000)]
=>0x0000000006df5000 JavaThread "C2 CompilerThread1" daemon [_thread_in_native, id=16536, stack(0x00000000075b0000,0x00000000076b0000)]
  0x0000000006ddb000 JavaThread "C2 CompilerThread0" daemon [_thread_blocked, id=13472, stack(0x0000000006870000,0x0000000006970000)]
  0x0000000006dd9800 JavaThread "Monitor Ctrl-Break" daemon [_thread_in_native, id=13776, stack(0x0000000007330000,0x0000000007430000)]
  0x0000000004cff000 JavaThread "Attach Listener" daemon [_thread_blocked, id=4824, stack(0x00000000069f0000,0x0000000006af0000)]
  0x0000000004cf6800 JavaThread "Signal Dispatcher" daemon [_thread_blocked, id=16932, stack(0x0000000006710000,0x0000000006810000)]
  0x0000000004ce1800 JavaThread "Finalizer" daemon [_thread_blocked, id=16632, stack(0x0000000006150000,0x0000000006250000)]
  0x0000000004cda800 JavaThread "Reference Handler" daemon [_thread_blocked, id=19252, stack(0x0000000005f70000,0x0000000006070000)]
  0x00000000024ab000 JavaThread "main" [_thread_blocked, id=18840, stack(0x00000000027b0000,0x00000000028b0000)]

Other Threads:
  0x0000000004c93000 VMThread [stack: 0x0000000005de0000,0x0000000005ee0000] [id=1500]
  0x0000000006f04000 WatcherThread [stack: 0x000000001d320000,0x000000001d420000] [id=18240]

VM state:at safepoint (normal execution)

VM Mutex/Monitor currently owned by a thread:  ([mutex/lock_event])
[0x00000000024a8980] Threads_lock - owner thread: 0x0000000004c93000
[0x00000000024a8e80] Heap_lock - owner thread: 0x000000003477f000

heap address: 0x0000000701200000, size: 3054 MB, Compressed Oops mode: Zero based, Oop shift amount: 3
Narrow klass base: 0x0000000000000000, Narrow klass shift: 3
Compressed class space size: 1073741824 Address: 0x00000007c0000000

Heap:
 PSYoungGen      total 100352K, used 92156K [0x0000000780600000, 0x000000078b780000, 0x00000007c0000000)
  eden space 92160K, 99% used [0x0000000780600000,0x0000000785fff398,0x0000000786000000)
  from space 8192K, 0% used [0x0000000786000000,0x0000000786000000,0x0000000786800000)
  to   space 8192K, 0% used [0x000000078af80000,0x000000078af80000,0x000000078b780000)
 ParOldGen       total 69120K, used 68609K [0x0000000701200000, 0x0000000705580000, 0x0000000780600000)
  object space 69120K, 99% used [0x0000000701200000,0x0000000705500520,0x0000000705580000)
 Metaspace       used 33809K, capacity 34784K, committed 34944K, reserved 1079296K
  class space    used 4749K, capacity 4966K, committed 4992K, reserved 1048576K

Card table byte_map: [0x0000000002e00000,0x0000000003400000] byte_map_base: 0xffffffffff5f7000

Marking Bits: (ParMarkBitMap*) 0x00000000082f5ce0
 Begin Bits: [0x0000000017380000, 0x000000001a338000)
 End Bits:   [0x000000001a338000, 0x000000001d2f0000)

Polling page: 0x0000000000130000

CodeCache: size=245760Kb used=7181Kb max_used=7181Kb free=238578Kb
 bounds [0x0000000008380000, 0x0000000008a90000, 0x0000000017380000]
 total_blobs=2669 nmethods=2183 adapters=398
 compilation: enabled

Compilation events (10 events):
Event: 13.976 Thread 0x0000000006e00800 2190       3       akka.actor.dungeon.ReceiveTimeout$class::cancelReceiveTimeout (57 bytes)
Event: 13.976 Thread 0x0000000006e00800 nmethod 2190 0x0000000008a84690 code [0x0000000008a84880, 0x0000000008a85258]
Event: 13.976 Thread 0x0000000006e00800 2187       1       org.apache.flink.runtime.metrics.dump.MetricQueryService$AddMetric::access$000 (5 bytes)
Event: 13.976 Thread 0x0000000006e00800 nmethod 2187 0x0000000008a85590 code [0x0000000008a856e0, 0x0000000008a857d0]
Event: 13.977 Thread 0x0000000006e00800 2188       1       org.apache.flink.runtime.metrics.dump.MetricQueryService$AddMetric::access$100 (5 bytes)
Event: 13.977 Thread 0x0000000006e00800 nmethod 2188 0x0000000008a85850 code [0x0000000008a859a0, 0x0000000008a85a90]
Event: 13.977 Thread 0x0000000006e00800 2189       1       org.apache.flink.runtime.metrics.dump.MetricQueryService$AddMetric::access$200 (5 bytes)
Event: 13.977 Thread 0x0000000006e00800 nmethod 2189 0x0000000008a85b10 code [0x0000000008a85c60, 0x0000000008a85d50]
Event: 13.977 Thread 0x0000000006e00800 2183       3       java.util.ArrayList$SubList::checkForComodification (23 bytes)
Event: 13.977 Thread 0x0000000006e00800 nmethod 2183 0x0000000008a85dd0 code [0x0000000008a85f40, 0x0000000008a861a8]

GC Heap History (10 events):
Event: 13.715 GC heap after
Heap after GC invocations=7 (full 2):
 PSYoungGen      total 100352K, used 8176K [0x0000000780600000, 0x000000078b780000, 0x00000007c0000000)
  eden space 92160K, 0% used [0x0000000780600000,0x0000000780600000,0x0000000786000000)
  from space 8192K, 99% used [0x0000000786000000,0x00000007867fc158,0x0000000786800000)
  to   space 8192K, 0% used [0x000000078af80000,0x000000078af80000,0x000000078b780000)
 ParOldGen       total 65024K, used 11836K [0x0000000701200000, 0x0000000705180000, 0x0000000780600000)
  object space 65024K, 18% used [0x0000000701200000,0x0000000701d8f068,0x0000000705180000)
 Metaspace       used 32485K, capacity 33166K, committed 33408K, reserved 1077248K
  class space    used 4568K, capacity 4725K, committed 4736K, reserved 1048576K
}
Event: 13.881 GC heap before
{Heap before GC invocations=8 (full 2):
 PSYoungGen      total 100352K, used 100336K [0x0000000780600000, 0x000000078b780000, 0x00000007c0000000)
  eden space 92160K, 100% used [0x0000000780600000,0x0000000786000000,0x0000000786000000)
  from space 8192K, 99% used [0x0000000786000000,0x00000007867fc158,0x0000000786800000)
  to   space 8192K, 0% used [0x000000078af80000,0x000000078af80000,0x000000078b780000)
 ParOldGen       total 65024K, used 11836K [0x0000000701200000, 0x0000000705180000, 0x0000000780600000)
  object space 65024K, 18% used [0x0000000701200000,0x0000000701d8f068,0x0000000705180000)
 Metaspace       used 33810K, capacity 34786K, committed 34944K, reserved 1079296K
  class space    used 4749K, capacity 4967K, committed 4992K, reserved 1048576K
Event: 13.908 GC heap after
Heap after GC invocations=8 (full 2):
 PSYoungGen      total 100352K, used 100336K [0x0000000780600000, 0x000000078b780000, 0x00000007c0000000)
  eden space 92160K, 100% used [0x0000000780600000,0x0000000786000000,0x0000000786000000)
  from space 8192K, 99% used [0x0000000786000000,0x00000007867fc158,0x0000000786800000)
  to   space 8192K, 99% used [0x000000078af80000,0x000000078b77f038,0x000000078b780000)
 ParOldGen       total 69120K, used 69119K [0x0000000701200000, 0x0000000705580000, 0x0000000780600000)
  object space 69120K, 99% used [0x0000000701200000,0x000000070557fe80,0x0000000705580000)
 Metaspace       used 33810K, capacity 34786K, committed 34944K, reserved 1079296K
  class space    used 4749K, capacity 4967K, committed 4992K, reserved 1048576K
}
Event: 13.908 GC heap before
{Heap before GC invocations=9 (full 3):
 PSYoungGen      total 100352K, used 100336K [0x0000000780600000, 0x000000078b780000, 0x00000007c0000000)
  eden space 92160K, 100% used [0x0000000780600000,0x0000000786000000,0x0000000786000000)
  from space 8192K, 99% used [0x0000000786000000,0x00000007867fc158,0x0000000786800000)
  to   space 8192K, 99% used [0x000000078af80000,0x000000078b77f038,0x000000078b780000)
 ParOldGen       total 69120K, used 69119K [0x0000000701200000, 0x0000000705580000, 0x0000000780600000)
  object space 69120K, 99% used [0x0000000701200000,0x000000070557fe80,0x0000000705580000)
 Metaspace       used 33810K, capacity 34786K, committed 34944K, reserved 1079296K
  class space    used 4749K, capacity 4967K, committed 4992K, reserved 1048576K
Event: 13.971 GC heap after
Heap after GC invocations=9 (full 3):
 PSYoungGen      total 100352K, used 11932K [0x0000000780600000, 0x000000078b780000, 0x00000007c0000000)
  eden space 92160K, 12% used [0x0000000780600000,0x00000007811a7378,0x0000000786000000)
  from space 8192K, 0% used [0x0000000786000000,0x0000000786000000,0x0000000786800000)
  to   space 8192K, 0% used [0x000000078af80000,0x000000078af80000,0x000000078b780000)
 ParOldGen       total 69120K, used 69012K [0x0000000701200000, 0x0000000705580000, 0x0000000780600000)
  object space 69120K, 99% used [0x0000000701200000,0x00000007055652e0,0x0000000705580000)
 Metaspace       used 33809K, capacity 34784K, committed 34944K, reserved 1079296K
  class space    used 4749K, capacity 4966K, committed 4992K, reserved 1048576K
}
Event: 13.984 GC heap before
{Heap before GC invocations=10 (full 4):
 PSYoungGen      total 100352K, used 92160K [0x0000000780600000, 0x000000078b780000, 0x00000007c0000000)
  eden space 92160K, 100% used [0x0000000780600000,0x0000000786000000,0x0000000786000000)
  from space 8192K, 0% used [0x0000000786000000,0x0000000786000000,0x0000000786800000)
  to   space 8192K, 0% used [0x000000078af80000,0x000000078af80000,0x000000078b780000)
 ParOldGen       total 69120K, used 69012K [0x0000000701200000, 0x0000000705580000, 0x0000000780600000)
  object space 69120K, 99% used [0x0000000701200000,0x00000007055652e0,0x0000000705580000)
 Metaspace       used 33809K, capacity 34784K, committed 34944K, reserved 1079296K
  class space    used 4749K, capacity 4966K, committed 4992K, reserved 1048576K
Event: 14.051 GC heap after
Heap after GC invocations=10 (full 4):
 PSYoungGen      total 100352K, used 89585K [0x0000000780600000, 0x000000078b780000, 0x00000007c0000000)
  eden space 92160K, 97% used [0x0000000780600000,0x0000000785d7c748,0x0000000786000000)
  from space 8192K, 0% used [0x0000000786000000,0x0000000786000000,0x0000000786800000)
  to   space 8192K, 0% used [0x000000078af80000,0x000000078af80000,0x000000078b780000)
 ParOldGen       total 69120K, used 68609K [0x0000000701200000, 0x0000000705580000, 0x0000000780600000)
  object space 69120K, 99% used [0x0000000701200000,0x00000007055007c0,0x0000000705580000)
 Metaspace       used 33809K, capacity 34784K, committed 34944K, reserved 1079296K
  class space    used 4749K, capacity 4966K, committed 4992K, reserved 1048576K
}
Event: 14.051 GC heap before
{Heap before GC invocations=11 (full 5):
 PSYoungGen      total 100352K, used 92138K [0x0000000780600000, 0x000000078b780000, 0x00000007c0000000)
  eden space 92160K, 99% used [0x0000000780600000,0x0000000785ffaa18,0x0000000786000000)
  from space 8192K, 0% used [0x0000000786000000,0x0000000786000000,0x0000000786800000)
  to   space 8192K, 0% used [0x000000078af80000,0x000000078af80000,0x000000078b780000)
 ParOldGen       total 69120K, used 68609K [0x0000000701200000, 0x0000000705580000, 0x0000000780600000)
  object space 69120K, 99% used [0x0000000701200000,0x00000007055007c0,0x0000000705580000)
 Metaspace       used 33809K, capacity 34784K, committed 34944K, reserved 1079296K
  class space    used 4749K, capacity 4966K, committed 4992K, reserved 1048576K
Event: 14.094 GC heap after
Heap after GC invocations=11 (full 5):
 PSYoungGen      total 100352K, used 90934K [0x0000000780600000, 0x000000078b780000, 0x00000007c0000000)
  eden space 92160K, 98% used [0x0000000780600000,0x0000000785ecd9a8,0x0000000786000000)
  from space 8192K, 0% used [0x0000000786000000,0x0000000786000000,0x0000000786800000)
  to   space 8192K, 0% used [0x000000078af80000,0x000000078af80000,0x000000078b780000)
 ParOldGen       total 69120K, used 68609K [0x0000000701200000, 0x0000000705580000, 0x0000000780600000)
  object space 69120K, 99% used [0x0000000701200000,0x0000000705500520,0x0000000705580000)
 Metaspace       used 33809K, capacity 34784K, committed 34944K, reserved 1079296K
  class space    used 4749K, capacity 4966K, committed 4992K, reserved 1048576K
}
Event: 14.096 GC heap before
{Heap before GC invocations=12 (full 6):
 PSYoungGen      total 100352K, used 92156K [0x0000000780600000, 0x000000078b780000, 0x00000007c0000000)
  eden space 92160K, 99% used [0x0000000780600000,0x0000000785fff398,0x0000000786000000)
  from space 8192K, 0% used [0x0000000786000000,0x0000000786000000,0x0000000786800000)
  to   space 8192K, 0% used [0x000000078af80000,0x000000078af80000,0x000000078b780000)
 ParOldGen       total 69120K, used 68609K [0x0000000701200000, 0x0000000705580000, 0x0000000780600000)
  object space 69120K, 99% used [0x0000000701200000,0x0000000705500520,0x0000000705580000)
 Metaspace       used 33809K, capacity 34784K, committed 34944K, reserved 1079296K
  class space    used 4749K, capacity 4966K, committed 4992K, reserved 1048576K

Deoptimization events (10 events):
Event: 12.919 Thread 0x00000000024ab000 Uncommon trap: reason=unstable_if action=reinterpret pc=0x0000000008868554 method=java.util.HashMap.hash(Ljava/lang/Object;)I @ 1
Event: 12.919 Thread 0x00000000024ab000 Uncommon trap: reason=unstable_if action=reinterpret pc=0x0000000008648568 method=java.util.HashMap.hash(Ljava/lang/Object;)I @ 1
Event: 13.061 Thread 0x00000000024ab000 Uncommon trap: reason=class_check action=maybe_recompile pc=0x00000000088566e8 method=java.lang.reflect.Field.get(Ljava/lang/Object;)Ljava/lang/Object; @ 45
Event: 13.107 Thread 0x00000000024ab000 Uncommon trap: reason=class_check action=maybe_recompile pc=0x00000000088566e8 method=java.lang.reflect.Field.get(Ljava/lang/Object;)Ljava/lang/Object; @ 45
Event: 13.369 Thread 0x00000000024ab000 Uncommon trap: reason=bimorphic action=maybe_recompile pc=0x000000000869f01c method=java.util.HashMap.putVal(ILjava/lang/Object;Ljava/lang/Object;ZZ)Ljava/lang/Object; @ 203
Event: 13.373 Thread 0x000000001dc73000 Uncommon trap: reason=bimorphic action=maybe_recompile pc=0x00000000086b3e18 method=java.util.AbstractCollection.isEmpty()Z @ 1
Event: 13.475 Thread 0x00000000024ab000 Uncommon trap: reason=unstable_if action=reinterpret pc=0x000000000886f1f0 method=java.util.HashMap.hash(Ljava/lang/Object;)I @ 1
Event: 13.535 Thread 0x00000000024ab000 Uncommon trap: reason=bimorphic action=maybe_recompile pc=0x00000000086b3e18 method=java.util.AbstractCollection.isEmpty()Z @ 1
Event: 13.569 Thread 0x00000000024ab000 Uncommon trap: reason=unstable_if action=reinterpret pc=0x0000000008856738 method=java.lang.reflect.Field.getFieldAccessor(Ljava/lang/Object;)Lsun/reflect/FieldAccessor; @ 22
Event: 13.648 Thread 0x000000001dcbd800 Uncommon trap: reason=unstable_if action=reinterpret pc=0x0000000008815740 method=java.lang.ClassLoader.getClassLoadingLock(Ljava/lang/String;)Ljava/lang/Object; @ 6

Classes redefined (0 events):
No events

Internal exceptions (10 events):
Event: 13.581 Thread 0x00000000024ab000 Exception <a 'java/lang/NoSuchMethodError': <clinit>> (0x0000000785563ea0) thrown at [C:\re\workspace\8-2-build-windows-amd64-cygwin\jdk8u202\12323\hotspot\src\share\vm\prims\jni.cpp, line 1614]
Event: 13.584 Thread 0x00000000024ab000 Exception <a 'java/lang/NoSuchMethodError': <clinit>> (0x0000000785585ff8) thrown at [C:\re\workspace\8-2-build-windows-amd64-cygwin\jdk8u202\12323\hotspot\src\share\vm\prims\jni.cpp, line 1614]
Event: 13.590 Thread 0x00000000024ab000 Exception <a 'java/lang/NoSuchMethodError': <clinit>> (0x00000007855fcd50) thrown at [C:\re\workspace\8-2-build-windows-amd64-cygwin\jdk8u202\12323\hotspot\src\share\vm\prims\jni.cpp, line 1614]
Event: 13.592 Thread 0x00000000024ab000 Exception <a 'java/lang/NoSuchMethodError': <clinit>> (0x0000000785615b08) thrown at [C:\re\workspace\8-2-build-windows-amd64-cygwin\jdk8u202\12323\hotspot\src\share\vm\prims\jni.cpp, line 1614]
Event: 13.619 Thread 0x000000001dbc0000 Exception <a 'java/lang/NoSuchMethodError': java.lang.Object.lambda$unchecked$0(Lorg/apache/flink/util/function/CheckedSupplier;)Ljava/lang/Object;> (0x0000000781498498) thrown at [C:\re\workspace\8-2-build-windows-amd64-cygwin\jdk8u202\12323\hotspot\src\
Event: 13.621 Thread 0x000000001dbc0000 Exception <a 'java/lang/NoSuchMethodError': java.lang.Object.lambda$unchecked$0(Lorg/apache/flink/util/function/BiConsumerWithException;Ljava/lang/Object;Ljava/lang/Object;)V> (0x00000007814ae850) thrown at [C:\re\workspace\8-2-build-windows-amd64-cygwin\
Event: 13.761 Thread 0x000000001dcbd800 Exception <a 'java/lang/IncompatibleClassChangeError': Found class java.lang.Object, but interface was expected> (0x0000000780a6bb38) thrown at [C:\re\workspace\8-2-build-windows-amd64-cygwin\jdk8u202\12323\hotspot\src\share\vm\interpreter\linkResolver.cp
Event: 13.769 Thread 0x000000001dcbd800 Exception <a 'java/lang/NoSuchMethodError': java.lang.Object.lambda$identity$2(Ljava/lang/Object;)Ljava/lang/Object;> (0x0000000780bc9180) thrown at [C:\re\workspace\8-2-build-windows-amd64-cygwin\jdk8u202\12323\hotspot\src\share\vm\interpreter\linkResolv
Event: 13.783 Thread 0x000000001dcbd800 Exception <a 'java/lang/NoSuchMethodError': java.lang.Object.of(Ljava/lang/Object;)Ljava/util/stream/Stream;> (0x0000000780d06998) thrown at [C:\re\workspace\8-2-build-windows-amd64-cygwin\jdk8u202\12323\hotspot\src\share\vm\interpreter\linkResolver.cpp, 
Event: 13.783 Thread 0x000000001dcbd800 Exception <a 'java/lang/NoSuchMethodError': java.lang.Object.empty()Ljava/util/stream/Stream;> (0x0000000780d0b378) thrown at [C:\re\workspace\8-2-build-windows-amd64-cygwin\jdk8u202\12323\hotspot\src\share\vm\interpreter\linkResolver.cpp, line 620]

Events (10 events):
Event: 13.866 loading class org/apache/flink/runtime/broadcast/InitializationTypeConflictException done
Event: 13.866 loading class org/apache/flink/api/common/functions/util/FunctionUtils
Event: 13.866 loading class org/apache/flink/api/common/functions/util/FunctionUtils done
Event: 13.880 Executing VM operation: ParallelGCFailedAllocation
Event: 13.971 Executing VM operation: ParallelGCFailedAllocation done
Event: 13.984 Executing VM operation: ParallelGCFailedAllocation
Event: 14.051 Executing VM operation: ParallelGCFailedAllocation done
Event: 14.051 Executing VM operation: ParallelGCFailedAllocation
Event: 14.094 Executing VM operation: ParallelGCFailedAllocation done
Event: 14.094 Executing VM operation: ParallelGCFailedAllocation


Dynamic libraries:
0x000000013f3d0000 - 0x000000013f407000 	D:\Program Files\Java\jdk1.8.0_202\bin\java.exe
0x0000000077230000 - 0x00000000773cf000 	C:\Windows\SYSTEM32\ntdll.dll
0x0000000077110000 - 0x000000007722f000 	C:\Windows\system32\kernel32.dll
0x000007fefcec0000 - 0x000007fefcf2a000 	C:\Windows\system32\KERNELBASE.dll
0x000007fefee40000 - 0x000007fefef1b000 	C:\Windows\system32\ADVAPI32.dll
0x000007fefd860000 - 0x000007fefd8ff000 	C:\Windows\system32\msvcrt.dll
0x000007fefe8b0000 - 0x000007fefe8cf000 	C:\Windows\SYSTEM32\sechost.dll
0x000007fefeb60000 - 0x000007fefec8c000 	C:\Windows\system32\RPCRT4.dll
0x0000000077010000 - 0x000000007710a000 	C:\Windows\system32\USER32.dll
0x000007fefd690000 - 0x000007fefd6f7000 	C:\Windows\system32\GDI32.dll
0x000007fefe8d0000 - 0x000007fefe8de000 	C:\Windows\system32\LPK.dll
0x000007fefd3e0000 - 0x000007fefd4ab000 	C:\Windows\system32\USP10.dll
0x000007fefb560000 - 0x000007fefb755000 	C:\Windows\WinSxS\amd64_microsoft.windows.common-controls_6595b64144ccf1df_6.0.7601.24440_none_e36f1bbf30ff0606\COMCTL32.dll
0x000007fefe8e0000 - 0x000007fefe951000 	C:\Windows\system32\SHLWAPI.dll
0x000007fefd3b0000 - 0x000007fefd3de000 	C:\Windows\system32\IMM32.DLL
0x000007fefd700000 - 0x000007fefd809000 	C:\Windows\system32\MSCTF.dll
0x00000000581d0000 - 0x00000000582a2000 	D:\Program Files\Java\jdk1.8.0_202\jre\bin\msvcr100.dll
0x0000000007ad0000 - 0x0000000008375000 	D:\Program Files\Java\jdk1.8.0_202\jre\bin\server\jvm.dll
0x000007fef1700000 - 0x000007fef1709000 	C:\Windows\system32\WSOCK32.dll
0x000007fefd810000 - 0x000007fefd85d000 	C:\Windows\system32\WS2_32.dll
0x000007fefd2a0000 - 0x000007fefd2a8000 	C:\Windows\system32\NSI.dll
0x000007fefcd30000 - 0x000007fefcd6b000 	C:\Windows\system32\WINMM.dll
0x000007fefbda0000 - 0x000007fefbdac000 	C:\Windows\system32\VERSION.dll
0x00000000773e0000 - 0x00000000773e7000 	C:\Windows\system32\PSAPI.DLL
0x000007fef9b30000 - 0x000007fef9b3f000 	D:\Program Files\Java\jdk1.8.0_202\jre\bin\verify.dll
0x000007fef0340000 - 0x000007fef0369000 	D:\Program Files\Java\jdk1.8.0_202\jre\bin\java.dll
0x000007feef800000 - 0x000007feef823000 	D:\Program Files\Java\jdk1.8.0_202\jre\bin\instrument.dll
0x000007feef970000 - 0x000007feef986000 	D:\Program Files\Java\jdk1.8.0_202\jre\bin\zip.dll
0x000007fefd900000 - 0x000007fefe68b000 	C:\Windows\system32\SHELL32.dll
0x000007fefe960000 - 0x000007fefeb5f000 	C:\Windows\system32\ole32.dll
0x000007fefcaf0000 - 0x000007fefcaff000 	C:\Windows\system32\profapi.dll
0x000007feef7c0000 - 0x000007feef7da000 	D:\tools\IntelliJIDEA2017.3.2\bin\breakgen64.dll
0x000007feef870000 - 0x000007feef88a000 	D:\Program Files\Java\jdk1.8.0_202\jre\bin\net.dll
0x000007fefecb0000 - 0x000007fefee38000 	C:\Windows\system32\urlmon.dll
0x000007fefcb70000 - 0x000007fefcb74000 	C:\Windows\system32\api-ms-win-downlevel-ole32-l1-1-0.dll
0x000007fefcd70000 - 0x000007fefcd74000 	C:\Windows\system32\api-ms-win-downlevel-shlwapi-l1-1-0.dll
0x000007fefce20000 - 0x000007fefce25000 	C:\Windows\system32\api-ms-win-downlevel-advapi32-l1-1-0.dll
0x000007fefcb60000 - 0x000007fefcb64000 	C:\Windows\system32\api-ms-win-downlevel-user32-l1-1-0.dll
0x000007fefcb30000 - 0x000007fefcb34000 	C:\Windows\system32\api-ms-win-downlevel-version-l1-1-0.dll
0x000007fefcf30000 - 0x000007fefcf33000 	C:\Windows\system32\api-ms-win-downlevel-normaliz-l1-1-0.dll
0x00000000773d0000 - 0x00000000773d3000 	C:\Windows\system32\normaliz.DLL
0x000007fefcfd0000 - 0x000007fefd29a000 	C:\Windows\system32\iertutil.dll
0x000007fefef20000 - 0x000007feff438000 	C:\Windows\system32\WININET.dll
0x000007fefce60000 - 0x000007fefce7e000 	C:\Windows\system32\USERENV.dll
0x000007fefc230000 - 0x000007fefc285000 	C:\Windows\system32\mswsock.dll
0x000007fefc220000 - 0x000007fefc227000 	C:\Windows\System32\wship6.dll
0x000007fef0310000 - 0x000007fef031d000 	D:\Program Files\Java\jdk1.8.0_202\jre\bin\management.dll
0x000007feef7e0000 - 0x000007feef7f2000 	D:\Program Files\Java\jdk1.8.0_202\jre\bin\nio.dll
0x000007fefad90000 - 0x000007fefada5000 	C:\Windows\system32\NLAapi.dll
0x000007fef46a0000 - 0x000007fef46b5000 	C:\Windows\system32\napinsp.dll
0x000007fef4680000 - 0x000007fef4699000 	C:\Windows\system32\pnrpnsp.dll
0x000007fefc0b0000 - 0x000007fefc10b000 	C:\Windows\system32\DNSAPI.dll
0x000007fef4670000 - 0x000007fef467b000 	C:\Windows\System32\winrnr.dll
0x00000000710e0000 - 0x0000000071115000 	C:\Program Files\Bonjour\mdnsNSP.dll
0x000007fef9e20000 - 0x000007fef9e47000 	C:\Windows\system32\Iphlpapi.DLL
0x000007fef9e10000 - 0x000007fef9e1b000 	C:\Windows\system32\WINNSI.DLL
0x000007fefbb10000 - 0x000007fefbb17000 	C:\Windows\System32\wshtcpip.dll
0x000007fef8640000 - 0x000007fef8648000 	C:\Windows\system32\rasadhlp.dll
0x000007fef9b90000 - 0x000007fef9be3000 	C:\Windows\System32\fwpuclnt.dll
0x000007fefc290000 - 0x000007fefc2a8000 	C:\Windows\system32\CRYPTSP.dll
0x000007fefbf90000 - 0x000007fefbfd7000 	C:\Windows\system32\rsaenh.dll
0x000007fefc980000 - 0x000007fefc98f000 	C:\Windows\system32\CRYPTBASE.dll
0x000007fef9c70000 - 0x000007fef9c81000 	C:\Windows\system32\dhcpcsvc6.DLL
0x000007fef9c50000 - 0x000007fef9c68000 	C:\Windows\system32\dhcpcsvc.DLL

VM Arguments:
jvm_args: -javaagent:D:\tools\IntelliJIDEA2017.3.2\lib\idea_rt.jar=59575:D:\tools\IntelliJIDEA2017.3.2\bin -Dfile.encoding=UTF-8 
java_command: com.cyb.flink.StaticsLocalFile
java_class_path (initial): D:\Program Files\Java\jdk1.8.0_202\jre\lib\charsets.jar;D:\Program Files\Java\jdk1.8.0_202\jre\lib\deploy.jar;D:\Program Files\Java\jdk1.8.0_202\jre\lib\ext\access-bridge-64.jar;D:\Program Files\Java\jdk1.8.0_202\jre\lib\ext\cldrdata.jar;D:\Program Files\Java\jdk1.8.0_202\jre\lib\ext\dnsns.jar;D:\Program Files\Java\jdk1.8.0_202\jre\lib\ext\jaccess.jar;D:\Program Files\Java\jdk1.8.0_202\jre\lib\ext\jfxrt.jar;D:\Program Files\Java\jdk1.8.0_202\jre\lib\ext\localedata.jar;D:\Program Files\Java\jdk1.8.0_202\jre\lib\ext\nashorn.jar;D:\Program Files\Java\jdk1.8.0_202\jre\lib\ext\sunec.jar;D:\Program Files\Java\jdk1.8.0_202\jre\lib\ext\sunjce_provider.jar;D:\Program Files\Java\jdk1.8.0_202\jre\lib\ext\sunmscapi.jar;D:\Program Files\Java\jdk1.8.0_202\jre\lib\ext\sunpkcs11.jar;D:\Program Files\Java\jdk1.8.0_202\jre\lib\ext\zipfs.jar;D:\Program Files\Java\jdk1.8.0_202\jre\lib\javaws.jar;D:\Program Files\Java\jdk1.8.0_202\jre\lib\jce.jar;D:\Program Files\Java\jdk1.8.0_202\jre\lib\jfr.jar;D:\Program Files\Java\jdk1.8.0_202\jre\lib\jfxswt.jar;D:\Program Files\Java\jdk1.8.0_202\jre\lib\jsse.jar;D:\Program Files\Java\jdk1.8.0_202\jre\lib\management-agent.jar;D:\Program Files\Java\jdk1.8.0_202\jre\lib\plugin.jar;D:\Program Files\Java\jdk1.8.0_202\jre\lib\resources.jar;D:\Program Files\Java\jdk1.8.0_202\jre\lib\rt.jar;D:\chenyb\myproject\zhuhx\cloud\zzuchenyb-mvc-utils\fink\target\classes;C:\Users\Administrator\.m2\repository\org\apache\flink\flink-java\1.7.1\flink-java-1.7.1.jar;C:\Users\Administrator\.m2\repository\org\apache\flink\flink-core\1.7.1\flink-core-1.7.1.jar;C:\Users\Administrator\.m2\repository\org\apache\flink\flink-annotations\1.7.1\flink-annotations-1.7.1.jar;C:\Users\Administrator\.m2\repository\org\apache\flink\flink-metrics-core\1.7.1\flink-metrics-core-1.7.1.jar;C:\Users\Administrator\.m2\repository\com\esotericsoftware\kryo\kryo\2.24.0\kryo-2.24.0.jar;C:\Users\Administrator\.m2\repository\com\esotericsoftware\minlog\minlog\1.2\minlog
Launcher Type: SUN_STANDARD

Environment Variables:
JAVA_HOME=D:\Program Files\Java\jdk1.8.0_202
PATH=C:\Program Files (x86)\Common Files\Oracle\Java\javapath;C:\Windows\system32;C:\Windows;C:\Windows\System32\Wbem;C:\Windows\System32\WindowsPowerShell\v1.0\;D:\Program Files\TortoiseGit\bin;C:\Program Files\Git\cmd;D:\Program Files\Java\jdk1.8.0_202\bin;D:\apache-maven-3.1.1\bin
USERNAME=Administrator
OS=Windows_NT
PROCESSOR_IDENTIFIER=Intel64 Family 6 Model 60 Stepping 3, GenuineIntel



---------------  S Y S T E M  ---------------

OS: Windows 7 , 64 bit Build 7601 (6.1.7601.24441)

CPU:total 4 (initial active 4) (4 cores per cpu, 1 threads per core) family 6 model 60 stepping 3, cmov, cx8, fxsr, mmx, sse, sse2, sse3, ssse3, sse4.1, sse4.2, popcnt, avx, avx2, aes, clmul, erms, rtm, lzcnt, tsc, tscinvbit, bmi1, bmi2

Memory: 4k page, physical 12505636k(2707700k free), swap 12503736k(3448k free)

vm_info: Java HotSpot(TM) 64-Bit Server VM (25.202-b08) for windows-amd64 JRE (1.8.0_202-b08), built on Dec 15 2018 19:54:30 by "java_re" with MS VC++ 10.0 (VS2010)

time: Mon Jun 17 14:34:58 2019
timezone: 中国标准时间
elapsed time: 14 seconds (0d 0h 0m 14s)

