#
# There is insufficient memory for the Java Runtime Environment to continue.
# Native memory allocation (malloc) failed to allocate 1048576 bytes for AllocateHeap
# Possible reasons:
#   The system is out of physical RAM or swap space
#   The process is running with CompressedOops enabled, and the Java Heap may be blocking the growth of the native heap
# Possible solutions:
#   Reduce memory load on the system
#   Increase physical memory or swap space
#   Check if swap backing store is full
#   Decrease Java heap size (-Xmx/-Xms)
#   Decrease number of Java threads
#   Decrease Java thread stack sizes (-Xss)
#   Set larger code cache with -XX:ReservedCodeCacheSize=
#   JVM is running with Zero Based Compressed Oops mode in which the Java heap is
#     placed in the first 32GB address space. The Java Heap base address is the
#     maximum limit for the native heap growth. Please use -XX:HeapBaseMinAddress
#     to set the Java Heap base and to place the Java Heap above 32GB virtual address.
# This output file may be truncated or incomplete.
#
#  Out of Memory Error (memory/allocation.inline.hpp:61), pid=19088, tid=0x000000000000243c
#
# JRE version:  (8.0_202-b08) (build )
# Java VM: Java HotSpot(TM) 64-Bit Server VM (25.202-b08 mixed mode windows-amd64 compressed oops)
# Failed to write core dump. Minidumps are not enabled by default on client versions of Windows
#

---------------  T H R E A D  ---------------

Current thread (0x00000000023bd000):  JavaThread "Unknown thread" [_thread_in_vm, id=9276, stack(0x00000000027c0000,0x00000000028c0000)]

Stack: [0x00000000027c0000,0x00000000028c0000]
[error occurred during error reporting (printing stack bounds), id 0xc0000005]

Native frames: (J=compiled Java code, j=interpreted, Vv=VM code, C=native code)


---------------  P R O C E S S  ---------------

Java Threads: ( => current thread )

Other Threads:

=>0x00000000023bd000 (exited) JavaThread "Unknown thread" [_thread_in_vm, id=9276, stack(0x00000000027c0000,0x00000000028c0000)]

VM state:not at safepoint (normal execution)

VM Mutex/Monitor currently owned by a thread: None

heap address: 0x0000000701200000, size: 3054 MB, Compressed Oops mode: Zero based, Oop shift amount: 3
Narrow klass base: 0x0000000000000000, Narrow klass shift: 3
Compressed class space size: 1073741824 Address: 0x00000007c0000000

Heap:
 PSYoungGen      total 57344K, used 983K [0x0000000780600000, 0x0000000784600000, 0x00000007c0000000)
  eden space 49152K, 2% used [0x0000000780600000,0x00000007806f5c38,0x0000000783600000)
  from space 8192K, 0% used [0x0000000783e00000,0x0000000783e00000,0x0000000784600000)
  to   space 8192K, 0% used [0x0000000783600000,0x0000000783600000,0x0000000783e00000)
 ParOldGen       total 131072K, used 0K [0x0000000701200000, 0x0000000709200000, 0x0000000780600000)
  object space 131072K, 0% used [0x0000000701200000,0x0000000701200000,0x0000000709200000)
 Metaspace       used 775K, capacity 4480K, committed 4480K, reserved 1056768K
  class space    used 76K, capacity 384K, committed 384K, reserved 1048576K

Card table byte_map: [0x0000000002c80000,0x0000000003280000] byte_map_base: 0xffffffffff477000

Marking Bits: (ParMarkBitMap*) 0x0000000008425ce0
 Begin Bits: [0x00000000174b0000, 0x000000001a468000)
 End Bits:   [0x000000001a468000, 0x000000001d420000)

Polling page: 0x0000000000220000

CodeCache: size=245760Kb used=328Kb max_used=328Kb free=245431Kb
 bounds [0x00000000084b0000, 0x0000000008720000, 0x00000000174b0000]
 total_blobs=58 nmethods=0 adapters=38
 compilation: enabled

Compilation events (0 events):
No events

GC Heap History (0 events):
No events

Deoptimization events (0 events):
No events

Classes redefined (0 events):
No events

Internal exceptions (0 events):
No events

Events (10 events):
Event: 0.260 loading class java/lang/Short
Event: 0.260 loading class java/lang/Short done
Event: 0.260 loading class java/lang/Integer
Event: 0.261 loading class java/lang/Integer done
Event: 0.261 loading class java/lang/Long
Event: 0.262 loading class java/lang/Long done
Event: 0.264 loading class java/lang/NullPointerException
Event: 0.264 loading class java/lang/NullPointerException done
Event: 0.264 loading class java/lang/ArithmeticException
Event: 0.264 loading class java/lang/ArithmeticException done


Dynamic libraries:
0x000000013fc60000 - 0x000000013fc97000 	D:\Program Files\Java\jdk1.8.0_202\bin\javaw.exe
0x0000000077cc0000 - 0x0000000077e5f000 	C:\Windows\SYSTEM32\ntdll.dll
0x0000000077ba0000 - 0x0000000077cbf000 	C:\Windows\system32\kernel32.dll
0x000007fefd9a0000 - 0x000007fefda07000 	C:\Windows\system32\KERNELBASE.dll
0x000007fefe8f0000 - 0x000007fefe9cb000 	C:\Windows\system32\ADVAPI32.dll
0x000007feffa80000 - 0x000007feffb1f000 	C:\Windows\system32\msvcrt.dll
0x000007feffdd0000 - 0x000007feffdef000 	C:\Windows\SYSTEM32\sechost.dll
0x000007feffdf0000 - 0x000007fefff1c000 	C:\Windows\system32\RPCRT4.dll
0x0000000077aa0000 - 0x0000000077b9a000 	C:\Windows\system32\USER32.dll
0x000007fefeab0000 - 0x000007fefeb17000 	C:\Windows\system32\GDI32.dll
0x000007fefef70000 - 0x000007fefef7e000 	C:\Windows\system32\LPK.dll
0x000007feffd00000 - 0x000007feffdcb000 	C:\Windows\system32\USP10.dll
0x000007fefc030000 - 0x000007fefc225000 	C:\Windows\WinSxS\amd64_microsoft.windows.common-controls_6595b64144ccf1df_6.0.7601.24483_none_e372d88f30fbb845\COMCTL32.dll
0x000007feffc30000 - 0x000007feffca1000 	C:\Windows\system32\SHLWAPI.dll
0x000007feff5a0000 - 0x000007feff5ce000 	C:\Windows\system32\IMM32.DLL
0x000007feffb20000 - 0x000007feffc2b000 	C:\Windows\system32\MSCTF.dll
0x0000000067120000 - 0x00000000671f2000 	D:\Program Files\Java\jdk1.8.0_202\jre\bin\msvcr100.dll
0x0000000007c00000 - 0x00000000084a5000 	D:\Program Files\Java\jdk1.8.0_202\jre\bin\server\jvm.dll
0x000007fef8bf0000 - 0x000007fef8bf9000 	C:\Windows\system32\WSOCK32.dll
0x000007feffcb0000 - 0x000007feffcfd000 	C:\Windows\system32\WS2_32.dll
0x000007fefef80000 - 0x000007fefef88000 	C:\Windows\system32\NSI.dll
0x000007fefd670000 - 0x000007fefd6ab000 	C:\Windows\system32\WINMM.dll
0x000007fefc8a0000 - 0x000007fefc8ac000 	C:\Windows\system32\VERSION.dll
0x0000000077e70000 - 0x0000000077e77000 	C:\Windows\system32\PSAPI.DLL
0x000007fefbc80000 - 0x000007fefbc8f000 	D:\Program Files\Java\jdk1.8.0_202\jre\bin\verify.dll
0x000007fef6cd0000 - 0x000007fef6cf9000 	D:\Program Files\Java\jdk1.8.0_202\jre\bin\java.dll
0x000007fef6cb0000 - 0x000007fef6cc6000 	D:\Program Files\Java\jdk1.8.0_202\jre\bin\zip.dll

VM Arguments:
jvm_args: -Dfile.encoding=utf-8 
java_command: com.cyb.app.task.GlobalTaskWindow
java_class_path (initial): D:\chenyb\myproject\zhuhx\cloud\zzuchenyb-mvc-utils\target\classes;D:\chenyb\tools\eclipse\plugins\org.junit_4.12.0.v201504281640\junit.jar;D:\chenyb\tools\eclipse\plugins\org.hamcrest.core_1.3.0.v201303031735.jar;D:\chenyb\myproject\zhuhx\cloud\zzuchenyb-mvc-utils\src\main\webapp\lib\javabase64-1.3.1.jar;D:\maven\jbpm-4.4\jbpm-4.4\lib\activation.jar;D:\maven\jbpm-4.4\jbpm-4.4\lib\antlr.jar;D:\maven\jbpm-4.4\jbpm-4.4\lib\antlr-runtime.jar;D:\maven\jbpm-4.4\jbpm-4.4\lib\avalon-framework.jar;D:\maven\jbpm-4.4\jbpm-4.4\lib\bsh.jar;D:\maven\jbpm-4.4\jbpm-4.4\lib\cglib.jar;D:\maven\jbpm-4.4\jbpm-4.4\lib\commons-collections.jar;D:\maven\jbpm-4.4\jbpm-4.4\lib\commons-logging.jar;D:\maven\jbpm-4.4\jbpm-4.4\lib\core.jar;D:\maven\jbpm-4.4\jbpm-4.4\lib\dom4j.jar;D:\maven\jbpm-4.4\jbpm-4.4\lib\drools-api.jar;D:\maven\jbpm-4.4\jbpm-4.4\lib\drools-compiler.jar;D:\maven\jbpm-4.4\jbpm-4.4\lib\drools-core.jar;D:\maven\jbpm-4.4\jbpm-4.4\lib\errai-bus.jar;D:\maven\jbpm-4.4\jbpm-4.4\lib\errai-common.jar;D:\maven\jbpm-4.4\jbpm-4.4\lib\freemarker.jar;D:\maven\jbpm-4.4\jbpm-4.4\lib\gson.jar;D:\maven\jbpm-4.4\jbpm-4.4\lib\guice.jar;D:\maven\jbpm-4.4\jbpm-4.4\lib\guice-aopalliance.jar;D:\maven\jbpm-4.4\jbpm-4.4\lib\guice-servlet.jar;D:\maven\jbpm-4.4\jbpm-4.4\lib\gwt-console-rpc.jar;D:\maven\jbpm-4.4\jbpm-4.4\lib\gwt-console-server-integration.jar;D:\maven\jbpm-4.4\jbpm-4.4\lib\hibernate-core.jar;D:\maven\jbpm-4.4\jbpm-4.4\lib\hsqldb.jar;D:\maven\jbpm-4.4\jbpm-4.4\lib\janino.jar;D:\maven\jbpm-4.4\jbpm-4.4\lib\javassist.jar;D:\maven\jbpm-4.4\jbpm-4.4\lib\jbpm-bpmn.jar;D:\maven\jbpm-4.4\jbpm-4.4\lib\jbpm-console-form-plugin.jar;D:\maven\jbpm-4.4\jbpm-4.4\lib\jbpm-console-graphView-plugin.jar;D:\maven\jbpm-4.4\jbpm-4.4\lib\jbpm-console-integration.jar;D:\maven\jbpm-4.4\jbpm-4.4\lib\jbpm-console-reports.jar;D:\maven\jbpm-4.4\jbpm-4.4\lib\jbpm-db.jar;D:\maven\jbpm-4.4\jbpm-4.4\lib\jbpm-examples-tests.jar;D:\maven\jbpm-4.4\jbpm-4.4\lib\jbpm-jboss.jar;D:\maven\jbpm-4.4
Launcher Type: SUN_STANDARD

Environment Variables:
JAVA_HOME=D:\Program Files\Java\jdk1.8.0_202
PATH=D:/Program Files/Java/jre1.8.0_202/bin/server;D:/Program Files/Java/jre1.8.0_202/bin;D:/Program Files/Java/jre1.8.0_202/lib/amd64;C:\Program Files (x86)\Common Files\Oracle\Java\javapath;C:\Windows\system32;C:\Windows;C:\Windows\System32\Wbem;C:\Windows\System32\WindowsPowerShell\v1.0\;D:\Program Files\TortoiseGit\bin;C:\Program Files\Git\cmd;D:\Program Files\Java\jdk1.8.0_202\bin;D:\apache-maven-3.1.1\bin;D:\bigdata\netcat-win32-1.12;C:\Program Files\nodejs\;D:\ideplugin\apache-ant-1.8.0\bin;;C:\Program Files\IDM Computer Solutions\UltraEdit;C:\Users\Administrator\Desktop\curl-7.60.0\I386;C:\Users\Administrator\AppData\Roaming\npm;C:\Users\Administrator\AppData\Local\Programs\Fiddler;C:\Python27;C:\Users\Administrator\AppData\Local\BypassRuntm;D:\chenyb\tools\eclipse;
USERNAME=Administrator
OS=Windows_NT
PROCESSOR_IDENTIFIER=Intel64 Family 6 Model 60 Stepping 3, GenuineIntel



---------------  S Y S T E M  ---------------

OS: Windows 7 , 64 bit Build 7601 (6.1.7601.24535)

CPU:total 4 (initial active 4) (4 cores per cpu, 1 threads per core) family 6 model 60 stepping 3, cmov, cx8, fxsr, mmx, sse, sse2, sse3, ssse3, sse4.1, sse4.2, popcnt, avx, avx2, aes, clmul, erms, rtm, lzcnt, tsc, tscinvbit, bmi1, bmi2

Memory: 4k page, physical 12505636k(1586036k free), swap 12503736k(5000k free)

vm_info: Java HotSpot(TM) 64-Bit Server VM (25.202-b08) for windows-amd64 JRE (1.8.0_202-b08), built on Dec 15 2018 19:54:30 by "java_re" with MS VC++ 10.0 (VS2010)

time: Tue Dec 31 09:12:14 2019
timezone: 中国标准时间
elapsed time: 0 seconds (0d 0h 0m 0s)

