#
# There is insufficient memory for the Java Runtime Environment to continue.
# Native memory allocation (malloc) failed to allocate 32744 bytes for ChunkPool::allocate
# Possible reasons:
#   The system is out of physical RAM or swap space
#   The process is running with CompressedOops enabled, and the Java Heap may be blocking the growth of the native heap
# Possible solutions:
#   Reduce memory load on the system
#   Increase physical memory or swap space
#   Check if swap backing store is full
#   Decrease Java heap size (-Xmx/-Xms)
#   Decrease number of Java threads
#   Decrease Java thread stack sizes (-Xss)
#   Set larger code cache with -XX:ReservedCodeCacheSize=
#   JVM is running with Zero Based Compressed Oops mode in which the Java heap is
#     placed in the first 32GB address space. The Java Heap base address is the
#     maximum limit for the native heap growth. Please use -XX:HeapBaseMinAddress
#     to set the Java Heap base and to place the Java Heap above 32GB virtual address.
# This output file may be truncated or incomplete.
#
#  Out of Memory Error (allocation.cpp:272), pid=92400, tid=0x0000000000016ddc
#
# JRE version: Java(TM) SE Runtime Environment (8.0_202-b08) (build 1.8.0_202-b08)
# Java VM: Java HotSpot(TM) 64-Bit Server VM (25.202-b08 mixed mode windows-amd64 compressed oops)
# Failed to write core dump. Minidumps are not enabled by default on client versions of Windows
#

---------------  T H R E A D  ---------------

Current thread (0x00000000023cd000):  JavaThread "main" [_thread_in_vm, id=93660, stack(0x0000000002610000,0x0000000002710000)]

Stack: [0x0000000002610000,0x0000000002710000]
[error occurred during error reporting (printing stack bounds), id 0xc0000005]

Native frames: (J=compiled Java code, j=interpreted, Vv=VM code, C=native code)

Java frames: (J=compiled Java code, j=interpreted, Vv=VM code)
j  java.util.regex.Pattern.newSingle(I)Ljava/util/regex/Pattern$CharProperty;+89
j  java.util.regex.Pattern.atom()Ljava/util/regex/Pattern$Node;+364
j  java.util.regex.Pattern.sequence(Ljava/util/regex/Pattern$Node;)Ljava/util/regex/Pattern$Node;+498
j  java.util.regex.Pattern.expr(Ljava/util/regex/Pattern$Node;)Ljava/util/regex/Pattern$Node;+12
j  java.util.regex.Pattern.compile()V+202
j  java.util.regex.Pattern.<init>(Ljava/lang/String;I)V+62
j  java.util.regex.Pattern.compile(Ljava/lang/String;)Ljava/util/regex/Pattern;+6
j  sun.security.util.AlgorithmDecomposer.<clinit>()V+2
v  ~StubRoutines::call_stub
j  sun.security.util.DisabledAlgorithmConstraints.<init>(Ljava/lang/String;)V+2
j  sun.security.util.SignatureFileVerifier.<clinit>()V+14
v  ~StubRoutines::call_stub
j  java.util.jar.JarFile.initializeVerifier()V+42
j  java.util.jar.JarFile.ensureInitialization()V+32
j  java.util.jar.JavaUtilJarAccessImpl.ensureInitialization(Ljava/util/jar/JarFile;)V+1
j  sun.misc.URLClassPath$JarLoader$2.getManifest()Ljava/util/jar/Manifest;+10
j  java.net.URLClassLoader.defineClass(Ljava/lang/String;Lsun/misc/Resource;)Ljava/lang/Class;+34
j  java.net.URLClassLoader.access$100(Ljava/net/URLClassLoader;Ljava/lang/String;Lsun/misc/Resource;)Ljava/lang/Class;+3
j  java.net.URLClassLoader$1.run()Ljava/lang/Class;+43
j  java.net.URLClassLoader$1.run()Ljava/lang/Object;+1
v  ~StubRoutines::call_stub
j  java.security.AccessController.doPrivileged(Ljava/security/PrivilegedExceptionAction;Ljava/security/AccessControlContext;)Ljava/lang/Object;+0
j  java.net.URLClassLoader.findClass(Ljava/lang/String;)Ljava/lang/Class;+13
j  java.lang.ClassLoader.loadClass(Ljava/lang/String;Z)Ljava/lang/Class;+70
j  java.lang.ClassLoader.loadClass(Ljava/lang/String;Z)Ljava/lang/Class;+38
j  sun.misc.Launcher$AppClassLoader.loadClass(Ljava/lang/String;Z)Ljava/lang/Class;+81
j  java.lang.ClassLoader.loadClass(Ljava/lang/String;)Ljava/lang/Class;+3
j  sun.security.jca.ProviderConfig$2.run()Ljava/security/Provider;+50
j  sun.security.jca.ProviderConfig$2.run()Ljava/lang/Object;+1
v  ~StubRoutines::call_stub
j  java.security.AccessController.doPrivileged(Ljava/security/PrivilegedAction;)Ljava/lang/Object;+0
j  sun.security.jca.ProviderConfig.doLoadProvider()Ljava/security/Provider;+8
j  sun.security.jca.ProviderConfig.getProvider()Ljava/security/Provider;+88
j  sun.security.jca.ProviderList.getProvider(I)Ljava/security/Provider;+6
j  sun.security.jca.ProviderList.getService(Ljava/lang/String;Ljava/lang/String;)Ljava/security/Provider$Service;+13
j  sun.security.jca.GetInstance.getInstance(Ljava/lang/String;Ljava/lang/Class;Ljava/lang/String;)Lsun/security/jca/GetInstance$Instance;+7
j  javax.net.ssl.SSLContext.getInstance(Ljava/lang/String;)Ljavax/net/ssl/SSLContext;+5
j  javax.net.ssl.SSLContext.getDefault()Ljavax/net/ssl/SSLContext;+8
j  javax.net.ssl.SSLSocketFactory.getDefault()Ljavax/net/SocketFactory;+164
j  javax.net.ssl.HttpsURLConnection.getDefaultSSLSocketFactory()Ljavax/net/ssl/SSLSocketFactory;+6
j  javax.net.ssl.HttpsURLConnection.<init>(Ljava/net/URL;)V+13
j  sun.net.www.protocol.https.HttpsURLConnectionImpl.<init>(Ljava/net/URL;Ljava/net/Proxy;Lsun/net/www/protocol/https/Handler;)V+5
j  sun.net.www.protocol.https.Handler.openConnection(Ljava/net/URL;Ljava/net/Proxy;)Ljava/net/URLConnection;+7
j  java.net.URL.openConnection(Ljava/net/Proxy;)Ljava/net/URLConnection;+107
j  com.cyb.utils.http.HttpsClient.getDocByJsoup(Ljava/lang/String;)Ljava/lang/String;+40
j  com.cyb.utils.http.HttpsClient.main([Ljava/lang/String;)V+5
v  ~StubRoutines::call_stub

---------------  P R O C E S S  ---------------

Java Threads: ( => current thread )
  0x000000000640b000 JavaThread "Service Thread" daemon [_thread_blocked, id=93160, stack(0x0000000007020000,0x0000000007120000)]
  0x0000000006401800 JavaThread "C1 CompilerThread2" daemon [_thread_blocked, id=93488, stack(0x0000000007560000,0x0000000007660000)]
  0x0000000006400800 JavaThread "C2 CompilerThread1" daemon [_thread_blocked, id=86212, stack(0x00000000073a0000,0x00000000074a0000)]
  0x0000000006869000 JavaThread "C2 CompilerThread0" daemon [_thread_blocked, id=36788, stack(0x0000000007170000,0x0000000007270000)]
  0x00000000063ff000 JavaThread "Monitor Ctrl-Break" daemon [_thread_in_native, id=86568, stack(0x0000000006590000,0x0000000006690000)]
  0x0000000004cff000 JavaThread "Attach Listener" daemon [_thread_blocked, id=92904, stack(0x00000000066d0000,0x00000000067d0000)]
  0x0000000004cf7000 JavaThread "Signal Dispatcher" daemon [_thread_blocked, id=93612, stack(0x0000000006450000,0x0000000006550000)]
  0x0000000004ce2000 JavaThread "Finalizer" daemon [_thread_blocked, id=88900, stack(0x0000000005e30000,0x0000000005f30000)]
  0x0000000004cdb000 JavaThread "Reference Handler" daemon [_thread_blocked, id=92688, stack(0x0000000005f40000,0x0000000006040000)]
=>0x00000000023cd000 JavaThread "main" [_thread_in_vm, id=93660, stack(0x0000000002610000,0x0000000002710000)]

Other Threads:
  0x0000000004c94000 VMThread [stack: 0x0000000005d20000,0x0000000005e20000] [id=93008]
  0x0000000006958800 WatcherThread [stack: 0x0000000007940000,0x0000000007a40000] [id=93484]

VM state:not at safepoint (normal execution)

VM Mutex/Monitor currently owned by a thread: None

heap address: 0x0000000701200000, size: 3054 MB, Compressed Oops mode: Zero based, Oop shift amount: 3
Narrow klass base: 0x0000000000000000, Narrow klass shift: 3
Compressed class space size: 1073741824 Address: 0x00000007c0000000

Heap:
 PSYoungGen      total 57344K, used 6881K [0x0000000780600000, 0x0000000784600000, 0x00000007c0000000)
  eden space 49152K, 14% used [0x0000000780600000,0x0000000780cb8748,0x0000000783600000)
  from space 8192K, 0% used [0x0000000783e00000,0x0000000783e00000,0x0000000784600000)
  to   space 8192K, 0% used [0x0000000783600000,0x0000000783600000,0x0000000783e00000)
 ParOldGen       total 131072K, used 0K [0x0000000701200000, 0x0000000709200000, 0x0000000780600000)
  object space 131072K, 0% used [0x0000000701200000,0x0000000701200000,0x0000000709200000)
 Metaspace       used 3708K, capacity 4604K, committed 4864K, reserved 1056768K
  class space    used 402K, capacity 432K, committed 512K, reserved 1048576K

Card table byte_map: [0x0000000002ca0000,0x00000000032a0000] byte_map_base: 0xffffffffff497000

Marking Bits: (ParMarkBitMap*) 0x0000000008445ce0
 Begin Bits: [0x00000000174d0000, 0x000000001a488000)
 End Bits:   [0x000000001a488000, 0x000000001d440000)

Polling page: 0x00000000001c0000

CodeCache: size=245760Kb used=1330Kb max_used=1330Kb free=244429Kb
 bounds [0x00000000084d0000, 0x0000000008740000, 0x00000000174d0000]
 total_blobs=380 nmethods=117 adapters=176
 compilation: enabled

Compilation events (10 events):
Event: 0.388 Thread 0x0000000006401800 nmethod 106 0x0000000008611010 code [0x0000000008611160, 0x0000000008611270]
Event: 0.388 Thread 0x0000000006401800  108       3       java.util.LinkedHashMap::get (33 bytes)
Event: 0.388 Thread 0x0000000006401800 nmethod 108 0x0000000008611650 code [0x00000000086117e0, 0x0000000008611ce8]
Event: 0.388 Thread 0x0000000006401800  107       1       java.util.LinkedHashMap::removeEldestEntry (2 bytes)
Event: 0.388 Thread 0x0000000006401800 nmethod 107 0x0000000008611e90 code [0x0000000008611fe0, 0x00000000086120f0]
Event: 0.388 Thread 0x0000000006401800  110       3       java.util.LinkedHashMap::afterNodeInsertion (40 bytes)
Event: 0.388 Thread 0x0000000006401800 nmethod 110 0x0000000008612150 code [0x00000000086122e0, 0x0000000008612828]
Event: 0.388 Thread 0x0000000006401800  113       3       java.lang.String::toUpperCase (439 bytes)
Event: 0.389 Thread 0x0000000006401800 nmethod 113 0x00000000086129d0 code [0x0000000008612d00, 0x0000000008614538]
Event: 0.389 Thread 0x0000000006401800  115       3       java.io.WinNTFileSystem::normalize (231 bytes)

GC Heap History (0 events):
No events

Deoptimization events (0 events):
No events

Classes redefined (0 events):
No events

Internal exceptions (4 events):
Event: 0.043 Thread 0x00000000023cd000 Exception <a 'java/lang/NoSuchMethodError': Method sun.misc.Unsafe.defineClass(Ljava/lang/String;[BII)Ljava/lang/Class; name or signature does not match> (0x0000000780607cb0) thrown at [C:\re\workspace\8-2-build-windows-amd64-cygwin\jdk8u202\12323\hotspot
Event: 0.043 Thread 0x00000000023cd000 Exception <a 'java/lang/NoSuchMethodError': Method sun.misc.Unsafe.prefetchRead(Ljava/lang/Object;J)V name or signature does not match> (0x0000000780607f98) thrown at [C:\re\workspace\8-2-build-windows-amd64-cygwin\jdk8u202\12323\hotspot\src\share\vm\prim
Event: 0.212 Thread 0x00000000023cd000 Exception <a 'java/security/PrivilegedActionException'> (0x00000007807a80e8) thrown at [C:\re\workspace\8-2-build-windows-amd64-cygwin\jdk8u202\12323\hotspot\src\share\vm\prims\jvm.cpp, line 1502]
Event: 0.212 Thread 0x00000000023cd000 Exception <a 'java/security/PrivilegedActionException'> (0x00000007807a82f8) thrown at [C:\re\workspace\8-2-build-windows-amd64-cygwin\jdk8u202\12323\hotspot\src\share\vm\prims\jvm.cpp, line 1502]

Events (10 events):
Event: 0.391 loading class java/util/regex/Pattern$LastNode
Event: 0.391 loading class java/util/regex/Pattern$LastNode done
Event: 0.391 loading class java/util/regex/Pattern$GroupHead
Event: 0.391 loading class java/util/regex/Pattern$GroupHead done
Event: 0.391 loading class java/util/regex/Pattern$Single
Event: 0.391 loading class java/util/regex/Pattern$BmpCharProperty
Event: 0.391 loading class java/util/regex/Pattern$CharProperty
Event: 0.391 loading class java/util/regex/Pattern$CharProperty done
Event: 0.391 loading class java/util/regex/Pattern$BmpCharProperty done
Event: 0.391 loading class java/util/regex/Pattern$Single done


Dynamic libraries:
0x000000013f690000 - 0x000000013f6c7000 	D:\Program Files\Java\jdk1.8.0_202\bin\java.exe
0x00000000770e0000 - 0x000000007727f000 	C:\Windows\SYSTEM32\ntdll.dll
0x0000000076d80000 - 0x0000000076e9f000 	C:\Windows\system32\kernel32.dll
0x000007fefcd70000 - 0x000007fefcdda000 	C:\Windows\system32\KERNELBASE.dll
0x000007fefe8e0000 - 0x000007fefe9bb000 	C:\Windows\system32\ADVAPI32.dll
0x000007fefe740000 - 0x000007fefe7df000 	C:\Windows\system32\msvcrt.dll
0x000007fefd1e0000 - 0x000007fefd1ff000 	C:\Windows\SYSTEM32\sechost.dll
0x000007fefec60000 - 0x000007fefed8c000 	C:\Windows\system32\RPCRT4.dll
0x0000000076ea0000 - 0x0000000076f9a000 	C:\Windows\system32\USER32.dll
0x000007fefe9c0000 - 0x000007fefea27000 	C:\Windows\system32\GDI32.dll
0x000007fefce90000 - 0x000007fefce9e000 	C:\Windows\system32\LPK.dll
0x000007fefed90000 - 0x000007fefee5b000 	C:\Windows\system32\USP10.dll
0x000007fefb270000 - 0x000007fefb465000 	C:\Windows\WinSxS\amd64_microsoft.windows.common-controls_6595b64144ccf1df_6.0.7601.24440_none_e36f1bbf30ff0606\COMCTL32.dll
0x000007feff350000 - 0x000007feff3c1000 	C:\Windows\system32\SHLWAPI.dll
0x000007fefec30000 - 0x000007fefec5e000 	C:\Windows\system32\IMM32.DLL
0x000007feff1a0000 - 0x000007feff2a9000 	C:\Windows\system32\MSCTF.dll
0x00000000527d0000 - 0x00000000528a2000 	D:\Program Files\Java\jdk1.8.0_202\jre\bin\msvcr100.dll
0x0000000007c20000 - 0x00000000084c5000 	D:\Program Files\Java\jdk1.8.0_202\jre\bin\server\jvm.dll
0x000007fefade0000 - 0x000007fefade9000 	C:\Windows\system32\WSOCK32.dll
0x000007feff150000 - 0x000007feff19d000 	C:\Windows\system32\WS2_32.dll
0x000007fefcea0000 - 0x000007fefcea8000 	C:\Windows\system32\NSI.dll
0x000007fefc9e0000 - 0x000007fefca1b000 	C:\Windows\system32\WINMM.dll
0x000007fefbc50000 - 0x000007fefbc5c000 	C:\Windows\system32\VERSION.dll
0x0000000077290000 - 0x0000000077297000 	C:\Windows\system32\PSAPI.DLL
0x000007fefaf80000 - 0x000007fefaf8f000 	D:\Program Files\Java\jdk1.8.0_202\jre\bin\verify.dll
0x000007fef79d0000 - 0x000007fef79f9000 	D:\Program Files\Java\jdk1.8.0_202\jre\bin\java.dll
0x000007fef8420000 - 0x000007fef8443000 	D:\Program Files\Java\jdk1.8.0_202\jre\bin\instrument.dll
0x000007fefa580000 - 0x000007fefa596000 	D:\Program Files\Java\jdk1.8.0_202\jre\bin\zip.dll
0x000007fefd470000 - 0x000007fefe1fb000 	C:\Windows\system32\SHELL32.dll
0x000007fefea30000 - 0x000007fefec2f000 	C:\Windows\system32\ole32.dll
0x000007fefc9a0000 - 0x000007fefc9af000 	C:\Windows\system32\profapi.dll
0x000007fef7070000 - 0x000007fef708a000 	D:\tools\IntelliJIDEA2017.3.2\bin\breakgen64.dll
0x000007fef0cf0000 - 0x000007fef0d0a000 	D:\Program Files\Java\jdk1.8.0_202\jre\bin\net.dll
0x000007fefd200000 - 0x000007fefd388000 	C:\Windows\system32\urlmon.dll
0x000007fefcde0000 - 0x000007fefcde4000 	C:\Windows\system32\api-ms-win-downlevel-ole32-l1-1-0.dll
0x000007fefcb50000 - 0x000007fefcb54000 	C:\Windows\system32\api-ms-win-downlevel-shlwapi-l1-1-0.dll
0x000007fefc9b0000 - 0x000007fefc9b5000 	C:\Windows\system32\api-ms-win-downlevel-advapi32-l1-1-0.dll
0x000007fefca80000 - 0x000007fefca84000 	C:\Windows\system32\api-ms-win-downlevel-user32-l1-1-0.dll
0x000007fefcd40000 - 0x000007fefcd44000 	C:\Windows\system32\api-ms-win-downlevel-version-l1-1-0.dll
0x000007fefca20000 - 0x000007fefca23000 	C:\Windows\system32\api-ms-win-downlevel-normaliz-l1-1-0.dll
0x0000000077280000 - 0x0000000077283000 	C:\Windows\system32\normaliz.DLL
0x000007fefcf10000 - 0x000007fefd1da000 	C:\Windows\system32\iertutil.dll
0x000007fefe200000 - 0x000007fefe718000 	C:\Windows\system32\WININET.dll
0x000007fefcd50000 - 0x000007fefcd6e000 	C:\Windows\system32\USERENV.dll
0x000007fefc0e0000 - 0x000007fefc135000 	C:\Windows\system32\mswsock.dll
0x000007fefc0d0000 - 0x000007fefc0d7000 	C:\Windows\System32\wship6.dll

VM Arguments:
jvm_args: -javaagent:D:\tools\IntelliJIDEA2017.3.2\lib\idea_rt.jar=50421:D:\tools\IntelliJIDEA2017.3.2\bin -Dfile.encoding=UTF-8 
java_command: com.cyb.utils.http.HttpsClient
java_class_path (initial): D:\chenyb\myproject\zhuhx\cloud\zzuchenyb-mvc-utils\target\classes;D:\tools\IntelliJIDEA2017.3.2\lib\junit-4.12.jar;D:\Program Files\Java\jdk1.8.0_202\jre\lib\charsets.jar;D:\Program Files\Java\jdk1.8.0_202\jre\lib\deploy.jar;D:\Program Files\Java\jdk1.8.0_202\jre\lib\ext\access-bridge-64.jar;D:\Program Files\Java\jdk1.8.0_202\jre\lib\ext\cldrdata.jar;D:\Program Files\Java\jdk1.8.0_202\jre\lib\ext\dnsns.jar;D:\Program Files\Java\jdk1.8.0_202\jre\lib\ext\jaccess.jar;D:\Program Files\Java\jdk1.8.0_202\jre\lib\ext\jfxrt.jar;D:\Program Files\Java\jdk1.8.0_202\jre\lib\ext\localedata.jar;D:\Program Files\Java\jdk1.8.0_202\jre\lib\ext\nashorn.jar;D:\Program Files\Java\jdk1.8.0_202\jre\lib\ext\sunec.jar;D:\Program Files\Java\jdk1.8.0_202\jre\lib\ext\sunjce_provider.jar;D:\Program Files\Java\jdk1.8.0_202\jre\lib\ext\sunmscapi.jar;D:\Program Files\Java\jdk1.8.0_202\jre\lib\ext\sunpkcs11.jar;D:\Program Files\Java\jdk1.8.0_202\jre\lib\ext\zipfs.jar;D:\Program Files\Java\jdk1.8.0_202\jre\lib\javaws.jar;D:\Program Files\Java\jdk1.8.0_202\jre\lib\jce.jar;D:\Program Files\Java\jdk1.8.0_202\jre\lib\jfr.jar;D:\Program Files\Java\jdk1.8.0_202\jre\lib\jfxswt.jar;D:\Program Files\Java\jdk1.8.0_202\jre\lib\jsse.jar;D:\Program Files\Java\jdk1.8.0_202\jre\lib\management-agent.jar;D:\Program Files\Java\jdk1.8.0_202\jre\lib\plugin.jar;D:\Program Files\Java\jdk1.8.0_202\jre\lib\resources.jar;D:\Program Files\Java\jdk1.8.0_202\jre\lib\rt.jar;D:\chenyb\myproject\zhuhx\cloud\zzuchenyb-mvc-utils\src\main\webapp\lib\commons-dbutils-1.6.jar;D:\chenyb\myproject\zhuhx\cloud\zzuchenyb-mvc-utils\src\main\webapp\lib\commons-fileupload-1.3.1.jar;D:\chenyb\myproject\zhuhx\cloud\zzuchenyb-mvc-utils\src\main\webapp\lib\commons-httpclient-3.1.jar;D:\chenyb\myproject\zhuhx\cloud\zzuchenyb-mvc-utils\src\main\webapp\lib\h2-1.3.171.jar;D:\chenyb\myproject\zhuhx\cloud\zzuchenyb-mvc-utils\src\main\webapp\lib\javabase64-1.3.1.jar;D:\chenyb\myproject\zhuhx\cloud\zzuchenyb-mvc-utils\src\m
Launcher Type: SUN_STANDARD

Environment Variables:
JAVA_HOME=D:\Program Files\Java\jdk1.8.0_202
PATH=C:\Program Files (x86)\Common Files\Oracle\Java\javapath;C:\Windows\system32;C:\Windows;C:\Windows\System32\Wbem;C:\Windows\System32\WindowsPowerShell\v1.0\;D:\Program Files\TortoiseGit\bin;C:\Program Files\Git\cmd;D:\Program Files\Java\jdk1.8.0_202\bin;D:\apache-maven-3.1.1\bin
USERNAME=Administrator
OS=Windows_NT
PROCESSOR_IDENTIFIER=Intel64 Family 6 Model 60 Stepping 3, GenuineIntel



---------------  S Y S T E M  ---------------

OS: Windows 7 , 64 bit Build 7601 (6.1.7601.24441)

CPU:total 4 (initial active 4) (4 cores per cpu, 1 threads per core) family 6 model 60 stepping 3, cmov, cx8, fxsr, mmx, sse, sse2, sse3, ssse3, sse4.1, sse4.2, popcnt, avx, avx2, aes, clmul, erms, rtm, lzcnt, tsc, tscinvbit, bmi1, bmi2

Memory: 4k page, physical 12505636k(2300196k free), swap 12503736k(5604k free)

vm_info: Java HotSpot(TM) 64-Bit Server VM (25.202-b08) for windows-amd64 JRE (1.8.0_202-b08), built on Dec 15 2018 19:54:30 by "java_re" with MS VC++ 10.0 (VS2010)

time: Tue Jun 11 08:26:38 2019
timezone: 中国标准时间
elapsed time: 0 seconds (0d 0h 0m 0s)

