#
# There is insufficient memory for the Java Runtime Environment to continue.
# Native memory allocation (malloc) failed to allocate 55936 bytes for Chunk::new
# Possible reasons:
#   The system is out of physical RAM or swap space
#   The process is running with CompressedOops enabled, and the Java Heap may be blocking the growth of the native heap
# Possible solutions:
#   Reduce memory load on the system
#   Increase physical memory or swap space
#   Check if swap backing store is full
#   Decrease Java heap size (-Xmx/-Xms)
#   Decrease number of Java threads
#   Decrease Java thread stack sizes (-Xss)
#   Set larger code cache with -XX:ReservedCodeCacheSize=
#   JVM is running with Zero Based Compressed Oops mode in which the Java heap is
#     placed in the first 32GB address space. The Java Heap base address is the
#     maximum limit for the native heap growth. Please use -XX:HeapBaseMinAddress
#     to set the Java Heap base and to place the Java Heap above 32GB virtual address.
# This output file may be truncated or incomplete.
#
#  Out of Memory Error (allocation.cpp:389), pid=19892, tid=0x00000000000041c4
#
# JRE version: Java(TM) SE Runtime Environment (8.0_202-b08) (build 1.8.0_202-b08)
# Java VM: Java HotSpot(TM) 64-Bit Server VM (25.202-b08 mixed mode windows-amd64 compressed oops)
# Failed to write core dump. Minidumps are not enabled by default on client versions of Windows
#

---------------  T H R E A D  ---------------

Current thread (0x0000000005dd3000):  JavaThread "C2 CompilerThread0" daemon [_thread_in_native, id=16836, stack(0x0000000006370000,0x0000000006470000)]

Stack: [0x0000000006370000,0x0000000006470000]
[error occurred during error reporting (printing stack bounds), id 0xc0000005]

Native frames: (J=compiled Java code, j=interpreted, Vv=VM code, C=native code)


Current CompileTask:
C2:   4633  456       4       java.io.WinNTFileSystem::normalize (143 bytes)


---------------  P R O C E S S  ---------------

Java Threads: ( => current thread )
  0x0000000004b6f000 JavaThread "Service Thread" daemon [_thread_blocked, id=30120, stack(0x0000000006900000,0x0000000006a00000)]
  0x0000000004b6d000 JavaThread "C1 CompilerThread2" daemon [_thread_in_native, id=28308, stack(0x0000000005960000,0x0000000005a60000)]
  0x0000000004b6c000 JavaThread "C2 CompilerThread1" daemon [_thread_blocked, id=25936, stack(0x0000000006740000,0x0000000006840000)]
=>0x0000000005dd3000 JavaThread "C2 CompilerThread0" daemon [_thread_in_native, id=16836, stack(0x0000000006370000,0x0000000006470000)]
  0x0000000005dcc800 JavaThread "Attach Listener" daemon [_thread_blocked, id=15624, stack(0x00000000064a0000,0x00000000065a0000)]
  0x0000000004b65000 JavaThread "Signal Dispatcher" daemon [_thread_blocked, id=27748, stack(0x0000000006250000,0x0000000006350000)]
  0x0000000004b50000 JavaThread "Finalizer" daemon [_thread_blocked, id=21248, stack(0x0000000005b80000,0x0000000005c80000)]
  0x0000000004b49000 JavaThread "Reference Handler" daemon [_thread_blocked, id=18864, stack(0x0000000005cc0000,0x0000000005dc0000)]
  0x000000000248d000 JavaThread "main" [_thread_in_native, id=23928, stack(0x0000000002850000,0x0000000002950000)]

Other Threads:
  0x0000000004b01800 VMThread [stack: 0x0000000005a70000,0x0000000005b70000] [id=9312]
  0x0000000005e8d800 WatcherThread [stack: 0x00000000065a0000,0x00000000066a0000] [id=23464]

VM state:not at safepoint (normal execution)

VM Mutex/Monitor currently owned by a thread: None

heap address: 0x0000000701200000, size: 3054 MB, Compressed Oops mode: Zero based, Oop shift amount: 3
Narrow klass base: 0x0000000000000000, Narrow klass shift: 3
Compressed class space size: 1073741824 Address: 0x00000007c0000000

Heap:
 PSYoungGen      total 57344K, used 16713K [0x0000000780600000, 0x0000000784600000, 0x00000007c0000000)
  eden space 49152K, 34% used [0x0000000780600000,0x0000000781652468,0x0000000783600000)
  from space 8192K, 0% used [0x0000000783e00000,0x0000000783e00000,0x0000000784600000)
  to   space 8192K, 0% used [0x0000000783600000,0x0000000783600000,0x0000000783e00000)
 ParOldGen       total 131072K, used 0K [0x0000000701200000, 0x0000000709200000, 0x0000000780600000)
  object space 131072K, 0% used [0x0000000701200000,0x0000000701200000,0x0000000709200000)
 Metaspace       used 5927K, capacity 6072K, committed 6144K, reserved 1056768K
  class space    used 663K, capacity 728K, committed 768K, reserved 1048576K

Card table byte_map: [0x0000000002d10000,0x0000000003310000] byte_map_base: 0xffffffffff507000

Marking Bits: (ParMarkBitMap*) 0x0000000008255ce0
 Begin Bits: [0x00000000172e0000, 0x000000001a298000)
 End Bits:   [0x000000001a298000, 0x000000001d250000)

Polling page: 0x00000000004c0000

CodeCache: size=245760Kb used=2231Kb max_used=2242Kb free=243528Kb
 bounds [0x00000000082e0000, 0x0000000008550000, 0x00000000172e0000]
 total_blobs=775 nmethods=490 adapters=198
 compilation: enabled

Compilation events (10 events):
Event: 4.621 Thread 0x0000000004b6d000  487       3       org.jsoup.parser.CharacterReader::matchesLetter (56 bytes)
Event: 4.621 Thread 0x0000000004b6d000 nmethod 487 0x000000000850d7d0 code [0x000000000850d9a0, 0x000000000850e0a8]
Event: 4.621 Thread 0x0000000004b6d000  493       3       org.jsoup.parser.HtmlTreeBuilderState$7::process (3364 bytes)
Event: 4.622 Thread 0x0000000004b6c000 nmethod 488 0x0000000008511050 code [0x00000000085111a0, 0x0000000008511298]
Event: 4.622 Thread 0x0000000004b6c000  489       4       java.lang.String::compareTo (9 bytes)
Event: 4.622 Thread 0x0000000004b6c000 nmethod 489 0x000000000850f790 code [0x000000000850f8e0, 0x000000000850fa98]
Event: 4.626 Thread 0x0000000004b6c000  502 %     4       org.jsoup.parser.CharacterReader::consumeToAny @ 20 (119 bytes)
Event: 4.629 Thread 0x0000000004b6c000 nmethod 502% 0x000000000850f1d0 code [0x000000000850f320, 0x000000000850f5a8]
Event: 4.629 Thread 0x0000000004b6c000  507       4       java.lang.CharacterData::of (120 bytes)
Event: 4.629 Thread 0x0000000004b6c000 nmethod 507 0x0000000008510c90 code [0x0000000008510ea0, 0x0000000008510f58]

GC Heap History (0 events):
No events

Deoptimization events (4 events):
Event: 4.597 Thread 0x000000000248d000 Uncommon trap: reason=unstable_if action=reinterpret pc=0x00000000084dde48 method=org.jsoup.parser.CharacterReader.consumeToAny([C)Ljava/lang/String; @ 92
Event: 4.597 Thread 0x000000000248d000 Uncommon trap: reason=unstable_if action=reinterpret pc=0x0000000008418200 method=java.lang.CharacterData.of(I)Ljava/lang/CharacterData; @ 4
Event: 4.615 Thread 0x000000000248d000 Uncommon trap: reason=class_check action=maybe_recompile pc=0x00000000084d20e4 method=org.jsoup.parser.CharacterReader.bufferUp()V @ 21
Event: 4.628 Thread 0x000000000248d000 Uncommon trap: reason=class_check action=maybe_recompile pc=0x00000000084d20e4 method=org.jsoup.parser.CharacterReader.bufferUp()V @ 21

Classes redefined (0 events):
No events

Internal exceptions (6 events):
Event: 0.320 Thread 0x000000000248d000 Exception <a 'java/lang/NoSuchMethodError': Method sun.misc.Unsafe.defineClass(Ljava/lang/String;[BII)Ljava/lang/Class; name or signature does not match> (0x0000000780607cb0) thrown at [C:\re\workspace\8-2-build-windows-amd64-cygwin\jdk8u202\12323\hotspot
Event: 0.320 Thread 0x000000000248d000 Exception <a 'java/lang/NoSuchMethodError': Method sun.misc.Unsafe.prefetchRead(Ljava/lang/Object;J)V name or signature does not match> (0x0000000780607f98) thrown at [C:\re\workspace\8-2-build-windows-amd64-cygwin\jdk8u202\12323\hotspot\src\share\vm\prim
Event: 3.552 Thread 0x000000000248d000 Exception <a 'java/security/PrivilegedActionException'> (0x00000007809e4118) thrown at [C:\re\workspace\8-2-build-windows-amd64-cygwin\jdk8u202\12323\hotspot\src\share\vm\prims\jvm.cpp, line 1502]
Event: 3.552 Thread 0x000000000248d000 Exception <a 'java/security/PrivilegedActionException'> (0x00000007809e4328) thrown at [C:\re\workspace\8-2-build-windows-amd64-cygwin\jdk8u202\12323\hotspot\src\share\vm\prims\jvm.cpp, line 1502]
Event: 4.187 Thread 0x000000000248d000 Exception <a 'java/lang/NoSuchFieldError': method resolution failed> (0x0000000780cb28f8) thrown at [C:\re\workspace\8-2-build-windows-amd64-cygwin\jdk8u202\12323\hotspot\src\share\vm\prims\methodHandles.cpp, line 1167]
Event: 4.188 Thread 0x000000000248d000 Exception <a 'java/lang/NoSuchFieldError': method resolution failed> (0x0000000780cc00e0) thrown at [C:\re\workspace\8-2-build-windows-amd64-cygwin\jdk8u202\12323\hotspot\src\share\vm\prims\methodHandles.cpp, line 1167]

Events (10 events):
Event: 4.615 loading class java/util/regex/Pattern$SliceS done
Event: 4.615 Thread 0x000000000248d000 Uncommon trap: trap_request=0xffffffde fr.pc=0x00000000084d20e4
Event: 4.615 Thread 0x000000000248d000 DEOPT PACKING pc=0x00000000084d20e4 sp=0x000000000294ee90
Event: 4.615 Thread 0x000000000248d000 DEOPT UNPACKING pc=0x000000000832583b sp=0x000000000294ee30 mode 2
Event: 4.617 loading class org/jsoup/parser/HtmlTreeBuilderState$Constants
Event: 4.617 loading class org/jsoup/parser/HtmlTreeBuilderState$Constants done
Event: 4.628 Thread 0x000000000248d000 Uncommon trap: trap_request=0xffffffde fr.pc=0x00000000084d20e4
Event: 4.628 Thread 0x000000000248d000 DEOPT PACKING pc=0x00000000084d20e4 sp=0x000000000294eea0
Event: 4.628 Thread 0x000000000248d000 DEOPT UNPACKING pc=0x000000000832583b sp=0x000000000294ee38 mode 2
Event: 4.629 loading class java/io/SequenceInputStream


Dynamic libraries:
0x000000013fa30000 - 0x000000013fa67000 	D:\Program Files\Java\jdk1.8.0_202\bin\javaw.exe
0x0000000077cc0000 - 0x0000000077e5f000 	C:\Windows\SYSTEM32\ntdll.dll
0x0000000077ba0000 - 0x0000000077cbf000 	C:\Windows\system32\kernel32.dll
0x000007fefd9a0000 - 0x000007fefda07000 	C:\Windows\system32\KERNELBASE.dll
0x000007fefe8f0000 - 0x000007fefe9cb000 	C:\Windows\system32\ADVAPI32.dll
0x000007feffa80000 - 0x000007feffb1f000 	C:\Windows\system32\msvcrt.dll
0x000007feffdd0000 - 0x000007feffdef000 	C:\Windows\SYSTEM32\sechost.dll
0x000007feffdf0000 - 0x000007fefff1c000 	C:\Windows\system32\RPCRT4.dll
0x0000000077aa0000 - 0x0000000077b9a000 	C:\Windows\system32\USER32.dll
0x000007fefeab0000 - 0x000007fefeb17000 	C:\Windows\system32\GDI32.dll
0x000007fefef70000 - 0x000007fefef7e000 	C:\Windows\system32\LPK.dll
0x000007feffd00000 - 0x000007feffdcb000 	C:\Windows\system32\USP10.dll
0x000007fefc030000 - 0x000007fefc225000 	C:\Windows\WinSxS\amd64_microsoft.windows.common-controls_6595b64144ccf1df_6.0.7601.24483_none_e372d88f30fbb845\COMCTL32.dll
0x000007feffc30000 - 0x000007feffca1000 	C:\Windows\system32\SHLWAPI.dll
0x000007feff5a0000 - 0x000007feff5ce000 	C:\Windows\system32\IMM32.DLL
0x000007feffb20000 - 0x000007feffc2b000 	C:\Windows\system32\MSCTF.dll
0x0000000067120000 - 0x00000000671f2000 	D:\Program Files\Java\jdk1.8.0_202\jre\bin\msvcr100.dll
0x0000000007a30000 - 0x00000000082d5000 	D:\Program Files\Java\jdk1.8.0_202\jre\bin\server\jvm.dll
0x000007fef8bf0000 - 0x000007fef8bf9000 	C:\Windows\system32\WSOCK32.dll
0x000007feffcb0000 - 0x000007feffcfd000 	C:\Windows\system32\WS2_32.dll
0x000007fefef80000 - 0x000007fefef88000 	C:\Windows\system32\NSI.dll
0x000007fefd670000 - 0x000007fefd6ab000 	C:\Windows\system32\WINMM.dll
0x000007fefc8a0000 - 0x000007fefc8ac000 	C:\Windows\system32\VERSION.dll
0x0000000077e70000 - 0x0000000077e77000 	C:\Windows\system32\PSAPI.DLL
0x000007fefbc80000 - 0x000007fefbc8f000 	D:\Program Files\Java\jdk1.8.0_202\jre\bin\verify.dll
0x000007fef72a0000 - 0x000007fef72c9000 	D:\Program Files\Java\jdk1.8.0_202\jre\bin\java.dll
0x000007fef6ce0000 - 0x000007fef6cf6000 	D:\Program Files\Java\jdk1.8.0_202\jre\bin\zip.dll
0x000007fefdb60000 - 0x000007fefe8eb000 	C:\Windows\system32\SHELL32.dll
0x000007feff3a0000 - 0x000007feff59f000 	C:\Windows\system32\ole32.dll
0x000007fefd5f0000 - 0x000007fefd5ff000 	C:\Windows\system32\profapi.dll
0x000007fef6cc0000 - 0x000007fef6cda000 	D:\Program Files\Java\jdk1.8.0_202\jre\bin\net.dll
0x000007fefef90000 - 0x000007feff11a000 	C:\Windows\system32\urlmon.dll
0x000007fefda10000 - 0x000007fefda14000 	C:\Windows\system32\api-ms-win-downlevel-ole32-l1-1-0.dll
0x000007fefda30000 - 0x000007fefda34000 	C:\Windows\system32\api-ms-win-downlevel-shlwapi-l1-1-0.dll
0x000007fefda20000 - 0x000007fefda25000 	C:\Windows\system32\api-ms-win-downlevel-advapi32-l1-1-0.dll
0x000007fefd710000 - 0x000007fefd714000 	C:\Windows\system32\api-ms-win-downlevel-user32-l1-1-0.dll
0x000007fefd620000 - 0x000007fefd624000 	C:\Windows\system32\api-ms-win-downlevel-version-l1-1-0.dll
0x000007fefd700000 - 0x000007fefd703000 	C:\Windows\system32\api-ms-win-downlevel-normaliz-l1-1-0.dll
0x0000000077e60000 - 0x0000000077e63000 	C:\Windows\system32\normaliz.DLL
0x000007fefeca0000 - 0x000007fefef6c000 	C:\Windows\system32\iertutil.dll
0x000007feff5d0000 - 0x000007feffa7c000 	C:\Windows\system32\WININET.dll
0x000007fefd6e0000 - 0x000007fefd6ff000 	C:\Windows\system32\USERENV.dll
0x000007fefcd30000 - 0x000007fefcd85000 	C:\Windows\system32\mswsock.dll
0x000007fefcd20000 - 0x000007fefcd27000 	C:\Windows\System32\wship6.dll
0x000007fefc610000 - 0x000007fefc617000 	C:\Windows\System32\wshtcpip.dll
0x000007fefcbb0000 - 0x000007fefcc0b000 	C:\Windows\system32\DNSAPI.dll
0x00000000709f0000 - 0x0000000070a25000 	C:\Program Files\Bonjour\mdnsNSP.dll
0x000007fefa860000 - 0x000007fefa887000 	C:\Windows\system32\Iphlpapi.DLL
0x000007fefa840000 - 0x000007fefa84b000 	C:\Windows\system32\WINNSI.DLL
0x000007fef6fa0000 - 0x000007fef6fa8000 	C:\Windows\system32\rasadhlp.dll
0x000007fefa690000 - 0x000007fefa6e3000 	C:\Windows\System32\fwpuclnt.dll

VM Arguments:
jvm_args: -Dfile.encoding=utf-8 
java_command: com.cyb.app.sina.SinaArticle
java_class_path (initial): D:\chenyb\myproject\zhuhx\cloud\zzuchenyb-mvc-utils\target\classes;D:\chenyb\tools\eclipse\plugins\org.junit_4.12.0.v201504281640\junit.jar;D:\chenyb\tools\eclipse\plugins\org.hamcrest.core_1.3.0.v201303031735.jar;D:\chenyb\myproject\zhuhx\cloud\zzuchenyb-mvc-utils\src\main\webapp\lib\javabase64-1.3.1.jar;D:\maven\jbpm-4.4\jbpm-4.4\lib\activation.jar;D:\maven\jbpm-4.4\jbpm-4.4\lib\antlr.jar;D:\maven\jbpm-4.4\jbpm-4.4\lib\antlr-runtime.jar;D:\maven\jbpm-4.4\jbpm-4.4\lib\avalon-framework.jar;D:\maven\jbpm-4.4\jbpm-4.4\lib\bsh.jar;D:\maven\jbpm-4.4\jbpm-4.4\lib\cglib.jar;D:\maven\jbpm-4.4\jbpm-4.4\lib\commons-collections.jar;D:\maven\jbpm-4.4\jbpm-4.4\lib\commons-logging.jar;D:\maven\jbpm-4.4\jbpm-4.4\lib\core.jar;D:\maven\jbpm-4.4\jbpm-4.4\lib\dom4j.jar;D:\maven\jbpm-4.4\jbpm-4.4\lib\drools-api.jar;D:\maven\jbpm-4.4\jbpm-4.4\lib\drools-compiler.jar;D:\maven\jbpm-4.4\jbpm-4.4\lib\drools-core.jar;D:\maven\jbpm-4.4\jbpm-4.4\lib\errai-bus.jar;D:\maven\jbpm-4.4\jbpm-4.4\lib\errai-common.jar;D:\maven\jbpm-4.4\jbpm-4.4\lib\freemarker.jar;D:\maven\jbpm-4.4\jbpm-4.4\lib\gson.jar;D:\maven\jbpm-4.4\jbpm-4.4\lib\guice.jar;D:\maven\jbpm-4.4\jbpm-4.4\lib\guice-aopalliance.jar;D:\maven\jbpm-4.4\jbpm-4.4\lib\guice-servlet.jar;D:\maven\jbpm-4.4\jbpm-4.4\lib\gwt-console-rpc.jar;D:\maven\jbpm-4.4\jbpm-4.4\lib\gwt-console-server-integration.jar;D:\maven\jbpm-4.4\jbpm-4.4\lib\hibernate-core.jar;D:\maven\jbpm-4.4\jbpm-4.4\lib\hsqldb.jar;D:\maven\jbpm-4.4\jbpm-4.4\lib\janino.jar;D:\maven\jbpm-4.4\jbpm-4.4\lib\javassist.jar;D:\maven\jbpm-4.4\jbpm-4.4\lib\jbpm-bpmn.jar;D:\maven\jbpm-4.4\jbpm-4.4\lib\jbpm-console-form-plugin.jar;D:\maven\jbpm-4.4\jbpm-4.4\lib\jbpm-console-graphView-plugin.jar;D:\maven\jbpm-4.4\jbpm-4.4\lib\jbpm-console-integration.jar;D:\maven\jbpm-4.4\jbpm-4.4\lib\jbpm-console-reports.jar;D:\maven\jbpm-4.4\jbpm-4.4\lib\jbpm-db.jar;D:\maven\jbpm-4.4\jbpm-4.4\lib\jbpm-examples-tests.jar;D:\maven\jbpm-4.4\jbpm-4.4\lib\jbpm-jboss.jar;D:\maven\jbpm-4.4
Launcher Type: SUN_STANDARD

Environment Variables:



---------------  S Y S T E M  ---------------

OS: Windows 7 , 64 bit Build 7601 (6.1.7601.24535)

CPU:total 4 (initial active 4) (4 cores per cpu, 1 threads per core) family 6 model 60 stepping 3, cmov, cx8, fxsr, mmx, sse, sse2, sse3, ssse3, sse4.1, sse4.2, popcnt, avx, avx2, aes, clmul, erms, rtm, lzcnt, tsc, tscinvbit, bmi1, bmi2

Memory: 4k page, physical 12505636k(1581680k free), swap 12503736k(5116k free)

vm_info: Java HotSpot(TM) 64-Bit Server VM (25.202-b08) for windows-amd64 JRE (1.8.0_202-b08), built on Dec 15 2018 19:54:30 by "java_re" with MS VC++ 10.0 (VS2010)

time: Tue Dec 31 09:05:41 2019
timezone: 中国标准时间
elapsed time: 4 seconds (0d 0h 0m 4s)

