#
# There is insufficient memory for the Java Runtime Environment to continue.
# Native memory allocation (malloc) failed to allocate 169296 bytes for Chunk::new
# Possible reasons:
#   The system is out of physical RAM or swap space
#   The process is running with CompressedOops enabled, and the Java Heap may be blocking the growth of the native heap
# Possible solutions:
#   Reduce memory load on the system
#   Increase physical memory or swap space
#   Check if swap backing store is full
#   Decrease Java heap size (-Xmx/-Xms)
#   Decrease number of Java threads
#   Decrease Java thread stack sizes (-Xss)
#   Set larger code cache with -XX:ReservedCodeCacheSize=
#   JVM is running with Zero Based Compressed Oops mode in which the Java heap is
#     placed in the first 32GB address space. The Java Heap base address is the
#     maximum limit for the native heap growth. Please use -XX:HeapBaseMinAddress
#     to set the Java Heap base and to place the Java Heap above 32GB virtual address.
# This output file may be truncated or incomplete.
#
#  Out of Memory Error (allocation.cpp:389), pid=7740, tid=0x0000000000004614
#
# JRE version: Java(TM) SE Runtime Environment (8.0_202-b08) (build 1.8.0_202-b08)
# Java VM: Java HotSpot(TM) 64-Bit Server VM (25.202-b08 mixed mode windows-amd64 compressed oops)
# Failed to write core dump. Minidumps are not enabled by default on client versions of Windows
#

---------------  T H R E A D  ---------------

Current thread (0x0000000006850800):  JavaThread "C2 CompilerThread1" daemon [_thread_in_native, id=17940, stack(0x0000000007220000,0x0000000007320000)]

Stack: [0x0000000007220000,0x0000000007320000]
[error occurred during error reporting (printing stack bounds), id 0xc0000005]

Native frames: (J=compiled Java code, j=interpreted, Vv=VM code, C=native code)


Current CompileTask:
C2:   2367 1516 %     4       akka.actor.LightArrayRevolverScheduler$$anon$4::nextTick @ 0 (202 bytes)


---------------  P R O C E S S  ---------------

Java Threads: ( => current thread )
  0x000000001d984000 JavaThread "DestroyJavaVM" [_thread_blocked, id=18028, stack(0x0000000002630000,0x0000000002730000)]
  0x000000001d983000 JavaThread "Timer-2" daemon [_thread_blocked, id=16660, stack(0x00000000208e0000,0x00000000209e0000)]
  0x000000001d982800 JavaThread "Timer-1" daemon [_thread_blocked, id=13984, stack(0x00000000207e0000,0x00000000208e0000)]
  0x000000001d981800 JavaThread "BLOB Server listener at 60901" daemon [_thread_in_native, id=24080, stack(0x00000000203f0000,0x00000000204f0000)]
  0x000000001d981000 JavaThread "Timer-0" daemon [_thread_blocked, id=11916, stack(0x0000000020510000,0x0000000020610000)]
  0x000000001d980000 JavaThread "New I/O server boss #6" [_thread_in_native, id=19168, stack(0x000000001fdc0000,0x000000001fec0000)]
  0x000000001d97f800 JavaThread "New I/O worker #5" [_thread_in_native, id=18776, stack(0x0000000020080000,0x0000000020180000)]
  0x000000001d97e800 JavaThread "New I/O worker #4" [_thread_in_native, id=24396, stack(0x000000001ff50000,0x0000000020050000)]
  0x000000001d97d800 JavaThread "New I/O boss #3" [_thread_in_native, id=12608, stack(0x000000001f990000,0x000000001fa90000)]
  0x000000001d97d000 JavaThread "New I/O worker #2" [_thread_in_native, id=14776, stack(0x000000001fcb0000,0x000000001fdb0000)]
  0x000000001d97c000 JavaThread "New I/O worker #1" [_thread_in_native, id=14072, stack(0x000000001fb40000,0x000000001fc40000)]
  0x000000001d942800 JavaThread "flink-metrics-akka.remote.default-remote-dispatcher-4" [_thread_blocked, id=15316, stack(0x000000001ec50000,0x000000001ed50000)]
  0x000000001d80b800 JavaThread "flink-metrics-akka.remote.default-remote-dispatcher-3" [_thread_blocked, id=17372, stack(0x000000001f470000,0x000000001f570000)]
  0x000000001d807800 JavaThread "flink-metrics-2" [_thread_blocked, id=14716, stack(0x000000001f320000,0x000000001f420000)]
  0x000000001d7bb000 JavaThread "flink-metrics-scheduler-1" [_thread_blocked, id=24528, stack(0x000000001f140000,0x000000001f240000)]
  0x000000001d794800 JavaThread "flink-akka.actor.default-dispatcher-5" [_thread_blocked, id=20948, stack(0x000000001eed0000,0x000000001efd0000)]
  0x000000001d792800 JavaThread "flink-akka.actor.default-dispatcher-4" [_thread_blocked, id=22348, stack(0x000000001edb0000,0x000000001eeb0000)]
  0x000000001d78d800 JavaThread "flink-akka.actor.default-dispatcher-3" [_thread_blocked, id=19068, stack(0x000000001e990000,0x000000001ea90000)]
  0x000000001d75f000 JavaThread "flink-akka.actor.default-dispatcher-2" [_thread_blocked, id=14788, stack(0x000000001eb40000,0x000000001ec40000)]
  0x000000001d687800 JavaThread "flink-scheduler-1" [_thread_blocked, id=22632, stack(0x000000001e690000,0x000000001e790000)]
  0x00000000068ef800 JavaThread "Service Thread" daemon [_thread_blocked, id=8280, stack(0x00000000075e0000,0x00000000076e0000)]
  0x0000000006852000 JavaThread "C1 CompilerThread2" daemon [_thread_blocked, id=4940, stack(0x00000000073f0000,0x00000000074f0000)]
=>0x0000000006850800 JavaThread "C2 CompilerThread1" daemon [_thread_in_native, id=17940, stack(0x0000000007220000,0x0000000007320000)]
  0x0000000006850000 JavaThread "C2 CompilerThread0" daemon [_thread_blocked, id=21876, stack(0x00000000070e0000,0x00000000071e0000)]
  0x00000000067fa000 JavaThread "Monitor Ctrl-Break" daemon [_thread_in_native, id=17592, stack(0x0000000006df0000,0x0000000006ef0000)]
  0x0000000006013000 JavaThread "Attach Listener" daemon [_thread_blocked, id=21728, stack(0x0000000005ae0000,0x0000000005be0000)]
  0x0000000006012800 JavaThread "Signal Dispatcher" daemon [_thread_blocked, id=10432, stack(0x0000000006460000,0x0000000006560000)]
  0x0000000004bc8000 JavaThread "Finalizer" daemon [_thread_blocked, id=17964, stack(0x0000000005f00000,0x0000000006000000)]
  0x0000000004bbd800 JavaThread "Reference Handler" daemon [_thread_blocked, id=21800, stack(0x0000000005d30000,0x0000000005e30000)]

Other Threads:
  0x0000000004b78000 VMThread [stack: 0x0000000005be0000,0x0000000005ce0000] [id=13392]
  0x0000000006995000 WatcherThread [stack: 0x0000000006fb0000,0x00000000070b0000] [id=8692]

VM state:not at safepoint (normal execution)

VM Mutex/Monitor currently owned by a thread: None

OutOfMemory and StackOverflow Exception counts:
OutOfMemoryError java_heap_errors=1

heap address: 0x0000000701200000, size: 3054 MB, Compressed Oops mode: Zero based, Oop shift amount: 3
Narrow klass base: 0x0000000000000000, Narrow klass shift: 3
Compressed class space size: 1073741824 Address: 0x00000007c0000000

Heap:
 PSYoungGen      total 76288K, used 5380K [0x0000000780600000, 0x0000000786f80000, 0x00000007c0000000)
  eden space 74752K, 7% used [0x0000000780600000,0x0000000780b412d8,0x0000000784f00000)
  from space 1536K, 0% used [0x0000000786e00000,0x0000000786e00000,0x0000000786f80000)
  to   space 8192K, 0% used [0x0000000785f80000,0x0000000785f80000,0x0000000786780000)
 ParOldGen       total 80896K, used 6102K [0x0000000701200000, 0x0000000706100000, 0x0000000780600000)
  object space 80896K, 7% used [0x0000000701200000,0x00000007017f5b38,0x0000000706100000)
 Metaspace       used 22343K, capacity 22742K, committed 23168K, reserved 1069056K
  class space    used 3230K, capacity 3345K, committed 3456K, reserved 1048576K

Card table byte_map: [0x0000000002bf0000,0x00000000031f0000] byte_map_base: 0xffffffffff3e7000

Marking Bits: (ParMarkBitMap*) 0x0000000007fd5ce0
 Begin Bits: [0x0000000017060000, 0x000000001a018000)
 End Bits:   [0x000000001a018000, 0x000000001cfd0000)

Polling page: 0x0000000001c60000

CodeCache: size=245760Kb used=4866Kb max_used=4866Kb free=240893Kb
 bounds [0x0000000008060000, 0x0000000008530000, 0x0000000017060000]
 total_blobs=1927 nmethods=1514 adapters=325
 compilation: enabled

Compilation events (10 events):
Event: 2.051 Thread 0x0000000006850000 nmethod 1510 0x0000000008518f10 code [0x0000000008519080, 0x0000000008519418]
Event: 2.059 Thread 0x0000000006852000 1512       3       java.nio.charset.CoderResult::isUnderflow (13 bytes)
Event: 2.059 Thread 0x0000000006852000 nmethod 1512 0x0000000008516e90 code [0x0000000008516fe0, 0x0000000008517190]
Event: 2.108 Thread 0x0000000006852000 1513 %     3       akka.actor.LightArrayRevolverScheduler$$anon$4::nextTick @ 0 (202 bytes)
Event: 2.111 Thread 0x0000000006852000 nmethod 1513% 0x000000000851fd50 code [0x0000000008520060, 0x00000000085218d8]
Event: 2.138 Thread 0x0000000006852000 1514       3       akka.actor.LightArrayRevolverScheduler$$anon$4::nextTick (202 bytes)
Event: 2.140 Thread 0x0000000006852000 nmethod 1514 0x0000000008523310 code [0x0000000008523600, 0x0000000008524db8]
Event: 2.258 Thread 0x0000000006852000 1515       3       java.util.HashMap::isEmpty (13 bytes)
Event: 2.258 Thread 0x0000000006852000 nmethod 1515 0x0000000008518b90 code [0x0000000008518ce0, 0x0000000008518e90]
Event: 2.358 Thread 0x0000000006850800 1516 %     4       akka.actor.LightArrayRevolverScheduler$$anon$4::nextTick @ 0 (202 bytes)

GC Heap History (10 events):
Event: 1.572 GC heap before
{Heap before GC invocations=2 (full 0):
 PSYoungGen      total 57344K, used 57318K [0x0000000780600000, 0x0000000784600000, 0x00000007c0000000)
  eden space 49152K, 100% used [0x0000000780600000,0x0000000783600000,0x0000000783600000)
  from space 8192K, 99% used [0x0000000783600000,0x0000000783df98d0,0x0000000783e00000)
  to   space 8192K, 0% used [0x0000000783e00000,0x0000000783e00000,0x0000000784600000)
 ParOldGen       total 131072K, used 223K [0x0000000701200000, 0x0000000709200000, 0x0000000780600000)
  object space 131072K, 0% used [0x0000000701200000,0x0000000701237cf0,0x0000000709200000)
 Metaspace       used 19076K, capacity 19370K, committed 19456K, reserved 1067008K
  class space    used 2718K, capacity 2807K, committed 2816K, reserved 1048576K
Event: 1.579 GC heap after
Heap after GC invocations=2 (full 0):
 PSYoungGen      total 57344K, used 8185K [0x0000000780600000, 0x0000000787600000, 0x00000007c0000000)
  eden space 49152K, 0% used [0x0000000780600000,0x0000000780600000,0x0000000783600000)
  from space 8192K, 99% used [0x0000000783e00000,0x00000007845fe5b0,0x0000000784600000)
  to   space 8192K, 0% used [0x0000000783600000,0x0000000783600000,0x0000000783e00000)
 ParOldGen       total 131072K, used 1602K [0x0000000701200000, 0x0000000709200000, 0x0000000780600000)
  object space 131072K, 1% used [0x0000000701200000,0x0000000701390a38,0x0000000709200000)
 Metaspace       used 19076K, capacity 19370K, committed 19456K, reserved 1067008K
  class space    used 2718K, capacity 2807K, committed 2816K, reserved 1048576K
}
Event: 1.804 GC heap before
{Heap before GC invocations=3 (full 0):
 PSYoungGen      total 57344K, used 20339K [0x0000000780600000, 0x0000000787600000, 0x00000007c0000000)
  eden space 49152K, 24% used [0x0000000780600000,0x00000007811de8a0,0x0000000783600000)
  from space 8192K, 99% used [0x0000000783e00000,0x00000007845fe5b0,0x0000000784600000)
  to   space 8192K, 0% used [0x0000000783600000,0x0000000783600000,0x0000000783e00000)
 ParOldGen       total 131072K, used 1602K [0x0000000701200000, 0x0000000709200000, 0x0000000780600000)
  object space 131072K, 1% used [0x0000000701200000,0x0000000701390a38,0x0000000709200000)
 Metaspace       used 20869K, capacity 21102K, committed 21248K, reserved 1067008K
  class space    used 2979K, capacity 3065K, committed 3072K, reserved 1048576K
Event: 1.807 GC heap after
Heap after GC invocations=3 (full 0):
 PSYoungGen      total 57344K, used 5925K [0x0000000780600000, 0x0000000787600000, 0x00000007c0000000)
  eden space 49152K, 0% used [0x0000000780600000,0x0000000780600000,0x0000000783600000)
  from space 8192K, 72% used [0x0000000783600000,0x0000000783bc96e0,0x0000000783e00000)
  to   space 8192K, 0% used [0x0000000786e00000,0x0000000786e00000,0x0000000787600000)
 ParOldGen       total 131072K, used 1610K [0x0000000701200000, 0x0000000709200000, 0x0000000780600000)
  object space 131072K, 1% used [0x0000000701200000,0x0000000701392a38,0x0000000709200000)
 Metaspace       used 20869K, capacity 21102K, committed 21248K, reserved 1067008K
  class space    used 2979K, capacity 3065K, committed 3072K, reserved 1048576K
}
Event: 1.807 GC heap before
{Heap before GC invocations=4 (full 1):
 PSYoungGen      total 57344K, used 5925K [0x0000000780600000, 0x0000000787600000, 0x00000007c0000000)
  eden space 49152K, 0% used [0x0000000780600000,0x0000000780600000,0x0000000783600000)
  from space 8192K, 72% used [0x0000000783600000,0x0000000783bc96e0,0x0000000783e00000)
  to   space 8192K, 0% used [0x0000000786e00000,0x0000000786e00000,0x0000000787600000)
 ParOldGen       total 131072K, used 1610K [0x0000000701200000, 0x0000000709200000, 0x0000000780600000)
  object space 131072K, 1% used [0x0000000701200000,0x0000000701392a38,0x0000000709200000)
 Metaspace       used 20869K, capacity 21102K, committed 21248K, reserved 1067008K
  class space    used 2979K, capacity 3065K, committed 3072K, reserved 1048576K
Event: 1.828 GC heap after
Heap after GC invocations=4 (full 1):
 PSYoungGen      total 57344K, used 0K [0x0000000780600000, 0x0000000787600000, 0x00000007c0000000)
  eden space 49152K, 0% used [0x0000000780600000,0x0000000780600000,0x0000000783600000)
  from space 8192K, 0% used [0x0000000783600000,0x0000000783600000,0x0000000783e00000)
  to   space 8192K, 0% used [0x0000000786e00000,0x0000000786e00000,0x0000000787600000)
 ParOldGen       total 80896K, used 5733K [0x0000000701200000, 0x0000000706100000, 0x0000000780600000)
  object space 80896K, 7% used [0x0000000701200000,0x0000000701799660,0x0000000706100000)
 Metaspace       used 20869K, capacity 21102K, committed 21248K, reserved 1067008K
  class space    used 2979K, capacity 3065K, committed 3072K, reserved 1048576K
}
Event: 1.925 GC heap before
{Heap before GC invocations=5 (full 1):
 PSYoungGen      total 57344K, used 13658K [0x0000000780600000, 0x0000000787600000, 0x00000007c0000000)
  eden space 49152K, 27% used [0x0000000780600000,0x0000000781356ad8,0x0000000783600000)
  from space 8192K, 0% used [0x0000000783600000,0x0000000783600000,0x0000000783e00000)
  to   space 8192K, 0% used [0x0000000786e00000,0x0000000786e00000,0x0000000787600000)
 ParOldGen       total 80896K, used 5733K [0x0000000701200000, 0x0000000706100000, 0x0000000780600000)
  object space 80896K, 7% used [0x0000000701200000,0x0000000701799660,0x0000000706100000)
 Metaspace       used 22162K, capacity 22422K, committed 22784K, reserved 1069056K
  class space    used 3215K, capacity 3281K, committed 3328K, reserved 1048576K
Event: 1.927 GC heap after
Heap after GC invocations=5 (full 1):
 PSYoungGen      total 76288K, used 1529K [0x0000000780600000, 0x0000000786f80000, 0x00000007c0000000)
  eden space 74752K, 0% used [0x0000000780600000,0x0000000780600000,0x0000000784f00000)
  from space 1536K, 99% used [0x0000000786e00000,0x0000000786f7e538,0x0000000786f80000)
  to   space 8192K, 0% used [0x0000000785f80000,0x0000000785f80000,0x0000000786780000)
 ParOldGen       total 80896K, used 5733K [0x0000000701200000, 0x0000000706100000, 0x0000000780600000)
  object space 80896K, 7% used [0x0000000701200000,0x0000000701799660,0x0000000706100000)
 Metaspace       used 22162K, capacity 22422K, committed 22784K, reserved 1069056K
  class space    used 3215K, capacity 3281K, committed 3328K, reserved 1048576K
}
Event: 1.927 GC heap before
{Heap before GC invocations=6 (full 2):
 PSYoungGen      total 76288K, used 1529K [0x0000000780600000, 0x0000000786f80000, 0x00000007c0000000)
  eden space 74752K, 0% used [0x0000000780600000,0x0000000780600000,0x0000000784f00000)
  from space 1536K, 99% used [0x0000000786e00000,0x0000000786f7e538,0x0000000786f80000)
  to   space 8192K, 0% used [0x0000000785f80000,0x0000000785f80000,0x0000000786780000)
 ParOldGen       total 80896K, used 5733K [0x0000000701200000, 0x0000000706100000, 0x0000000780600000)
  object space 80896K, 7% used [0x0000000701200000,0x0000000701799660,0x0000000706100000)
 Metaspace       used 22162K, capacity 22422K, committed 22784K, reserved 1069056K
  class space    used 3215K, capacity 3281K, committed 3328K, reserved 1048576K
Event: 1.965 GC heap after
Heap after GC invocations=6 (full 2):
 PSYoungGen      total 76288K, used 0K [0x0000000780600000, 0x0000000786f80000, 0x00000007c0000000)
  eden space 74752K, 0% used [0x0000000780600000,0x0000000780600000,0x0000000784f00000)
  from space 1536K, 0% used [0x0000000786e00000,0x0000000786e00000,0x0000000786f80000)
  to   space 8192K, 0% used [0x0000000785f80000,0x0000000785f80000,0x0000000786780000)
 ParOldGen       total 80896K, used 6102K [0x0000000701200000, 0x0000000706100000, 0x0000000780600000)
  object space 80896K, 7% used [0x0000000701200000,0x00000007017f5b38,0x0000000706100000)
 Metaspace       used 22162K, capacity 22422K, committed 22784K, reserved 1069056K
  class space    used 3215K, capacity 3281K, committed 3328K, reserved 1048576K
}

Deoptimization events (10 events):
Event: 1.146 Thread 0x000000000241b000 Uncommon trap: reason=bimorphic action=maybe_recompile pc=0x00000000083aa1d8 method=java.util.AbstractCollection.isEmpty()Z @ 1
Event: 1.147 Thread 0x000000000241b000 Uncommon trap: reason=bimorphic action=maybe_recompile pc=0x00000000083aa1d8 method=java.util.AbstractCollection.isEmpty()Z @ 1
Event: 1.541 Thread 0x000000000241b000 Uncommon trap: reason=class_check action=maybe_recompile pc=0x0000000008173bfc method=java.lang.String.equals(Ljava/lang/Object;)Z @ 8
Event: 1.541 Thread 0x000000000241b000 Uncommon trap: reason=class_check action=maybe_recompile pc=0x0000000008173bfc method=java.lang.String.equals(Ljava/lang/Object;)Z @ 8
Event: 1.541 Thread 0x000000000241b000 Uncommon trap: reason=class_check action=maybe_recompile pc=0x0000000008173bfc method=java.lang.String.equals(Ljava/lang/Object;)Z @ 8
Event: 1.541 Thread 0x000000000241b000 Uncommon trap: reason=class_check action=maybe_recompile pc=0x0000000008173bfc method=java.lang.String.equals(Ljava/lang/Object;)Z @ 8
Event: 1.725 Thread 0x000000001d942800 Uncommon trap: reason=unstable_if action=reinterpret pc=0x00000000081e5a04 method=java.io.WinNTFileSystem.normalize(Ljava/lang/String;)Ljava/lang/String; @ 128
Event: 1.900 Thread 0x000000000241b000 Uncommon trap: reason=unstable_if action=reinterpret pc=0x0000000008419598 method=java.util.HashMap.getNode(ILjava/lang/Object;)Ljava/util/HashMap$Node; @ 129
Event: 1.900 Thread 0x000000000241b000 Uncommon trap: reason=bimorphic action=maybe_recompile pc=0x00000000083ae2a0 method=java.util.HashMap.putVal(ILjava/lang/Object;Ljava/lang/Object;ZZ)Ljava/lang/Object; @ 203
Event: 1.900 Thread 0x000000000241b000 Uncommon trap: reason=unstable_if action=reinterpret pc=0x000000000841c1b0 method=java.util.HashMap.getNode(ILjava/lang/Object;)Ljava/util/HashMap$Node; @ 129

Classes redefined (0 events):
No events

Internal exceptions (10 events):
Event: 1.377 Thread 0x000000000241b000 Exception <a 'java/lang/ArrayIndexOutOfBoundsException'> (0x0000000781f9ba60) thrown at [C:\re\workspace\8-2-build-windows-amd64-cygwin\jdk8u202\12323\hotspot\src\share\vm\runtime\sharedRuntime.cpp, line 605]
Event: 1.401 Thread 0x000000000241b000 Exception <a 'java/lang/ArrayIndexOutOfBoundsException'> (0x00000007821f6d70) thrown at [C:\re\workspace\8-2-build-windows-amd64-cygwin\jdk8u202\12323\hotspot\src\share\vm\runtime\sharedRuntime.cpp, line 605]
Event: 1.409 Thread 0x000000000241b000 Exception <a 'java/lang/ArrayIndexOutOfBoundsException'> (0x000000078237cc30) thrown at [C:\re\workspace\8-2-build-windows-amd64-cygwin\jdk8u202\12323\hotspot\src\share\vm\runtime\sharedRuntime.cpp, line 605]
Event: 1.410 Thread 0x000000000241b000 Exception <a 'java/lang/ArrayIndexOutOfBoundsException'> (0x00000007823885f8) thrown at [C:\re\workspace\8-2-build-windows-amd64-cygwin\jdk8u202\12323\hotspot\src\share\vm\runtime\sharedRuntime.cpp, line 605]
Event: 1.411 Thread 0x000000000241b000 Exception <a 'java/lang/ArrayIndexOutOfBoundsException'> (0x0000000782390358) thrown at [C:\re\workspace\8-2-build-windows-amd64-cygwin\jdk8u202\12323\hotspot\src\share\vm\runtime\sharedRuntime.cpp, line 605]
Event: 1.505 Thread 0x000000000241b000 Exception <a 'java/lang/ArrayIndexOutOfBoundsException'> (0x0000000782d53ec0) thrown at [C:\re\workspace\8-2-build-windows-amd64-cygwin\jdk8u202\12323\hotspot\src\share\vm\runtime\sharedRuntime.cpp, line 605]
Event: 1.505 Thread 0x000000000241b000 Exception <a 'java/lang/ArrayIndexOutOfBoundsException'> (0x0000000782ddeaf0) thrown at [C:\re\workspace\8-2-build-windows-amd64-cygwin\jdk8u202\12323\hotspot\src\share\vm\runtime\sharedRuntime.cpp, line 605]
Event: 1.505 Thread 0x000000000241b000 Exception <a 'java/lang/ArrayIndexOutOfBoundsException'> (0x0000000782de0b68) thrown at [C:\re\workspace\8-2-build-windows-amd64-cygwin\jdk8u202\12323\hotspot\src\share\vm\runtime\sharedRuntime.cpp, line 605]
Event: 1.506 Thread 0x000000000241b000 Exception <a 'java/lang/ArrayIndexOutOfBoundsException'> (0x0000000782de5cb8) thrown at [C:\re\workspace\8-2-build-windows-amd64-cygwin\jdk8u202\12323\hotspot\src\share\vm\runtime\sharedRuntime.cpp, line 605]
Event: 2.058 Thread 0x000000000241b000 Exception <a 'java/lang/OutOfMemoryError'> (0x0000000780959080) thrown at [C:\re\workspace\8-2-build-windows-amd64-cygwin\jdk8u202\12323\hotspot\src\share\vm\prims\unsafe.cpp, line 618]

Events (10 events):
Event: 1.973 loading class sun/reflect/UnsafeLongFieldAccessorImpl
Event: 1.973 loading class sun/reflect/UnsafeLongFieldAccessorImpl done
Event: 2.039 loading class java/nio/DirectByteBuffer$1
Event: 2.039 loading class java/nio/DirectByteBuffer$1 done
Event: 2.059 loading class java/lang/Throwable$WrappedPrintStream
Event: 2.059 loading class java/lang/Throwable$PrintStreamOrWriter
Event: 2.059 loading class java/lang/Throwable$PrintStreamOrWriter done
Event: 2.059 loading class java/lang/Throwable$WrappedPrintStream done
Event: 2.059 Thread 0x000000000241b000 Thread exited: 0x000000000241b000
Event: 2.059 Thread 0x000000001d984000 Thread added: 0x000000001d984000


Dynamic libraries:
0x000000013f540000 - 0x000000013f577000 	D:\Program Files\Java\jdk1.8.0_202\jre\bin\java.exe
0x0000000077230000 - 0x00000000773cf000 	C:\Windows\SYSTEM32\ntdll.dll
0x0000000077110000 - 0x000000007722f000 	C:\Windows\system32\kernel32.dll
0x000007fefcec0000 - 0x000007fefcf2a000 	C:\Windows\system32\KERNELBASE.dll
0x000007fefee40000 - 0x000007fefef1b000 	C:\Windows\system32\ADVAPI32.dll
0x000007fefd860000 - 0x000007fefd8ff000 	C:\Windows\system32\msvcrt.dll
0x000007fefe8b0000 - 0x000007fefe8cf000 	C:\Windows\SYSTEM32\sechost.dll
0x000007fefeb60000 - 0x000007fefec8c000 	C:\Windows\system32\RPCRT4.dll
0x0000000077010000 - 0x000000007710a000 	C:\Windows\system32\USER32.dll
0x000007fefd690000 - 0x000007fefd6f7000 	C:\Windows\system32\GDI32.dll
0x000007fefe8d0000 - 0x000007fefe8de000 	C:\Windows\system32\LPK.dll
0x000007fefd3e0000 - 0x000007fefd4ab000 	C:\Windows\system32\USP10.dll
0x000007fefb560000 - 0x000007fefb755000 	C:\Windows\WinSxS\amd64_microsoft.windows.common-controls_6595b64144ccf1df_6.0.7601.24440_none_e36f1bbf30ff0606\COMCTL32.dll
0x000007fefe8e0000 - 0x000007fefe951000 	C:\Windows\system32\SHLWAPI.dll
0x000007fefd3b0000 - 0x000007fefd3de000 	C:\Windows\system32\IMM32.DLL
0x000007fefd700000 - 0x000007fefd809000 	C:\Windows\system32\MSCTF.dll
0x0000000058550000 - 0x0000000058622000 	D:\Program Files\Java\jdk1.8.0_202\jre\bin\msvcr100.dll
0x00000000077b0000 - 0x0000000008055000 	D:\Program Files\Java\jdk1.8.0_202\jre\bin\server\jvm.dll
0x000007fefae70000 - 0x000007fefae79000 	C:\Windows\system32\WSOCK32.dll
0x000007fefd810000 - 0x000007fefd85d000 	C:\Windows\system32\WS2_32.dll
0x000007fefd2a0000 - 0x000007fefd2a8000 	C:\Windows\system32\NSI.dll
0x000007fefcd30000 - 0x000007fefcd6b000 	C:\Windows\system32\WINMM.dll
0x000007fefbda0000 - 0x000007fefbdac000 	C:\Windows\system32\VERSION.dll
0x00000000773e0000 - 0x00000000773e7000 	C:\Windows\system32\PSAPI.DLL
0x000007fef1490000 - 0x000007fef149f000 	D:\Program Files\Java\jdk1.8.0_202\jre\bin\verify.dll
0x000007fef0340000 - 0x000007fef0369000 	D:\Program Files\Java\jdk1.8.0_202\jre\bin\java.dll
0x000007feee210000 - 0x000007feee233000 	D:\Program Files\Java\jdk1.8.0_202\jre\bin\instrument.dll
0x000007feefa30000 - 0x000007feefa46000 	D:\Program Files\Java\jdk1.8.0_202\jre\bin\zip.dll
0x000007fefd900000 - 0x000007fefe68b000 	C:\Windows\system32\SHELL32.dll
0x000007fefe960000 - 0x000007fefeb5f000 	C:\Windows\system32\ole32.dll
0x000007fefcaf0000 - 0x000007fefcaff000 	C:\Windows\system32\profapi.dll
0x000007feed110000 - 0x000007feed12a000 	D:\tools\IntelliJIDEA2017.3.2\bin\breakgen64.dll
0x000007feef860000 - 0x000007feef87a000 	D:\Program Files\Java\jdk1.8.0_202\jre\bin\net.dll
0x000007fefecb0000 - 0x000007fefee38000 	C:\Windows\system32\urlmon.dll
0x000007fefcb70000 - 0x000007fefcb74000 	C:\Windows\system32\api-ms-win-downlevel-ole32-l1-1-0.dll
0x000007fefcd70000 - 0x000007fefcd74000 	C:\Windows\system32\api-ms-win-downlevel-shlwapi-l1-1-0.dll
0x000007fefce20000 - 0x000007fefce25000 	C:\Windows\system32\api-ms-win-downlevel-advapi32-l1-1-0.dll
0x000007fefcb60000 - 0x000007fefcb64000 	C:\Windows\system32\api-ms-win-downlevel-user32-l1-1-0.dll
0x000007fefcb30000 - 0x000007fefcb34000 	C:\Windows\system32\api-ms-win-downlevel-version-l1-1-0.dll
0x000007fefcf30000 - 0x000007fefcf33000 	C:\Windows\system32\api-ms-win-downlevel-normaliz-l1-1-0.dll
0x00000000773d0000 - 0x00000000773d3000 	C:\Windows\system32\normaliz.DLL
0x000007fefcfd0000 - 0x000007fefd29a000 	C:\Windows\system32\iertutil.dll
0x000007fefef20000 - 0x000007feff438000 	C:\Windows\system32\WININET.dll
0x000007fefce60000 - 0x000007fefce7e000 	C:\Windows\system32\USERENV.dll
0x000007fefc230000 - 0x000007fefc285000 	C:\Windows\system32\mswsock.dll
0x000007fefc220000 - 0x000007fefc227000 	C:\Windows\System32\wship6.dll
0x000007feefcb0000 - 0x000007feefcbd000 	D:\Program Files\Java\jdk1.8.0_202\jre\bin\management.dll
0x000007feef840000 - 0x000007feef852000 	D:\Program Files\Java\jdk1.8.0_202\jre\bin\nio.dll
0x000007fefad90000 - 0x000007fefada5000 	C:\Windows\system32\NLAapi.dll
0x000007fef46a0000 - 0x000007fef46b5000 	C:\Windows\system32\napinsp.dll
0x000007fef4680000 - 0x000007fef4699000 	C:\Windows\system32\pnrpnsp.dll
0x000007fefc0b0000 - 0x000007fefc10b000 	C:\Windows\system32\DNSAPI.dll
0x000007fef4670000 - 0x000007fef467b000 	C:\Windows\System32\winrnr.dll
0x00000000710e0000 - 0x0000000071115000 	C:\Program Files\Bonjour\mdnsNSP.dll
0x000007fef9e20000 - 0x000007fef9e47000 	C:\Windows\system32\Iphlpapi.DLL
0x000007fef9e10000 - 0x000007fef9e1b000 	C:\Windows\system32\WINNSI.DLL
0x000007fefbb10000 - 0x000007fefbb17000 	C:\Windows\System32\wshtcpip.dll
0x000007fef8640000 - 0x000007fef8648000 	C:\Windows\system32\rasadhlp.dll
0x000007fef9b90000 - 0x000007fef9be3000 	C:\Windows\System32\fwpuclnt.dll
0x000007fefc290000 - 0x000007fefc2a8000 	C:\Windows\system32\CRYPTSP.dll
0x000007fefbf90000 - 0x000007fefbfd7000 	C:\Windows\system32\rsaenh.dll
0x000007fefc980000 - 0x000007fefc98f000 	C:\Windows\system32\CRYPTBASE.dll
0x000007fef9c70000 - 0x000007fef9c81000 	C:\Windows\system32\dhcpcsvc6.DLL
0x000007fef9c50000 - 0x000007fef9c68000 	C:\Windows\system32\dhcpcsvc.DLL

VM Arguments:
jvm_args: -javaagent:D:\tools\IntelliJIDEA2017.3.2\lib\idea_rt.jar=60871:D:\tools\IntelliJIDEA2017.3.2\bin -Dfile.encoding=UTF-8 
java_command: com.cyb.flink.StaticsLocalFile
java_class_path (initial): D:\Program Files\Java\jdk1.8.0_202\jre\lib\charsets.jar;D:\Program Files\Java\jdk1.8.0_202\jre\lib\deploy.jar;D:\Program Files\Java\jdk1.8.0_202\jre\lib\ext\access-bridge-64.jar;D:\Program Files\Java\jdk1.8.0_202\jre\lib\ext\cldrdata.jar;D:\Program Files\Java\jdk1.8.0_202\jre\lib\ext\dnsns.jar;D:\Program Files\Java\jdk1.8.0_202\jre\lib\ext\jaccess.jar;D:\Program Files\Java\jdk1.8.0_202\jre\lib\ext\jfxrt.jar;D:\Program Files\Java\jdk1.8.0_202\jre\lib\ext\localedata.jar;D:\Program Files\Java\jdk1.8.0_202\jre\lib\ext\nashorn.jar;D:\Program Files\Java\jdk1.8.0_202\jre\lib\ext\sunec.jar;D:\Program Files\Java\jdk1.8.0_202\jre\lib\ext\sunjce_provider.jar;D:\Program Files\Java\jdk1.8.0_202\jre\lib\ext\sunmscapi.jar;D:\Program Files\Java\jdk1.8.0_202\jre\lib\ext\sunpkcs11.jar;D:\Program Files\Java\jdk1.8.0_202\jre\lib\ext\zipfs.jar;D:\Program Files\Java\jdk1.8.0_202\jre\lib\javaws.jar;D:\Program Files\Java\jdk1.8.0_202\jre\lib\jce.jar;D:\Program Files\Java\jdk1.8.0_202\jre\lib\jfr.jar;D:\Program Files\Java\jdk1.8.0_202\jre\lib\jfxswt.jar;D:\Program Files\Java\jdk1.8.0_202\jre\lib\jsse.jar;D:\Program Files\Java\jdk1.8.0_202\jre\lib\management-agent.jar;D:\Program Files\Java\jdk1.8.0_202\jre\lib\plugin.jar;D:\Program Files\Java\jdk1.8.0_202\jre\lib\resources.jar;D:\Program Files\Java\jdk1.8.0_202\jre\lib\rt.jar;D:\chenyb\myproject\zhuhx\cloud\zzuchenyb-mvc-utils\fink\target\classes;C:\Users\Administrator\.m2\repository\org\apache\flink\flink-java\1.7.1\flink-java-1.7.1.jar;C:\Users\Administrator\.m2\repository\org\apache\flink\flink-core\1.7.1\flink-core-1.7.1.jar;C:\Users\Administrator\.m2\repository\org\apache\flink\flink-annotations\1.7.1\flink-annotations-1.7.1.jar;C:\Users\Administrator\.m2\repository\org\apache\flink\flink-metrics-core\1.7.1\flink-metrics-core-1.7.1.jar;C:\Users\Administrator\.m2\repository\com\esotericsoftware\kryo\kryo\2.24.0\kryo-2.24.0.jar;C:\Users\Administrator\.m2\repository\com\esotericsoftware\minlog\minlog\1.2\minlog
Launcher Type: SUN_STANDARD

Environment Variables:
JAVA_HOME=D:\Program Files\Java\jdk1.8.0_202
PATH=C:\Program Files (x86)\Common Files\Oracle\Java\javapath;C:\Windows\system32;C:\Windows;C:\Windows\System32\Wbem;C:\Windows\System32\WindowsPowerShell\v1.0\;D:\Program Files\TortoiseGit\bin;C:\Program Files\Git\cmd;D:\Program Files\Java\jdk1.8.0_202\bin;D:\apache-maven-3.1.1\bin;D:\bigdata\netcat-win32-1.12
USERNAME=Administrator
OS=Windows_NT
PROCESSOR_IDENTIFIER=Intel64 Family 6 Model 60 Stepping 3, GenuineIntel



---------------  S Y S T E M  ---------------

OS: Windows 7 , 64 bit Build 7601 (6.1.7601.24441)

CPU:total 4 (initial active 4) (4 cores per cpu, 1 threads per core) family 6 model 60 stepping 3, cmov, cx8, fxsr, mmx, sse, sse2, sse3, ssse3, sse4.1, sse4.2, popcnt, avx, avx2, aes, clmul, erms, rtm, lzcnt, tsc, tscinvbit, bmi1, bmi2

Memory: 4k page, physical 12505636k(3584556k free), swap 12503736k(3700k free)

vm_info: Java HotSpot(TM) 64-Bit Server VM (25.202-b08) for windows-amd64 JRE (1.8.0_202-b08), built on Dec 15 2018 19:54:30 by "java_re" with MS VC++ 10.0 (VS2010)

time: Mon Jun 17 16:00:17 2019
timezone: 中国标准时间
elapsed time: 2 seconds (0d 0h 0m 2s)

